2023-10-25 14:29:49.367 | DEBUG    | translate:build_prefltlf_model:109 - Constructed preorder except incomparability: 
{((G(!(o)) & G(!(d)) & F(t)),
  (G(!(t)) & G((o -> G(!(d)))) & G((d -> G(!(o)))))),
 ((!((d | o)) U (t & F((o | d)))), (G(!(o)) & G(!(d)) & F(t))),
 (((!(t) U (d & X(F((o | t))))) | (!(t) U (o & X(F((d | t)))))),
  (G(!(t)) & G((o -> G(!(d)))) & G((d -> G(!(o)))))),
 ((!((d | o)) U (t & F((o | d)))),
  ((!(t) U (d & X(F((o | t))))) | (!(t) U (o & X(F((d | t)))))))}
2023-10-25 14:29:49.370 | DEBUG    | translate:build_prefltlf_model:123 - Constructed preorder: 
{((G(!(o)) & G(!(d)) & F(t)),
  (G(!(t)) & G((o -> G(!(d)))) & G((d -> G(!(o)))))),
 ((!((d | o)) U (t & F((o | d)))), (G(!(o)) & G(!(d)) & F(t))),
 (((!(t) U (d & X(F((o | t))))) | (!(t) U (o & X(F((d | t)))))),
  (G(!(t)) & G((o -> G(!(d)))) & G((d -> G(!(o)))))),
 ((!((d | o)) U (t & F((o | d)))),
  ((!(t) U (d & X(F((o | t))))) | (!(t) U (o & X(F((d | t)))))))}
2023-10-25 14:29:49.373 | DEBUG    | translate:build_prefltlf_model:138 - Reflexive closure of preorder: 
[('(G(!(o)) & G(!(d)) & F(t))', '(G(!(o)) & G(!(d)) & F(t))'),
 ('(!((d | o)) U (t & F((o | d))))',
  '((!(t) U (d & X(F((o | t))))) | (!(t) U (o & X(F((d | t))))))'),
 ('(!((d | o)) U (t & F((o | d))))', '(!((d | o)) U (t & F((o | d))))'),
 ('(!((d | o)) U (t & F((o | d))))', '(G(!(o)) & G(!(d)) & F(t))'),
 ('(G(!(o)) & G(!(d)) & F(t))',
  '(G(!(t)) & G((o -> G(!(d)))) & G((d -> G(!(o)))))'),
 ('((!(t) U (d & X(F((o | t))))) | (!(t) U (o & X(F((d | t))))))',
  '(G(!(t)) & G((o -> G(!(d)))) & G((d -> G(!(o)))))'),
 ('(G(!(t)) & G((o -> G(!(d)))) & G((d -> G(!(o)))))',
  '(G(!(t)) & G((o -> G(!(d)))) & G((d -> G(!(o)))))'),
 ('((!(t) U (d & X(F((o | t))))) | (!(t) U (o & X(F((d | t))))))',
  '((!(t) U (d & X(F((o | t))))) | (!(t) U (o & X(F((d | t))))))')]
2023-10-25 14:29:49.376 | DEBUG    | translate:build_prefltlf_model:142 - Transitive closure of preorder: 
[('(!((d | o)) U (t & F((o | d))))',
  '(G(!(t)) & G((o -> G(!(d)))) & G((d -> G(!(o)))))'),
 ('(G(!(o)) & G(!(d)) & F(t))', '(G(!(o)) & G(!(d)) & F(t))'),
 ('(!((d | o)) U (t & F((o | d))))',
  '((!(t) U (d & X(F((o | t))))) | (!(t) U (o & X(F((d | t))))))'),
 ('(!((d | o)) U (t & F((o | d))))', '(!((d | o)) U (t & F((o | d))))'),
 ('(!((d | o)) U (t & F((o | d))))', '(G(!(o)) & G(!(d)) & F(t))'),
 ('(G(!(o)) & G(!(d)) & F(t))',
  '(G(!(t)) & G((o -> G(!(d)))) & G((d -> G(!(o)))))'),
 ('((!(t) U (d & X(F((o | t))))) | (!(t) U (o & X(F((d | t))))))',
  '(G(!(t)) & G((o -> G(!(d)))) & G((d -> G(!(o)))))'),
 ('(G(!(t)) & G((o -> G(!(d)))) & G((d -> G(!(o)))))',
  '(G(!(t)) & G((o -> G(!(d)))) & G((d -> G(!(o)))))'),
 ('((!(t) U (d & X(F((o | t))))) | (!(t) U (o & X(F((d | t))))))',
  '((!(t) U (d & X(F((o | t))))) | (!(t) U (o & X(F((d | t))))))')]
2023-10-25 14:29:49.378 | INFO     | app:update_images:156 - Model: 
Atoms:
	['d', 't', 'o']
Phi:
	(!((d | o)) U (t & F((o | d))))
	((!(t) U (d & X(F((o | t))))) | (!(t) U (o & X(F((d | t))))))
	(G(!(o)) & G(!(d)) & F(t))
	(G(!(t)) & G((o -> G(!(d)))) & G((d -> G(!(o)))))
Preorder:
	(!((d | o)) U (t & F((o | d)))) >= (G(!(t)) & G((o -> G(!(d)))) & G((d -> G(!(o)))))
	(G(!(o)) & G(!(d)) & F(t)) >= (G(!(o)) & G(!(d)) & F(t))
	(!((d | o)) U (t & F((o | d)))) >= ((!(t) U (d & X(F((o | t))))) | (!(t) U (o & X(F((d | t))))))
	(!((d | o)) U (t & F((o | d)))) >= (!((d | o)) U (t & F((o | d))))
	(!((d | o)) U (t & F((o | d)))) >= (G(!(o)) & G(!(d)) & F(t))
	(G(!(o)) & G(!(d)) & F(t)) >= (G(!(t)) & G((o -> G(!(d)))) & G((d -> G(!(o)))))
	((!(t) U (d & X(F((o | t))))) | (!(t) U (o & X(F((d | t)))))) >= (G(!(t)) & G((o -> G(!(d)))) & G((d -> G(!(o)))))
	(G(!(t)) & G((o -> G(!(d)))) & G((d -> G(!(o))))) >= (G(!(t)) & G((o -> G(!(d)))) & G((d -> G(!(o)))))
	((!(t) U (d & X(F((o | t))))) | (!(t) U (o & X(F((d | t)))))) >= ((!(t) U (d & X(F((o | t))))) | (!(t) U (o & X(F((d | t))))))

2023-10-25 14:29:49.705 | INFO     | translate:translate:221 - DFA((!((d | o)) U (t & F((o | d))))): 
{'final_states': {'4'},
 'init_state': '1',
 'states': {'1', '2', '4', '3'},
 'transitions': {'1': {'t & (d | o)': '4',
                       't & ~d & ~o': '2',
                       '~d & ~o & ~t': '1',
                       '~t & (d | o)': '3'},
                 '2': {'d | o': '4', '~d & ~o': '2'},
                 '3': {'true': '3'},
                 '4': {'true': '4'}}}
2023-10-25 14:29:49.850 | INFO     | translate:translate:221 - DFA(((!(t) U (d & X(F((o | t))))) | (!(t) U (o & X(F((d | t))))))): 
{'final_states': {'6'},
 'init_state': '1',
 'states': {'1', '6', '5', '2', '4', '3'},
 'transitions': {'1': {'d & o': '4',
                       'd & ~o': '3',
                       'o & ~d': '2',
                       't & ~d & ~o': '5',
                       '~d & ~o & ~t': '1'},
                 '2': {'d | t': '6', '~d & ~t': '2'},
                 '3': {'o | t': '6', '~o & ~t': '3'},
                 '4': {'d | o | t': '6', '~d & ~o & ~t': '4'},
                 '5': {'true': '5'},
                 '6': {'true': '6'}}}
2023-10-25 14:29:49.906 | INFO     | translate:translate:221 - DFA((G(!(o)) & G(!(d)) & F(t))): 
{'final_states': {'2'},
 'init_state': '1',
 'states': {'1', '2', '3'},
 'transitions': {'1': {'d | o': '3', 't & ~d & ~o': '2', '~d & ~o & ~t': '1'},
                 '2': {'d | o': '3', '~d & ~o': '2'},
                 '3': {'true': '3'}}}
2023-10-25 14:29:50.005 | INFO     | translate:translate:221 - DFA((G(!(t)) & G((o -> G(!(d)))) & G((d -> G(!(o)))))): 
{'final_states': {'1', '2', '3'},
 'init_state': '1',
 'states': {'1', '2', '4', '3'},
 'transitions': {'1': {'d & ~o & ~t': '2',
                       'o & ~d & ~t': '3',
                       't | (d & o)': '4',
                       '~d & ~o & ~t': '1'},
                 '2': {'o | t': '4', '~o & ~t': '2'},
                 '3': {'d | t': '4', '~d & ~t': '3'},
                 '4': {'true': '4'}}}
2023-10-25 14:29:50.341 | DEBUG    | translate:union_product:309 - [('1', '1', '1', '1')] 
	Guard: ('t & (d | o)', '~d & ~o & ~t', 't & ~d & ~o', '~d & ~o & ~t'), 
	LabelJoin: (t & (d | o)) & (~d & ~o & ~t) & (t & ~d & ~o) & (~d & ~o & ~t), 
	Label: False
2023-10-25 14:29:50.355 | DEBUG    | translate:union_product:309 - [('1', '1', '1', '1')] 
	Guard: ('t & (d | o)', '~d & ~o & ~t', 't & ~d & ~o', 'd & ~o & ~t'), 
	LabelJoin: (t & (d | o)) & (~d & ~o & ~t) & (t & ~d & ~o) & (d & ~o & ~t), 
	Label: False
2023-10-25 14:29:50.369 | DEBUG    | translate:union_product:309 - [('1', '1', '1', '1')] 
	Guard: ('t & (d | o)', '~d & ~o & ~t', 't & ~d & ~o', 'o & ~d & ~t'), 
	LabelJoin: (t & (d | o)) & (~d & ~o & ~t) & (t & ~d & ~o) & (o & ~d & ~t), 
	Label: False
2023-10-25 14:29:50.389 | DEBUG    | translate:union_product:309 - [('1', '1', '1', '1')] 
	Guard: ('t & (d | o)', '~d & ~o & ~t', 't & ~d & ~o', 't | (d & o)'), 
	LabelJoin: (t & (d | o)) & (~d & ~o & ~t) & (t & ~d & ~o) & (t | (d & o)), 
	Label: False
2023-10-25 14:29:50.403 | DEBUG    | translate:union_product:309 - [('1', '1', '1', '1')] 
	Guard: ('t & (d | o)', '~d & ~o & ~t', '~d & ~o & ~t', '~d & ~o & ~t'), 
	LabelJoin: (t & (d | o)) & (~d & ~o & ~t) & (~d & ~o & ~t) & (~d & ~o & ~t), 
	Label: False
2023-10-25 14:29:50.417 | DEBUG    | translate:union_product:309 - [('1', '1', '1', '1')] 
	Guard: ('t & (d | o)', '~d & ~o & ~t', '~d & ~o & ~t', 'd & ~o & ~t'), 
	LabelJoin: (t & (d | o)) & (~d & ~o & ~t) & (~d & ~o & ~t) & (d & ~o & ~t), 
	Label: False
2023-10-25 14:29:50.448 | DEBUG    | translate:union_product:309 - [('1', '1', '1', '1')] 
	Guard: ('t & (d | o)', '~d & ~o & ~t', '~d & ~o & ~t', 'o & ~d & ~t'), 
	LabelJoin: (t & (d | o)) & (~d & ~o & ~t) & (~d & ~o & ~t) & (o & ~d & ~t), 
	Label: False
2023-10-25 14:29:50.466 | DEBUG    | translate:union_product:309 - [('1', '1', '1', '1')] 
	Guard: ('t & (d | o)', '~d & ~o & ~t', '~d & ~o & ~t', 't | (d & o)'), 
	LabelJoin: (t & (d | o)) & (~d & ~o & ~t) & (~d & ~o & ~t) & (t | (d & o)), 
	Label: False
2023-10-25 14:29:50.479 | DEBUG    | translate:union_product:309 - [('1', '1', '1', '1')] 
	Guard: ('t & (d | o)', '~d & ~o & ~t', 'd | o', '~d & ~o & ~t'), 
	LabelJoin: (t & (d | o)) & (~d & ~o & ~t) & (d | o) & (~d & ~o & ~t), 
	Label: False
2023-10-25 14:29:50.511 | DEBUG    | translate:union_product:309 - [('1', '1', '1', '1')] 
	Guard: ('t & (d | o)', '~d & ~o & ~t', 'd | o', 'd & ~o & ~t'), 
	LabelJoin: (t & (d | o)) & (~d & ~o & ~t) & (d | o) & (d & ~o & ~t), 
	Label: False
2023-10-25 14:29:50.543 | DEBUG    | translate:union_product:309 - [('1', '1', '1', '1')] 
	Guard: ('t & (d | o)', '~d & ~o & ~t', 'd | o', 'o & ~d & ~t'), 
	LabelJoin: (t & (d | o)) & (~d & ~o & ~t) & (d | o) & (o & ~d & ~t), 
	Label: False
2023-10-25 14:29:50.563 | DEBUG    | translate:union_product:309 - [('1', '1', '1', '1')] 
	Guard: ('t & (d | o)', '~d & ~o & ~t', 'd | o', 't | (d & o)'), 
	LabelJoin: (t & (d | o)) & (~d & ~o & ~t) & (d | o) & (t | (d & o)), 
	Label: False
2023-10-25 14:29:50.584 | DEBUG    | translate:union_product:309 - [('1', '1', '1', '1')] 
	Guard: ('t & (d | o)', 'o & ~d', 't & ~d & ~o', '~d & ~o & ~t'), 
	LabelJoin: (t & (d | o)) & (o & ~d) & (t & ~d & ~o) & (~d & ~o & ~t), 
	Label: False
2023-10-25 14:29:50.598 | DEBUG    | translate:union_product:309 - [('1', '1', '1', '1')] 
	Guard: ('t & (d | o)', 'o & ~d', 't & ~d & ~o', 'd & ~o & ~t'), 
	LabelJoin: (t & (d | o)) & (o & ~d) & (t & ~d & ~o) & (d & ~o & ~t), 
	Label: False
2023-10-25 14:29:50.610 | DEBUG    | translate:union_product:309 - [('1', '1', '1', '1')] 
	Guard: ('t & (d | o)', 'o & ~d', 't & ~d & ~o', 'o & ~d & ~t'), 
	LabelJoin: (t & (d | o)) & (o & ~d) & (t & ~d & ~o) & (o & ~d & ~t), 
	Label: False
2023-10-25 14:29:50.629 | DEBUG    | translate:union_product:309 - [('1', '1', '1', '1')] 
	Guard: ('t & (d | o)', 'o & ~d', 't & ~d & ~o', 't | (d & o)'), 
	LabelJoin: (t & (d | o)) & (o & ~d) & (t & ~d & ~o) & (t | (d & o)), 
	Label: False
2023-10-25 14:29:50.660 | DEBUG    | translate:union_product:309 - [('1', '1', '1', '1')] 
	Guard: ('t & (d | o)', 'o & ~d', '~d & ~o & ~t', '~d & ~o & ~t'), 
	LabelJoin: (t & (d | o)) & (o & ~d) & (~d & ~o & ~t) & (~d & ~o & ~t), 
	Label: False
2023-10-25 14:29:50.678 | DEBUG    | translate:union_product:309 - [('1', '1', '1', '1')] 
	Guard: ('t & (d | o)', 'o & ~d', '~d & ~o & ~t', 'd & ~o & ~t'), 
	LabelJoin: (t & (d | o)) & (o & ~d) & (~d & ~o & ~t) & (d & ~o & ~t), 
	Label: False
2023-10-25 14:29:50.692 | DEBUG    | translate:union_product:309 - [('1', '1', '1', '1')] 
	Guard: ('t & (d | o)', 'o & ~d', '~d & ~o & ~t', 'o & ~d & ~t'), 
	LabelJoin: (t & (d | o)) & (o & ~d) & (~d & ~o & ~t) & (o & ~d & ~t), 
	Label: False
2023-10-25 14:29:50.711 | DEBUG    | translate:union_product:309 - [('1', '1', '1', '1')] 
	Guard: ('t & (d | o)', 'o & ~d', '~d & ~o & ~t', 't | (d & o)'), 
	LabelJoin: (t & (d | o)) & (o & ~d) & (~d & ~o & ~t) & (t | (d & o)), 
	Label: False
2023-10-25 14:29:50.725 | DEBUG    | translate:union_product:309 - [('1', '1', '1', '1')] 
	Guard: ('t & (d | o)', 'o & ~d', 'd | o', '~d & ~o & ~t'), 
	LabelJoin: (t & (d | o)) & (o & ~d) & (d | o) & (~d & ~o & ~t), 
	Label: False
2023-10-25 14:29:50.738 | DEBUG    | translate:union_product:309 - [('1', '1', '1', '1')] 
	Guard: ('t & (d | o)', 'o & ~d', 'd | o', 'd & ~o & ~t'), 
	LabelJoin: (t & (d | o)) & (o & ~d) & (d | o) & (d & ~o & ~t), 
	Label: False
2023-10-25 14:29:50.750 | DEBUG    | translate:union_product:309 - [('1', '1', '1', '1')] 
	Guard: ('t & (d | o)', 'o & ~d', 'd | o', 'o & ~d & ~t'), 
	LabelJoin: (t & (d | o)) & (o & ~d) & (d | o) & (o & ~d & ~t), 
	Label: False
2023-10-25 14:29:50.769 | DEBUG    | translate:union_product:309 - [('1', '1', '1', '1')] 
	Guard: ('t & (d | o)', 'o & ~d', 'd | o', 't | (d & o)'), 
	LabelJoin: (t & (d | o)) & (o & ~d) & (d | o) & (t | (d & o)), 
	Label: o & t & ~d
2023-10-25 14:29:50.782 | DEBUG    | translate:union_product:309 - [('1', '1', '1', '1')] 
	Guard: ('t & (d | o)', 'd & ~o', 't & ~d & ~o', '~d & ~o & ~t'), 
	LabelJoin: (t & (d | o)) & (d & ~o) & (t & ~d & ~o) & (~d & ~o & ~t), 
	Label: False
2023-10-25 14:29:50.795 | DEBUG    | translate:union_product:309 - [('1', '1', '1', '1')] 
	Guard: ('t & (d | o)', 'd & ~o', 't & ~d & ~o', 'd & ~o & ~t'), 
	LabelJoin: (t & (d | o)) & (d & ~o) & (t & ~d & ~o) & (d & ~o & ~t), 
	Label: False
2023-10-25 14:29:50.820 | DEBUG    | translate:union_product:309 - [('1', '1', '1', '1')] 
	Guard: ('t & (d | o)', 'd & ~o', 't & ~d & ~o', 'o & ~d & ~t'), 
	LabelJoin: (t & (d | o)) & (d & ~o) & (t & ~d & ~o) & (o & ~d & ~t), 
	Label: False
2023-10-25 14:29:50.868 | DEBUG    | translate:union_product:309 - [('1', '1', '1', '1')] 
	Guard: ('t & (d | o)', 'd & ~o', 't & ~d & ~o', 't | (d & o)'), 
	LabelJoin: (t & (d | o)) & (d & ~o) & (t & ~d & ~o) & (t | (d & o)), 
	Label: False
2023-10-25 14:29:50.886 | DEBUG    | translate:union_product:309 - [('1', '1', '1', '1')] 
	Guard: ('t & (d | o)', 'd & ~o', '~d & ~o & ~t', '~d & ~o & ~t'), 
	LabelJoin: (t & (d | o)) & (d & ~o) & (~d & ~o & ~t) & (~d & ~o & ~t), 
	Label: False
2023-10-25 14:29:50.900 | DEBUG    | translate:union_product:309 - [('1', '1', '1', '1')] 
	Guard: ('t & (d | o)', 'd & ~o', '~d & ~o & ~t', 'd & ~o & ~t'), 
	LabelJoin: (t & (d | o)) & (d & ~o) & (~d & ~o & ~t) & (d & ~o & ~t), 
	Label: False
2023-10-25 14:29:50.914 | DEBUG    | translate:union_product:309 - [('1', '1', '1', '1')] 
	Guard: ('t & (d | o)', 'd & ~o', '~d & ~o & ~t', 'o & ~d & ~t'), 
	LabelJoin: (t & (d | o)) & (d & ~o) & (~d & ~o & ~t) & (o & ~d & ~t), 
	Label: False
2023-10-25 14:29:50.945 | DEBUG    | translate:union_product:309 - [('1', '1', '1', '1')] 
	Guard: ('t & (d | o)', 'd & ~o', '~d & ~o & ~t', 't | (d & o)'), 
	LabelJoin: (t & (d | o)) & (d & ~o) & (~d & ~o & ~t) & (t | (d & o)), 
	Label: False
2023-10-25 14:29:50.971 | DEBUG    | translate:union_product:309 - [('1', '1', '1', '1')] 
	Guard: ('t & (d | o)', 'd & ~o', 'd | o', '~d & ~o & ~t'), 
	LabelJoin: (t & (d | o)) & (d & ~o) & (d | o) & (~d & ~o & ~t), 
	Label: False
2023-10-25 14:29:50.990 | DEBUG    | translate:union_product:309 - [('1', '1', '1', '1')] 
	Guard: ('t & (d | o)', 'd & ~o', 'd | o', 'd & ~o & ~t'), 
	LabelJoin: (t & (d | o)) & (d & ~o) & (d | o) & (d & ~o & ~t), 
	Label: False
2023-10-25 14:29:51.026 | DEBUG    | translate:union_product:309 - [('1', '1', '1', '1')] 
	Guard: ('t & (d | o)', 'd & ~o', 'd | o', 'o & ~d & ~t'), 
	LabelJoin: (t & (d | o)) & (d & ~o) & (d | o) & (o & ~d & ~t), 
	Label: False
2023-10-25 14:29:51.052 | DEBUG    | translate:union_product:309 - [('1', '1', '1', '1')] 
	Guard: ('t & (d | o)', 'd & ~o', 'd | o', 't | (d & o)'), 
	LabelJoin: (t & (d | o)) & (d & ~o) & (d | o) & (t | (d & o)), 
	Label: d & t & ~o
2023-10-25 14:29:51.088 | DEBUG    | translate:union_product:309 - [('1', '1', '1', '1')] 
	Guard: ('t & (d | o)', 'd & o', 't & ~d & ~o', '~d & ~o & ~t'), 
	LabelJoin: (t & (d | o)) & (d & o) & (t & ~d & ~o) & (~d & ~o & ~t), 
	Label: False
2023-10-25 14:29:51.120 | DEBUG    | translate:union_product:309 - [('1', '1', '1', '1')] 
	Guard: ('t & (d | o)', 'd & o', 't & ~d & ~o', 'd & ~o & ~t'), 
	LabelJoin: (t & (d | o)) & (d & o) & (t & ~d & ~o) & (d & ~o & ~t), 
	Label: False
2023-10-25 14:29:51.133 | DEBUG    | translate:union_product:309 - [('1', '1', '1', '1')] 
	Guard: ('t & (d | o)', 'd & o', 't & ~d & ~o', 'o & ~d & ~t'), 
	LabelJoin: (t & (d | o)) & (d & o) & (t & ~d & ~o) & (o & ~d & ~t), 
	Label: False
2023-10-25 14:29:51.153 | DEBUG    | translate:union_product:309 - [('1', '1', '1', '1')] 
	Guard: ('t & (d | o)', 'd & o', 't & ~d & ~o', 't | (d & o)'), 
	LabelJoin: (t & (d | o)) & (d & o) & (t & ~d & ~o) & (t | (d & o)), 
	Label: False
2023-10-25 14:29:51.167 | DEBUG    | translate:union_product:309 - [('1', '1', '1', '1')] 
	Guard: ('t & (d | o)', 'd & o', '~d & ~o & ~t', '~d & ~o & ~t'), 
	LabelJoin: (t & (d | o)) & (d & o) & (~d & ~o & ~t) & (~d & ~o & ~t), 
	Label: False
2023-10-25 14:29:51.181 | DEBUG    | translate:union_product:309 - [('1', '1', '1', '1')] 
	Guard: ('t & (d | o)', 'd & o', '~d & ~o & ~t', 'd & ~o & ~t'), 
	LabelJoin: (t & (d | o)) & (d & o) & (~d & ~o & ~t) & (d & ~o & ~t), 
	Label: False
2023-10-25 14:29:51.195 | DEBUG    | translate:union_product:309 - [('1', '1', '1', '1')] 
	Guard: ('t & (d | o)', 'd & o', '~d & ~o & ~t', 'o & ~d & ~t'), 
	LabelJoin: (t & (d | o)) & (d & o) & (~d & ~o & ~t) & (o & ~d & ~t), 
	Label: False
2023-10-25 14:29:51.240 | DEBUG    | translate:union_product:309 - [('1', '1', '1', '1')] 
	Guard: ('t & (d | o)', 'd & o', '~d & ~o & ~t', 't | (d & o)'), 
	LabelJoin: (t & (d | o)) & (d & o) & (~d & ~o & ~t) & (t | (d & o)), 
	Label: False
2023-10-25 14:29:51.264 | DEBUG    | translate:union_product:309 - [('1', '1', '1', '1')] 
	Guard: ('t & (d | o)', 'd & o', 'd | o', '~d & ~o & ~t'), 
	LabelJoin: (t & (d | o)) & (d & o) & (d | o) & (~d & ~o & ~t), 
	Label: False
2023-10-25 14:29:51.294 | DEBUG    | translate:union_product:309 - [('1', '1', '1', '1')] 
	Guard: ('t & (d | o)', 'd & o', 'd | o', 'd & ~o & ~t'), 
	LabelJoin: (t & (d | o)) & (d & o) & (d | o) & (d & ~o & ~t), 
	Label: False
2023-10-25 14:29:51.307 | DEBUG    | translate:union_product:309 - [('1', '1', '1', '1')] 
	Guard: ('t & (d | o)', 'd & o', 'd | o', 'o & ~d & ~t'), 
	LabelJoin: (t & (d | o)) & (d & o) & (d | o) & (o & ~d & ~t), 
	Label: False
2023-10-25 14:29:51.324 | DEBUG    | translate:union_product:309 - [('1', '1', '1', '1')] 
	Guard: ('t & (d | o)', 'd & o', 'd | o', 't | (d & o)'), 
	LabelJoin: (t & (d | o)) & (d & o) & (d | o) & (t | (d & o)), 
	Label: d & o & t
2023-10-25 14:29:51.338 | DEBUG    | translate:union_product:309 - [('1', '1', '1', '1')] 
	Guard: ('t & (d | o)', 't & ~d & ~o', 't & ~d & ~o', '~d & ~o & ~t'), 
	LabelJoin: (t & (d | o)) & (t & ~d & ~o) & (t & ~d & ~o) & (~d & ~o & ~t), 
	Label: False
2023-10-25 14:29:51.362 | DEBUG    | translate:union_product:309 - [('1', '1', '1', '1')] 
	Guard: ('t & (d | o)', 't & ~d & ~o', 't & ~d & ~o', 'd & ~o & ~t'), 
	LabelJoin: (t & (d | o)) & (t & ~d & ~o) & (t & ~d & ~o) & (d & ~o & ~t), 
	Label: False
2023-10-25 14:29:51.376 | DEBUG    | translate:union_product:309 - [('1', '1', '1', '1')] 
	Guard: ('t & (d | o)', 't & ~d & ~o', 't & ~d & ~o', 'o & ~d & ~t'), 
	LabelJoin: (t & (d | o)) & (t & ~d & ~o) & (t & ~d & ~o) & (o & ~d & ~t), 
	Label: False
2023-10-25 14:29:51.395 | DEBUG    | translate:union_product:309 - [('1', '1', '1', '1')] 
	Guard: ('t & (d | o)', 't & ~d & ~o', 't & ~d & ~o', 't | (d & o)'), 
	LabelJoin: (t & (d | o)) & (t & ~d & ~o) & (t & ~d & ~o) & (t | (d & o)), 
	Label: False
2023-10-25 14:29:51.410 | DEBUG    | translate:union_product:309 - [('1', '1', '1', '1')] 
	Guard: ('t & (d | o)', 't & ~d & ~o', '~d & ~o & ~t', '~d & ~o & ~t'), 
	LabelJoin: (t & (d | o)) & (t & ~d & ~o) & (~d & ~o & ~t) & (~d & ~o & ~t), 
	Label: False
2023-10-25 14:29:51.424 | DEBUG    | translate:union_product:309 - [('1', '1', '1', '1')] 
	Guard: ('t & (d | o)', 't & ~d & ~o', '~d & ~o & ~t', 'd & ~o & ~t'), 
	LabelJoin: (t & (d | o)) & (t & ~d & ~o) & (~d & ~o & ~t) & (d & ~o & ~t), 
	Label: False
2023-10-25 14:29:51.437 | DEBUG    | translate:union_product:309 - [('1', '1', '1', '1')] 
	Guard: ('t & (d | o)', 't & ~d & ~o', '~d & ~o & ~t', 'o & ~d & ~t'), 
	LabelJoin: (t & (d | o)) & (t & ~d & ~o) & (~d & ~o & ~t) & (o & ~d & ~t), 
	Label: False
2023-10-25 14:29:51.456 | DEBUG    | translate:union_product:309 - [('1', '1', '1', '1')] 
	Guard: ('t & (d | o)', 't & ~d & ~o', '~d & ~o & ~t', 't | (d & o)'), 
	LabelJoin: (t & (d | o)) & (t & ~d & ~o) & (~d & ~o & ~t) & (t | (d & o)), 
	Label: False
2023-10-25 14:29:51.471 | DEBUG    | translate:union_product:309 - [('1', '1', '1', '1')] 
	Guard: ('t & (d | o)', 't & ~d & ~o', 'd | o', '~d & ~o & ~t'), 
	LabelJoin: (t & (d | o)) & (t & ~d & ~o) & (d | o) & (~d & ~o & ~t), 
	Label: False
2023-10-25 14:29:51.486 | DEBUG    | translate:union_product:309 - [('1', '1', '1', '1')] 
	Guard: ('t & (d | o)', 't & ~d & ~o', 'd | o', 'd & ~o & ~t'), 
	LabelJoin: (t & (d | o)) & (t & ~d & ~o) & (d | o) & (d & ~o & ~t), 
	Label: False
2023-10-25 14:29:51.499 | DEBUG    | translate:union_product:309 - [('1', '1', '1', '1')] 
	Guard: ('t & (d | o)', 't & ~d & ~o', 'd | o', 'o & ~d & ~t'), 
	LabelJoin: (t & (d | o)) & (t & ~d & ~o) & (d | o) & (o & ~d & ~t), 
	Label: False
2023-10-25 14:29:51.517 | DEBUG    | translate:union_product:309 - [('1', '1', '1', '1')] 
	Guard: ('t & (d | o)', 't & ~d & ~o', 'd | o', 't | (d & o)'), 
	LabelJoin: (t & (d | o)) & (t & ~d & ~o) & (d | o) & (t | (d & o)), 
	Label: False
2023-10-25 14:29:51.529 | DEBUG    | translate:union_product:309 - [('1', '1', '1', '1')] 
	Guard: ('~d & ~o & ~t', '~d & ~o & ~t', 't & ~d & ~o', '~d & ~o & ~t'), 
	LabelJoin: (~d & ~o & ~t) & (~d & ~o & ~t) & (t & ~d & ~o) & (~d & ~o & ~t), 
	Label: False
2023-10-25 14:29:51.542 | DEBUG    | translate:union_product:309 - [('1', '1', '1', '1')] 
	Guard: ('~d & ~o & ~t', '~d & ~o & ~t', 't & ~d & ~o', 'd & ~o & ~t'), 
	LabelJoin: (~d & ~o & ~t) & (~d & ~o & ~t) & (t & ~d & ~o) & (d & ~o & ~t), 
	Label: False
2023-10-25 14:29:51.569 | DEBUG    | translate:union_product:309 - [('1', '1', '1', '1')] 
	Guard: ('~d & ~o & ~t', '~d & ~o & ~t', 't & ~d & ~o', 'o & ~d & ~t'), 
	LabelJoin: (~d & ~o & ~t) & (~d & ~o & ~t) & (t & ~d & ~o) & (o & ~d & ~t), 
	Label: False
2023-10-25 14:29:51.586 | DEBUG    | translate:union_product:309 - [('1', '1', '1', '1')] 
	Guard: ('~d & ~o & ~t', '~d & ~o & ~t', 't & ~d & ~o', 't | (d & o)'), 
	LabelJoin: (~d & ~o & ~t) & (~d & ~o & ~t) & (t & ~d & ~o) & (t | (d & o)), 
	Label: False
2023-10-25 14:29:51.600 | DEBUG    | translate:union_product:309 - [('1', '1', '1', '1')] 
	Guard: ('~d & ~o & ~t', '~d & ~o & ~t', '~d & ~o & ~t', '~d & ~o & ~t'), 
	LabelJoin: (~d & ~o & ~t) & (~d & ~o & ~t) & (~d & ~o & ~t) & (~d & ~o & ~t), 
	Label: ~d & ~o & ~t
2023-10-25 14:29:51.614 | DEBUG    | translate:union_product:309 - [('1', '1', '1', '1')] 
	Guard: ('~d & ~o & ~t', '~d & ~o & ~t', '~d & ~o & ~t', 'd & ~o & ~t'), 
	LabelJoin: (~d & ~o & ~t) & (~d & ~o & ~t) & (~d & ~o & ~t) & (d & ~o & ~t), 
	Label: False
2023-10-25 14:29:51.633 | DEBUG    | translate:union_product:309 - [('1', '1', '1', '1')] 
	Guard: ('~d & ~o & ~t', '~d & ~o & ~t', '~d & ~o & ~t', 'o & ~d & ~t'), 
	LabelJoin: (~d & ~o & ~t) & (~d & ~o & ~t) & (~d & ~o & ~t) & (o & ~d & ~t), 
	Label: False
2023-10-25 14:29:51.651 | DEBUG    | translate:union_product:309 - [('1', '1', '1', '1')] 
	Guard: ('~d & ~o & ~t', '~d & ~o & ~t', '~d & ~o & ~t', 't | (d & o)'), 
	LabelJoin: (~d & ~o & ~t) & (~d & ~o & ~t) & (~d & ~o & ~t) & (t | (d & o)), 
	Label: False
2023-10-25 14:29:51.673 | DEBUG    | translate:union_product:309 - [('1', '1', '1', '1')] 
	Guard: ('~d & ~o & ~t', '~d & ~o & ~t', 'd | o', '~d & ~o & ~t'), 
	LabelJoin: (~d & ~o & ~t) & (~d & ~o & ~t) & (d | o) & (~d & ~o & ~t), 
	Label: False
2023-10-25 14:29:51.689 | DEBUG    | translate:union_product:309 - [('1', '1', '1', '1')] 
	Guard: ('~d & ~o & ~t', '~d & ~o & ~t', 'd | o', 'd & ~o & ~t'), 
	LabelJoin: (~d & ~o & ~t) & (~d & ~o & ~t) & (d | o) & (d & ~o & ~t), 
	Label: False
2023-10-25 14:29:51.703 | DEBUG    | translate:union_product:309 - [('1', '1', '1', '1')] 
	Guard: ('~d & ~o & ~t', '~d & ~o & ~t', 'd | o', 'o & ~d & ~t'), 
	LabelJoin: (~d & ~o & ~t) & (~d & ~o & ~t) & (d | o) & (o & ~d & ~t), 
	Label: False
2023-10-25 14:29:51.728 | DEBUG    | translate:union_product:309 - [('1', '1', '1', '1')] 
	Guard: ('~d & ~o & ~t', '~d & ~o & ~t', 'd | o', 't | (d & o)'), 
	LabelJoin: (~d & ~o & ~t) & (~d & ~o & ~t) & (d | o) & (t | (d & o)), 
	Label: False
2023-10-25 14:29:51.754 | DEBUG    | translate:union_product:309 - [('1', '1', '1', '1')] 
	Guard: ('~d & ~o & ~t', 'o & ~d', 't & ~d & ~o', '~d & ~o & ~t'), 
	LabelJoin: (~d & ~o & ~t) & (o & ~d) & (t & ~d & ~o) & (~d & ~o & ~t), 
	Label: False
2023-10-25 14:29:51.774 | DEBUG    | translate:union_product:309 - [('1', '1', '1', '1')] 
	Guard: ('~d & ~o & ~t', 'o & ~d', 't & ~d & ~o', 'd & ~o & ~t'), 
	LabelJoin: (~d & ~o & ~t) & (o & ~d) & (t & ~d & ~o) & (d & ~o & ~t), 
	Label: False
2023-10-25 14:29:51.785 | DEBUG    | translate:union_product:309 - [('1', '1', '1', '1')] 
	Guard: ('~d & ~o & ~t', 'o & ~d', 't & ~d & ~o', 'o & ~d & ~t'), 
	LabelJoin: (~d & ~o & ~t) & (o & ~d) & (t & ~d & ~o) & (o & ~d & ~t), 
	Label: False
2023-10-25 14:29:51.802 | DEBUG    | translate:union_product:309 - [('1', '1', '1', '1')] 
	Guard: ('~d & ~o & ~t', 'o & ~d', 't & ~d & ~o', 't | (d & o)'), 
	LabelJoin: (~d & ~o & ~t) & (o & ~d) & (t & ~d & ~o) & (t | (d & o)), 
	Label: False
2023-10-25 14:29:51.836 | DEBUG    | translate:union_product:309 - [('1', '1', '1', '1')] 
	Guard: ('~d & ~o & ~t', 'o & ~d', '~d & ~o & ~t', '~d & ~o & ~t'), 
	LabelJoin: (~d & ~o & ~t) & (o & ~d) & (~d & ~o & ~t) & (~d & ~o & ~t), 
	Label: False
2023-10-25 14:29:51.853 | DEBUG    | translate:union_product:309 - [('1', '1', '1', '1')] 
	Guard: ('~d & ~o & ~t', 'o & ~d', '~d & ~o & ~t', 'd & ~o & ~t'), 
	LabelJoin: (~d & ~o & ~t) & (o & ~d) & (~d & ~o & ~t) & (d & ~o & ~t), 
	Label: False
2023-10-25 14:29:51.870 | DEBUG    | translate:union_product:309 - [('1', '1', '1', '1')] 
	Guard: ('~d & ~o & ~t', 'o & ~d', '~d & ~o & ~t', 'o & ~d & ~t'), 
	LabelJoin: (~d & ~o & ~t) & (o & ~d) & (~d & ~o & ~t) & (o & ~d & ~t), 
	Label: False
2023-10-25 14:29:51.898 | DEBUG    | translate:union_product:309 - [('1', '1', '1', '1')] 
	Guard: ('~d & ~o & ~t', 'o & ~d', '~d & ~o & ~t', 't | (d & o)'), 
	LabelJoin: (~d & ~o & ~t) & (o & ~d) & (~d & ~o & ~t) & (t | (d & o)), 
	Label: False
2023-10-25 14:29:51.928 | DEBUG    | translate:union_product:309 - [('1', '1', '1', '1')] 
	Guard: ('~d & ~o & ~t', 'o & ~d', 'd | o', '~d & ~o & ~t'), 
	LabelJoin: (~d & ~o & ~t) & (o & ~d) & (d | o) & (~d & ~o & ~t), 
	Label: False
2023-10-25 14:29:51.967 | DEBUG    | translate:union_product:309 - [('1', '1', '1', '1')] 
	Guard: ('~d & ~o & ~t', 'o & ~d', 'd | o', 'd & ~o & ~t'), 
	LabelJoin: (~d & ~o & ~t) & (o & ~d) & (d | o) & (d & ~o & ~t), 
	Label: False
2023-10-25 14:29:52.005 | DEBUG    | translate:union_product:309 - [('1', '1', '1', '1')] 
	Guard: ('~d & ~o & ~t', 'o & ~d', 'd | o', 'o & ~d & ~t'), 
	LabelJoin: (~d & ~o & ~t) & (o & ~d) & (d | o) & (o & ~d & ~t), 
	Label: False
2023-10-25 14:29:52.056 | DEBUG    | translate:union_product:309 - [('1', '1', '1', '1')] 
	Guard: ('~d & ~o & ~t', 'o & ~d', 'd | o', 't | (d & o)'), 
	LabelJoin: (~d & ~o & ~t) & (o & ~d) & (d | o) & (t | (d & o)), 
	Label: False
2023-10-25 14:29:52.069 | DEBUG    | translate:union_product:309 - [('1', '1', '1', '1')] 
	Guard: ('~d & ~o & ~t', 'd & ~o', 't & ~d & ~o', '~d & ~o & ~t'), 
	LabelJoin: (~d & ~o & ~t) & (d & ~o) & (t & ~d & ~o) & (~d & ~o & ~t), 
	Label: False
2023-10-25 14:29:52.081 | DEBUG    | translate:union_product:309 - [('1', '1', '1', '1')] 
	Guard: ('~d & ~o & ~t', 'd & ~o', 't & ~d & ~o', 'd & ~o & ~t'), 
	LabelJoin: (~d & ~o & ~t) & (d & ~o) & (t & ~d & ~o) & (d & ~o & ~t), 
	Label: False
2023-10-25 14:29:52.095 | DEBUG    | translate:union_product:309 - [('1', '1', '1', '1')] 
	Guard: ('~d & ~o & ~t', 'd & ~o', 't & ~d & ~o', 'o & ~d & ~t'), 
	LabelJoin: (~d & ~o & ~t) & (d & ~o) & (t & ~d & ~o) & (o & ~d & ~t), 
	Label: False
2023-10-25 14:29:52.121 | DEBUG    | translate:union_product:309 - [('1', '1', '1', '1')] 
	Guard: ('~d & ~o & ~t', 'd & ~o', 't & ~d & ~o', 't | (d & o)'), 
	LabelJoin: (~d & ~o & ~t) & (d & ~o) & (t & ~d & ~o) & (t | (d & o)), 
	Label: False
2023-10-25 14:29:52.133 | DEBUG    | translate:union_product:309 - [('1', '1', '1', '1')] 
	Guard: ('~d & ~o & ~t', 'd & ~o', '~d & ~o & ~t', '~d & ~o & ~t'), 
	LabelJoin: (~d & ~o & ~t) & (d & ~o) & (~d & ~o & ~t) & (~d & ~o & ~t), 
	Label: False
2023-10-25 14:29:52.145 | DEBUG    | translate:union_product:309 - [('1', '1', '1', '1')] 
	Guard: ('~d & ~o & ~t', 'd & ~o', '~d & ~o & ~t', 'd & ~o & ~t'), 
	LabelJoin: (~d & ~o & ~t) & (d & ~o) & (~d & ~o & ~t) & (d & ~o & ~t), 
	Label: False
2023-10-25 14:29:52.157 | DEBUG    | translate:union_product:309 - [('1', '1', '1', '1')] 
	Guard: ('~d & ~o & ~t', 'd & ~o', '~d & ~o & ~t', 'o & ~d & ~t'), 
	LabelJoin: (~d & ~o & ~t) & (d & ~o) & (~d & ~o & ~t) & (o & ~d & ~t), 
	Label: False
2023-10-25 14:29:52.175 | DEBUG    | translate:union_product:309 - [('1', '1', '1', '1')] 
	Guard: ('~d & ~o & ~t', 'd & ~o', '~d & ~o & ~t', 't | (d & o)'), 
	LabelJoin: (~d & ~o & ~t) & (d & ~o) & (~d & ~o & ~t) & (t | (d & o)), 
	Label: False
2023-10-25 14:29:52.189 | DEBUG    | translate:union_product:309 - [('1', '1', '1', '1')] 
	Guard: ('~d & ~o & ~t', 'd & ~o', 'd | o', '~d & ~o & ~t'), 
	LabelJoin: (~d & ~o & ~t) & (d & ~o) & (d | o) & (~d & ~o & ~t), 
	Label: False
2023-10-25 14:29:52.205 | DEBUG    | translate:union_product:309 - [('1', '1', '1', '1')] 
	Guard: ('~d & ~o & ~t', 'd & ~o', 'd | o', 'd & ~o & ~t'), 
	LabelJoin: (~d & ~o & ~t) & (d & ~o) & (d | o) & (d & ~o & ~t), 
	Label: False
2023-10-25 14:29:52.219 | DEBUG    | translate:union_product:309 - [('1', '1', '1', '1')] 
	Guard: ('~d & ~o & ~t', 'd & ~o', 'd | o', 'o & ~d & ~t'), 
	LabelJoin: (~d & ~o & ~t) & (d & ~o) & (d | o) & (o & ~d & ~t), 
	Label: False
2023-10-25 14:29:52.238 | DEBUG    | translate:union_product:309 - [('1', '1', '1', '1')] 
	Guard: ('~d & ~o & ~t', 'd & ~o', 'd | o', 't | (d & o)'), 
	LabelJoin: (~d & ~o & ~t) & (d & ~o) & (d | o) & (t | (d & o)), 
	Label: False
2023-10-25 14:29:52.250 | DEBUG    | translate:union_product:309 - [('1', '1', '1', '1')] 
	Guard: ('~d & ~o & ~t', 'd & o', 't & ~d & ~o', '~d & ~o & ~t'), 
	LabelJoin: (~d & ~o & ~t) & (d & o) & (t & ~d & ~o) & (~d & ~o & ~t), 
	Label: False
2023-10-25 14:29:52.262 | DEBUG    | translate:union_product:309 - [('1', '1', '1', '1')] 
	Guard: ('~d & ~o & ~t', 'd & o', 't & ~d & ~o', 'd & ~o & ~t'), 
	LabelJoin: (~d & ~o & ~t) & (d & o) & (t & ~d & ~o) & (d & ~o & ~t), 
	Label: False
2023-10-25 14:29:52.277 | DEBUG    | translate:union_product:309 - [('1', '1', '1', '1')] 
	Guard: ('~d & ~o & ~t', 'd & o', 't & ~d & ~o', 'o & ~d & ~t'), 
	LabelJoin: (~d & ~o & ~t) & (d & o) & (t & ~d & ~o) & (o & ~d & ~t), 
	Label: False
2023-10-25 14:29:52.299 | DEBUG    | translate:union_product:309 - [('1', '1', '1', '1')] 
	Guard: ('~d & ~o & ~t', 'd & o', 't & ~d & ~o', 't | (d & o)'), 
	LabelJoin: (~d & ~o & ~t) & (d & o) & (t & ~d & ~o) & (t | (d & o)), 
	Label: False
2023-10-25 14:29:52.312 | DEBUG    | translate:union_product:309 - [('1', '1', '1', '1')] 
	Guard: ('~d & ~o & ~t', 'd & o', '~d & ~o & ~t', '~d & ~o & ~t'), 
	LabelJoin: (~d & ~o & ~t) & (d & o) & (~d & ~o & ~t) & (~d & ~o & ~t), 
	Label: False
2023-10-25 14:29:52.325 | DEBUG    | translate:union_product:309 - [('1', '1', '1', '1')] 
	Guard: ('~d & ~o & ~t', 'd & o', '~d & ~o & ~t', 'd & ~o & ~t'), 
	LabelJoin: (~d & ~o & ~t) & (d & o) & (~d & ~o & ~t) & (d & ~o & ~t), 
	Label: False
2023-10-25 14:29:52.338 | DEBUG    | translate:union_product:309 - [('1', '1', '1', '1')] 
	Guard: ('~d & ~o & ~t', 'd & o', '~d & ~o & ~t', 'o & ~d & ~t'), 
	LabelJoin: (~d & ~o & ~t) & (d & o) & (~d & ~o & ~t) & (o & ~d & ~t), 
	Label: False
2023-10-25 14:29:52.355 | DEBUG    | translate:union_product:309 - [('1', '1', '1', '1')] 
	Guard: ('~d & ~o & ~t', 'd & o', '~d & ~o & ~t', 't | (d & o)'), 
	LabelJoin: (~d & ~o & ~t) & (d & o) & (~d & ~o & ~t) & (t | (d & o)), 
	Label: False
2023-10-25 14:29:52.370 | DEBUG    | translate:union_product:309 - [('1', '1', '1', '1')] 
	Guard: ('~d & ~o & ~t', 'd & o', 'd | o', '~d & ~o & ~t'), 
	LabelJoin: (~d & ~o & ~t) & (d & o) & (d | o) & (~d & ~o & ~t), 
	Label: False
2023-10-25 14:29:52.385 | DEBUG    | translate:union_product:309 - [('1', '1', '1', '1')] 
	Guard: ('~d & ~o & ~t', 'd & o', 'd | o', 'd & ~o & ~t'), 
	LabelJoin: (~d & ~o & ~t) & (d & o) & (d | o) & (d & ~o & ~t), 
	Label: False
2023-10-25 14:29:52.411 | DEBUG    | translate:union_product:309 - [('1', '1', '1', '1')] 
	Guard: ('~d & ~o & ~t', 'd & o', 'd | o', 'o & ~d & ~t'), 
	LabelJoin: (~d & ~o & ~t) & (d & o) & (d | o) & (o & ~d & ~t), 
	Label: False
2023-10-25 14:29:52.446 | DEBUG    | translate:union_product:309 - [('1', '1', '1', '1')] 
	Guard: ('~d & ~o & ~t', 'd & o', 'd | o', 't | (d & o)'), 
	LabelJoin: (~d & ~o & ~t) & (d & o) & (d | o) & (t | (d & o)), 
	Label: False
2023-10-25 14:29:52.470 | DEBUG    | translate:union_product:309 - [('1', '1', '1', '1')] 
	Guard: ('~d & ~o & ~t', 't & ~d & ~o', 't & ~d & ~o', '~d & ~o & ~t'), 
	LabelJoin: (~d & ~o & ~t) & (t & ~d & ~o) & (t & ~d & ~o) & (~d & ~o & ~t), 
	Label: False
2023-10-25 14:29:52.482 | DEBUG    | translate:union_product:309 - [('1', '1', '1', '1')] 
	Guard: ('~d & ~o & ~t', 't & ~d & ~o', 't & ~d & ~o', 'd & ~o & ~t'), 
	LabelJoin: (~d & ~o & ~t) & (t & ~d & ~o) & (t & ~d & ~o) & (d & ~o & ~t), 
	Label: False
2023-10-25 14:29:52.494 | DEBUG    | translate:union_product:309 - [('1', '1', '1', '1')] 
	Guard: ('~d & ~o & ~t', 't & ~d & ~o', 't & ~d & ~o', 'o & ~d & ~t'), 
	LabelJoin: (~d & ~o & ~t) & (t & ~d & ~o) & (t & ~d & ~o) & (o & ~d & ~t), 
	Label: False
2023-10-25 14:29:52.510 | DEBUG    | translate:union_product:309 - [('1', '1', '1', '1')] 
	Guard: ('~d & ~o & ~t', 't & ~d & ~o', 't & ~d & ~o', 't | (d & o)'), 
	LabelJoin: (~d & ~o & ~t) & (t & ~d & ~o) & (t & ~d & ~o) & (t | (d & o)), 
	Label: False
2023-10-25 14:29:52.522 | DEBUG    | translate:union_product:309 - [('1', '1', '1', '1')] 
	Guard: ('~d & ~o & ~t', 't & ~d & ~o', '~d & ~o & ~t', '~d & ~o & ~t'), 
	LabelJoin: (~d & ~o & ~t) & (t & ~d & ~o) & (~d & ~o & ~t) & (~d & ~o & ~t), 
	Label: False
2023-10-25 14:29:52.535 | DEBUG    | translate:union_product:309 - [('1', '1', '1', '1')] 
	Guard: ('~d & ~o & ~t', 't & ~d & ~o', '~d & ~o & ~t', 'd & ~o & ~t'), 
	LabelJoin: (~d & ~o & ~t) & (t & ~d & ~o) & (~d & ~o & ~t) & (d & ~o & ~t), 
	Label: False
2023-10-25 14:29:52.553 | DEBUG    | translate:union_product:309 - [('1', '1', '1', '1')] 
	Guard: ('~d & ~o & ~t', 't & ~d & ~o', '~d & ~o & ~t', 'o & ~d & ~t'), 
	LabelJoin: (~d & ~o & ~t) & (t & ~d & ~o) & (~d & ~o & ~t) & (o & ~d & ~t), 
	Label: False
2023-10-25 14:29:52.570 | DEBUG    | translate:union_product:309 - [('1', '1', '1', '1')] 
	Guard: ('~d & ~o & ~t', 't & ~d & ~o', '~d & ~o & ~t', 't | (d & o)'), 
	LabelJoin: (~d & ~o & ~t) & (t & ~d & ~o) & (~d & ~o & ~t) & (t | (d & o)), 
	Label: False
2023-10-25 14:29:52.583 | DEBUG    | translate:union_product:309 - [('1', '1', '1', '1')] 
	Guard: ('~d & ~o & ~t', 't & ~d & ~o', 'd | o', '~d & ~o & ~t'), 
	LabelJoin: (~d & ~o & ~t) & (t & ~d & ~o) & (d | o) & (~d & ~o & ~t), 
	Label: False
2023-10-25 14:29:52.599 | DEBUG    | translate:union_product:309 - [('1', '1', '1', '1')] 
	Guard: ('~d & ~o & ~t', 't & ~d & ~o', 'd | o', 'd & ~o & ~t'), 
	LabelJoin: (~d & ~o & ~t) & (t & ~d & ~o) & (d | o) & (d & ~o & ~t), 
	Label: False
2023-10-25 14:29:52.617 | DEBUG    | translate:union_product:309 - [('1', '1', '1', '1')] 
	Guard: ('~d & ~o & ~t', 't & ~d & ~o', 'd | o', 'o & ~d & ~t'), 
	LabelJoin: (~d & ~o & ~t) & (t & ~d & ~o) & (d | o) & (o & ~d & ~t), 
	Label: False
2023-10-25 14:29:52.635 | DEBUG    | translate:union_product:309 - [('1', '1', '1', '1')] 
	Guard: ('~d & ~o & ~t', 't & ~d & ~o', 'd | o', 't | (d & o)'), 
	LabelJoin: (~d & ~o & ~t) & (t & ~d & ~o) & (d | o) & (t | (d & o)), 
	Label: False
2023-10-25 14:29:52.668 | DEBUG    | translate:union_product:309 - [('1', '1', '1', '1')] 
	Guard: ('t & ~d & ~o', '~d & ~o & ~t', 't & ~d & ~o', '~d & ~o & ~t'), 
	LabelJoin: (t & ~d & ~o) & (~d & ~o & ~t) & (t & ~d & ~o) & (~d & ~o & ~t), 
	Label: False
2023-10-25 14:29:52.702 | DEBUG    | translate:union_product:309 - [('1', '1', '1', '1')] 
	Guard: ('t & ~d & ~o', '~d & ~o & ~t', 't & ~d & ~o', 'd & ~o & ~t'), 
	LabelJoin: (t & ~d & ~o) & (~d & ~o & ~t) & (t & ~d & ~o) & (d & ~o & ~t), 
	Label: False
2023-10-25 14:29:52.716 | DEBUG    | translate:union_product:309 - [('1', '1', '1', '1')] 
	Guard: ('t & ~d & ~o', '~d & ~o & ~t', 't & ~d & ~o', 'o & ~d & ~t'), 
	LabelJoin: (t & ~d & ~o) & (~d & ~o & ~t) & (t & ~d & ~o) & (o & ~d & ~t), 
	Label: False
2023-10-25 14:29:52.732 | DEBUG    | translate:union_product:309 - [('1', '1', '1', '1')] 
	Guard: ('t & ~d & ~o', '~d & ~o & ~t', 't & ~d & ~o', 't | (d & o)'), 
	LabelJoin: (t & ~d & ~o) & (~d & ~o & ~t) & (t & ~d & ~o) & (t | (d & o)), 
	Label: False
2023-10-25 14:29:52.744 | DEBUG    | translate:union_product:309 - [('1', '1', '1', '1')] 
	Guard: ('t & ~d & ~o', '~d & ~o & ~t', '~d & ~o & ~t', '~d & ~o & ~t'), 
	LabelJoin: (t & ~d & ~o) & (~d & ~o & ~t) & (~d & ~o & ~t) & (~d & ~o & ~t), 
	Label: False
2023-10-25 14:29:52.756 | DEBUG    | translate:union_product:309 - [('1', '1', '1', '1')] 
	Guard: ('t & ~d & ~o', '~d & ~o & ~t', '~d & ~o & ~t', 'd & ~o & ~t'), 
	LabelJoin: (t & ~d & ~o) & (~d & ~o & ~t) & (~d & ~o & ~t) & (d & ~o & ~t), 
	Label: False
2023-10-25 14:29:52.769 | DEBUG    | translate:union_product:309 - [('1', '1', '1', '1')] 
	Guard: ('t & ~d & ~o', '~d & ~o & ~t', '~d & ~o & ~t', 'o & ~d & ~t'), 
	LabelJoin: (t & ~d & ~o) & (~d & ~o & ~t) & (~d & ~o & ~t) & (o & ~d & ~t), 
	Label: False
2023-10-25 14:29:52.805 | DEBUG    | translate:union_product:309 - [('1', '1', '1', '1')] 
	Guard: ('t & ~d & ~o', '~d & ~o & ~t', '~d & ~o & ~t', 't | (d & o)'), 
	LabelJoin: (t & ~d & ~o) & (~d & ~o & ~t) & (~d & ~o & ~t) & (t | (d & o)), 
	Label: False
2023-10-25 14:29:52.829 | DEBUG    | translate:union_product:309 - [('1', '1', '1', '1')] 
	Guard: ('t & ~d & ~o', '~d & ~o & ~t', 'd | o', '~d & ~o & ~t'), 
	LabelJoin: (t & ~d & ~o) & (~d & ~o & ~t) & (d | o) & (~d & ~o & ~t), 
	Label: False
2023-10-25 14:29:52.843 | DEBUG    | translate:union_product:309 - [('1', '1', '1', '1')] 
	Guard: ('t & ~d & ~o', '~d & ~o & ~t', 'd | o', 'd & ~o & ~t'), 
	LabelJoin: (t & ~d & ~o) & (~d & ~o & ~t) & (d | o) & (d & ~o & ~t), 
	Label: False
2023-10-25 14:29:52.856 | DEBUG    | translate:union_product:309 - [('1', '1', '1', '1')] 
	Guard: ('t & ~d & ~o', '~d & ~o & ~t', 'd | o', 'o & ~d & ~t'), 
	LabelJoin: (t & ~d & ~o) & (~d & ~o & ~t) & (d | o) & (o & ~d & ~t), 
	Label: False
2023-10-25 14:29:52.891 | DEBUG    | translate:union_product:309 - [('1', '1', '1', '1')] 
	Guard: ('t & ~d & ~o', '~d & ~o & ~t', 'd | o', 't | (d & o)'), 
	LabelJoin: (t & ~d & ~o) & (~d & ~o & ~t) & (d | o) & (t | (d & o)), 
	Label: False
2023-10-25 14:29:52.918 | DEBUG    | translate:union_product:309 - [('1', '1', '1', '1')] 
	Guard: ('t & ~d & ~o', 'o & ~d', 't & ~d & ~o', '~d & ~o & ~t'), 
	LabelJoin: (t & ~d & ~o) & (o & ~d) & (t & ~d & ~o) & (~d & ~o & ~t), 
	Label: False
2023-10-25 14:29:52.931 | DEBUG    | translate:union_product:309 - [('1', '1', '1', '1')] 
	Guard: ('t & ~d & ~o', 'o & ~d', 't & ~d & ~o', 'd & ~o & ~t'), 
	LabelJoin: (t & ~d & ~o) & (o & ~d) & (t & ~d & ~o) & (d & ~o & ~t), 
	Label: False
2023-10-25 14:29:52.942 | DEBUG    | translate:union_product:309 - [('1', '1', '1', '1')] 
	Guard: ('t & ~d & ~o', 'o & ~d', 't & ~d & ~o', 'o & ~d & ~t'), 
	LabelJoin: (t & ~d & ~o) & (o & ~d) & (t & ~d & ~o) & (o & ~d & ~t), 
	Label: False
2023-10-25 14:29:52.958 | DEBUG    | translate:union_product:309 - [('1', '1', '1', '1')] 
	Guard: ('t & ~d & ~o', 'o & ~d', 't & ~d & ~o', 't | (d & o)'), 
	LabelJoin: (t & ~d & ~o) & (o & ~d) & (t & ~d & ~o) & (t | (d & o)), 
	Label: False
2023-10-25 14:29:52.981 | DEBUG    | translate:union_product:309 - [('1', '1', '1', '1')] 
	Guard: ('t & ~d & ~o', 'o & ~d', '~d & ~o & ~t', '~d & ~o & ~t'), 
	LabelJoin: (t & ~d & ~o) & (o & ~d) & (~d & ~o & ~t) & (~d & ~o & ~t), 
	Label: False
2023-10-25 14:29:52.993 | DEBUG    | translate:union_product:309 - [('1', '1', '1', '1')] 
	Guard: ('t & ~d & ~o', 'o & ~d', '~d & ~o & ~t', 'd & ~o & ~t'), 
	LabelJoin: (t & ~d & ~o) & (o & ~d) & (~d & ~o & ~t) & (d & ~o & ~t), 
	Label: False
2023-10-25 14:29:53.005 | DEBUG    | translate:union_product:309 - [('1', '1', '1', '1')] 
	Guard: ('t & ~d & ~o', 'o & ~d', '~d & ~o & ~t', 'o & ~d & ~t'), 
	LabelJoin: (t & ~d & ~o) & (o & ~d) & (~d & ~o & ~t) & (o & ~d & ~t), 
	Label: False
2023-10-25 14:29:53.021 | DEBUG    | translate:union_product:309 - [('1', '1', '1', '1')] 
	Guard: ('t & ~d & ~o', 'o & ~d', '~d & ~o & ~t', 't | (d & o)'), 
	LabelJoin: (t & ~d & ~o) & (o & ~d) & (~d & ~o & ~t) & (t | (d & o)), 
	Label: False
2023-10-25 14:29:53.035 | DEBUG    | translate:union_product:309 - [('1', '1', '1', '1')] 
	Guard: ('t & ~d & ~o', 'o & ~d', 'd | o', '~d & ~o & ~t'), 
	LabelJoin: (t & ~d & ~o) & (o & ~d) & (d | o) & (~d & ~o & ~t), 
	Label: False
2023-10-25 14:29:53.048 | DEBUG    | translate:union_product:309 - [('1', '1', '1', '1')] 
	Guard: ('t & ~d & ~o', 'o & ~d', 'd | o', 'd & ~o & ~t'), 
	LabelJoin: (t & ~d & ~o) & (o & ~d) & (d | o) & (d & ~o & ~t), 
	Label: False
2023-10-25 14:29:53.061 | DEBUG    | translate:union_product:309 - [('1', '1', '1', '1')] 
	Guard: ('t & ~d & ~o', 'o & ~d', 'd | o', 'o & ~d & ~t'), 
	LabelJoin: (t & ~d & ~o) & (o & ~d) & (d | o) & (o & ~d & ~t), 
	Label: False
2023-10-25 14:29:53.101 | DEBUG    | translate:union_product:309 - [('1', '1', '1', '1')] 
	Guard: ('t & ~d & ~o', 'o & ~d', 'd | o', 't | (d & o)'), 
	LabelJoin: (t & ~d & ~o) & (o & ~d) & (d | o) & (t | (d & o)), 
	Label: False
2023-10-25 14:29:53.112 | DEBUG    | translate:union_product:309 - [('1', '1', '1', '1')] 
	Guard: ('t & ~d & ~o', 'd & ~o', 't & ~d & ~o', '~d & ~o & ~t'), 
	LabelJoin: (t & ~d & ~o) & (d & ~o) & (t & ~d & ~o) & (~d & ~o & ~t), 
	Label: False
2023-10-25 14:29:53.124 | DEBUG    | translate:union_product:309 - [('1', '1', '1', '1')] 
	Guard: ('t & ~d & ~o', 'd & ~o', 't & ~d & ~o', 'd & ~o & ~t'), 
	LabelJoin: (t & ~d & ~o) & (d & ~o) & (t & ~d & ~o) & (d & ~o & ~t), 
	Label: False
2023-10-25 14:29:53.140 | DEBUG    | translate:union_product:309 - [('1', '1', '1', '1')] 
	Guard: ('t & ~d & ~o', 'd & ~o', 't & ~d & ~o', 'o & ~d & ~t'), 
	LabelJoin: (t & ~d & ~o) & (d & ~o) & (t & ~d & ~o) & (o & ~d & ~t), 
	Label: False
2023-10-25 14:29:53.157 | DEBUG    | translate:union_product:309 - [('1', '1', '1', '1')] 
	Guard: ('t & ~d & ~o', 'd & ~o', 't & ~d & ~o', 't | (d & o)'), 
	LabelJoin: (t & ~d & ~o) & (d & ~o) & (t & ~d & ~o) & (t | (d & o)), 
	Label: False
2023-10-25 14:29:53.183 | DEBUG    | translate:union_product:309 - [('1', '1', '1', '1')] 
	Guard: ('t & ~d & ~o', 'd & ~o', '~d & ~o & ~t', '~d & ~o & ~t'), 
	LabelJoin: (t & ~d & ~o) & (d & ~o) & (~d & ~o & ~t) & (~d & ~o & ~t), 
	Label: False
2023-10-25 14:29:53.196 | DEBUG    | translate:union_product:309 - [('1', '1', '1', '1')] 
	Guard: ('t & ~d & ~o', 'd & ~o', '~d & ~o & ~t', 'd & ~o & ~t'), 
	LabelJoin: (t & ~d & ~o) & (d & ~o) & (~d & ~o & ~t) & (d & ~o & ~t), 
	Label: False
2023-10-25 14:29:53.208 | DEBUG    | translate:union_product:309 - [('1', '1', '1', '1')] 
	Guard: ('t & ~d & ~o', 'd & ~o', '~d & ~o & ~t', 'o & ~d & ~t'), 
	LabelJoin: (t & ~d & ~o) & (d & ~o) & (~d & ~o & ~t) & (o & ~d & ~t), 
	Label: False
2023-10-25 14:29:53.235 | DEBUG    | translate:union_product:309 - [('1', '1', '1', '1')] 
	Guard: ('t & ~d & ~o', 'd & ~o', '~d & ~o & ~t', 't | (d & o)'), 
	LabelJoin: (t & ~d & ~o) & (d & ~o) & (~d & ~o & ~t) & (t | (d & o)), 
	Label: False
2023-10-25 14:29:53.248 | DEBUG    | translate:union_product:309 - [('1', '1', '1', '1')] 
	Guard: ('t & ~d & ~o', 'd & ~o', 'd | o', '~d & ~o & ~t'), 
	LabelJoin: (t & ~d & ~o) & (d & ~o) & (d | o) & (~d & ~o & ~t), 
	Label: False
2023-10-25 14:29:53.261 | DEBUG    | translate:union_product:309 - [('1', '1', '1', '1')] 
	Guard: ('t & ~d & ~o', 'd & ~o', 'd | o', 'd & ~o & ~t'), 
	LabelJoin: (t & ~d & ~o) & (d & ~o) & (d | o) & (d & ~o & ~t), 
	Label: False
2023-10-25 14:29:53.283 | DEBUG    | translate:union_product:309 - [('1', '1', '1', '1')] 
	Guard: ('t & ~d & ~o', 'd & ~o', 'd | o', 'o & ~d & ~t'), 
	LabelJoin: (t & ~d & ~o) & (d & ~o) & (d | o) & (o & ~d & ~t), 
	Label: False
2023-10-25 14:29:53.302 | DEBUG    | translate:union_product:309 - [('1', '1', '1', '1')] 
	Guard: ('t & ~d & ~o', 'd & ~o', 'd | o', 't | (d & o)'), 
	LabelJoin: (t & ~d & ~o) & (d & ~o) & (d | o) & (t | (d & o)), 
	Label: False
2023-10-25 14:29:53.315 | DEBUG    | translate:union_product:309 - [('1', '1', '1', '1')] 
	Guard: ('t & ~d & ~o', 'd & o', 't & ~d & ~o', '~d & ~o & ~t'), 
	LabelJoin: (t & ~d & ~o) & (d & o) & (t & ~d & ~o) & (~d & ~o & ~t), 
	Label: False
2023-10-25 14:29:53.326 | DEBUG    | translate:union_product:309 - [('1', '1', '1', '1')] 
	Guard: ('t & ~d & ~o', 'd & o', 't & ~d & ~o', 'd & ~o & ~t'), 
	LabelJoin: (t & ~d & ~o) & (d & o) & (t & ~d & ~o) & (d & ~o & ~t), 
	Label: False
2023-10-25 14:29:53.338 | DEBUG    | translate:union_product:309 - [('1', '1', '1', '1')] 
	Guard: ('t & ~d & ~o', 'd & o', 't & ~d & ~o', 'o & ~d & ~t'), 
	LabelJoin: (t & ~d & ~o) & (d & o) & (t & ~d & ~o) & (o & ~d & ~t), 
	Label: False
2023-10-25 14:29:53.364 | DEBUG    | translate:union_product:309 - [('1', '1', '1', '1')] 
	Guard: ('t & ~d & ~o', 'd & o', 't & ~d & ~o', 't | (d & o)'), 
	LabelJoin: (t & ~d & ~o) & (d & o) & (t & ~d & ~o) & (t | (d & o)), 
	Label: False
2023-10-25 14:29:53.377 | DEBUG    | translate:union_product:309 - [('1', '1', '1', '1')] 
	Guard: ('t & ~d & ~o', 'd & o', '~d & ~o & ~t', '~d & ~o & ~t'), 
	LabelJoin: (t & ~d & ~o) & (d & o) & (~d & ~o & ~t) & (~d & ~o & ~t), 
	Label: False
2023-10-25 14:29:53.390 | DEBUG    | translate:union_product:309 - [('1', '1', '1', '1')] 
	Guard: ('t & ~d & ~o', 'd & o', '~d & ~o & ~t', 'd & ~o & ~t'), 
	LabelJoin: (t & ~d & ~o) & (d & o) & (~d & ~o & ~t) & (d & ~o & ~t), 
	Label: False
2023-10-25 14:29:53.402 | DEBUG    | translate:union_product:309 - [('1', '1', '1', '1')] 
	Guard: ('t & ~d & ~o', 'd & o', '~d & ~o & ~t', 'o & ~d & ~t'), 
	LabelJoin: (t & ~d & ~o) & (d & o) & (~d & ~o & ~t) & (o & ~d & ~t), 
	Label: False
2023-10-25 14:29:53.420 | DEBUG    | translate:union_product:309 - [('1', '1', '1', '1')] 
	Guard: ('t & ~d & ~o', 'd & o', '~d & ~o & ~t', 't | (d & o)'), 
	LabelJoin: (t & ~d & ~o) & (d & o) & (~d & ~o & ~t) & (t | (d & o)), 
	Label: False
2023-10-25 14:29:53.434 | DEBUG    | translate:union_product:309 - [('1', '1', '1', '1')] 
	Guard: ('t & ~d & ~o', 'd & o', 'd | o', '~d & ~o & ~t'), 
	LabelJoin: (t & ~d & ~o) & (d & o) & (d | o) & (~d & ~o & ~t), 
	Label: False
2023-10-25 14:29:53.447 | DEBUG    | translate:union_product:309 - [('1', '1', '1', '1')] 
	Guard: ('t & ~d & ~o', 'd & o', 'd | o', 'd & ~o & ~t'), 
	LabelJoin: (t & ~d & ~o) & (d & o) & (d | o) & (d & ~o & ~t), 
	Label: False
2023-10-25 14:29:53.462 | DEBUG    | translate:union_product:309 - [('1', '1', '1', '1')] 
	Guard: ('t & ~d & ~o', 'd & o', 'd | o', 'o & ~d & ~t'), 
	LabelJoin: (t & ~d & ~o) & (d & o) & (d | o) & (o & ~d & ~t), 
	Label: False
2023-10-25 14:29:53.481 | DEBUG    | translate:union_product:309 - [('1', '1', '1', '1')] 
	Guard: ('t & ~d & ~o', 'd & o', 'd | o', 't | (d & o)'), 
	LabelJoin: (t & ~d & ~o) & (d & o) & (d | o) & (t | (d & o)), 
	Label: False
2023-10-25 14:29:53.493 | DEBUG    | translate:union_product:309 - [('1', '1', '1', '1')] 
	Guard: ('t & ~d & ~o', 't & ~d & ~o', 't & ~d & ~o', '~d & ~o & ~t'), 
	LabelJoin: (t & ~d & ~o) & (t & ~d & ~o) & (t & ~d & ~o) & (~d & ~o & ~t), 
	Label: False
2023-10-25 14:29:53.504 | DEBUG    | translate:union_product:309 - [('1', '1', '1', '1')] 
	Guard: ('t & ~d & ~o', 't & ~d & ~o', 't & ~d & ~o', 'd & ~o & ~t'), 
	LabelJoin: (t & ~d & ~o) & (t & ~d & ~o) & (t & ~d & ~o) & (d & ~o & ~t), 
	Label: False
2023-10-25 14:29:53.516 | DEBUG    | translate:union_product:309 - [('1', '1', '1', '1')] 
	Guard: ('t & ~d & ~o', 't & ~d & ~o', 't & ~d & ~o', 'o & ~d & ~t'), 
	LabelJoin: (t & ~d & ~o) & (t & ~d & ~o) & (t & ~d & ~o) & (o & ~d & ~t), 
	Label: False
2023-10-25 14:29:53.534 | DEBUG    | translate:union_product:309 - [('1', '1', '1', '1')] 
	Guard: ('t & ~d & ~o', 't & ~d & ~o', 't & ~d & ~o', 't | (d & o)'), 
	LabelJoin: (t & ~d & ~o) & (t & ~d & ~o) & (t & ~d & ~o) & (t | (d & o)), 
	Label: t & ~d & ~o
2023-10-25 14:29:53.545 | DEBUG    | translate:union_product:309 - [('1', '1', '1', '1')] 
	Guard: ('t & ~d & ~o', 't & ~d & ~o', '~d & ~o & ~t', '~d & ~o & ~t'), 
	LabelJoin: (t & ~d & ~o) & (t & ~d & ~o) & (~d & ~o & ~t) & (~d & ~o & ~t), 
	Label: False
2023-10-25 14:29:53.557 | DEBUG    | translate:union_product:309 - [('1', '1', '1', '1')] 
	Guard: ('t & ~d & ~o', 't & ~d & ~o', '~d & ~o & ~t', 'd & ~o & ~t'), 
	LabelJoin: (t & ~d & ~o) & (t & ~d & ~o) & (~d & ~o & ~t) & (d & ~o & ~t), 
	Label: False
2023-10-25 14:29:53.578 | DEBUG    | translate:union_product:309 - [('1', '1', '1', '1')] 
	Guard: ('t & ~d & ~o', 't & ~d & ~o', '~d & ~o & ~t', 'o & ~d & ~t'), 
	LabelJoin: (t & ~d & ~o) & (t & ~d & ~o) & (~d & ~o & ~t) & (o & ~d & ~t), 
	Label: False
2023-10-25 14:29:53.602 | DEBUG    | translate:union_product:309 - [('1', '1', '1', '1')] 
	Guard: ('t & ~d & ~o', 't & ~d & ~o', '~d & ~o & ~t', 't | (d & o)'), 
	LabelJoin: (t & ~d & ~o) & (t & ~d & ~o) & (~d & ~o & ~t) & (t | (d & o)), 
	Label: False
2023-10-25 14:29:53.637 | DEBUG    | translate:union_product:309 - [('1', '1', '1', '1')] 
	Guard: ('t & ~d & ~o', 't & ~d & ~o', 'd | o', '~d & ~o & ~t'), 
	LabelJoin: (t & ~d & ~o) & (t & ~d & ~o) & (d | o) & (~d & ~o & ~t), 
	Label: False
2023-10-25 14:29:53.670 | DEBUG    | translate:union_product:309 - [('1', '1', '1', '1')] 
	Guard: ('t & ~d & ~o', 't & ~d & ~o', 'd | o', 'd & ~o & ~t'), 
	LabelJoin: (t & ~d & ~o) & (t & ~d & ~o) & (d | o) & (d & ~o & ~t), 
	Label: False
2023-10-25 14:29:53.684 | DEBUG    | translate:union_product:309 - [('1', '1', '1', '1')] 
	Guard: ('t & ~d & ~o', 't & ~d & ~o', 'd | o', 'o & ~d & ~t'), 
	LabelJoin: (t & ~d & ~o) & (t & ~d & ~o) & (d | o) & (o & ~d & ~t), 
	Label: False
2023-10-25 14:29:53.702 | DEBUG    | translate:union_product:309 - [('1', '1', '1', '1')] 
	Guard: ('t & ~d & ~o', 't & ~d & ~o', 'd | o', 't | (d & o)'), 
	LabelJoin: (t & ~d & ~o) & (t & ~d & ~o) & (d | o) & (t | (d & o)), 
	Label: False
2023-10-25 14:29:53.716 | DEBUG    | translate:union_product:309 - [('1', '1', '1', '1')] 
	Guard: ('~t & (d | o)', '~d & ~o & ~t', 't & ~d & ~o', '~d & ~o & ~t'), 
	LabelJoin: (~t & (d | o)) & (~d & ~o & ~t) & (t & ~d & ~o) & (~d & ~o & ~t), 
	Label: False
2023-10-25 14:29:53.730 | DEBUG    | translate:union_product:309 - [('1', '1', '1', '1')] 
	Guard: ('~t & (d | o)', '~d & ~o & ~t', 't & ~d & ~o', 'd & ~o & ~t'), 
	LabelJoin: (~t & (d | o)) & (~d & ~o & ~t) & (t & ~d & ~o) & (d & ~o & ~t), 
	Label: False
2023-10-25 14:29:53.744 | DEBUG    | translate:union_product:309 - [('1', '1', '1', '1')] 
	Guard: ('~t & (d | o)', '~d & ~o & ~t', 't & ~d & ~o', 'o & ~d & ~t'), 
	LabelJoin: (~t & (d | o)) & (~d & ~o & ~t) & (t & ~d & ~o) & (o & ~d & ~t), 
	Label: False
2023-10-25 14:29:53.774 | DEBUG    | translate:union_product:309 - [('1', '1', '1', '1')] 
	Guard: ('~t & (d | o)', '~d & ~o & ~t', 't & ~d & ~o', 't | (d & o)'), 
	LabelJoin: (~t & (d | o)) & (~d & ~o & ~t) & (t & ~d & ~o) & (t | (d & o)), 
	Label: False
2023-10-25 14:29:53.802 | DEBUG    | translate:union_product:309 - [('1', '1', '1', '1')] 
	Guard: ('~t & (d | o)', '~d & ~o & ~t', '~d & ~o & ~t', '~d & ~o & ~t'), 
	LabelJoin: (~t & (d | o)) & (~d & ~o & ~t) & (~d & ~o & ~t) & (~d & ~o & ~t), 
	Label: False
2023-10-25 14:29:53.821 | DEBUG    | translate:union_product:309 - [('1', '1', '1', '1')] 
	Guard: ('~t & (d | o)', '~d & ~o & ~t', '~d & ~o & ~t', 'd & ~o & ~t'), 
	LabelJoin: (~t & (d | o)) & (~d & ~o & ~t) & (~d & ~o & ~t) & (d & ~o & ~t), 
	Label: False
2023-10-25 14:29:53.835 | DEBUG    | translate:union_product:309 - [('1', '1', '1', '1')] 
	Guard: ('~t & (d | o)', '~d & ~o & ~t', '~d & ~o & ~t', 'o & ~d & ~t'), 
	LabelJoin: (~t & (d | o)) & (~d & ~o & ~t) & (~d & ~o & ~t) & (o & ~d & ~t), 
	Label: False
2023-10-25 14:29:53.855 | DEBUG    | translate:union_product:309 - [('1', '1', '1', '1')] 
	Guard: ('~t & (d | o)', '~d & ~o & ~t', '~d & ~o & ~t', 't | (d & o)'), 
	LabelJoin: (~t & (d | o)) & (~d & ~o & ~t) & (~d & ~o & ~t) & (t | (d & o)), 
	Label: False
2023-10-25 14:29:53.869 | DEBUG    | translate:union_product:309 - [('1', '1', '1', '1')] 
	Guard: ('~t & (d | o)', '~d & ~o & ~t', 'd | o', '~d & ~o & ~t'), 
	LabelJoin: (~t & (d | o)) & (~d & ~o & ~t) & (d | o) & (~d & ~o & ~t), 
	Label: False
2023-10-25 14:29:53.884 | DEBUG    | translate:union_product:309 - [('1', '1', '1', '1')] 
	Guard: ('~t & (d | o)', '~d & ~o & ~t', 'd | o', 'd & ~o & ~t'), 
	LabelJoin: (~t & (d | o)) & (~d & ~o & ~t) & (d | o) & (d & ~o & ~t), 
	Label: False
2023-10-25 14:29:53.898 | DEBUG    | translate:union_product:309 - [('1', '1', '1', '1')] 
	Guard: ('~t & (d | o)', '~d & ~o & ~t', 'd | o', 'o & ~d & ~t'), 
	LabelJoin: (~t & (d | o)) & (~d & ~o & ~t) & (d | o) & (o & ~d & ~t), 
	Label: False
2023-10-25 14:29:53.917 | DEBUG    | translate:union_product:309 - [('1', '1', '1', '1')] 
	Guard: ('~t & (d | o)', '~d & ~o & ~t', 'd | o', 't | (d & o)'), 
	LabelJoin: (~t & (d | o)) & (~d & ~o & ~t) & (d | o) & (t | (d & o)), 
	Label: False
2023-10-25 14:29:53.930 | DEBUG    | translate:union_product:309 - [('1', '1', '1', '1')] 
	Guard: ('~t & (d | o)', 'o & ~d', 't & ~d & ~o', '~d & ~o & ~t'), 
	LabelJoin: (~t & (d | o)) & (o & ~d) & (t & ~d & ~o) & (~d & ~o & ~t), 
	Label: False
2023-10-25 14:29:53.951 | DEBUG    | translate:union_product:309 - [('1', '1', '1', '1')] 
	Guard: ('~t & (d | o)', 'o & ~d', 't & ~d & ~o', 'd & ~o & ~t'), 
	LabelJoin: (~t & (d | o)) & (o & ~d) & (t & ~d & ~o) & (d & ~o & ~t), 
	Label: False
2023-10-25 14:29:53.965 | DEBUG    | translate:union_product:309 - [('1', '1', '1', '1')] 
	Guard: ('~t & (d | o)', 'o & ~d', 't & ~d & ~o', 'o & ~d & ~t'), 
	LabelJoin: (~t & (d | o)) & (o & ~d) & (t & ~d & ~o) & (o & ~d & ~t), 
	Label: False
2023-10-25 14:29:53.998 | DEBUG    | translate:union_product:309 - [('1', '1', '1', '1')] 
	Guard: ('~t & (d | o)', 'o & ~d', 't & ~d & ~o', 't | (d & o)'), 
	LabelJoin: (~t & (d | o)) & (o & ~d) & (t & ~d & ~o) & (t | (d & o)), 
	Label: False
2023-10-25 14:29:54.021 | DEBUG    | translate:union_product:309 - [('1', '1', '1', '1')] 
	Guard: ('~t & (d | o)', 'o & ~d', '~d & ~o & ~t', '~d & ~o & ~t'), 
	LabelJoin: (~t & (d | o)) & (o & ~d) & (~d & ~o & ~t) & (~d & ~o & ~t), 
	Label: False
2023-10-25 14:29:54.037 | DEBUG    | translate:union_product:309 - [('1', '1', '1', '1')] 
	Guard: ('~t & (d | o)', 'o & ~d', '~d & ~o & ~t', 'd & ~o & ~t'), 
	LabelJoin: (~t & (d | o)) & (o & ~d) & (~d & ~o & ~t) & (d & ~o & ~t), 
	Label: False
2023-10-25 14:29:54.052 | DEBUG    | translate:union_product:309 - [('1', '1', '1', '1')] 
	Guard: ('~t & (d | o)', 'o & ~d', '~d & ~o & ~t', 'o & ~d & ~t'), 
	LabelJoin: (~t & (d | o)) & (o & ~d) & (~d & ~o & ~t) & (o & ~d & ~t), 
	Label: False
2023-10-25 14:29:54.072 | DEBUG    | translate:union_product:309 - [('1', '1', '1', '1')] 
	Guard: ('~t & (d | o)', 'o & ~d', '~d & ~o & ~t', 't | (d & o)'), 
	LabelJoin: (~t & (d | o)) & (o & ~d) & (~d & ~o & ~t) & (t | (d & o)), 
	Label: False
2023-10-25 14:29:54.087 | DEBUG    | translate:union_product:309 - [('1', '1', '1', '1')] 
	Guard: ('~t & (d | o)', 'o & ~d', 'd | o', '~d & ~o & ~t'), 
	LabelJoin: (~t & (d | o)) & (o & ~d) & (d | o) & (~d & ~o & ~t), 
	Label: False
2023-10-25 14:29:54.101 | DEBUG    | translate:union_product:309 - [('1', '1', '1', '1')] 
	Guard: ('~t & (d | o)', 'o & ~d', 'd | o', 'd & ~o & ~t'), 
	LabelJoin: (~t & (d | o)) & (o & ~d) & (d | o) & (d & ~o & ~t), 
	Label: False
2023-10-25 14:29:54.126 | DEBUG    | translate:union_product:309 - [('1', '1', '1', '1')] 
	Guard: ('~t & (d | o)', 'o & ~d', 'd | o', 'o & ~d & ~t'), 
	LabelJoin: (~t & (d | o)) & (o & ~d) & (d | o) & (o & ~d & ~t), 
	Label: o & ~d & ~t
2023-10-25 14:29:54.166 | DEBUG    | translate:union_product:309 - [('1', '1', '1', '1')] 
	Guard: ('~t & (d | o)', 'o & ~d', 'd | o', 't | (d & o)'), 
	LabelJoin: (~t & (d | o)) & (o & ~d) & (d | o) & (t | (d & o)), 
	Label: False
2023-10-25 14:29:54.180 | DEBUG    | translate:union_product:309 - [('1', '1', '1', '1')] 
	Guard: ('~t & (d | o)', 'd & ~o', 't & ~d & ~o', '~d & ~o & ~t'), 
	LabelJoin: (~t & (d | o)) & (d & ~o) & (t & ~d & ~o) & (~d & ~o & ~t), 
	Label: False
2023-10-25 14:29:54.194 | DEBUG    | translate:union_product:309 - [('1', '1', '1', '1')] 
	Guard: ('~t & (d | o)', 'd & ~o', 't & ~d & ~o', 'd & ~o & ~t'), 
	LabelJoin: (~t & (d | o)) & (d & ~o) & (t & ~d & ~o) & (d & ~o & ~t), 
	Label: False
2023-10-25 14:29:54.208 | DEBUG    | translate:union_product:309 - [('1', '1', '1', '1')] 
	Guard: ('~t & (d | o)', 'd & ~o', 't & ~d & ~o', 'o & ~d & ~t'), 
	LabelJoin: (~t & (d | o)) & (d & ~o) & (t & ~d & ~o) & (o & ~d & ~t), 
	Label: False
2023-10-25 14:29:54.228 | DEBUG    | translate:union_product:309 - [('1', '1', '1', '1')] 
	Guard: ('~t & (d | o)', 'd & ~o', 't & ~d & ~o', 't | (d & o)'), 
	LabelJoin: (~t & (d | o)) & (d & ~o) & (t & ~d & ~o) & (t | (d & o)), 
	Label: False
2023-10-25 14:29:54.244 | DEBUG    | translate:union_product:309 - [('1', '1', '1', '1')] 
	Guard: ('~t & (d | o)', 'd & ~o', '~d & ~o & ~t', '~d & ~o & ~t'), 
	LabelJoin: (~t & (d | o)) & (d & ~o) & (~d & ~o & ~t) & (~d & ~o & ~t), 
	Label: False
2023-10-25 14:29:54.259 | DEBUG    | translate:union_product:309 - [('1', '1', '1', '1')] 
	Guard: ('~t & (d | o)', 'd & ~o', '~d & ~o & ~t', 'd & ~o & ~t'), 
	LabelJoin: (~t & (d | o)) & (d & ~o) & (~d & ~o & ~t) & (d & ~o & ~t), 
	Label: False
2023-10-25 14:29:54.274 | DEBUG    | translate:union_product:309 - [('1', '1', '1', '1')] 
	Guard: ('~t & (d | o)', 'd & ~o', '~d & ~o & ~t', 'o & ~d & ~t'), 
	LabelJoin: (~t & (d | o)) & (d & ~o) & (~d & ~o & ~t) & (o & ~d & ~t), 
	Label: False
2023-10-25 14:29:54.294 | DEBUG    | translate:union_product:309 - [('1', '1', '1', '1')] 
	Guard: ('~t & (d | o)', 'd & ~o', '~d & ~o & ~t', 't | (d & o)'), 
	LabelJoin: (~t & (d | o)) & (d & ~o) & (~d & ~o & ~t) & (t | (d & o)), 
	Label: False
2023-10-25 14:29:54.310 | DEBUG    | translate:union_product:309 - [('1', '1', '1', '1')] 
	Guard: ('~t & (d | o)', 'd & ~o', 'd | o', '~d & ~o & ~t'), 
	LabelJoin: (~t & (d | o)) & (d & ~o) & (d | o) & (~d & ~o & ~t), 
	Label: False
2023-10-25 14:29:54.324 | DEBUG    | translate:union_product:309 - [('1', '1', '1', '1')] 
	Guard: ('~t & (d | o)', 'd & ~o', 'd | o', 'd & ~o & ~t'), 
	LabelJoin: (~t & (d | o)) & (d & ~o) & (d | o) & (d & ~o & ~t), 
	Label: d & ~o & ~t
2023-10-25 14:29:54.341 | DEBUG    | translate:union_product:309 - [('1', '1', '1', '1')] 
	Guard: ('~t & (d | o)', 'd & ~o', 'd | o', 'o & ~d & ~t'), 
	LabelJoin: (~t & (d | o)) & (d & ~o) & (d | o) & (o & ~d & ~t), 
	Label: False
2023-10-25 14:29:54.360 | DEBUG    | translate:union_product:309 - [('1', '1', '1', '1')] 
	Guard: ('~t & (d | o)', 'd & ~o', 'd | o', 't | (d & o)'), 
	LabelJoin: (~t & (d | o)) & (d & ~o) & (d | o) & (t | (d & o)), 
	Label: False
2023-10-25 14:29:54.374 | DEBUG    | translate:union_product:309 - [('1', '1', '1', '1')] 
	Guard: ('~t & (d | o)', 'd & o', 't & ~d & ~o', '~d & ~o & ~t'), 
	LabelJoin: (~t & (d | o)) & (d & o) & (t & ~d & ~o) & (~d & ~o & ~t), 
	Label: False
2023-10-25 14:29:54.389 | DEBUG    | translate:union_product:309 - [('1', '1', '1', '1')] 
	Guard: ('~t & (d | o)', 'd & o', 't & ~d & ~o', 'd & ~o & ~t'), 
	LabelJoin: (~t & (d | o)) & (d & o) & (t & ~d & ~o) & (d & ~o & ~t), 
	Label: False
2023-10-25 14:29:54.403 | DEBUG    | translate:union_product:309 - [('1', '1', '1', '1')] 
	Guard: ('~t & (d | o)', 'd & o', 't & ~d & ~o', 'o & ~d & ~t'), 
	LabelJoin: (~t & (d | o)) & (d & o) & (t & ~d & ~o) & (o & ~d & ~t), 
	Label: False
2023-10-25 14:29:54.422 | DEBUG    | translate:union_product:309 - [('1', '1', '1', '1')] 
	Guard: ('~t & (d | o)', 'd & o', 't & ~d & ~o', 't | (d & o)'), 
	LabelJoin: (~t & (d | o)) & (d & o) & (t & ~d & ~o) & (t | (d & o)), 
	Label: False
2023-10-25 14:29:54.438 | DEBUG    | translate:union_product:309 - [('1', '1', '1', '1')] 
	Guard: ('~t & (d | o)', 'd & o', '~d & ~o & ~t', '~d & ~o & ~t'), 
	LabelJoin: (~t & (d | o)) & (d & o) & (~d & ~o & ~t) & (~d & ~o & ~t), 
	Label: False
2023-10-25 14:29:54.453 | DEBUG    | translate:union_product:309 - [('1', '1', '1', '1')] 
	Guard: ('~t & (d | o)', 'd & o', '~d & ~o & ~t', 'd & ~o & ~t'), 
	LabelJoin: (~t & (d | o)) & (d & o) & (~d & ~o & ~t) & (d & ~o & ~t), 
	Label: False
2023-10-25 14:29:54.468 | DEBUG    | translate:union_product:309 - [('1', '1', '1', '1')] 
	Guard: ('~t & (d | o)', 'd & o', '~d & ~o & ~t', 'o & ~d & ~t'), 
	LabelJoin: (~t & (d | o)) & (d & o) & (~d & ~o & ~t) & (o & ~d & ~t), 
	Label: False
2023-10-25 14:29:54.490 | DEBUG    | translate:union_product:309 - [('1', '1', '1', '1')] 
	Guard: ('~t & (d | o)', 'd & o', '~d & ~o & ~t', 't | (d & o)'), 
	LabelJoin: (~t & (d | o)) & (d & o) & (~d & ~o & ~t) & (t | (d & o)), 
	Label: False
2023-10-25 14:29:54.505 | DEBUG    | translate:union_product:309 - [('1', '1', '1', '1')] 
	Guard: ('~t & (d | o)', 'd & o', 'd | o', '~d & ~o & ~t'), 
	LabelJoin: (~t & (d | o)) & (d & o) & (d | o) & (~d & ~o & ~t), 
	Label: False
2023-10-25 14:29:54.521 | DEBUG    | translate:union_product:309 - [('1', '1', '1', '1')] 
	Guard: ('~t & (d | o)', 'd & o', 'd | o', 'd & ~o & ~t'), 
	LabelJoin: (~t & (d | o)) & (d & o) & (d | o) & (d & ~o & ~t), 
	Label: False
2023-10-25 14:29:54.534 | DEBUG    | translate:union_product:309 - [('1', '1', '1', '1')] 
	Guard: ('~t & (d | o)', 'd & o', 'd | o', 'o & ~d & ~t'), 
	LabelJoin: (~t & (d | o)) & (d & o) & (d | o) & (o & ~d & ~t), 
	Label: False
2023-10-25 14:29:54.553 | DEBUG    | translate:union_product:309 - [('1', '1', '1', '1')] 
	Guard: ('~t & (d | o)', 'd & o', 'd | o', 't | (d & o)'), 
	LabelJoin: (~t & (d | o)) & (d & o) & (d | o) & (t | (d & o)), 
	Label: d & o & ~t
2023-10-25 14:29:54.567 | DEBUG    | translate:union_product:309 - [('1', '1', '1', '1')] 
	Guard: ('~t & (d | o)', 't & ~d & ~o', 't & ~d & ~o', '~d & ~o & ~t'), 
	LabelJoin: (~t & (d | o)) & (t & ~d & ~o) & (t & ~d & ~o) & (~d & ~o & ~t), 
	Label: False
2023-10-25 14:29:54.581 | DEBUG    | translate:union_product:309 - [('1', '1', '1', '1')] 
	Guard: ('~t & (d | o)', 't & ~d & ~o', 't & ~d & ~o', 'd & ~o & ~t'), 
	LabelJoin: (~t & (d | o)) & (t & ~d & ~o) & (t & ~d & ~o) & (d & ~o & ~t), 
	Label: False
2023-10-25 14:29:54.596 | DEBUG    | translate:union_product:309 - [('1', '1', '1', '1')] 
	Guard: ('~t & (d | o)', 't & ~d & ~o', 't & ~d & ~o', 'o & ~d & ~t'), 
	LabelJoin: (~t & (d | o)) & (t & ~d & ~o) & (t & ~d & ~o) & (o & ~d & ~t), 
	Label: False
2023-10-25 14:29:54.616 | DEBUG    | translate:union_product:309 - [('1', '1', '1', '1')] 
	Guard: ('~t & (d | o)', 't & ~d & ~o', 't & ~d & ~o', 't | (d & o)'), 
	LabelJoin: (~t & (d | o)) & (t & ~d & ~o) & (t & ~d & ~o) & (t | (d & o)), 
	Label: False
2023-10-25 14:29:54.633 | DEBUG    | translate:union_product:309 - [('1', '1', '1', '1')] 
	Guard: ('~t & (d | o)', 't & ~d & ~o', '~d & ~o & ~t', '~d & ~o & ~t'), 
	LabelJoin: (~t & (d | o)) & (t & ~d & ~o) & (~d & ~o & ~t) & (~d & ~o & ~t), 
	Label: False
2023-10-25 14:29:54.655 | DEBUG    | translate:union_product:309 - [('1', '1', '1', '1')] 
	Guard: ('~t & (d | o)', 't & ~d & ~o', '~d & ~o & ~t', 'd & ~o & ~t'), 
	LabelJoin: (~t & (d | o)) & (t & ~d & ~o) & (~d & ~o & ~t) & (d & ~o & ~t), 
	Label: False
2023-10-25 14:29:54.672 | DEBUG    | translate:union_product:309 - [('1', '1', '1', '1')] 
	Guard: ('~t & (d | o)', 't & ~d & ~o', '~d & ~o & ~t', 'o & ~d & ~t'), 
	LabelJoin: (~t & (d | o)) & (t & ~d & ~o) & (~d & ~o & ~t) & (o & ~d & ~t), 
	Label: False
2023-10-25 14:29:54.692 | DEBUG    | translate:union_product:309 - [('1', '1', '1', '1')] 
	Guard: ('~t & (d | o)', 't & ~d & ~o', '~d & ~o & ~t', 't | (d & o)'), 
	LabelJoin: (~t & (d | o)) & (t & ~d & ~o) & (~d & ~o & ~t) & (t | (d & o)), 
	Label: False
2023-10-25 14:29:54.707 | DEBUG    | translate:union_product:309 - [('1', '1', '1', '1')] 
	Guard: ('~t & (d | o)', 't & ~d & ~o', 'd | o', '~d & ~o & ~t'), 
	LabelJoin: (~t & (d | o)) & (t & ~d & ~o) & (d | o) & (~d & ~o & ~t), 
	Label: False
2023-10-25 14:29:54.721 | DEBUG    | translate:union_product:309 - [('1', '1', '1', '1')] 
	Guard: ('~t & (d | o)', 't & ~d & ~o', 'd | o', 'd & ~o & ~t'), 
	LabelJoin: (~t & (d | o)) & (t & ~d & ~o) & (d | o) & (d & ~o & ~t), 
	Label: False
2023-10-25 14:29:54.735 | DEBUG    | translate:union_product:309 - [('1', '1', '1', '1')] 
	Guard: ('~t & (d | o)', 't & ~d & ~o', 'd | o', 'o & ~d & ~t'), 
	LabelJoin: (~t & (d | o)) & (t & ~d & ~o) & (d | o) & (o & ~d & ~t), 
	Label: False
2023-10-25 14:29:54.758 | DEBUG    | translate:union_product:309 - [('1', '1', '1', '1')] 
	Guard: ('~t & (d | o)', 't & ~d & ~o', 'd | o', 't | (d & o)'), 
	LabelJoin: (~t & (d | o)) & (t & ~d & ~o) & (d | o) & (t | (d & o)), 
	Label: False
2023-10-25 14:29:54.765 | DEBUG    | translate:union_product:309 - [('3', '4', '3', '4')] 
	Guard: ('true', 'd | o | t', 'true', 'true'), 
	LabelJoin: (true) & (d | o | t) & (true) & (true), 
	Label: d | o | t
2023-10-25 14:29:54.781 | DEBUG    | translate:union_product:309 - [('3', '4', '3', '4')] 
	Guard: ('true', '~d & ~o & ~t', 'true', 'true'), 
	LabelJoin: (true) & (~d & ~o & ~t) & (true) & (true), 
	Label: ~d & ~o & ~t
2023-10-25 14:29:54.784 | DEBUG    | translate:union_product:309 - [('3', '6', '3', '4')] 
	Guard: ('true', 'true', 'true', 'true'), 
	LabelJoin: (true) & (true) & (true) & (true), 
	Label: True
2023-10-25 14:29:54.793 | DEBUG    | translate:union_product:309 - [('3', '3', '3', '2')] 
	Guard: ('true', 'o | t', 'true', '~o & ~t'), 
	LabelJoin: (true) & (o | t) & (true) & (~o & ~t), 
	Label: False
2023-10-25 14:29:54.799 | DEBUG    | translate:union_product:309 - [('3', '3', '3', '2')] 
	Guard: ('true', 'o | t', 'true', 'o | t'), 
	LabelJoin: (true) & (o | t) & (true) & (o | t), 
	Label: o | t
2023-10-25 14:29:54.809 | DEBUG    | translate:union_product:309 - [('3', '3', '3', '2')] 
	Guard: ('true', '~o & ~t', 'true', '~o & ~t'), 
	LabelJoin: (true) & (~o & ~t) & (true) & (~o & ~t), 
	Label: ~o & ~t
2023-10-25 14:29:54.820 | DEBUG    | translate:union_product:309 - [('3', '3', '3', '2')] 
	Guard: ('true', '~o & ~t', 'true', 'o | t'), 
	LabelJoin: (true) & (~o & ~t) & (true) & (o | t), 
	Label: False
2023-10-25 14:29:54.829 | DEBUG    | translate:union_product:309 - [('3', '2', '3', '3')] 
	Guard: ('true', 'd | t', 'true', '~d & ~t'), 
	LabelJoin: (true) & (d | t) & (true) & (~d & ~t), 
	Label: False
2023-10-25 14:29:54.834 | DEBUG    | translate:union_product:309 - [('3', '2', '3', '3')] 
	Guard: ('true', 'd | t', 'true', 'd | t'), 
	LabelJoin: (true) & (d | t) & (true) & (d | t), 
	Label: d | t
2023-10-25 14:29:54.844 | DEBUG    | translate:union_product:309 - [('3', '2', '3', '3')] 
	Guard: ('true', '~d & ~t', 'true', '~d & ~t'), 
	LabelJoin: (true) & (~d & ~t) & (true) & (~d & ~t), 
	Label: ~d & ~t
2023-10-25 14:29:54.853 | DEBUG    | translate:union_product:309 - [('3', '2', '3', '3')] 
	Guard: ('true', '~d & ~t', 'true', 'd | t'), 
	LabelJoin: (true) & (~d & ~t) & (true) & (d | t), 
	Label: False
2023-10-25 14:29:54.863 | DEBUG    | translate:union_product:309 - [('2', '5', '2', '4')] 
	Guard: ('d | o', 'true', '~d & ~o', 'true'), 
	LabelJoin: (d | o) & (true) & (~d & ~o) & (true), 
	Label: False
2023-10-25 14:29:54.868 | DEBUG    | translate:union_product:309 - [('2', '5', '2', '4')] 
	Guard: ('d | o', 'true', 'd | o', 'true'), 
	LabelJoin: (d | o) & (true) & (d | o) & (true), 
	Label: d | o
2023-10-25 14:29:54.876 | DEBUG    | translate:union_product:309 - [('2', '5', '2', '4')] 
	Guard: ('~d & ~o', 'true', '~d & ~o', 'true'), 
	LabelJoin: (~d & ~o) & (true) & (~d & ~o) & (true), 
	Label: ~d & ~o
2023-10-25 14:29:54.885 | DEBUG    | translate:union_product:309 - [('2', '5', '2', '4')] 
	Guard: ('~d & ~o', 'true', 'd | o', 'true'), 
	LabelJoin: (~d & ~o) & (true) & (d | o) & (true), 
	Label: False
2023-10-25 14:29:54.888 | DEBUG    | translate:union_product:309 - [('4', '5', '3', '4')] 
	Guard: ('true', 'true', 'true', 'true'), 
	LabelJoin: (true) & (true) & (true) & (true), 
	Label: True
2023-10-25 14:29:54.902 | DEBUG    | translate:union_product:309 - [('4', '4', '3', '4')] 
	Guard: ('true', 'd | o | t', 'true', 'true'), 
	LabelJoin: (true) & (d | o | t) & (true) & (true), 
	Label: d | o | t
2023-10-25 14:29:54.913 | DEBUG    | translate:union_product:309 - [('4', '4', '3', '4')] 
	Guard: ('true', '~d & ~o & ~t', 'true', 'true'), 
	LabelJoin: (true) & (~d & ~o & ~t) & (true) & (true), 
	Label: ~d & ~o & ~t
2023-10-25 14:29:54.915 | DEBUG    | translate:union_product:309 - [('4', '6', '3', '4')] 
	Guard: ('true', 'true', 'true', 'true'), 
	LabelJoin: (true) & (true) & (true) & (true), 
	Label: True
2023-10-25 14:29:54.919 | DEBUG    | translate:union_product:309 - [('4', '3', '3', '4')] 
	Guard: ('true', 'o | t', 'true', 'true'), 
	LabelJoin: (true) & (o | t) & (true) & (true), 
	Label: o | t
2023-10-25 14:29:54.926 | DEBUG    | translate:union_product:309 - [('4', '3', '3', '4')] 
	Guard: ('true', '~o & ~t', 'true', 'true'), 
	LabelJoin: (true) & (~o & ~t) & (true) & (true), 
	Label: ~o & ~t
2023-10-25 14:29:54.930 | DEBUG    | translate:union_product:309 - [('4', '2', '3', '4')] 
	Guard: ('true', 'd | t', 'true', 'true'), 
	LabelJoin: (true) & (d | t) & (true) & (true), 
	Label: d | t
2023-10-25 14:29:54.938 | DEBUG    | translate:union_product:309 - [('4', '2', '3', '4')] 
	Guard: ('true', '~d & ~t', 'true', 'true'), 
	LabelJoin: (true) & (~d & ~t) & (true) & (true), 
	Label: ~d & ~t
2023-10-25 14:29:54.941 | INFO     | translate:translate:228 - Union product DFA: 
{'final_states': {0, 1, 2, 3, 4, 5, 7, 8, 9, 10},
 'init_state': 9,
 'states': {0: {'state': ('3', '3', '3', '2')},
            1: {'state': ('4', '5', '3', '4')},
            2: {'state': ('4', '6', '3', '4')},
            3: {'state': ('3', '2', '3', '3')},
            4: {'state': ('2', '5', '2', '4')},
            5: {'state': ('4', '3', '3', '4')},
            6: {'state': ('3', '4', '3', '4')},
            7: {'state': ('4', '4', '3', '4')},
            8: {'state': ('4', '2', '3', '4')},
            9: {'state': ('1', '1', '1', '1')},
            10: {'state': ('3', '6', '3', '4')}},
 'transitions': {0: {'!o & !t': 0, 'o | t': 10},
                 1: {'true': 1},
                 2: {'true': 2},
                 3: {'!d & !t': 3, 'd | t': 10},
                 4: {'!d & !o': 4, 'd | o': 1},
                 5: {'!o & !t': 5, 'o | t': 2},
                 6: {'!d & !o & !t': 6, 'd | o | t': 10},
                 7: {'!d & !o & !t': 7, 'd | o | t': 2},
                 8: {'!d & !t': 8, 'd | t': 2},
                 9: {'!d & !o & !t': 9,
                     'd & !o & !t': 0,
                     'd & o & !t': 6,
                     'd & o & t': 7,
                     'd & t & !o': 5,
                     'o & !d & !t': 3,
                     'o & t & !d': 8,
                     't & !d & !o': 4},
                 10: {'true': 10}}}
2023-10-25 14:29:54.942 | DEBUG    | translate:construct_pref_graph:360 - outcomes(('3', '3', '3', '2'))={3}
2023-10-25 14:29:54.942 | DEBUG    | translate:construct_pref_graph:363 - get_mp_outcomes({3}, [(0, 3), (2, 2), (0, 1), (0, 0), (0, 2), (2, 3), (1, 3), (3, 3), (1, 1)])={3}
2023-10-25 14:29:54.943 | DEBUG    | translate:construct_pref_graph:360 - outcomes(('4', '5', '3', '4'))={0}
2023-10-25 14:29:54.943 | DEBUG    | translate:construct_pref_graph:363 - get_mp_outcomes({0}, [(0, 3), (2, 2), (0, 1), (0, 0), (0, 2), (2, 3), (1, 3), (3, 3), (1, 1)])={0}
2023-10-25 14:29:54.943 | DEBUG    | translate:construct_pref_graph:360 - outcomes(('4', '6', '3', '4'))={0, 1}
2023-10-25 14:29:54.944 | DEBUG    | translate:construct_pref_graph:363 - get_mp_outcomes({0, 1}, [(0, 3), (2, 2), (0, 1), (0, 0), (0, 2), (2, 3), (1, 3), (3, 3), (1, 1)])={0}
2023-10-25 14:29:54.944 | DEBUG    | translate:construct_pref_graph:360 - outcomes(('3', '2', '3', '3'))={3}
2023-10-25 14:29:54.945 | DEBUG    | translate:construct_pref_graph:363 - get_mp_outcomes({3}, [(0, 3), (2, 2), (0, 1), (0, 0), (0, 2), (2, 3), (1, 3), (3, 3), (1, 1)])={3}
2023-10-25 14:29:54.945 | DEBUG    | translate:construct_pref_graph:360 - outcomes(('2', '5', '2', '4'))={2}
2023-10-25 14:29:54.945 | DEBUG    | translate:construct_pref_graph:363 - get_mp_outcomes({2}, [(0, 3), (2, 2), (0, 1), (0, 0), (0, 2), (2, 3), (1, 3), (3, 3), (1, 1)])={2}
2023-10-25 14:29:54.946 | DEBUG    | translate:construct_pref_graph:360 - outcomes(('4', '3', '3', '4'))={0}
2023-10-25 14:29:54.946 | DEBUG    | translate:construct_pref_graph:363 - get_mp_outcomes({0}, [(0, 3), (2, 2), (0, 1), (0, 0), (0, 2), (2, 3), (1, 3), (3, 3), (1, 1)])={0}
2023-10-25 14:29:54.946 | DEBUG    | translate:construct_pref_graph:360 - outcomes(('4', '4', '3', '4'))={0}
2023-10-25 14:29:54.947 | DEBUG    | translate:construct_pref_graph:363 - get_mp_outcomes({0}, [(0, 3), (2, 2), (0, 1), (0, 0), (0, 2), (2, 3), (1, 3), (3, 3), (1, 1)])={0}
2023-10-25 14:29:54.947 | DEBUG    | translate:construct_pref_graph:360 - outcomes(('4', '2', '3', '4'))={0}
2023-10-25 14:29:54.948 | DEBUG    | translate:construct_pref_graph:363 - get_mp_outcomes({0}, [(0, 3), (2, 2), (0, 1), (0, 0), (0, 2), (2, 3), (1, 3), (3, 3), (1, 1)])={0}
2023-10-25 14:29:54.948 | DEBUG    | translate:construct_pref_graph:360 - outcomes(('1', '1', '1', '1'))={3}
2023-10-25 14:29:54.948 | DEBUG    | translate:construct_pref_graph:363 - get_mp_outcomes({3}, [(0, 3), (2, 2), (0, 1), (0, 0), (0, 2), (2, 3), (1, 3), (3, 3), (1, 1)])={3}
2023-10-25 14:29:54.949 | DEBUG    | translate:construct_pref_graph:360 - outcomes(('3', '6', '3', '4'))={1}
2023-10-25 14:29:54.949 | DEBUG    | translate:construct_pref_graph:363 - get_mp_outcomes({1}, [(0, 3), (2, 2), (0, 1), (0, 0), (0, 2), (2, 3), (1, 3), (3, 3), (1, 1)])={1}
2023-10-25 14:29:54.951 | INFO     | translate:translate:231 - Preference graph: 
{'edges': {'(0, 0, 0, 0)': {'(0, 0, 0, 0)',
                            '(0, 0, 0, 1)',
                            '(0, 0, 1, 0)',
                            '(0, 1, 0, 0)',
                            '(1, 0, 0, 0)'},
           '(0, 0, 0, 1)': {'(0, 0, 0, 1)',
                            '(0, 0, 1, 0)',
                            '(0, 1, 0, 0)',
                            '(1, 0, 0, 0)'},
           '(0, 0, 1, 0)': {'(1, 0, 0, 0)', '(0, 0, 1, 0)'},
           '(0, 1, 0, 0)': {'(0, 1, 0, 0)', '(1, 0, 0, 0)'},
           '(1, 0, 0, 0)': {'(1, 0, 0, 0)'}},
 'nodes': {'(0, 0, 0, 0)': {6},
           '(0, 0, 0, 1)': {0, 9, 3},
           '(0, 0, 1, 0)': {4},
           '(0, 1, 0, 0)': {10},
           '(1, 0, 0, 0)': {1, 2, 5, 7, 8}}}
2023-10-25 14:29:55.207 | INFO     | app:update_images:215 - ====== TRANSLATION COMPLETED IN 5588.1219 MILLISECONDS =====
2023-10-25 14:29:55.210 | INFO     | app:update_images:216 - States:
{0: {'state': ('3', '3', '3', '2')},
 1: {'state': ('4', '5', '3', '4')},
 2: {'state': ('4', '6', '3', '4')},
 3: {'state': ('3', '2', '3', '3')},
 4: {'state': ('2', '5', '2', '4')},
 5: {'state': ('4', '3', '3', '4')},
 6: {'state': ('3', '4', '3', '4')},
 7: {'state': ('4', '4', '3', '4')},
 8: {'state': ('4', '2', '3', '4')},
 9: {'state': ('1', '1', '1', '1')},
 10: {'state': ('3', '6', '3', '4')}}

Alphabet:
['d', 't', 'o']

Transitions:
{0: {'!o & !t': 0, 'o | t': 10},
 1: {'true': 1},
 2: {'true': 2},
 3: {'!d & !t': 3, 'd | t': 10},
 4: {'!d & !o': 4, 'd | o': 1},
 5: {'!o & !t': 5, 'o | t': 2},
 6: {'!d & !o & !t': 6, 'd | o | t': 10},
 7: {'!d & !o & !t': 7, 'd | o | t': 2},
 8: {'!d & !t': 8, 'd | t': 2},
 9: {'!d & !o & !t': 9,
     'd & !o & !t': 0,
     'd & o & !t': 6,
     'd & o & t': 7,
     'd & t & !o': 5,
     'o & !d & !t': 3,
     'o & t & !d': 8,
     't & !d & !o': 4},
 10: {'true': 10}}

Initial state:
9

Preference graph:
{'edges': {'(0, 0, 0, 0)': {'(0, 0, 0, 0)',
                            '(0, 0, 0, 1)',
                            '(0, 0, 1, 0)',
                            '(0, 1, 0, 0)',
                            '(1, 0, 0, 0)'},
           '(0, 0, 0, 1)': {'(0, 0, 0, 1)',
                            '(0, 0, 1, 0)',
                            '(0, 1, 0, 0)',
                            '(1, 0, 0, 0)'},
           '(0, 0, 1, 0)': {'(1, 0, 0, 0)', '(0, 0, 1, 0)'},
           '(0, 1, 0, 0)': {'(0, 1, 0, 0)', '(1, 0, 0, 0)'},
           '(1, 0, 0, 0)': {'(1, 0, 0, 0)'}},
 'nodes': {'(0, 0, 0, 0)': {6},
           '(0, 0, 0, 1)': {0, 9, 3},
           '(0, 0, 1, 0)': {4},
           '(0, 1, 0, 0)': {10},
           '(1, 0, 0, 0)': {1, 2, 5, 7, 8}}}


