2023-10-25 14:47:41.101 | DEBUG    | translate:build_prefltlf_model:109 - Constructed preorder except incomparability: 
{(F(a), F(c)), (F(a), F(d)), (F(a), F(b))}
2023-10-25 14:47:41.102 | DEBUG    | translate:build_prefltlf_model:123 - Constructed preorder: 
{(F(a), F(c)), (F(a), F(d)), (F(a), F(b))}
2023-10-25 14:47:41.104 | DEBUG    | translate:build_prefltlf_model:138 - Reflexive closure of preorder: 
[('F(d)', 'F(d)'),
 ('F(b)', 'F(b)'),
 ('F(a)', 'F(b)'),
 ('F(a)', 'F(c)'),
 ('F(c)', 'F(c)'),
 ('F(a)', 'F(d)'),
 ('F(a)', 'F(a)')]
2023-10-25 14:47:41.105 | DEBUG    | translate:build_prefltlf_model:142 - Transitive closure of preorder: 
[('F(d)', 'F(d)'),
 ('F(b)', 'F(b)'),
 ('F(a)', 'F(b)'),
 ('F(a)', 'F(c)'),
 ('F(c)', 'F(c)'),
 ('F(a)', 'F(a)'),
 ('F(a)', 'F(d)')]
2023-10-25 14:47:41.106 | INFO     | app:update_images:156 - Model: 
Atoms:
	['c', 'a', 'b', 'd']
Phi:
	F(a)
	F(b)
	F(c)
	F(d)
Preorder:
	F(d) >= F(d)
	F(b) >= F(b)
	F(a) >= F(b)
	F(a) >= F(c)
	F(c) >= F(c)
	F(a) >= F(a)
	F(a) >= F(d)

2023-10-25 14:47:41.133 | INFO     | translate:translate:221 - DFA(F(a)): 
{'final_states': {'2'},
 'init_state': '1',
 'states': {'1', '2'},
 'transitions': {'1': {'a': '2', '~a': '1'}, '2': {'true': '2'}}}
2023-10-25 14:47:41.156 | INFO     | translate:translate:221 - DFA(F(b)): 
{'final_states': {'2'},
 'init_state': '1',
 'states': {'1', '2'},
 'transitions': {'1': {'b': '2', '~b': '1'}, '2': {'true': '2'}}}
2023-10-25 14:47:41.178 | INFO     | translate:translate:221 - DFA(F(c)): 
{'final_states': {'2'},
 'init_state': '1',
 'states': {'1', '2'},
 'transitions': {'1': {'c': '2', '~c': '1'}, '2': {'true': '2'}}}
2023-10-25 14:47:41.198 | INFO     | translate:translate:221 - DFA(F(d)): 
{'final_states': {'2'},
 'init_state': '1',
 'states': {'1', '2'},
 'transitions': {'1': {'d': '2', '~d': '1'}, '2': {'true': '2'}}}
2023-10-25 14:47:41.501 | DEBUG    | translate:union_product:309 - [('1', '1', '1', '1')] 
	Guard: ('a', 'b', 'c', 'd'), 
	LabelJoin: (a) & (b) & (c) & (d), 
	Label: a & b & c & d
2023-10-25 14:47:41.514 | DEBUG    | translate:union_product:309 - [('1', '1', '1', '1')] 
	Guard: ('a', 'b', 'c', '~d'), 
	LabelJoin: (a) & (b) & (c) & (~d), 
	Label: a & b & c & ~d
2023-10-25 14:47:41.526 | DEBUG    | translate:union_product:309 - [('1', '1', '1', '1')] 
	Guard: ('a', 'b', '~c', 'd'), 
	LabelJoin: (a) & (b) & (~c) & (d), 
	Label: a & b & d & ~c
2023-10-25 14:47:41.541 | DEBUG    | translate:union_product:309 - [('1', '1', '1', '1')] 
	Guard: ('a', 'b', '~c', '~d'), 
	LabelJoin: (a) & (b) & (~c) & (~d), 
	Label: a & b & ~c & ~d
2023-10-25 14:47:41.553 | DEBUG    | translate:union_product:309 - [('1', '1', '1', '1')] 
	Guard: ('a', '~b', 'c', 'd'), 
	LabelJoin: (a) & (~b) & (c) & (d), 
	Label: a & c & d & ~b
2023-10-25 14:47:41.573 | DEBUG    | translate:union_product:309 - [('1', '1', '1', '1')] 
	Guard: ('a', '~b', 'c', '~d'), 
	LabelJoin: (a) & (~b) & (c) & (~d), 
	Label: a & c & ~b & ~d
2023-10-25 14:47:41.586 | DEBUG    | translate:union_product:309 - [('1', '1', '1', '1')] 
	Guard: ('a', '~b', '~c', 'd'), 
	LabelJoin: (a) & (~b) & (~c) & (d), 
	Label: a & d & ~b & ~c
2023-10-25 14:47:41.599 | DEBUG    | translate:union_product:309 - [('1', '1', '1', '1')] 
	Guard: ('a', '~b', '~c', '~d'), 
	LabelJoin: (a) & (~b) & (~c) & (~d), 
	Label: a & ~b & ~c & ~d
2023-10-25 14:47:41.616 | DEBUG    | translate:union_product:309 - [('1', '1', '1', '1')] 
	Guard: ('~a', 'b', 'c', 'd'), 
	LabelJoin: (~a) & (b) & (c) & (d), 
	Label: b & c & d & ~a
2023-10-25 14:47:41.630 | DEBUG    | translate:union_product:309 - [('1', '1', '1', '1')] 
	Guard: ('~a', 'b', 'c', '~d'), 
	LabelJoin: (~a) & (b) & (c) & (~d), 
	Label: b & c & ~a & ~d
2023-10-25 14:47:41.642 | DEBUG    | translate:union_product:309 - [('1', '1', '1', '1')] 
	Guard: ('~a', 'b', '~c', 'd'), 
	LabelJoin: (~a) & (b) & (~c) & (d), 
	Label: b & d & ~a & ~c
2023-10-25 14:47:41.656 | DEBUG    | translate:union_product:309 - [('1', '1', '1', '1')] 
	Guard: ('~a', 'b', '~c', '~d'), 
	LabelJoin: (~a) & (b) & (~c) & (~d), 
	Label: b & ~a & ~c & ~d
2023-10-25 14:47:41.670 | DEBUG    | translate:union_product:309 - [('1', '1', '1', '1')] 
	Guard: ('~a', '~b', 'c', 'd'), 
	LabelJoin: (~a) & (~b) & (c) & (d), 
	Label: c & d & ~a & ~b
2023-10-25 14:47:41.683 | DEBUG    | translate:union_product:309 - [('1', '1', '1', '1')] 
	Guard: ('~a', '~b', 'c', '~d'), 
	LabelJoin: (~a) & (~b) & (c) & (~d), 
	Label: c & ~a & ~b & ~d
2023-10-25 14:47:41.701 | DEBUG    | translate:union_product:309 - [('1', '1', '1', '1')] 
	Guard: ('~a', '~b', '~c', 'd'), 
	LabelJoin: (~a) & (~b) & (~c) & (d), 
	Label: d & ~a & ~b & ~c
2023-10-25 14:47:41.716 | DEBUG    | translate:union_product:309 - [('1', '1', '1', '1')] 
	Guard: ('~a', '~b', '~c', '~d'), 
	LabelJoin: (~a) & (~b) & (~c) & (~d), 
	Label: ~a & ~b & ~c & ~d
2023-10-25 14:47:41.723 | DEBUG    | translate:union_product:309 - [('1', '1', '1', '2')] 
	Guard: ('a', 'b', 'c', 'true'), 
	LabelJoin: (a) & (b) & (c) & (true), 
	Label: a & b & c
2023-10-25 14:47:41.730 | DEBUG    | translate:union_product:309 - [('1', '1', '1', '2')] 
	Guard: ('a', 'b', '~c', 'true'), 
	LabelJoin: (a) & (b) & (~c) & (true), 
	Label: a & b & ~c
2023-10-25 14:47:41.737 | DEBUG    | translate:union_product:309 - [('1', '1', '1', '2')] 
	Guard: ('a', '~b', 'c', 'true'), 
	LabelJoin: (a) & (~b) & (c) & (true), 
	Label: a & c & ~b
2023-10-25 14:47:41.746 | DEBUG    | translate:union_product:309 - [('1', '1', '1', '2')] 
	Guard: ('a', '~b', '~c', 'true'), 
	LabelJoin: (a) & (~b) & (~c) & (true), 
	Label: a & ~b & ~c
2023-10-25 14:47:41.757 | DEBUG    | translate:union_product:309 - [('1', '1', '1', '2')] 
	Guard: ('~a', 'b', 'c', 'true'), 
	LabelJoin: (~a) & (b) & (c) & (true), 
	Label: b & c & ~a
2023-10-25 14:47:41.766 | DEBUG    | translate:union_product:309 - [('1', '1', '1', '2')] 
	Guard: ('~a', 'b', '~c', 'true'), 
	LabelJoin: (~a) & (b) & (~c) & (true), 
	Label: b & ~a & ~c
2023-10-25 14:47:41.775 | DEBUG    | translate:union_product:309 - [('1', '1', '1', '2')] 
	Guard: ('~a', '~b', 'c', 'true'), 
	LabelJoin: (~a) & (~b) & (c) & (true), 
	Label: c & ~a & ~b
2023-10-25 14:47:41.785 | DEBUG    | translate:union_product:309 - [('1', '1', '1', '2')] 
	Guard: ('~a', '~b', '~c', 'true'), 
	LabelJoin: (~a) & (~b) & (~c) & (true), 
	Label: ~a & ~b & ~c
2023-10-25 14:47:41.790 | DEBUG    | translate:union_product:309 - [('1', '1', '2', '2')] 
	Guard: ('a', 'b', 'true', 'true'), 
	LabelJoin: (a) & (b) & (true) & (true), 
	Label: a & b
2023-10-25 14:47:41.798 | DEBUG    | translate:union_product:309 - [('1', '1', '2', '2')] 
	Guard: ('a', '~b', 'true', 'true'), 
	LabelJoin: (a) & (~b) & (true) & (true), 
	Label: a & ~b
2023-10-25 14:47:41.804 | DEBUG    | translate:union_product:309 - [('1', '1', '2', '2')] 
	Guard: ('~a', 'b', 'true', 'true'), 
	LabelJoin: (~a) & (b) & (true) & (true), 
	Label: b & ~a
2023-10-25 14:47:41.811 | DEBUG    | translate:union_product:309 - [('1', '1', '2', '2')] 
	Guard: ('~a', '~b', 'true', 'true'), 
	LabelJoin: (~a) & (~b) & (true) & (true), 
	Label: ~a & ~b
2023-10-25 14:47:41.816 | DEBUG    | translate:union_product:309 - [('1', '2', '2', '2')] 
	Guard: ('a', 'true', 'true', 'true'), 
	LabelJoin: (a) & (true) & (true) & (true), 
	Label: a
2023-10-25 14:47:41.820 | DEBUG    | translate:union_product:309 - [('1', '2', '2', '2')] 
	Guard: ('~a', 'true', 'true', 'true'), 
	LabelJoin: (~a) & (true) & (true) & (true), 
	Label: ~a
2023-10-25 14:47:41.824 | DEBUG    | translate:union_product:309 - [('2', '2', '2', '2')] 
	Guard: ('true', 'true', 'true', 'true'), 
	LabelJoin: (true) & (true) & (true) & (true), 
	Label: True
2023-10-25 14:47:41.826 | DEBUG    | translate:union_product:309 - [('2', '1', '2', '2')] 
	Guard: ('true', 'b', 'true', 'true'), 
	LabelJoin: (true) & (b) & (true) & (true), 
	Label: b
2023-10-25 14:47:41.830 | DEBUG    | translate:union_product:309 - [('2', '1', '2', '2')] 
	Guard: ('true', '~b', 'true', 'true'), 
	LabelJoin: (true) & (~b) & (true) & (true), 
	Label: ~b
2023-10-25 14:47:41.832 | DEBUG    | translate:union_product:309 - [('2', '2', '2', '2')] 
	Guard: ('true', 'true', 'true', 'true'), 
	LabelJoin: (true) & (true) & (true) & (true), 
	Label: True
2023-10-25 14:47:41.837 | DEBUG    | translate:union_product:309 - [('1', '2', '1', '2')] 
	Guard: ('a', 'true', 'c', 'true'), 
	LabelJoin: (a) & (true) & (c) & (true), 
	Label: a & c
2023-10-25 14:47:41.842 | DEBUG    | translate:union_product:309 - [('1', '2', '1', '2')] 
	Guard: ('a', 'true', '~c', 'true'), 
	LabelJoin: (a) & (true) & (~c) & (true), 
	Label: a & ~c
2023-10-25 14:47:41.848 | DEBUG    | translate:union_product:309 - [('1', '2', '1', '2')] 
	Guard: ('~a', 'true', 'c', 'true'), 
	LabelJoin: (~a) & (true) & (c) & (true), 
	Label: c & ~a
2023-10-25 14:47:41.856 | DEBUG    | translate:union_product:309 - [('1', '2', '1', '2')] 
	Guard: ('~a', 'true', '~c', 'true'), 
	LabelJoin: (~a) & (true) & (~c) & (true), 
	Label: ~a & ~c
2023-10-25 14:47:41.859 | DEBUG    | translate:union_product:309 - [('2', '2', '1', '2')] 
	Guard: ('true', 'true', 'c', 'true'), 
	LabelJoin: (true) & (true) & (c) & (true), 
	Label: c
2023-10-25 14:47:41.863 | DEBUG    | translate:union_product:309 - [('2', '2', '1', '2')] 
	Guard: ('true', 'true', '~c', 'true'), 
	LabelJoin: (true) & (true) & (~c) & (true), 
	Label: ~c
2023-10-25 14:47:41.866 | DEBUG    | translate:union_product:309 - [('1', '2', '2', '2')] 
	Guard: ('a', 'true', 'true', 'true'), 
	LabelJoin: (a) & (true) & (true) & (true), 
	Label: a
2023-10-25 14:47:41.869 | DEBUG    | translate:union_product:309 - [('1', '2', '2', '2')] 
	Guard: ('~a', 'true', 'true', 'true'), 
	LabelJoin: (~a) & (true) & (true) & (true), 
	Label: ~a
2023-10-25 14:47:41.874 | DEBUG    | translate:union_product:309 - [('2', '1', '1', '2')] 
	Guard: ('true', 'b', 'c', 'true'), 
	LabelJoin: (true) & (b) & (c) & (true), 
	Label: b & c
2023-10-25 14:47:41.879 | DEBUG    | translate:union_product:309 - [('2', '1', '1', '2')] 
	Guard: ('true', 'b', '~c', 'true'), 
	LabelJoin: (true) & (b) & (~c) & (true), 
	Label: b & ~c
2023-10-25 14:47:41.884 | DEBUG    | translate:union_product:309 - [('2', '1', '1', '2')] 
	Guard: ('true', '~b', 'c', 'true'), 
	LabelJoin: (true) & (~b) & (c) & (true), 
	Label: c & ~b
2023-10-25 14:47:41.891 | DEBUG    | translate:union_product:309 - [('2', '1', '1', '2')] 
	Guard: ('true', '~b', '~c', 'true'), 
	LabelJoin: (true) & (~b) & (~c) & (true), 
	Label: ~b & ~c
2023-10-25 14:47:41.894 | DEBUG    | translate:union_product:309 - [('2', '1', '2', '2')] 
	Guard: ('true', 'b', 'true', 'true'), 
	LabelJoin: (true) & (b) & (true) & (true), 
	Label: b
2023-10-25 14:47:41.897 | DEBUG    | translate:union_product:309 - [('2', '1', '2', '2')] 
	Guard: ('true', '~b', 'true', 'true'), 
	LabelJoin: (true) & (~b) & (true) & (true), 
	Label: ~b
2023-10-25 14:47:41.900 | DEBUG    | translate:union_product:309 - [('2', '2', '1', '2')] 
	Guard: ('true', 'true', 'c', 'true'), 
	LabelJoin: (true) & (true) & (c) & (true), 
	Label: c
2023-10-25 14:47:41.903 | DEBUG    | translate:union_product:309 - [('2', '2', '1', '2')] 
	Guard: ('true', 'true', '~c', 'true'), 
	LabelJoin: (true) & (true) & (~c) & (true), 
	Label: ~c
2023-10-25 14:47:41.905 | DEBUG    | translate:union_product:309 - [('2', '2', '2', '2')] 
	Guard: ('true', 'true', 'true', 'true'), 
	LabelJoin: (true) & (true) & (true) & (true), 
	Label: True
2023-10-25 14:47:41.913 | DEBUG    | translate:union_product:309 - [('1', '1', '2', '1')] 
	Guard: ('a', 'b', 'true', 'd'), 
	LabelJoin: (a) & (b) & (true) & (d), 
	Label: a & b & d
2023-10-25 14:47:41.920 | DEBUG    | translate:union_product:309 - [('1', '1', '2', '1')] 
	Guard: ('a', 'b', 'true', '~d'), 
	LabelJoin: (a) & (b) & (true) & (~d), 
	Label: a & b & ~d
2023-10-25 14:47:41.928 | DEBUG    | translate:union_product:309 - [('1', '1', '2', '1')] 
	Guard: ('a', '~b', 'true', 'd'), 
	LabelJoin: (a) & (~b) & (true) & (d), 
	Label: a & d & ~b
2023-10-25 14:47:41.937 | DEBUG    | translate:union_product:309 - [('1', '1', '2', '1')] 
	Guard: ('a', '~b', 'true', '~d'), 
	LabelJoin: (a) & (~b) & (true) & (~d), 
	Label: a & ~b & ~d
2023-10-25 14:47:41.944 | DEBUG    | translate:union_product:309 - [('1', '1', '2', '1')] 
	Guard: ('~a', 'b', 'true', 'd'), 
	LabelJoin: (~a) & (b) & (true) & (d), 
	Label: b & d & ~a
2023-10-25 14:47:41.953 | DEBUG    | translate:union_product:309 - [('1', '1', '2', '1')] 
	Guard: ('~a', 'b', 'true', '~d'), 
	LabelJoin: (~a) & (b) & (true) & (~d), 
	Label: b & ~a & ~d
2023-10-25 14:47:41.963 | DEBUG    | translate:union_product:309 - [('1', '1', '2', '1')] 
	Guard: ('~a', '~b', 'true', 'd'), 
	LabelJoin: (~a) & (~b) & (true) & (d), 
	Label: d & ~a & ~b
2023-10-25 14:47:41.973 | DEBUG    | translate:union_product:309 - [('1', '1', '2', '1')] 
	Guard: ('~a', '~b', 'true', '~d'), 
	LabelJoin: (~a) & (~b) & (true) & (~d), 
	Label: ~a & ~b & ~d
2023-10-25 14:47:41.978 | DEBUG    | translate:union_product:309 - [('1', '2', '2', '1')] 
	Guard: ('a', 'true', 'true', 'd'), 
	LabelJoin: (a) & (true) & (true) & (d), 
	Label: a & d
2023-10-25 14:47:41.983 | DEBUG    | translate:union_product:309 - [('1', '2', '2', '1')] 
	Guard: ('a', 'true', 'true', '~d'), 
	LabelJoin: (a) & (true) & (true) & (~d), 
	Label: a & ~d
2023-10-25 14:47:41.989 | DEBUG    | translate:union_product:309 - [('1', '2', '2', '1')] 
	Guard: ('~a', 'true', 'true', 'd'), 
	LabelJoin: (~a) & (true) & (true) & (d), 
	Label: d & ~a
2023-10-25 14:47:41.996 | DEBUG    | translate:union_product:309 - [('1', '2', '2', '1')] 
	Guard: ('~a', 'true', 'true', '~d'), 
	LabelJoin: (~a) & (true) & (true) & (~d), 
	Label: ~a & ~d
2023-10-25 14:47:41.999 | DEBUG    | translate:union_product:309 - [('2', '2', '2', '1')] 
	Guard: ('true', 'true', 'true', 'd'), 
	LabelJoin: (true) & (true) & (true) & (d), 
	Label: d
2023-10-25 14:47:42.003 | DEBUG    | translate:union_product:309 - [('2', '2', '2', '1')] 
	Guard: ('true', 'true', 'true', '~d'), 
	LabelJoin: (true) & (true) & (true) & (~d), 
	Label: ~d
2023-10-25 14:47:42.007 | DEBUG    | translate:union_product:309 - [('2', '1', '2', '1')] 
	Guard: ('true', 'b', 'true', 'd'), 
	LabelJoin: (true) & (b) & (true) & (d), 
	Label: b & d
2023-10-25 14:47:42.014 | DEBUG    | translate:union_product:309 - [('2', '1', '2', '1')] 
	Guard: ('true', 'b', 'true', '~d'), 
	LabelJoin: (true) & (b) & (true) & (~d), 
	Label: b & ~d
2023-10-25 14:47:42.019 | DEBUG    | translate:union_product:309 - [('2', '1', '2', '1')] 
	Guard: ('true', '~b', 'true', 'd'), 
	LabelJoin: (true) & (~b) & (true) & (d), 
	Label: d & ~b
2023-10-25 14:47:42.025 | DEBUG    | translate:union_product:309 - [('2', '1', '2', '1')] 
	Guard: ('true', '~b', 'true', '~d'), 
	LabelJoin: (true) & (~b) & (true) & (~d), 
	Label: ~b & ~d
2023-10-25 14:47:42.027 | DEBUG    | translate:union_product:309 - [('2', '2', '2', '1')] 
	Guard: ('true', 'true', 'true', 'd'), 
	LabelJoin: (true) & (true) & (true) & (d), 
	Label: d
2023-10-25 14:47:42.030 | DEBUG    | translate:union_product:309 - [('2', '2', '2', '1')] 
	Guard: ('true', 'true', 'true', '~d'), 
	LabelJoin: (true) & (true) & (true) & (~d), 
	Label: ~d
2023-10-25 14:47:42.035 | DEBUG    | translate:union_product:309 - [('1', '1', '2', '2')] 
	Guard: ('a', 'b', 'true', 'true'), 
	LabelJoin: (a) & (b) & (true) & (true), 
	Label: a & b
2023-10-25 14:47:42.041 | DEBUG    | translate:union_product:309 - [('1', '1', '2', '2')] 
	Guard: ('a', '~b', 'true', 'true'), 
	LabelJoin: (a) & (~b) & (true) & (true), 
	Label: a & ~b
2023-10-25 14:47:42.047 | DEBUG    | translate:union_product:309 - [('1', '1', '2', '2')] 
	Guard: ('~a', 'b', 'true', 'true'), 
	LabelJoin: (~a) & (b) & (true) & (true), 
	Label: b & ~a
2023-10-25 14:47:42.056 | DEBUG    | translate:union_product:309 - [('1', '1', '2', '2')] 
	Guard: ('~a', '~b', 'true', 'true'), 
	LabelJoin: (~a) & (~b) & (true) & (true), 
	Label: ~a & ~b
2023-10-25 14:47:42.063 | DEBUG    | translate:union_product:309 - [('1', '2', '1', '1')] 
	Guard: ('a', 'true', 'c', 'd'), 
	LabelJoin: (a) & (true) & (c) & (d), 
	Label: a & c & d
2023-10-25 14:47:42.071 | DEBUG    | translate:union_product:309 - [('1', '2', '1', '1')] 
	Guard: ('a', 'true', 'c', '~d'), 
	LabelJoin: (a) & (true) & (c) & (~d), 
	Label: a & c & ~d
2023-10-25 14:47:42.078 | DEBUG    | translate:union_product:309 - [('1', '2', '1', '1')] 
	Guard: ('a', 'true', '~c', 'd'), 
	LabelJoin: (a) & (true) & (~c) & (d), 
	Label: a & d & ~c
2023-10-25 14:47:42.087 | DEBUG    | translate:union_product:309 - [('1', '2', '1', '1')] 
	Guard: ('a', 'true', '~c', '~d'), 
	LabelJoin: (a) & (true) & (~c) & (~d), 
	Label: a & ~c & ~d
2023-10-25 14:47:42.095 | DEBUG    | translate:union_product:309 - [('1', '2', '1', '1')] 
	Guard: ('~a', 'true', 'c', 'd'), 
	LabelJoin: (~a) & (true) & (c) & (d), 
	Label: c & d & ~a
2023-10-25 14:47:42.103 | DEBUG    | translate:union_product:309 - [('1', '2', '1', '1')] 
	Guard: ('~a', 'true', 'c', '~d'), 
	LabelJoin: (~a) & (true) & (c) & (~d), 
	Label: c & ~a & ~d
2023-10-25 14:47:42.112 | DEBUG    | translate:union_product:309 - [('1', '2', '1', '1')] 
	Guard: ('~a', 'true', '~c', 'd'), 
	LabelJoin: (~a) & (true) & (~c) & (d), 
	Label: d & ~a & ~c
2023-10-25 14:47:42.122 | DEBUG    | translate:union_product:309 - [('1', '2', '1', '1')] 
	Guard: ('~a', 'true', '~c', '~d'), 
	LabelJoin: (~a) & (true) & (~c) & (~d), 
	Label: ~a & ~c & ~d
2023-10-25 14:47:42.127 | DEBUG    | translate:union_product:309 - [('2', '2', '1', '1')] 
	Guard: ('true', 'true', 'c', 'd'), 
	LabelJoin: (true) & (true) & (c) & (d), 
	Label: c & d
2023-10-25 14:47:42.133 | DEBUG    | translate:union_product:309 - [('2', '2', '1', '1')] 
	Guard: ('true', 'true', 'c', '~d'), 
	LabelJoin: (true) & (true) & (c) & (~d), 
	Label: c & ~d
2023-10-25 14:47:42.138 | DEBUG    | translate:union_product:309 - [('2', '2', '1', '1')] 
	Guard: ('true', 'true', '~c', 'd'), 
	LabelJoin: (true) & (true) & (~c) & (d), 
	Label: d & ~c
2023-10-25 14:47:42.145 | DEBUG    | translate:union_product:309 - [('2', '2', '1', '1')] 
	Guard: ('true', 'true', '~c', '~d'), 
	LabelJoin: (true) & (true) & (~c) & (~d), 
	Label: ~c & ~d
2023-10-25 14:47:42.150 | DEBUG    | translate:union_product:309 - [('1', '2', '1', '2')] 
	Guard: ('a', 'true', 'c', 'true'), 
	LabelJoin: (a) & (true) & (c) & (true), 
	Label: a & c
2023-10-25 14:47:42.155 | DEBUG    | translate:union_product:309 - [('1', '2', '1', '2')] 
	Guard: ('a', 'true', '~c', 'true'), 
	LabelJoin: (a) & (true) & (~c) & (true), 
	Label: a & ~c
2023-10-25 14:47:42.162 | DEBUG    | translate:union_product:309 - [('1', '2', '1', '2')] 
	Guard: ('~a', 'true', 'c', 'true'), 
	LabelJoin: (~a) & (true) & (c) & (true), 
	Label: c & ~a
2023-10-25 14:47:42.170 | DEBUG    | translate:union_product:309 - [('1', '2', '1', '2')] 
	Guard: ('~a', 'true', '~c', 'true'), 
	LabelJoin: (~a) & (true) & (~c) & (true), 
	Label: ~a & ~c
2023-10-25 14:47:42.174 | DEBUG    | translate:union_product:309 - [('1', '2', '2', '1')] 
	Guard: ('a', 'true', 'true', 'd'), 
	LabelJoin: (a) & (true) & (true) & (d), 
	Label: a & d
2023-10-25 14:47:42.180 | DEBUG    | translate:union_product:309 - [('1', '2', '2', '1')] 
	Guard: ('a', 'true', 'true', '~d'), 
	LabelJoin: (a) & (true) & (true) & (~d), 
	Label: a & ~d
2023-10-25 14:47:42.185 | DEBUG    | translate:union_product:309 - [('1', '2', '2', '1')] 
	Guard: ('~a', 'true', 'true', 'd'), 
	LabelJoin: (~a) & (true) & (true) & (d), 
	Label: d & ~a
2023-10-25 14:47:42.192 | DEBUG    | translate:union_product:309 - [('1', '2', '2', '1')] 
	Guard: ('~a', 'true', 'true', '~d'), 
	LabelJoin: (~a) & (true) & (true) & (~d), 
	Label: ~a & ~d
2023-10-25 14:47:42.194 | DEBUG    | translate:union_product:309 - [('1', '2', '2', '2')] 
	Guard: ('a', 'true', 'true', 'true'), 
	LabelJoin: (a) & (true) & (true) & (true), 
	Label: a
2023-10-25 14:47:42.197 | DEBUG    | translate:union_product:309 - [('1', '2', '2', '2')] 
	Guard: ('~a', 'true', 'true', 'true'), 
	LabelJoin: (~a) & (true) & (true) & (true), 
	Label: ~a
2023-10-25 14:47:42.204 | DEBUG    | translate:union_product:309 - [('2', '1', '1', '1')] 
	Guard: ('true', 'b', 'c', 'd'), 
	LabelJoin: (true) & (b) & (c) & (d), 
	Label: b & c & d
2023-10-25 14:47:42.213 | DEBUG    | translate:union_product:309 - [('2', '1', '1', '1')] 
	Guard: ('true', 'b', 'c', '~d'), 
	LabelJoin: (true) & (b) & (c) & (~d), 
	Label: b & c & ~d
2023-10-25 14:47:42.220 | DEBUG    | translate:union_product:309 - [('2', '1', '1', '1')] 
	Guard: ('true', 'b', '~c', 'd'), 
	LabelJoin: (true) & (b) & (~c) & (d), 
	Label: b & d & ~c
2023-10-25 14:47:42.228 | DEBUG    | translate:union_product:309 - [('2', '1', '1', '1')] 
	Guard: ('true', 'b', '~c', '~d'), 
	LabelJoin: (true) & (b) & (~c) & (~d), 
	Label: b & ~c & ~d
2023-10-25 14:47:42.235 | DEBUG    | translate:union_product:309 - [('2', '1', '1', '1')] 
	Guard: ('true', '~b', 'c', 'd'), 
	LabelJoin: (true) & (~b) & (c) & (d), 
	Label: c & d & ~b
2023-10-25 14:47:42.244 | DEBUG    | translate:union_product:309 - [('2', '1', '1', '1')] 
	Guard: ('true', '~b', 'c', '~d'), 
	LabelJoin: (true) & (~b) & (c) & (~d), 
	Label: c & ~b & ~d
2023-10-25 14:47:42.253 | DEBUG    | translate:union_product:309 - [('2', '1', '1', '1')] 
	Guard: ('true', '~b', '~c', 'd'), 
	LabelJoin: (true) & (~b) & (~c) & (d), 
	Label: d & ~b & ~c
2023-10-25 14:47:42.266 | DEBUG    | translate:union_product:309 - [('2', '1', '1', '1')] 
	Guard: ('true', '~b', '~c', '~d'), 
	LabelJoin: (true) & (~b) & (~c) & (~d), 
	Label: ~b & ~c & ~d
2023-10-25 14:47:42.271 | DEBUG    | translate:union_product:309 - [('2', '1', '1', '2')] 
	Guard: ('true', 'b', 'c', 'true'), 
	LabelJoin: (true) & (b) & (c) & (true), 
	Label: b & c
2023-10-25 14:47:42.276 | DEBUG    | translate:union_product:309 - [('2', '1', '1', '2')] 
	Guard: ('true', 'b', '~c', 'true'), 
	LabelJoin: (true) & (b) & (~c) & (true), 
	Label: b & ~c
2023-10-25 14:47:42.281 | DEBUG    | translate:union_product:309 - [('2', '1', '1', '2')] 
	Guard: ('true', '~b', 'c', 'true'), 
	LabelJoin: (true) & (~b) & (c) & (true), 
	Label: c & ~b
2023-10-25 14:47:42.288 | DEBUG    | translate:union_product:309 - [('2', '1', '1', '2')] 
	Guard: ('true', '~b', '~c', 'true'), 
	LabelJoin: (true) & (~b) & (~c) & (true), 
	Label: ~b & ~c
2023-10-25 14:47:42.292 | DEBUG    | translate:union_product:309 - [('2', '1', '2', '1')] 
	Guard: ('true', 'b', 'true', 'd'), 
	LabelJoin: (true) & (b) & (true) & (d), 
	Label: b & d
2023-10-25 14:47:42.300 | DEBUG    | translate:union_product:309 - [('2', '1', '2', '1')] 
	Guard: ('true', 'b', 'true', '~d'), 
	LabelJoin: (true) & (b) & (true) & (~d), 
	Label: b & ~d
2023-10-25 14:47:42.307 | DEBUG    | translate:union_product:309 - [('2', '1', '2', '1')] 
	Guard: ('true', '~b', 'true', 'd'), 
	LabelJoin: (true) & (~b) & (true) & (d), 
	Label: d & ~b
2023-10-25 14:47:42.314 | DEBUG    | translate:union_product:309 - [('2', '1', '2', '1')] 
	Guard: ('true', '~b', 'true', '~d'), 
	LabelJoin: (true) & (~b) & (true) & (~d), 
	Label: ~b & ~d
2023-10-25 14:47:42.316 | DEBUG    | translate:union_product:309 - [('2', '1', '2', '2')] 
	Guard: ('true', 'b', 'true', 'true'), 
	LabelJoin: (true) & (b) & (true) & (true), 
	Label: b
2023-10-25 14:47:42.319 | DEBUG    | translate:union_product:309 - [('2', '1', '2', '2')] 
	Guard: ('true', '~b', 'true', 'true'), 
	LabelJoin: (true) & (~b) & (true) & (true), 
	Label: ~b
2023-10-25 14:47:42.323 | DEBUG    | translate:union_product:309 - [('2', '2', '1', '1')] 
	Guard: ('true', 'true', 'c', 'd'), 
	LabelJoin: (true) & (true) & (c) & (d), 
	Label: c & d
2023-10-25 14:47:42.329 | DEBUG    | translate:union_product:309 - [('2', '2', '1', '1')] 
	Guard: ('true', 'true', 'c', '~d'), 
	LabelJoin: (true) & (true) & (c) & (~d), 
	Label: c & ~d
2023-10-25 14:47:42.335 | DEBUG    | translate:union_product:309 - [('2', '2', '1', '1')] 
	Guard: ('true', 'true', '~c', 'd'), 
	LabelJoin: (true) & (true) & (~c) & (d), 
	Label: d & ~c
2023-10-25 14:47:42.342 | DEBUG    | translate:union_product:309 - [('2', '2', '1', '1')] 
	Guard: ('true', 'true', '~c', '~d'), 
	LabelJoin: (true) & (true) & (~c) & (~d), 
	Label: ~c & ~d
2023-10-25 14:47:42.344 | DEBUG    | translate:union_product:309 - [('2', '2', '1', '2')] 
	Guard: ('true', 'true', 'c', 'true'), 
	LabelJoin: (true) & (true) & (c) & (true), 
	Label: c
2023-10-25 14:47:42.347 | DEBUG    | translate:union_product:309 - [('2', '2', '1', '2')] 
	Guard: ('true', 'true', '~c', 'true'), 
	LabelJoin: (true) & (true) & (~c) & (true), 
	Label: ~c
2023-10-25 14:47:42.349 | DEBUG    | translate:union_product:309 - [('2', '2', '2', '1')] 
	Guard: ('true', 'true', 'true', 'd'), 
	LabelJoin: (true) & (true) & (true) & (d), 
	Label: d
2023-10-25 14:47:42.352 | DEBUG    | translate:union_product:309 - [('2', '2', '2', '1')] 
	Guard: ('true', 'true', 'true', '~d'), 
	LabelJoin: (true) & (true) & (true) & (~d), 
	Label: ~d
2023-10-25 14:47:42.354 | DEBUG    | translate:union_product:309 - [('2', '2', '2', '2')] 
	Guard: ('true', 'true', 'true', 'true'), 
	LabelJoin: (true) & (true) & (true) & (true), 
	Label: True
2023-10-25 14:47:42.360 | INFO     | translate:translate:228 - Union product DFA: 
{'final_states': {0, 1, 2, 3, 4, 5, 6, 7, 8, 9, 10, 11, 12, 13, 14},
 'init_state': 15,
 'states': {0: {'state': ('2', '1', '1', '1')},
            1: {'state': ('2', '2', '2', '1')},
            2: {'state': ('1', '2', '2', '2')},
            3: {'state': ('2', '2', '1', '2')},
            4: {'state': ('1', '1', '2', '1')},
            5: {'state': ('1', '2', '2', '1')},
            6: {'state': ('2', '2', '1', '1')},
            7: {'state': ('1', '2', '1', '2')},
            8: {'state': ('1', '2', '1', '1')},
            9: {'state': ('1', '1', '1', '2')},
            10: {'state': ('2', '1', '1', '2')},
            11: {'state': ('2', '2', '2', '2')},
            12: {'state': ('2', '1', '2', '2')},
            13: {'state': ('1', '1', '2', '2')},
            14: {'state': ('2', '1', '2', '1')},
            15: {'state': ('1', '1', '1', '1')}},
 'transitions': {0: {'!b & !c & !d': 0,
                     'b & !c & !d': 6,
                     'b & c & !d': 1,
                     'b & c & d': 11,
                     'b & d & !c': 3,
                     'c & !b & !d': 14,
                     'c & d & !b': 12,
                     'd & !b & !c': 10},
                 1: {'!d': 1, 'd': 11},
                 2: {'!a': 2, 'a': 11},
                 3: {'!c': 3, 'c': 11},
                 4: {'!a & !b & !d': 4,
                     'a & !b & !d': 14,
                     'a & b & !d': 1,
                     'a & b & d': 11,
                     'a & d & !b': 12,
                     'b & !a & !d': 5,
                     'b & d & !a': 2,
                     'd & !a & !b': 13},
                 5: {'!a & !d': 5, 'a & !d': 1, 'a & d': 11, 'd & !a': 2},
                 6: {'!c & !d': 6, 'c & !d': 1, 'c & d': 11, 'd & !c': 3},
                 7: {'!a & !c': 7, 'a & !c': 3, 'a & c': 11, 'c & !a': 2},
                 8: {'!a & !c & !d': 8,
                     'a & !c & !d': 6,
                     'a & c & !d': 1,
                     'a & c & d': 11,
                     'a & d & !c': 3,
                     'c & !a & !d': 5,
                     'c & d & !a': 2,
                     'd & !a & !c': 7},
                 9: {'!a & !b & !c': 9,
                     'a & !b & !c': 10,
                     'a & b & !c': 3,
                     'a & b & c': 11,
                     'a & c & !b': 12,
                     'b & !a & !c': 7,
                     'b & c & !a': 2,
                     'c & !a & !b': 13},
                 10: {'!b & !c': 10, 'b & !c': 3, 'b & c': 11, 'c & !b': 12},
                 11: {'true': 11},
                 12: {'!b': 12, 'b': 11},
                 13: {'!a & !b': 13, 'a & !b': 12, 'a & b': 11, 'b & !a': 2},
                 14: {'!b & !d': 14, 'b & !d': 1, 'b & d': 11, 'd & !b': 12},
                 15: {'!a & !b & !c & !d': 15,
                      'a & !b & !c & !d': 0,
                      'a & b & !c & !d': 6,
                      'a & b & c & !d': 1,
                      'a & b & c & d': 11,
                      'a & b & d & !c': 3,
                      'a & c & !b & !d': 14,
                      'a & c & d & !b': 12,
                      'a & d & !b & !c': 10,
                      'b & !a & !c & !d': 8,
                      'b & c & !a & !d': 5,
                      'b & c & d & !a': 2,
                      'b & d & !a & !c': 7,
                      'c & !a & !b & !d': 4,
                      'c & d & !a & !b': 13,
                      'd & !a & !b & !c': 9}}}
2023-10-25 14:47:42.360 | DEBUG    | translate:construct_pref_graph:360 - outcomes(('2', '1', '1', '1'))={0}
2023-10-25 14:47:42.361 | DEBUG    | translate:construct_pref_graph:363 - get_mp_outcomes({0}, [(3, 3), (1, 1), (0, 1), (0, 2), (2, 2), (0, 0), (0, 3)])={0}
2023-10-25 14:47:42.361 | DEBUG    | translate:construct_pref_graph:360 - outcomes(('2', '2', '2', '1'))={0, 1, 2}
2023-10-25 14:47:42.362 | DEBUG    | translate:construct_pref_graph:363 - get_mp_outcomes({0, 1, 2}, [(3, 3), (1, 1), (0, 1), (0, 2), (2, 2), (0, 0), (0, 3)])={0}
2023-10-25 14:47:42.363 | DEBUG    | translate:construct_pref_graph:360 - outcomes(('1', '2', '2', '2'))={1, 2, 3}
2023-10-25 14:47:42.364 | DEBUG    | translate:construct_pref_graph:363 - get_mp_outcomes({1, 2, 3}, [(3, 3), (1, 1), (0, 1), (0, 2), (2, 2), (0, 0), (0, 3)])={1, 2, 3}
2023-10-25 14:47:42.364 | DEBUG    | translate:construct_pref_graph:360 - outcomes(('2', '2', '1', '2'))={0, 1, 3}
2023-10-25 14:47:42.365 | DEBUG    | translate:construct_pref_graph:363 - get_mp_outcomes({0, 1, 3}, [(3, 3), (1, 1), (0, 1), (0, 2), (2, 2), (0, 0), (0, 3)])={0}
2023-10-25 14:47:42.366 | DEBUG    | translate:construct_pref_graph:360 - outcomes(('1', '1', '2', '1'))={2}
2023-10-25 14:47:42.366 | DEBUG    | translate:construct_pref_graph:363 - get_mp_outcomes({2}, [(3, 3), (1, 1), (0, 1), (0, 2), (2, 2), (0, 0), (0, 3)])={2}
2023-10-25 14:47:42.367 | DEBUG    | translate:construct_pref_graph:360 - outcomes(('1', '2', '2', '1'))={1, 2}
2023-10-25 14:47:42.367 | DEBUG    | translate:construct_pref_graph:363 - get_mp_outcomes({1, 2}, [(3, 3), (1, 1), (0, 1), (0, 2), (2, 2), (0, 0), (0, 3)])={1, 2}
2023-10-25 14:47:42.368 | DEBUG    | translate:construct_pref_graph:360 - outcomes(('2', '2', '1', '1'))={0, 1}
2023-10-25 14:47:42.368 | DEBUG    | translate:construct_pref_graph:363 - get_mp_outcomes({0, 1}, [(3, 3), (1, 1), (0, 1), (0, 2), (2, 2), (0, 0), (0, 3)])={0}
2023-10-25 14:47:42.368 | DEBUG    | translate:construct_pref_graph:360 - outcomes(('1', '2', '1', '2'))={1, 3}
2023-10-25 14:47:42.369 | DEBUG    | translate:construct_pref_graph:363 - get_mp_outcomes({1, 3}, [(3, 3), (1, 1), (0, 1), (0, 2), (2, 2), (0, 0), (0, 3)])={1, 3}
2023-10-25 14:47:42.369 | DEBUG    | translate:construct_pref_graph:360 - outcomes(('1', '2', '1', '1'))={1}
2023-10-25 14:47:42.370 | DEBUG    | translate:construct_pref_graph:363 - get_mp_outcomes({1}, [(3, 3), (1, 1), (0, 1), (0, 2), (2, 2), (0, 0), (0, 3)])={1}
2023-10-25 14:47:42.370 | DEBUG    | translate:construct_pref_graph:360 - outcomes(('1', '1', '1', '2'))={3}
2023-10-25 14:47:42.370 | DEBUG    | translate:construct_pref_graph:363 - get_mp_outcomes({3}, [(3, 3), (1, 1), (0, 1), (0, 2), (2, 2), (0, 0), (0, 3)])={3}
2023-10-25 14:47:42.371 | DEBUG    | translate:construct_pref_graph:360 - outcomes(('2', '1', '1', '2'))={0, 3}
2023-10-25 14:47:42.371 | DEBUG    | translate:construct_pref_graph:363 - get_mp_outcomes({0, 3}, [(3, 3), (1, 1), (0, 1), (0, 2), (2, 2), (0, 0), (0, 3)])={0}
2023-10-25 14:47:42.372 | DEBUG    | translate:construct_pref_graph:360 - outcomes(('2', '2', '2', '2'))={0, 1, 2, 3}
2023-10-25 14:47:42.372 | DEBUG    | translate:construct_pref_graph:363 - get_mp_outcomes({0, 1, 2, 3}, [(3, 3), (1, 1), (0, 1), (0, 2), (2, 2), (0, 0), (0, 3)])={0}
2023-10-25 14:47:42.373 | DEBUG    | translate:construct_pref_graph:360 - outcomes(('2', '1', '2', '2'))={0, 2, 3}
2023-10-25 14:47:42.373 | DEBUG    | translate:construct_pref_graph:363 - get_mp_outcomes({0, 2, 3}, [(3, 3), (1, 1), (0, 1), (0, 2), (2, 2), (0, 0), (0, 3)])={0}
2023-10-25 14:47:42.373 | DEBUG    | translate:construct_pref_graph:360 - outcomes(('1', '1', '2', '2'))={2, 3}
2023-10-25 14:47:42.374 | DEBUG    | translate:construct_pref_graph:363 - get_mp_outcomes({2, 3}, [(3, 3), (1, 1), (0, 1), (0, 2), (2, 2), (0, 0), (0, 3)])={2, 3}
2023-10-25 14:47:42.374 | DEBUG    | translate:construct_pref_graph:360 - outcomes(('2', '1', '2', '1'))={0, 2}
2023-10-25 14:47:42.375 | DEBUG    | translate:construct_pref_graph:363 - get_mp_outcomes({0, 2}, [(3, 3), (1, 1), (0, 1), (0, 2), (2, 2), (0, 0), (0, 3)])={0}
2023-10-25 14:47:42.381 | INFO     | translate:translate:231 - Preference graph: 
{'edges': {'(0, 0, 0, 0)': {'(0, 0, 0, 0)',
                            '(0, 0, 0, 1)',
                            '(0, 0, 1, 0)',
                            '(0, 0, 1, 1)',
                            '(0, 1, 0, 0)',
                            '(0, 1, 0, 1)',
                            '(0, 1, 1, 0)',
                            '(0, 1, 1, 1)',
                            '(1, 0, 0, 0)'},
           '(0, 0, 0, 1)': {'(1, 0, 0, 0)', '(0, 0, 0, 1)'},
           '(0, 0, 1, 0)': {'(1, 0, 0, 0)', '(0, 0, 1, 0)'},
           '(0, 0, 1, 1)': {'(1, 0, 0, 0)', '(0, 0, 1, 1)'},
           '(0, 1, 0, 0)': {'(0, 1, 0, 0)', '(1, 0, 0, 0)'},
           '(0, 1, 0, 1)': {'(0, 1, 0, 1)', '(1, 0, 0, 0)'},
           '(0, 1, 1, 0)': {'(1, 0, 0, 0)', '(0, 1, 1, 0)'},
           '(0, 1, 1, 1)': {'(0, 1, 1, 1)', '(1, 0, 0, 0)'},
           '(1, 0, 0, 0)': {'(1, 0, 0, 0)'}},
 'nodes': {'(0, 0, 0, 0)': {15},
           '(0, 0, 0, 1)': {9},
           '(0, 0, 1, 0)': {4},
           '(0, 0, 1, 1)': {13},
           '(0, 1, 0, 0)': {8},
           '(0, 1, 0, 1)': {7},
           '(0, 1, 1, 0)': {5},
           '(0, 1, 1, 1)': {2},
           '(1, 0, 0, 0)': {0, 1, 3, 6, 10, 11, 12, 14}}}
2023-10-25 14:47:42.803 | INFO     | app:update_images:215 - ====== TRANSLATION COMPLETED IN 1281.1818 MILLISECONDS =====
2023-10-25 14:47:42.808 | INFO     | app:update_images:216 - States:
{0: {'state': ('2', '1', '1', '1')},
 1: {'state': ('2', '2', '2', '1')},
 2: {'state': ('1', '2', '2', '2')},
 3: {'state': ('2', '2', '1', '2')},
 4: {'state': ('1', '1', '2', '1')},
 5: {'state': ('1', '2', '2', '1')},
 6: {'state': ('2', '2', '1', '1')},
 7: {'state': ('1', '2', '1', '2')},
 8: {'state': ('1', '2', '1', '1')},
 9: {'state': ('1', '1', '1', '2')},
 10: {'state': ('2', '1', '1', '2')},
 11: {'state': ('2', '2', '2', '2')},
 12: {'state': ('2', '1', '2', '2')},
 13: {'state': ('1', '1', '2', '2')},
 14: {'state': ('2', '1', '2', '1')},
 15: {'state': ('1', '1', '1', '1')}}

Alphabet:
['c', 'a', 'b', 'd']

Transitions:
{0: {'!b & !c & !d': 0,
     'b & !c & !d': 6,
     'b & c & !d': 1,
     'b & c & d': 11,
     'b & d & !c': 3,
     'c & !b & !d': 14,
     'c & d & !b': 12,
     'd & !b & !c': 10},
 1: {'!d': 1, 'd': 11},
 2: {'!a': 2, 'a': 11},
 3: {'!c': 3, 'c': 11},
 4: {'!a & !b & !d': 4,
     'a & !b & !d': 14,
     'a & b & !d': 1,
     'a & b & d': 11,
     'a & d & !b': 12,
     'b & !a & !d': 5,
     'b & d & !a': 2,
     'd & !a & !b': 13},
 5: {'!a & !d': 5, 'a & !d': 1, 'a & d': 11, 'd & !a': 2},
 6: {'!c & !d': 6, 'c & !d': 1, 'c & d': 11, 'd & !c': 3},
 7: {'!a & !c': 7, 'a & !c': 3, 'a & c': 11, 'c & !a': 2},
 8: {'!a & !c & !d': 8,
     'a & !c & !d': 6,
     'a & c & !d': 1,
     'a & c & d': 11,
     'a & d & !c': 3,
     'c & !a & !d': 5,
     'c & d & !a': 2,
     'd & !a & !c': 7},
 9: {'!a & !b & !c': 9,
     'a & !b & !c': 10,
     'a & b & !c': 3,
     'a & b & c': 11,
     'a & c & !b': 12,
     'b & !a & !c': 7,
     'b & c & !a': 2,
     'c & !a & !b': 13},
 10: {'!b & !c': 10, 'b & !c': 3, 'b & c': 11, 'c & !b': 12},
 11: {'true': 11},
 12: {'!b': 12, 'b': 11},
 13: {'!a & !b': 13, 'a & !b': 12, 'a & b': 11, 'b & !a': 2},
 14: {'!b & !d': 14, 'b & !d': 1, 'b & d': 11, 'd & !b': 12},
 15: {'!a & !b & !c & !d': 15,
      'a & !b & !c & !d': 0,
      'a & b & !c & !d': 6,
      'a & b & c & !d': 1,
      'a & b & c & d': 11,
      'a & b & d & !c': 3,
      'a & c & !b & !d': 14,
      'a & c & d & !b': 12,
      'a & d & !b & !c': 10,
      'b & !a & !c & !d': 8,
      'b & c & !a & !d': 5,
      'b & c & d & !a': 2,
      'b & d & !a & !c': 7,
      'c & !a & !b & !d': 4,
      'c & d & !a & !b': 13,
      'd & !a & !b & !c': 9}}

Initial state:
15

Preference graph:
{'edges': {'(0, 0, 0, 0)': {'(0, 0, 0, 0)',
                            '(0, 0, 0, 1)',
                            '(0, 0, 1, 0)',
                            '(0, 0, 1, 1)',
                            '(0, 1, 0, 0)',
                            '(0, 1, 0, 1)',
                            '(0, 1, 1, 0)',
                            '(0, 1, 1, 1)',
                            '(1, 0, 0, 0)'},
           '(0, 0, 0, 1)': {'(1, 0, 0, 0)', '(0, 0, 0, 1)'},
           '(0, 0, 1, 0)': {'(1, 0, 0, 0)', '(0, 0, 1, 0)'},
           '(0, 0, 1, 1)': {'(1, 0, 0, 0)', '(0, 0, 1, 1)'},
           '(0, 1, 0, 0)': {'(0, 1, 0, 0)', '(1, 0, 0, 0)'},
           '(0, 1, 0, 1)': {'(0, 1, 0, 1)', '(1, 0, 0, 0)'},
           '(0, 1, 1, 0)': {'(1, 0, 0, 0)', '(0, 1, 1, 0)'},
           '(0, 1, 1, 1)': {'(0, 1, 1, 1)', '(1, 0, 0, 0)'},
           '(1, 0, 0, 0)': {'(1, 0, 0, 0)'}},
 'nodes': {'(0, 0, 0, 0)': {15},
           '(0, 0, 0, 1)': {9},
           '(0, 0, 1, 0)': {4},
           '(0, 0, 1, 1)': {13},
           '(0, 1, 0, 0)': {8},
           '(0, 1, 0, 1)': {7},
           '(0, 1, 1, 0)': {5},
           '(0, 1, 1, 1)': {2},
           '(1, 0, 0, 0)': {0, 1, 3, 6, 10, 11, 12, 14}}}


