2023-10-25 14:30:08.054 | DEBUG    | translate:build_prefltlf_model:109 - Constructed preorder except incomparability: 
{((!((d | o)) U (t & F((o | d)))),
  (G(!(t)) & G((o -> G(!(d)))) & G((d -> G(!(o)))))),
 ((!((d | o)) U (t & F((o | d)))), (G(!(o)) & G(!(d)) & F(t))),
 ((!((d | o)) U (t & F((o | d)))),
  ((!(t) U (d & X(F((o | t))))) | (!(t) U (o & X(F((d | t)))))))}
2023-10-25 14:30:08.057 | DEBUG    | translate:build_prefltlf_model:123 - Constructed preorder: 
{((!((d | o)) U (t & F((o | d)))),
  (G(!(t)) & G((o -> G(!(d)))) & G((d -> G(!(o)))))),
 ((!((d | o)) U (t & F((o | d)))), (G(!(o)) & G(!(d)) & F(t))),
 ((!((d | o)) U (t & F((o | d)))),
  ((!(t) U (d & X(F((o | t))))) | (!(t) U (o & X(F((d | t)))))))}
2023-10-25 14:30:08.060 | DEBUG    | translate:build_prefltlf_model:138 - Reflexive closure of preorder: 
[('(!((d | o)) U (t & F((o | d))))',
  '(G(!(t)) & G((o -> G(!(d)))) & G((d -> G(!(o)))))'),
 ('(G(!(o)) & G(!(d)) & F(t))', '(G(!(o)) & G(!(d)) & F(t))'),
 ('(!((d | o)) U (t & F((o | d))))',
  '((!(t) U (d & X(F((o | t))))) | (!(t) U (o & X(F((d | t))))))'),
 ('(!((d | o)) U (t & F((o | d))))', '(!((d | o)) U (t & F((o | d))))'),
 ('(!((d | o)) U (t & F((o | d))))', '(G(!(o)) & G(!(d)) & F(t))'),
 ('(G(!(t)) & G((o -> G(!(d)))) & G((d -> G(!(o)))))',
  '(G(!(t)) & G((o -> G(!(d)))) & G((d -> G(!(o)))))'),
 ('((!(t) U (d & X(F((o | t))))) | (!(t) U (o & X(F((d | t))))))',
  '((!(t) U (d & X(F((o | t))))) | (!(t) U (o & X(F((d | t))))))')]
2023-10-25 14:30:08.065 | DEBUG    | translate:build_prefltlf_model:142 - Transitive closure of preorder: 
[('(!((d | o)) U (t & F((o | d))))',
  '(G(!(t)) & G((o -> G(!(d)))) & G((d -> G(!(o)))))'),
 ('(!((d | o)) U (t & F((o | d))))', '(G(!(o)) & G(!(d)) & F(t))'),
 ('(G(!(o)) & G(!(d)) & F(t))', '(G(!(o)) & G(!(d)) & F(t))'),
 ('((!(t) U (d & X(F((o | t))))) | (!(t) U (o & X(F((d | t))))))',
  '((!(t) U (d & X(F((o | t))))) | (!(t) U (o & X(F((d | t))))))'),
 ('(G(!(t)) & G((o -> G(!(d)))) & G((d -> G(!(o)))))',
  '(G(!(t)) & G((o -> G(!(d)))) & G((d -> G(!(o)))))'),
 ('(!((d | o)) U (t & F((o | d))))',
  '((!(t) U (d & X(F((o | t))))) | (!(t) U (o & X(F((d | t))))))'),
 ('(!((d | o)) U (t & F((o | d))))', '(!((d | o)) U (t & F((o | d))))')]
2023-10-25 14:30:08.066 | INFO     | app:update_images:156 - Model: 
Atoms:
	['d', 't', 'o']
Phi:
	(!((d | o)) U (t & F((o | d))))
	((!(t) U (d & X(F((o | t))))) | (!(t) U (o & X(F((d | t))))))
	(G(!(o)) & G(!(d)) & F(t))
	(G(!(t)) & G((o -> G(!(d)))) & G((d -> G(!(o)))))
Preorder:
	(!((d | o)) U (t & F((o | d)))) >= (G(!(t)) & G((o -> G(!(d)))) & G((d -> G(!(o)))))
	(!((d | o)) U (t & F((o | d)))) >= (G(!(o)) & G(!(d)) & F(t))
	(G(!(o)) & G(!(d)) & F(t)) >= (G(!(o)) & G(!(d)) & F(t))
	((!(t) U (d & X(F((o | t))))) | (!(t) U (o & X(F((d | t)))))) >= ((!(t) U (d & X(F((o | t))))) | (!(t) U (o & X(F((d | t))))))
	(G(!(t)) & G((o -> G(!(d)))) & G((d -> G(!(o))))) >= (G(!(t)) & G((o -> G(!(d)))) & G((d -> G(!(o)))))
	(!((d | o)) U (t & F((o | d)))) >= ((!(t) U (d & X(F((o | t))))) | (!(t) U (o & X(F((d | t))))))
	(!((d | o)) U (t & F((o | d)))) >= (!((d | o)) U (t & F((o | d))))

2023-10-25 14:30:08.147 | INFO     | translate:translate:221 - DFA((!((d | o)) U (t & F((o | d))))): 
{'final_states': {'4'},
 'init_state': '1',
 'states': {'1', '2', '4', '3'},
 'transitions': {'1': {'t & (d | o)': '4',
                       't & ~d & ~o': '2',
                       '~d & ~o & ~t': '1',
                       '~t & (d | o)': '3'},
                 '2': {'d | o': '4', '~d & ~o': '2'},
                 '3': {'true': '3'},
                 '4': {'true': '4'}}}
2023-10-25 14:30:08.289 | INFO     | translate:translate:221 - DFA(((!(t) U (d & X(F((o | t))))) | (!(t) U (o & X(F((d | t))))))): 
{'final_states': {'6'},
 'init_state': '1',
 'states': {'1', '6', '5', '2', '4', '3'},
 'transitions': {'1': {'d & o': '4',
                       'd & ~o': '3',
                       'o & ~d': '2',
                       't & ~d & ~o': '5',
                       '~d & ~o & ~t': '1'},
                 '2': {'d | t': '6', '~d & ~t': '2'},
                 '3': {'o | t': '6', '~o & ~t': '3'},
                 '4': {'d | o | t': '6', '~d & ~o & ~t': '4'},
                 '5': {'true': '5'},
                 '6': {'true': '6'}}}
2023-10-25 14:30:08.337 | INFO     | translate:translate:221 - DFA((G(!(o)) & G(!(d)) & F(t))): 
{'final_states': {'2'},
 'init_state': '1',
 'states': {'1', '2', '3'},
 'transitions': {'1': {'d | o': '3', 't & ~d & ~o': '2', '~d & ~o & ~t': '1'},
                 '2': {'d | o': '3', '~d & ~o': '2'},
                 '3': {'true': '3'}}}
2023-10-25 14:30:08.457 | INFO     | translate:translate:221 - DFA((G(!(t)) & G((o -> G(!(d)))) & G((d -> G(!(o)))))): 
{'final_states': {'1', '2', '3'},
 'init_state': '1',
 'states': {'1', '2', '4', '3'},
 'transitions': {'1': {'d & ~o & ~t': '2',
                       'o & ~d & ~t': '3',
                       't | (d & o)': '4',
                       '~d & ~o & ~t': '1'},
                 '2': {'o | t': '4', '~o & ~t': '2'},
                 '3': {'d | t': '4', '~d & ~t': '3'},
                 '4': {'true': '4'}}}
2023-10-25 14:30:08.838 | DEBUG    | translate:union_product:309 - [('1', '1', '1', '1')] 
	Guard: ('t & (d | o)', '~d & ~o & ~t', 't & ~d & ~o', '~d & ~o & ~t'), 
	LabelJoin: (t & (d | o)) & (~d & ~o & ~t) & (t & ~d & ~o) & (~d & ~o & ~t), 
	Label: False
2023-10-25 14:30:08.860 | DEBUG    | translate:union_product:309 - [('1', '1', '1', '1')] 
	Guard: ('t & (d | o)', '~d & ~o & ~t', 't & ~d & ~o', 'd & ~o & ~t'), 
	LabelJoin: (t & (d | o)) & (~d & ~o & ~t) & (t & ~d & ~o) & (d & ~o & ~t), 
	Label: False
2023-10-25 14:30:08.877 | DEBUG    | translate:union_product:309 - [('1', '1', '1', '1')] 
	Guard: ('t & (d | o)', '~d & ~o & ~t', 't & ~d & ~o', 'o & ~d & ~t'), 
	LabelJoin: (t & (d | o)) & (~d & ~o & ~t) & (t & ~d & ~o) & (o & ~d & ~t), 
	Label: False
2023-10-25 14:30:08.903 | DEBUG    | translate:union_product:309 - [('1', '1', '1', '1')] 
	Guard: ('t & (d | o)', '~d & ~o & ~t', 't & ~d & ~o', 't | (d & o)'), 
	LabelJoin: (t & (d | o)) & (~d & ~o & ~t) & (t & ~d & ~o) & (t | (d & o)), 
	Label: False
2023-10-25 14:30:08.921 | DEBUG    | translate:union_product:309 - [('1', '1', '1', '1')] 
	Guard: ('t & (d | o)', '~d & ~o & ~t', '~d & ~o & ~t', '~d & ~o & ~t'), 
	LabelJoin: (t & (d | o)) & (~d & ~o & ~t) & (~d & ~o & ~t) & (~d & ~o & ~t), 
	Label: False
2023-10-25 14:30:08.938 | DEBUG    | translate:union_product:309 - [('1', '1', '1', '1')] 
	Guard: ('t & (d | o)', '~d & ~o & ~t', '~d & ~o & ~t', 'd & ~o & ~t'), 
	LabelJoin: (t & (d | o)) & (~d & ~o & ~t) & (~d & ~o & ~t) & (d & ~o & ~t), 
	Label: False
2023-10-25 14:30:08.952 | DEBUG    | translate:union_product:309 - [('1', '1', '1', '1')] 
	Guard: ('t & (d | o)', '~d & ~o & ~t', '~d & ~o & ~t', 'o & ~d & ~t'), 
	LabelJoin: (t & (d | o)) & (~d & ~o & ~t) & (~d & ~o & ~t) & (o & ~d & ~t), 
	Label: False
2023-10-25 14:30:08.991 | DEBUG    | translate:union_product:309 - [('1', '1', '1', '1')] 
	Guard: ('t & (d | o)', '~d & ~o & ~t', '~d & ~o & ~t', 't | (d & o)'), 
	LabelJoin: (t & (d | o)) & (~d & ~o & ~t) & (~d & ~o & ~t) & (t | (d & o)), 
	Label: False
2023-10-25 14:30:09.018 | DEBUG    | translate:union_product:309 - [('1', '1', '1', '1')] 
	Guard: ('t & (d | o)', '~d & ~o & ~t', 'd | o', '~d & ~o & ~t'), 
	LabelJoin: (t & (d | o)) & (~d & ~o & ~t) & (d | o) & (~d & ~o & ~t), 
	Label: False
2023-10-25 14:30:09.035 | DEBUG    | translate:union_product:309 - [('1', '1', '1', '1')] 
	Guard: ('t & (d | o)', '~d & ~o & ~t', 'd | o', 'd & ~o & ~t'), 
	LabelJoin: (t & (d | o)) & (~d & ~o & ~t) & (d | o) & (d & ~o & ~t), 
	Label: False
2023-10-25 14:30:09.063 | DEBUG    | translate:union_product:309 - [('1', '1', '1', '1')] 
	Guard: ('t & (d | o)', '~d & ~o & ~t', 'd | o', 'o & ~d & ~t'), 
	LabelJoin: (t & (d | o)) & (~d & ~o & ~t) & (d | o) & (o & ~d & ~t), 
	Label: False
2023-10-25 14:30:09.081 | DEBUG    | translate:union_product:309 - [('1', '1', '1', '1')] 
	Guard: ('t & (d | o)', '~d & ~o & ~t', 'd | o', 't | (d & o)'), 
	LabelJoin: (t & (d | o)) & (~d & ~o & ~t) & (d | o) & (t | (d & o)), 
	Label: False
2023-10-25 14:30:09.095 | DEBUG    | translate:union_product:309 - [('1', '1', '1', '1')] 
	Guard: ('t & (d | o)', 'o & ~d', 't & ~d & ~o', '~d & ~o & ~t'), 
	LabelJoin: (t & (d | o)) & (o & ~d) & (t & ~d & ~o) & (~d & ~o & ~t), 
	Label: False
2023-10-25 14:30:09.109 | DEBUG    | translate:union_product:309 - [('1', '1', '1', '1')] 
	Guard: ('t & (d | o)', 'o & ~d', 't & ~d & ~o', 'd & ~o & ~t'), 
	LabelJoin: (t & (d | o)) & (o & ~d) & (t & ~d & ~o) & (d & ~o & ~t), 
	Label: False
2023-10-25 14:30:09.122 | DEBUG    | translate:union_product:309 - [('1', '1', '1', '1')] 
	Guard: ('t & (d | o)', 'o & ~d', 't & ~d & ~o', 'o & ~d & ~t'), 
	LabelJoin: (t & (d | o)) & (o & ~d) & (t & ~d & ~o) & (o & ~d & ~t), 
	Label: False
2023-10-25 14:30:09.141 | DEBUG    | translate:union_product:309 - [('1', '1', '1', '1')] 
	Guard: ('t & (d | o)', 'o & ~d', 't & ~d & ~o', 't | (d & o)'), 
	LabelJoin: (t & (d | o)) & (o & ~d) & (t & ~d & ~o) & (t | (d & o)), 
	Label: False
2023-10-25 14:30:09.154 | DEBUG    | translate:union_product:309 - [('1', '1', '1', '1')] 
	Guard: ('t & (d | o)', 'o & ~d', '~d & ~o & ~t', '~d & ~o & ~t'), 
	LabelJoin: (t & (d | o)) & (o & ~d) & (~d & ~o & ~t) & (~d & ~o & ~t), 
	Label: False
2023-10-25 14:30:09.167 | DEBUG    | translate:union_product:309 - [('1', '1', '1', '1')] 
	Guard: ('t & (d | o)', 'o & ~d', '~d & ~o & ~t', 'd & ~o & ~t'), 
	LabelJoin: (t & (d | o)) & (o & ~d) & (~d & ~o & ~t) & (d & ~o & ~t), 
	Label: False
2023-10-25 14:30:09.181 | DEBUG    | translate:union_product:309 - [('1', '1', '1', '1')] 
	Guard: ('t & (d | o)', 'o & ~d', '~d & ~o & ~t', 'o & ~d & ~t'), 
	LabelJoin: (t & (d | o)) & (o & ~d) & (~d & ~o & ~t) & (o & ~d & ~t), 
	Label: False
2023-10-25 14:30:09.212 | DEBUG    | translate:union_product:309 - [('1', '1', '1', '1')] 
	Guard: ('t & (d | o)', 'o & ~d', '~d & ~o & ~t', 't | (d & o)'), 
	LabelJoin: (t & (d | o)) & (o & ~d) & (~d & ~o & ~t) & (t | (d & o)), 
	Label: False
2023-10-25 14:30:09.228 | DEBUG    | translate:union_product:309 - [('1', '1', '1', '1')] 
	Guard: ('t & (d | o)', 'o & ~d', 'd | o', '~d & ~o & ~t'), 
	LabelJoin: (t & (d | o)) & (o & ~d) & (d | o) & (~d & ~o & ~t), 
	Label: False
2023-10-25 14:30:09.242 | DEBUG    | translate:union_product:309 - [('1', '1', '1', '1')] 
	Guard: ('t & (d | o)', 'o & ~d', 'd | o', 'd & ~o & ~t'), 
	LabelJoin: (t & (d | o)) & (o & ~d) & (d | o) & (d & ~o & ~t), 
	Label: False
2023-10-25 14:30:09.253 | DEBUG    | translate:union_product:309 - [('1', '1', '1', '1')] 
	Guard: ('t & (d | o)', 'o & ~d', 'd | o', 'o & ~d & ~t'), 
	LabelJoin: (t & (d | o)) & (o & ~d) & (d | o) & (o & ~d & ~t), 
	Label: False
2023-10-25 14:30:09.271 | DEBUG    | translate:union_product:309 - [('1', '1', '1', '1')] 
	Guard: ('t & (d | o)', 'o & ~d', 'd | o', 't | (d & o)'), 
	LabelJoin: (t & (d | o)) & (o & ~d) & (d | o) & (t | (d & o)), 
	Label: o & t & ~d
2023-10-25 14:30:09.285 | DEBUG    | translate:union_product:309 - [('1', '1', '1', '1')] 
	Guard: ('t & (d | o)', 'd & ~o', 't & ~d & ~o', '~d & ~o & ~t'), 
	LabelJoin: (t & (d | o)) & (d & ~o) & (t & ~d & ~o) & (~d & ~o & ~t), 
	Label: False
2023-10-25 14:30:09.298 | DEBUG    | translate:union_product:309 - [('1', '1', '1', '1')] 
	Guard: ('t & (d | o)', 'd & ~o', 't & ~d & ~o', 'd & ~o & ~t'), 
	LabelJoin: (t & (d | o)) & (d & ~o) & (t & ~d & ~o) & (d & ~o & ~t), 
	Label: False
2023-10-25 14:30:09.312 | DEBUG    | translate:union_product:309 - [('1', '1', '1', '1')] 
	Guard: ('t & (d | o)', 'd & ~o', 't & ~d & ~o', 'o & ~d & ~t'), 
	LabelJoin: (t & (d | o)) & (d & ~o) & (t & ~d & ~o) & (o & ~d & ~t), 
	Label: False
2023-10-25 14:30:09.331 | DEBUG    | translate:union_product:309 - [('1', '1', '1', '1')] 
	Guard: ('t & (d | o)', 'd & ~o', 't & ~d & ~o', 't | (d & o)'), 
	LabelJoin: (t & (d | o)) & (d & ~o) & (t & ~d & ~o) & (t | (d & o)), 
	Label: False
2023-10-25 14:30:09.362 | DEBUG    | translate:union_product:309 - [('1', '1', '1', '1')] 
	Guard: ('t & (d | o)', 'd & ~o', '~d & ~o & ~t', '~d & ~o & ~t'), 
	LabelJoin: (t & (d | o)) & (d & ~o) & (~d & ~o & ~t) & (~d & ~o & ~t), 
	Label: False
2023-10-25 14:30:09.376 | DEBUG    | translate:union_product:309 - [('1', '1', '1', '1')] 
	Guard: ('t & (d | o)', 'd & ~o', '~d & ~o & ~t', 'd & ~o & ~t'), 
	LabelJoin: (t & (d | o)) & (d & ~o) & (~d & ~o & ~t) & (d & ~o & ~t), 
	Label: False
2023-10-25 14:30:09.394 | DEBUG    | translate:union_product:309 - [('1', '1', '1', '1')] 
	Guard: ('t & (d | o)', 'd & ~o', '~d & ~o & ~t', 'o & ~d & ~t'), 
	LabelJoin: (t & (d | o)) & (d & ~o) & (~d & ~o & ~t) & (o & ~d & ~t), 
	Label: False
2023-10-25 14:30:09.413 | DEBUG    | translate:union_product:309 - [('1', '1', '1', '1')] 
	Guard: ('t & (d | o)', 'd & ~o', '~d & ~o & ~t', 't | (d & o)'), 
	LabelJoin: (t & (d | o)) & (d & ~o) & (~d & ~o & ~t) & (t | (d & o)), 
	Label: False
2023-10-25 14:30:09.426 | DEBUG    | translate:union_product:309 - [('1', '1', '1', '1')] 
	Guard: ('t & (d | o)', 'd & ~o', 'd | o', '~d & ~o & ~t'), 
	LabelJoin: (t & (d | o)) & (d & ~o) & (d | o) & (~d & ~o & ~t), 
	Label: False
2023-10-25 14:30:09.437 | DEBUG    | translate:union_product:309 - [('1', '1', '1', '1')] 
	Guard: ('t & (d | o)', 'd & ~o', 'd | o', 'd & ~o & ~t'), 
	LabelJoin: (t & (d | o)) & (d & ~o) & (d | o) & (d & ~o & ~t), 
	Label: False
2023-10-25 14:30:09.450 | DEBUG    | translate:union_product:309 - [('1', '1', '1', '1')] 
	Guard: ('t & (d | o)', 'd & ~o', 'd | o', 'o & ~d & ~t'), 
	LabelJoin: (t & (d | o)) & (d & ~o) & (d | o) & (o & ~d & ~t), 
	Label: False
2023-10-25 14:30:09.468 | DEBUG    | translate:union_product:309 - [('1', '1', '1', '1')] 
	Guard: ('t & (d | o)', 'd & ~o', 'd | o', 't | (d & o)'), 
	LabelJoin: (t & (d | o)) & (d & ~o) & (d | o) & (t | (d & o)), 
	Label: d & t & ~o
2023-10-25 14:30:09.482 | DEBUG    | translate:union_product:309 - [('1', '1', '1', '1')] 
	Guard: ('t & (d | o)', 'd & o', 't & ~d & ~o', '~d & ~o & ~t'), 
	LabelJoin: (t & (d | o)) & (d & o) & (t & ~d & ~o) & (~d & ~o & ~t), 
	Label: False
2023-10-25 14:30:09.495 | DEBUG    | translate:union_product:309 - [('1', '1', '1', '1')] 
	Guard: ('t & (d | o)', 'd & o', 't & ~d & ~o', 'd & ~o & ~t'), 
	LabelJoin: (t & (d | o)) & (d & o) & (t & ~d & ~o) & (d & ~o & ~t), 
	Label: False
2023-10-25 14:30:09.509 | DEBUG    | translate:union_product:309 - [('1', '1', '1', '1')] 
	Guard: ('t & (d | o)', 'd & o', 't & ~d & ~o', 'o & ~d & ~t'), 
	LabelJoin: (t & (d | o)) & (d & o) & (t & ~d & ~o) & (o & ~d & ~t), 
	Label: False
2023-10-25 14:30:09.528 | DEBUG    | translate:union_product:309 - [('1', '1', '1', '1')] 
	Guard: ('t & (d | o)', 'd & o', 't & ~d & ~o', 't | (d & o)'), 
	LabelJoin: (t & (d | o)) & (d & o) & (t & ~d & ~o) & (t | (d & o)), 
	Label: False
2023-10-25 14:30:09.550 | DEBUG    | translate:union_product:309 - [('1', '1', '1', '1')] 
	Guard: ('t & (d | o)', 'd & o', '~d & ~o & ~t', '~d & ~o & ~t'), 
	LabelJoin: (t & (d | o)) & (d & o) & (~d & ~o & ~t) & (~d & ~o & ~t), 
	Label: False
2023-10-25 14:30:09.563 | DEBUG    | translate:union_product:309 - [('1', '1', '1', '1')] 
	Guard: ('t & (d | o)', 'd & o', '~d & ~o & ~t', 'd & ~o & ~t'), 
	LabelJoin: (t & (d | o)) & (d & o) & (~d & ~o & ~t) & (d & ~o & ~t), 
	Label: False
2023-10-25 14:30:09.588 | DEBUG    | translate:union_product:309 - [('1', '1', '1', '1')] 
	Guard: ('t & (d | o)', 'd & o', '~d & ~o & ~t', 'o & ~d & ~t'), 
	LabelJoin: (t & (d | o)) & (d & o) & (~d & ~o & ~t) & (o & ~d & ~t), 
	Label: False
2023-10-25 14:30:09.607 | DEBUG    | translate:union_product:309 - [('1', '1', '1', '1')] 
	Guard: ('t & (d | o)', 'd & o', '~d & ~o & ~t', 't | (d & o)'), 
	LabelJoin: (t & (d | o)) & (d & o) & (~d & ~o & ~t) & (t | (d & o)), 
	Label: False
2023-10-25 14:30:09.622 | DEBUG    | translate:union_product:309 - [('1', '1', '1', '1')] 
	Guard: ('t & (d | o)', 'd & o', 'd | o', '~d & ~o & ~t'), 
	LabelJoin: (t & (d | o)) & (d & o) & (d | o) & (~d & ~o & ~t), 
	Label: False
2023-10-25 14:30:09.633 | DEBUG    | translate:union_product:309 - [('1', '1', '1', '1')] 
	Guard: ('t & (d | o)', 'd & o', 'd | o', 'd & ~o & ~t'), 
	LabelJoin: (t & (d | o)) & (d & o) & (d | o) & (d & ~o & ~t), 
	Label: False
2023-10-25 14:30:09.653 | DEBUG    | translate:union_product:309 - [('1', '1', '1', '1')] 
	Guard: ('t & (d | o)', 'd & o', 'd | o', 'o & ~d & ~t'), 
	LabelJoin: (t & (d | o)) & (d & o) & (d | o) & (o & ~d & ~t), 
	Label: False
2023-10-25 14:30:09.670 | DEBUG    | translate:union_product:309 - [('1', '1', '1', '1')] 
	Guard: ('t & (d | o)', 'd & o', 'd | o', 't | (d & o)'), 
	LabelJoin: (t & (d | o)) & (d & o) & (d | o) & (t | (d & o)), 
	Label: d & o & t
2023-10-25 14:30:09.693 | DEBUG    | translate:union_product:309 - [('1', '1', '1', '1')] 
	Guard: ('t & (d | o)', 't & ~d & ~o', 't & ~d & ~o', '~d & ~o & ~t'), 
	LabelJoin: (t & (d | o)) & (t & ~d & ~o) & (t & ~d & ~o) & (~d & ~o & ~t), 
	Label: False
2023-10-25 14:30:09.706 | DEBUG    | translate:union_product:309 - [('1', '1', '1', '1')] 
	Guard: ('t & (d | o)', 't & ~d & ~o', 't & ~d & ~o', 'd & ~o & ~t'), 
	LabelJoin: (t & (d | o)) & (t & ~d & ~o) & (t & ~d & ~o) & (d & ~o & ~t), 
	Label: False
2023-10-25 14:30:09.720 | DEBUG    | translate:union_product:309 - [('1', '1', '1', '1')] 
	Guard: ('t & (d | o)', 't & ~d & ~o', 't & ~d & ~o', 'o & ~d & ~t'), 
	LabelJoin: (t & (d | o)) & (t & ~d & ~o) & (t & ~d & ~o) & (o & ~d & ~t), 
	Label: False
2023-10-25 14:30:09.739 | DEBUG    | translate:union_product:309 - [('1', '1', '1', '1')] 
	Guard: ('t & (d | o)', 't & ~d & ~o', 't & ~d & ~o', 't | (d & o)'), 
	LabelJoin: (t & (d | o)) & (t & ~d & ~o) & (t & ~d & ~o) & (t | (d & o)), 
	Label: False
2023-10-25 14:30:09.753 | DEBUG    | translate:union_product:309 - [('1', '1', '1', '1')] 
	Guard: ('t & (d | o)', 't & ~d & ~o', '~d & ~o & ~t', '~d & ~o & ~t'), 
	LabelJoin: (t & (d | o)) & (t & ~d & ~o) & (~d & ~o & ~t) & (~d & ~o & ~t), 
	Label: False
2023-10-25 14:30:09.767 | DEBUG    | translate:union_product:309 - [('1', '1', '1', '1')] 
	Guard: ('t & (d | o)', 't & ~d & ~o', '~d & ~o & ~t', 'd & ~o & ~t'), 
	LabelJoin: (t & (d | o)) & (t & ~d & ~o) & (~d & ~o & ~t) & (d & ~o & ~t), 
	Label: False
2023-10-25 14:30:09.781 | DEBUG    | translate:union_product:309 - [('1', '1', '1', '1')] 
	Guard: ('t & (d | o)', 't & ~d & ~o', '~d & ~o & ~t', 'o & ~d & ~t'), 
	LabelJoin: (t & (d | o)) & (t & ~d & ~o) & (~d & ~o & ~t) & (o & ~d & ~t), 
	Label: False
2023-10-25 14:30:09.800 | DEBUG    | translate:union_product:309 - [('1', '1', '1', '1')] 
	Guard: ('t & (d | o)', 't & ~d & ~o', '~d & ~o & ~t', 't | (d & o)'), 
	LabelJoin: (t & (d | o)) & (t & ~d & ~o) & (~d & ~o & ~t) & (t | (d & o)), 
	Label: False
2023-10-25 14:30:09.823 | DEBUG    | translate:union_product:309 - [('1', '1', '1', '1')] 
	Guard: ('t & (d | o)', 't & ~d & ~o', 'd | o', '~d & ~o & ~t'), 
	LabelJoin: (t & (d | o)) & (t & ~d & ~o) & (d | o) & (~d & ~o & ~t), 
	Label: False
2023-10-25 14:30:09.841 | DEBUG    | translate:union_product:309 - [('1', '1', '1', '1')] 
	Guard: ('t & (d | o)', 't & ~d & ~o', 'd | o', 'd & ~o & ~t'), 
	LabelJoin: (t & (d | o)) & (t & ~d & ~o) & (d | o) & (d & ~o & ~t), 
	Label: False
2023-10-25 14:30:09.855 | DEBUG    | translate:union_product:309 - [('1', '1', '1', '1')] 
	Guard: ('t & (d | o)', 't & ~d & ~o', 'd | o', 'o & ~d & ~t'), 
	LabelJoin: (t & (d | o)) & (t & ~d & ~o) & (d | o) & (o & ~d & ~t), 
	Label: False
2023-10-25 14:30:09.873 | DEBUG    | translate:union_product:309 - [('1', '1', '1', '1')] 
	Guard: ('t & (d | o)', 't & ~d & ~o', 'd | o', 't | (d & o)'), 
	LabelJoin: (t & (d | o)) & (t & ~d & ~o) & (d | o) & (t | (d & o)), 
	Label: False
2023-10-25 14:30:09.885 | DEBUG    | translate:union_product:309 - [('1', '1', '1', '1')] 
	Guard: ('~d & ~o & ~t', '~d & ~o & ~t', 't & ~d & ~o', '~d & ~o & ~t'), 
	LabelJoin: (~d & ~o & ~t) & (~d & ~o & ~t) & (t & ~d & ~o) & (~d & ~o & ~t), 
	Label: False
2023-10-25 14:30:09.897 | DEBUG    | translate:union_product:309 - [('1', '1', '1', '1')] 
	Guard: ('~d & ~o & ~t', '~d & ~o & ~t', 't & ~d & ~o', 'd & ~o & ~t'), 
	LabelJoin: (~d & ~o & ~t) & (~d & ~o & ~t) & (t & ~d & ~o) & (d & ~o & ~t), 
	Label: False
2023-10-25 14:30:09.909 | DEBUG    | translate:union_product:309 - [('1', '1', '1', '1')] 
	Guard: ('~d & ~o & ~t', '~d & ~o & ~t', 't & ~d & ~o', 'o & ~d & ~t'), 
	LabelJoin: (~d & ~o & ~t) & (~d & ~o & ~t) & (t & ~d & ~o) & (o & ~d & ~t), 
	Label: False
2023-10-25 14:30:09.926 | DEBUG    | translate:union_product:309 - [('1', '1', '1', '1')] 
	Guard: ('~d & ~o & ~t', '~d & ~o & ~t', 't & ~d & ~o', 't | (d & o)'), 
	LabelJoin: (~d & ~o & ~t) & (~d & ~o & ~t) & (t & ~d & ~o) & (t | (d & o)), 
	Label: False
2023-10-25 14:30:09.940 | DEBUG    | translate:union_product:309 - [('1', '1', '1', '1')] 
	Guard: ('~d & ~o & ~t', '~d & ~o & ~t', '~d & ~o & ~t', '~d & ~o & ~t'), 
	LabelJoin: (~d & ~o & ~t) & (~d & ~o & ~t) & (~d & ~o & ~t) & (~d & ~o & ~t), 
	Label: ~d & ~o & ~t
2023-10-25 14:30:09.953 | DEBUG    | translate:union_product:309 - [('1', '1', '1', '1')] 
	Guard: ('~d & ~o & ~t', '~d & ~o & ~t', '~d & ~o & ~t', 'd & ~o & ~t'), 
	LabelJoin: (~d & ~o & ~t) & (~d & ~o & ~t) & (~d & ~o & ~t) & (d & ~o & ~t), 
	Label: False
2023-10-25 14:30:09.967 | DEBUG    | translate:union_product:309 - [('1', '1', '1', '1')] 
	Guard: ('~d & ~o & ~t', '~d & ~o & ~t', '~d & ~o & ~t', 'o & ~d & ~t'), 
	LabelJoin: (~d & ~o & ~t) & (~d & ~o & ~t) & (~d & ~o & ~t) & (o & ~d & ~t), 
	Label: False
2023-10-25 14:30:09.996 | DEBUG    | translate:union_product:309 - [('1', '1', '1', '1')] 
	Guard: ('~d & ~o & ~t', '~d & ~o & ~t', '~d & ~o & ~t', 't | (d & o)'), 
	LabelJoin: (~d & ~o & ~t) & (~d & ~o & ~t) & (~d & ~o & ~t) & (t | (d & o)), 
	Label: False
2023-10-25 14:30:10.011 | DEBUG    | translate:union_product:309 - [('1', '1', '1', '1')] 
	Guard: ('~d & ~o & ~t', '~d & ~o & ~t', 'd | o', '~d & ~o & ~t'), 
	LabelJoin: (~d & ~o & ~t) & (~d & ~o & ~t) & (d | o) & (~d & ~o & ~t), 
	Label: False
2023-10-25 14:30:10.026 | DEBUG    | translate:union_product:309 - [('1', '1', '1', '1')] 
	Guard: ('~d & ~o & ~t', '~d & ~o & ~t', 'd | o', 'd & ~o & ~t'), 
	LabelJoin: (~d & ~o & ~t) & (~d & ~o & ~t) & (d | o) & (d & ~o & ~t), 
	Label: False
2023-10-25 14:30:10.041 | DEBUG    | translate:union_product:309 - [('1', '1', '1', '1')] 
	Guard: ('~d & ~o & ~t', '~d & ~o & ~t', 'd | o', 'o & ~d & ~t'), 
	LabelJoin: (~d & ~o & ~t) & (~d & ~o & ~t) & (d | o) & (o & ~d & ~t), 
	Label: False
2023-10-25 14:30:10.061 | DEBUG    | translate:union_product:309 - [('1', '1', '1', '1')] 
	Guard: ('~d & ~o & ~t', '~d & ~o & ~t', 'd | o', 't | (d & o)'), 
	LabelJoin: (~d & ~o & ~t) & (~d & ~o & ~t) & (d | o) & (t | (d & o)), 
	Label: False
2023-10-25 14:30:10.072 | DEBUG    | translate:union_product:309 - [('1', '1', '1', '1')] 
	Guard: ('~d & ~o & ~t', 'o & ~d', 't & ~d & ~o', '~d & ~o & ~t'), 
	LabelJoin: (~d & ~o & ~t) & (o & ~d) & (t & ~d & ~o) & (~d & ~o & ~t), 
	Label: False
2023-10-25 14:30:10.084 | DEBUG    | translate:union_product:309 - [('1', '1', '1', '1')] 
	Guard: ('~d & ~o & ~t', 'o & ~d', 't & ~d & ~o', 'd & ~o & ~t'), 
	LabelJoin: (~d & ~o & ~t) & (o & ~d) & (t & ~d & ~o) & (d & ~o & ~t), 
	Label: False
2023-10-25 14:30:10.095 | DEBUG    | translate:union_product:309 - [('1', '1', '1', '1')] 
	Guard: ('~d & ~o & ~t', 'o & ~d', 't & ~d & ~o', 'o & ~d & ~t'), 
	LabelJoin: (~d & ~o & ~t) & (o & ~d) & (t & ~d & ~o) & (o & ~d & ~t), 
	Label: False
2023-10-25 14:30:10.112 | DEBUG    | translate:union_product:309 - [('1', '1', '1', '1')] 
	Guard: ('~d & ~o & ~t', 'o & ~d', 't & ~d & ~o', 't | (d & o)'), 
	LabelJoin: (~d & ~o & ~t) & (o & ~d) & (t & ~d & ~o) & (t | (d & o)), 
	Label: False
2023-10-25 14:30:10.139 | DEBUG    | translate:union_product:309 - [('1', '1', '1', '1')] 
	Guard: ('~d & ~o & ~t', 'o & ~d', '~d & ~o & ~t', '~d & ~o & ~t'), 
	LabelJoin: (~d & ~o & ~t) & (o & ~d) & (~d & ~o & ~t) & (~d & ~o & ~t), 
	Label: False
2023-10-25 14:30:10.151 | DEBUG    | translate:union_product:309 - [('1', '1', '1', '1')] 
	Guard: ('~d & ~o & ~t', 'o & ~d', '~d & ~o & ~t', 'd & ~o & ~t'), 
	LabelJoin: (~d & ~o & ~t) & (o & ~d) & (~d & ~o & ~t) & (d & ~o & ~t), 
	Label: False
2023-10-25 14:30:10.163 | DEBUG    | translate:union_product:309 - [('1', '1', '1', '1')] 
	Guard: ('~d & ~o & ~t', 'o & ~d', '~d & ~o & ~t', 'o & ~d & ~t'), 
	LabelJoin: (~d & ~o & ~t) & (o & ~d) & (~d & ~o & ~t) & (o & ~d & ~t), 
	Label: False
2023-10-25 14:30:10.180 | DEBUG    | translate:union_product:309 - [('1', '1', '1', '1')] 
	Guard: ('~d & ~o & ~t', 'o & ~d', '~d & ~o & ~t', 't | (d & o)'), 
	LabelJoin: (~d & ~o & ~t) & (o & ~d) & (~d & ~o & ~t) & (t | (d & o)), 
	Label: False
2023-10-25 14:30:10.204 | DEBUG    | translate:union_product:309 - [('1', '1', '1', '1')] 
	Guard: ('~d & ~o & ~t', 'o & ~d', 'd | o', '~d & ~o & ~t'), 
	LabelJoin: (~d & ~o & ~t) & (o & ~d) & (d | o) & (~d & ~o & ~t), 
	Label: False
2023-10-25 14:30:10.219 | DEBUG    | translate:union_product:309 - [('1', '1', '1', '1')] 
	Guard: ('~d & ~o & ~t', 'o & ~d', 'd | o', 'd & ~o & ~t'), 
	LabelJoin: (~d & ~o & ~t) & (o & ~d) & (d | o) & (d & ~o & ~t), 
	Label: False
2023-10-25 14:30:10.248 | DEBUG    | translate:union_product:309 - [('1', '1', '1', '1')] 
	Guard: ('~d & ~o & ~t', 'o & ~d', 'd | o', 'o & ~d & ~t'), 
	LabelJoin: (~d & ~o & ~t) & (o & ~d) & (d | o) & (o & ~d & ~t), 
	Label: False
2023-10-25 14:30:10.271 | DEBUG    | translate:union_product:309 - [('1', '1', '1', '1')] 
	Guard: ('~d & ~o & ~t', 'o & ~d', 'd | o', 't | (d & o)'), 
	LabelJoin: (~d & ~o & ~t) & (o & ~d) & (d | o) & (t | (d & o)), 
	Label: False
2023-10-25 14:30:10.288 | DEBUG    | translate:union_product:309 - [('1', '1', '1', '1')] 
	Guard: ('~d & ~o & ~t', 'd & ~o', 't & ~d & ~o', '~d & ~o & ~t'), 
	LabelJoin: (~d & ~o & ~t) & (d & ~o) & (t & ~d & ~o) & (~d & ~o & ~t), 
	Label: False
2023-10-25 14:30:10.308 | DEBUG    | translate:union_product:309 - [('1', '1', '1', '1')] 
	Guard: ('~d & ~o & ~t', 'd & ~o', 't & ~d & ~o', 'd & ~o & ~t'), 
	LabelJoin: (~d & ~o & ~t) & (d & ~o) & (t & ~d & ~o) & (d & ~o & ~t), 
	Label: False
2023-10-25 14:30:10.321 | DEBUG    | translate:union_product:309 - [('1', '1', '1', '1')] 
	Guard: ('~d & ~o & ~t', 'd & ~o', 't & ~d & ~o', 'o & ~d & ~t'), 
	LabelJoin: (~d & ~o & ~t) & (d & ~o) & (t & ~d & ~o) & (o & ~d & ~t), 
	Label: False
2023-10-25 14:30:10.338 | DEBUG    | translate:union_product:309 - [('1', '1', '1', '1')] 
	Guard: ('~d & ~o & ~t', 'd & ~o', 't & ~d & ~o', 't | (d & o)'), 
	LabelJoin: (~d & ~o & ~t) & (d & ~o) & (t & ~d & ~o) & (t | (d & o)), 
	Label: False
2023-10-25 14:30:10.350 | DEBUG    | translate:union_product:309 - [('1', '1', '1', '1')] 
	Guard: ('~d & ~o & ~t', 'd & ~o', '~d & ~o & ~t', '~d & ~o & ~t'), 
	LabelJoin: (~d & ~o & ~t) & (d & ~o) & (~d & ~o & ~t) & (~d & ~o & ~t), 
	Label: False
2023-10-25 14:30:10.363 | DEBUG    | translate:union_product:309 - [('1', '1', '1', '1')] 
	Guard: ('~d & ~o & ~t', 'd & ~o', '~d & ~o & ~t', 'd & ~o & ~t'), 
	LabelJoin: (~d & ~o & ~t) & (d & ~o) & (~d & ~o & ~t) & (d & ~o & ~t), 
	Label: False
2023-10-25 14:30:10.375 | DEBUG    | translate:union_product:309 - [('1', '1', '1', '1')] 
	Guard: ('~d & ~o & ~t', 'd & ~o', '~d & ~o & ~t', 'o & ~d & ~t'), 
	LabelJoin: (~d & ~o & ~t) & (d & ~o) & (~d & ~o & ~t) & (o & ~d & ~t), 
	Label: False
2023-10-25 14:30:10.393 | DEBUG    | translate:union_product:309 - [('1', '1', '1', '1')] 
	Guard: ('~d & ~o & ~t', 'd & ~o', '~d & ~o & ~t', 't | (d & o)'), 
	LabelJoin: (~d & ~o & ~t) & (d & ~o) & (~d & ~o & ~t) & (t | (d & o)), 
	Label: False
2023-10-25 14:30:10.416 | DEBUG    | translate:union_product:309 - [('1', '1', '1', '1')] 
	Guard: ('~d & ~o & ~t', 'd & ~o', 'd | o', '~d & ~o & ~t'), 
	LabelJoin: (~d & ~o & ~t) & (d & ~o) & (d | o) & (~d & ~o & ~t), 
	Label: False
2023-10-25 14:30:10.430 | DEBUG    | translate:union_product:309 - [('1', '1', '1', '1')] 
	Guard: ('~d & ~o & ~t', 'd & ~o', 'd | o', 'd & ~o & ~t'), 
	LabelJoin: (~d & ~o & ~t) & (d & ~o) & (d | o) & (d & ~o & ~t), 
	Label: False
2023-10-25 14:30:10.445 | DEBUG    | translate:union_product:309 - [('1', '1', '1', '1')] 
	Guard: ('~d & ~o & ~t', 'd & ~o', 'd | o', 'o & ~d & ~t'), 
	LabelJoin: (~d & ~o & ~t) & (d & ~o) & (d | o) & (o & ~d & ~t), 
	Label: False
2023-10-25 14:30:10.464 | DEBUG    | translate:union_product:309 - [('1', '1', '1', '1')] 
	Guard: ('~d & ~o & ~t', 'd & ~o', 'd | o', 't | (d & o)'), 
	LabelJoin: (~d & ~o & ~t) & (d & ~o) & (d | o) & (t | (d & o)), 
	Label: False
2023-10-25 14:30:10.476 | DEBUG    | translate:union_product:309 - [('1', '1', '1', '1')] 
	Guard: ('~d & ~o & ~t', 'd & o', 't & ~d & ~o', '~d & ~o & ~t'), 
	LabelJoin: (~d & ~o & ~t) & (d & o) & (t & ~d & ~o) & (~d & ~o & ~t), 
	Label: False
2023-10-25 14:30:10.489 | DEBUG    | translate:union_product:309 - [('1', '1', '1', '1')] 
	Guard: ('~d & ~o & ~t', 'd & o', 't & ~d & ~o', 'd & ~o & ~t'), 
	LabelJoin: (~d & ~o & ~t) & (d & o) & (t & ~d & ~o) & (d & ~o & ~t), 
	Label: False
2023-10-25 14:30:10.501 | DEBUG    | translate:union_product:309 - [('1', '1', '1', '1')] 
	Guard: ('~d & ~o & ~t', 'd & o', 't & ~d & ~o', 'o & ~d & ~t'), 
	LabelJoin: (~d & ~o & ~t) & (d & o) & (t & ~d & ~o) & (o & ~d & ~t), 
	Label: False
2023-10-25 14:30:10.519 | DEBUG    | translate:union_product:309 - [('1', '1', '1', '1')] 
	Guard: ('~d & ~o & ~t', 'd & o', 't & ~d & ~o', 't | (d & o)'), 
	LabelJoin: (~d & ~o & ~t) & (d & o) & (t & ~d & ~o) & (t | (d & o)), 
	Label: False
2023-10-25 14:30:10.532 | DEBUG    | translate:union_product:309 - [('1', '1', '1', '1')] 
	Guard: ('~d & ~o & ~t', 'd & o', '~d & ~o & ~t', '~d & ~o & ~t'), 
	LabelJoin: (~d & ~o & ~t) & (d & o) & (~d & ~o & ~t) & (~d & ~o & ~t), 
	Label: False
2023-10-25 14:30:10.544 | DEBUG    | translate:union_product:309 - [('1', '1', '1', '1')] 
	Guard: ('~d & ~o & ~t', 'd & o', '~d & ~o & ~t', 'd & ~o & ~t'), 
	LabelJoin: (~d & ~o & ~t) & (d & o) & (~d & ~o & ~t) & (d & ~o & ~t), 
	Label: False
2023-10-25 14:30:10.557 | DEBUG    | translate:union_product:309 - [('1', '1', '1', '1')] 
	Guard: ('~d & ~o & ~t', 'd & o', '~d & ~o & ~t', 'o & ~d & ~t'), 
	LabelJoin: (~d & ~o & ~t) & (d & o) & (~d & ~o & ~t) & (o & ~d & ~t), 
	Label: False
2023-10-25 14:30:10.575 | DEBUG    | translate:union_product:309 - [('1', '1', '1', '1')] 
	Guard: ('~d & ~o & ~t', 'd & o', '~d & ~o & ~t', 't | (d & o)'), 
	LabelJoin: (~d & ~o & ~t) & (d & o) & (~d & ~o & ~t) & (t | (d & o)), 
	Label: False
2023-10-25 14:30:10.590 | DEBUG    | translate:union_product:309 - [('1', '1', '1', '1')] 
	Guard: ('~d & ~o & ~t', 'd & o', 'd | o', '~d & ~o & ~t'), 
	LabelJoin: (~d & ~o & ~t) & (d & o) & (d | o) & (~d & ~o & ~t), 
	Label: False
2023-10-25 14:30:10.605 | DEBUG    | translate:union_product:309 - [('1', '1', '1', '1')] 
	Guard: ('~d & ~o & ~t', 'd & o', 'd | o', 'd & ~o & ~t'), 
	LabelJoin: (~d & ~o & ~t) & (d & o) & (d | o) & (d & ~o & ~t), 
	Label: False
2023-10-25 14:30:10.619 | DEBUG    | translate:union_product:309 - [('1', '1', '1', '1')] 
	Guard: ('~d & ~o & ~t', 'd & o', 'd | o', 'o & ~d & ~t'), 
	LabelJoin: (~d & ~o & ~t) & (d & o) & (d | o) & (o & ~d & ~t), 
	Label: False
2023-10-25 14:30:10.649 | DEBUG    | translate:union_product:309 - [('1', '1', '1', '1')] 
	Guard: ('~d & ~o & ~t', 'd & o', 'd | o', 't | (d & o)'), 
	LabelJoin: (~d & ~o & ~t) & (d & o) & (d | o) & (t | (d & o)), 
	Label: False
2023-10-25 14:30:10.661 | DEBUG    | translate:union_product:309 - [('1', '1', '1', '1')] 
	Guard: ('~d & ~o & ~t', 't & ~d & ~o', 't & ~d & ~o', '~d & ~o & ~t'), 
	LabelJoin: (~d & ~o & ~t) & (t & ~d & ~o) & (t & ~d & ~o) & (~d & ~o & ~t), 
	Label: False
2023-10-25 14:30:10.673 | DEBUG    | translate:union_product:309 - [('1', '1', '1', '1')] 
	Guard: ('~d & ~o & ~t', 't & ~d & ~o', 't & ~d & ~o', 'd & ~o & ~t'), 
	LabelJoin: (~d & ~o & ~t) & (t & ~d & ~o) & (t & ~d & ~o) & (d & ~o & ~t), 
	Label: False
2023-10-25 14:30:10.684 | DEBUG    | translate:union_product:309 - [('1', '1', '1', '1')] 
	Guard: ('~d & ~o & ~t', 't & ~d & ~o', 't & ~d & ~o', 'o & ~d & ~t'), 
	LabelJoin: (~d & ~o & ~t) & (t & ~d & ~o) & (t & ~d & ~o) & (o & ~d & ~t), 
	Label: False
2023-10-25 14:30:10.701 | DEBUG    | translate:union_product:309 - [('1', '1', '1', '1')] 
	Guard: ('~d & ~o & ~t', 't & ~d & ~o', 't & ~d & ~o', 't | (d & o)'), 
	LabelJoin: (~d & ~o & ~t) & (t & ~d & ~o) & (t & ~d & ~o) & (t | (d & o)), 
	Label: False
2023-10-25 14:30:10.713 | DEBUG    | translate:union_product:309 - [('1', '1', '1', '1')] 
	Guard: ('~d & ~o & ~t', 't & ~d & ~o', '~d & ~o & ~t', '~d & ~o & ~t'), 
	LabelJoin: (~d & ~o & ~t) & (t & ~d & ~o) & (~d & ~o & ~t) & (~d & ~o & ~t), 
	Label: False
2023-10-25 14:30:10.725 | DEBUG    | translate:union_product:309 - [('1', '1', '1', '1')] 
	Guard: ('~d & ~o & ~t', 't & ~d & ~o', '~d & ~o & ~t', 'd & ~o & ~t'), 
	LabelJoin: (~d & ~o & ~t) & (t & ~d & ~o) & (~d & ~o & ~t) & (d & ~o & ~t), 
	Label: False
2023-10-25 14:30:10.737 | DEBUG    | translate:union_product:309 - [('1', '1', '1', '1')] 
	Guard: ('~d & ~o & ~t', 't & ~d & ~o', '~d & ~o & ~t', 'o & ~d & ~t'), 
	LabelJoin: (~d & ~o & ~t) & (t & ~d & ~o) & (~d & ~o & ~t) & (o & ~d & ~t), 
	Label: False
2023-10-25 14:30:10.754 | DEBUG    | translate:union_product:309 - [('1', '1', '1', '1')] 
	Guard: ('~d & ~o & ~t', 't & ~d & ~o', '~d & ~o & ~t', 't | (d & o)'), 
	LabelJoin: (~d & ~o & ~t) & (t & ~d & ~o) & (~d & ~o & ~t) & (t | (d & o)), 
	Label: False
2023-10-25 14:30:10.768 | DEBUG    | translate:union_product:309 - [('1', '1', '1', '1')] 
	Guard: ('~d & ~o & ~t', 't & ~d & ~o', 'd | o', '~d & ~o & ~t'), 
	LabelJoin: (~d & ~o & ~t) & (t & ~d & ~o) & (d | o) & (~d & ~o & ~t), 
	Label: False
2023-10-25 14:30:10.781 | DEBUG    | translate:union_product:309 - [('1', '1', '1', '1')] 
	Guard: ('~d & ~o & ~t', 't & ~d & ~o', 'd | o', 'd & ~o & ~t'), 
	LabelJoin: (~d & ~o & ~t) & (t & ~d & ~o) & (d | o) & (d & ~o & ~t), 
	Label: False
2023-10-25 14:30:10.797 | DEBUG    | translate:union_product:309 - [('1', '1', '1', '1')] 
	Guard: ('~d & ~o & ~t', 't & ~d & ~o', 'd | o', 'o & ~d & ~t'), 
	LabelJoin: (~d & ~o & ~t) & (t & ~d & ~o) & (d | o) & (o & ~d & ~t), 
	Label: False
2023-10-25 14:30:10.815 | DEBUG    | translate:union_product:309 - [('1', '1', '1', '1')] 
	Guard: ('~d & ~o & ~t', 't & ~d & ~o', 'd | o', 't | (d & o)'), 
	LabelJoin: (~d & ~o & ~t) & (t & ~d & ~o) & (d | o) & (t | (d & o)), 
	Label: False
2023-10-25 14:30:10.827 | DEBUG    | translate:union_product:309 - [('1', '1', '1', '1')] 
	Guard: ('t & ~d & ~o', '~d & ~o & ~t', 't & ~d & ~o', '~d & ~o & ~t'), 
	LabelJoin: (t & ~d & ~o) & (~d & ~o & ~t) & (t & ~d & ~o) & (~d & ~o & ~t), 
	Label: False
2023-10-25 14:30:10.839 | DEBUG    | translate:union_product:309 - [('1', '1', '1', '1')] 
	Guard: ('t & ~d & ~o', '~d & ~o & ~t', 't & ~d & ~o', 'd & ~o & ~t'), 
	LabelJoin: (t & ~d & ~o) & (~d & ~o & ~t) & (t & ~d & ~o) & (d & ~o & ~t), 
	Label: False
2023-10-25 14:30:10.850 | DEBUG    | translate:union_product:309 - [('1', '1', '1', '1')] 
	Guard: ('t & ~d & ~o', '~d & ~o & ~t', 't & ~d & ~o', 'o & ~d & ~t'), 
	LabelJoin: (t & ~d & ~o) & (~d & ~o & ~t) & (t & ~d & ~o) & (o & ~d & ~t), 
	Label: False
2023-10-25 14:30:10.867 | DEBUG    | translate:union_product:309 - [('1', '1', '1', '1')] 
	Guard: ('t & ~d & ~o', '~d & ~o & ~t', 't & ~d & ~o', 't | (d & o)'), 
	LabelJoin: (t & ~d & ~o) & (~d & ~o & ~t) & (t & ~d & ~o) & (t | (d & o)), 
	Label: False
2023-10-25 14:30:10.879 | DEBUG    | translate:union_product:309 - [('1', '1', '1', '1')] 
	Guard: ('t & ~d & ~o', '~d & ~o & ~t', '~d & ~o & ~t', '~d & ~o & ~t'), 
	LabelJoin: (t & ~d & ~o) & (~d & ~o & ~t) & (~d & ~o & ~t) & (~d & ~o & ~t), 
	Label: False
2023-10-25 14:30:10.891 | DEBUG    | translate:union_product:309 - [('1', '1', '1', '1')] 
	Guard: ('t & ~d & ~o', '~d & ~o & ~t', '~d & ~o & ~t', 'd & ~o & ~t'), 
	LabelJoin: (t & ~d & ~o) & (~d & ~o & ~t) & (~d & ~o & ~t) & (d & ~o & ~t), 
	Label: False
2023-10-25 14:30:10.903 | DEBUG    | translate:union_product:309 - [('1', '1', '1', '1')] 
	Guard: ('t & ~d & ~o', '~d & ~o & ~t', '~d & ~o & ~t', 'o & ~d & ~t'), 
	LabelJoin: (t & ~d & ~o) & (~d & ~o & ~t) & (~d & ~o & ~t) & (o & ~d & ~t), 
	Label: False
2023-10-25 14:30:10.919 | DEBUG    | translate:union_product:309 - [('1', '1', '1', '1')] 
	Guard: ('t & ~d & ~o', '~d & ~o & ~t', '~d & ~o & ~t', 't | (d & o)'), 
	LabelJoin: (t & ~d & ~o) & (~d & ~o & ~t) & (~d & ~o & ~t) & (t | (d & o)), 
	Label: False
2023-10-25 14:30:10.933 | DEBUG    | translate:union_product:309 - [('1', '1', '1', '1')] 
	Guard: ('t & ~d & ~o', '~d & ~o & ~t', 'd | o', '~d & ~o & ~t'), 
	LabelJoin: (t & ~d & ~o) & (~d & ~o & ~t) & (d | o) & (~d & ~o & ~t), 
	Label: False
2023-10-25 14:30:10.956 | DEBUG    | translate:union_product:309 - [('1', '1', '1', '1')] 
	Guard: ('t & ~d & ~o', '~d & ~o & ~t', 'd | o', 'd & ~o & ~t'), 
	LabelJoin: (t & ~d & ~o) & (~d & ~o & ~t) & (d | o) & (d & ~o & ~t), 
	Label: False
2023-10-25 14:30:10.970 | DEBUG    | translate:union_product:309 - [('1', '1', '1', '1')] 
	Guard: ('t & ~d & ~o', '~d & ~o & ~t', 'd | o', 'o & ~d & ~t'), 
	LabelJoin: (t & ~d & ~o) & (~d & ~o & ~t) & (d | o) & (o & ~d & ~t), 
	Label: False
2023-10-25 14:30:10.989 | DEBUG    | translate:union_product:309 - [('1', '1', '1', '1')] 
	Guard: ('t & ~d & ~o', '~d & ~o & ~t', 'd | o', 't | (d & o)'), 
	LabelJoin: (t & ~d & ~o) & (~d & ~o & ~t) & (d | o) & (t | (d & o)), 
	Label: False
2023-10-25 14:30:11.000 | DEBUG    | translate:union_product:309 - [('1', '1', '1', '1')] 
	Guard: ('t & ~d & ~o', 'o & ~d', 't & ~d & ~o', '~d & ~o & ~t'), 
	LabelJoin: (t & ~d & ~o) & (o & ~d) & (t & ~d & ~o) & (~d & ~o & ~t), 
	Label: False
2023-10-25 14:30:11.012 | DEBUG    | translate:union_product:309 - [('1', '1', '1', '1')] 
	Guard: ('t & ~d & ~o', 'o & ~d', 't & ~d & ~o', 'd & ~o & ~t'), 
	LabelJoin: (t & ~d & ~o) & (o & ~d) & (t & ~d & ~o) & (d & ~o & ~t), 
	Label: False
2023-10-25 14:30:11.023 | DEBUG    | translate:union_product:309 - [('1', '1', '1', '1')] 
	Guard: ('t & ~d & ~o', 'o & ~d', 't & ~d & ~o', 'o & ~d & ~t'), 
	LabelJoin: (t & ~d & ~o) & (o & ~d) & (t & ~d & ~o) & (o & ~d & ~t), 
	Label: False
2023-10-25 14:30:11.039 | DEBUG    | translate:union_product:309 - [('1', '1', '1', '1')] 
	Guard: ('t & ~d & ~o', 'o & ~d', 't & ~d & ~o', 't | (d & o)'), 
	LabelJoin: (t & ~d & ~o) & (o & ~d) & (t & ~d & ~o) & (t | (d & o)), 
	Label: False
2023-10-25 14:30:11.051 | DEBUG    | translate:union_product:309 - [('1', '1', '1', '1')] 
	Guard: ('t & ~d & ~o', 'o & ~d', '~d & ~o & ~t', '~d & ~o & ~t'), 
	LabelJoin: (t & ~d & ~o) & (o & ~d) & (~d & ~o & ~t) & (~d & ~o & ~t), 
	Label: False
2023-10-25 14:30:11.063 | DEBUG    | translate:union_product:309 - [('1', '1', '1', '1')] 
	Guard: ('t & ~d & ~o', 'o & ~d', '~d & ~o & ~t', 'd & ~o & ~t'), 
	LabelJoin: (t & ~d & ~o) & (o & ~d) & (~d & ~o & ~t) & (d & ~o & ~t), 
	Label: False
2023-10-25 14:30:11.074 | DEBUG    | translate:union_product:309 - [('1', '1', '1', '1')] 
	Guard: ('t & ~d & ~o', 'o & ~d', '~d & ~o & ~t', 'o & ~d & ~t'), 
	LabelJoin: (t & ~d & ~o) & (o & ~d) & (~d & ~o & ~t) & (o & ~d & ~t), 
	Label: False
2023-10-25 14:30:11.091 | DEBUG    | translate:union_product:309 - [('1', '1', '1', '1')] 
	Guard: ('t & ~d & ~o', 'o & ~d', '~d & ~o & ~t', 't | (d & o)'), 
	LabelJoin: (t & ~d & ~o) & (o & ~d) & (~d & ~o & ~t) & (t | (d & o)), 
	Label: False
2023-10-25 14:30:11.104 | DEBUG    | translate:union_product:309 - [('1', '1', '1', '1')] 
	Guard: ('t & ~d & ~o', 'o & ~d', 'd | o', '~d & ~o & ~t'), 
	LabelJoin: (t & ~d & ~o) & (o & ~d) & (d | o) & (~d & ~o & ~t), 
	Label: False
2023-10-25 14:30:11.117 | DEBUG    | translate:union_product:309 - [('1', '1', '1', '1')] 
	Guard: ('t & ~d & ~o', 'o & ~d', 'd | o', 'd & ~o & ~t'), 
	LabelJoin: (t & ~d & ~o) & (o & ~d) & (d | o) & (d & ~o & ~t), 
	Label: False
2023-10-25 14:30:11.130 | DEBUG    | translate:union_product:309 - [('1', '1', '1', '1')] 
	Guard: ('t & ~d & ~o', 'o & ~d', 'd | o', 'o & ~d & ~t'), 
	LabelJoin: (t & ~d & ~o) & (o & ~d) & (d | o) & (o & ~d & ~t), 
	Label: False
2023-10-25 14:30:11.149 | DEBUG    | translate:union_product:309 - [('1', '1', '1', '1')] 
	Guard: ('t & ~d & ~o', 'o & ~d', 'd | o', 't | (d & o)'), 
	LabelJoin: (t & ~d & ~o) & (o & ~d) & (d | o) & (t | (d & o)), 
	Label: False
2023-10-25 14:30:11.160 | DEBUG    | translate:union_product:309 - [('1', '1', '1', '1')] 
	Guard: ('t & ~d & ~o', 'd & ~o', 't & ~d & ~o', '~d & ~o & ~t'), 
	LabelJoin: (t & ~d & ~o) & (d & ~o) & (t & ~d & ~o) & (~d & ~o & ~t), 
	Label: False
2023-10-25 14:30:11.171 | DEBUG    | translate:union_product:309 - [('1', '1', '1', '1')] 
	Guard: ('t & ~d & ~o', 'd & ~o', 't & ~d & ~o', 'd & ~o & ~t'), 
	LabelJoin: (t & ~d & ~o) & (d & ~o) & (t & ~d & ~o) & (d & ~o & ~t), 
	Label: False
2023-10-25 14:30:11.183 | DEBUG    | translate:union_product:309 - [('1', '1', '1', '1')] 
	Guard: ('t & ~d & ~o', 'd & ~o', 't & ~d & ~o', 'o & ~d & ~t'), 
	LabelJoin: (t & ~d & ~o) & (d & ~o) & (t & ~d & ~o) & (o & ~d & ~t), 
	Label: False
2023-10-25 14:30:11.199 | DEBUG    | translate:union_product:309 - [('1', '1', '1', '1')] 
	Guard: ('t & ~d & ~o', 'd & ~o', 't & ~d & ~o', 't | (d & o)'), 
	LabelJoin: (t & ~d & ~o) & (d & ~o) & (t & ~d & ~o) & (t | (d & o)), 
	Label: False
2023-10-25 14:30:11.211 | DEBUG    | translate:union_product:309 - [('1', '1', '1', '1')] 
	Guard: ('t & ~d & ~o', 'd & ~o', '~d & ~o & ~t', '~d & ~o & ~t'), 
	LabelJoin: (t & ~d & ~o) & (d & ~o) & (~d & ~o & ~t) & (~d & ~o & ~t), 
	Label: False
2023-10-25 14:30:11.223 | DEBUG    | translate:union_product:309 - [('1', '1', '1', '1')] 
	Guard: ('t & ~d & ~o', 'd & ~o', '~d & ~o & ~t', 'd & ~o & ~t'), 
	LabelJoin: (t & ~d & ~o) & (d & ~o) & (~d & ~o & ~t) & (d & ~o & ~t), 
	Label: False
2023-10-25 14:30:11.234 | DEBUG    | translate:union_product:309 - [('1', '1', '1', '1')] 
	Guard: ('t & ~d & ~o', 'd & ~o', '~d & ~o & ~t', 'o & ~d & ~t'), 
	LabelJoin: (t & ~d & ~o) & (d & ~o) & (~d & ~o & ~t) & (o & ~d & ~t), 
	Label: False
2023-10-25 14:30:11.251 | DEBUG    | translate:union_product:309 - [('1', '1', '1', '1')] 
	Guard: ('t & ~d & ~o', 'd & ~o', '~d & ~o & ~t', 't | (d & o)'), 
	LabelJoin: (t & ~d & ~o) & (d & ~o) & (~d & ~o & ~t) & (t | (d & o)), 
	Label: False
2023-10-25 14:30:11.264 | DEBUG    | translate:union_product:309 - [('1', '1', '1', '1')] 
	Guard: ('t & ~d & ~o', 'd & ~o', 'd | o', '~d & ~o & ~t'), 
	LabelJoin: (t & ~d & ~o) & (d & ~o) & (d | o) & (~d & ~o & ~t), 
	Label: False
2023-10-25 14:30:11.277 | DEBUG    | translate:union_product:309 - [('1', '1', '1', '1')] 
	Guard: ('t & ~d & ~o', 'd & ~o', 'd | o', 'd & ~o & ~t'), 
	LabelJoin: (t & ~d & ~o) & (d & ~o) & (d | o) & (d & ~o & ~t), 
	Label: False
2023-10-25 14:30:11.290 | DEBUG    | translate:union_product:309 - [('1', '1', '1', '1')] 
	Guard: ('t & ~d & ~o', 'd & ~o', 'd | o', 'o & ~d & ~t'), 
	LabelJoin: (t & ~d & ~o) & (d & ~o) & (d | o) & (o & ~d & ~t), 
	Label: False
2023-10-25 14:30:11.310 | DEBUG    | translate:union_product:309 - [('1', '1', '1', '1')] 
	Guard: ('t & ~d & ~o', 'd & ~o', 'd | o', 't | (d & o)'), 
	LabelJoin: (t & ~d & ~o) & (d & ~o) & (d | o) & (t | (d & o)), 
	Label: False
2023-10-25 14:30:11.337 | DEBUG    | translate:union_product:309 - [('1', '1', '1', '1')] 
	Guard: ('t & ~d & ~o', 'd & o', 't & ~d & ~o', '~d & ~o & ~t'), 
	LabelJoin: (t & ~d & ~o) & (d & o) & (t & ~d & ~o) & (~d & ~o & ~t), 
	Label: False
2023-10-25 14:30:11.349 | DEBUG    | translate:union_product:309 - [('1', '1', '1', '1')] 
	Guard: ('t & ~d & ~o', 'd & o', 't & ~d & ~o', 'd & ~o & ~t'), 
	LabelJoin: (t & ~d & ~o) & (d & o) & (t & ~d & ~o) & (d & ~o & ~t), 
	Label: False
2023-10-25 14:30:11.361 | DEBUG    | translate:union_product:309 - [('1', '1', '1', '1')] 
	Guard: ('t & ~d & ~o', 'd & o', 't & ~d & ~o', 'o & ~d & ~t'), 
	LabelJoin: (t & ~d & ~o) & (d & o) & (t & ~d & ~o) & (o & ~d & ~t), 
	Label: False
2023-10-25 14:30:11.378 | DEBUG    | translate:union_product:309 - [('1', '1', '1', '1')] 
	Guard: ('t & ~d & ~o', 'd & o', 't & ~d & ~o', 't | (d & o)'), 
	LabelJoin: (t & ~d & ~o) & (d & o) & (t & ~d & ~o) & (t | (d & o)), 
	Label: False
2023-10-25 14:30:11.389 | DEBUG    | translate:union_product:309 - [('1', '1', '1', '1')] 
	Guard: ('t & ~d & ~o', 'd & o', '~d & ~o & ~t', '~d & ~o & ~t'), 
	LabelJoin: (t & ~d & ~o) & (d & o) & (~d & ~o & ~t) & (~d & ~o & ~t), 
	Label: False
2023-10-25 14:30:11.401 | DEBUG    | translate:union_product:309 - [('1', '1', '1', '1')] 
	Guard: ('t & ~d & ~o', 'd & o', '~d & ~o & ~t', 'd & ~o & ~t'), 
	LabelJoin: (t & ~d & ~o) & (d & o) & (~d & ~o & ~t) & (d & ~o & ~t), 
	Label: False
2023-10-25 14:30:11.414 | DEBUG    | translate:union_product:309 - [('1', '1', '1', '1')] 
	Guard: ('t & ~d & ~o', 'd & o', '~d & ~o & ~t', 'o & ~d & ~t'), 
	LabelJoin: (t & ~d & ~o) & (d & o) & (~d & ~o & ~t) & (o & ~d & ~t), 
	Label: False
2023-10-25 14:30:11.431 | DEBUG    | translate:union_product:309 - [('1', '1', '1', '1')] 
	Guard: ('t & ~d & ~o', 'd & o', '~d & ~o & ~t', 't | (d & o)'), 
	LabelJoin: (t & ~d & ~o) & (d & o) & (~d & ~o & ~t) & (t | (d & o)), 
	Label: False
2023-10-25 14:30:11.444 | DEBUG    | translate:union_product:309 - [('1', '1', '1', '1')] 
	Guard: ('t & ~d & ~o', 'd & o', 'd | o', '~d & ~o & ~t'), 
	LabelJoin: (t & ~d & ~o) & (d & o) & (d | o) & (~d & ~o & ~t), 
	Label: False
2023-10-25 14:30:11.457 | DEBUG    | translate:union_product:309 - [('1', '1', '1', '1')] 
	Guard: ('t & ~d & ~o', 'd & o', 'd | o', 'd & ~o & ~t'), 
	LabelJoin: (t & ~d & ~o) & (d & o) & (d | o) & (d & ~o & ~t), 
	Label: False
2023-10-25 14:30:11.470 | DEBUG    | translate:union_product:309 - [('1', '1', '1', '1')] 
	Guard: ('t & ~d & ~o', 'd & o', 'd | o', 'o & ~d & ~t'), 
	LabelJoin: (t & ~d & ~o) & (d & o) & (d | o) & (o & ~d & ~t), 
	Label: False
2023-10-25 14:30:11.490 | DEBUG    | translate:union_product:309 - [('1', '1', '1', '1')] 
	Guard: ('t & ~d & ~o', 'd & o', 'd | o', 't | (d & o)'), 
	LabelJoin: (t & ~d & ~o) & (d & o) & (d | o) & (t | (d & o)), 
	Label: False
2023-10-25 14:30:11.502 | DEBUG    | translate:union_product:309 - [('1', '1', '1', '1')] 
	Guard: ('t & ~d & ~o', 't & ~d & ~o', 't & ~d & ~o', '~d & ~o & ~t'), 
	LabelJoin: (t & ~d & ~o) & (t & ~d & ~o) & (t & ~d & ~o) & (~d & ~o & ~t), 
	Label: False
2023-10-25 14:30:11.536 | DEBUG    | translate:union_product:309 - [('1', '1', '1', '1')] 
	Guard: ('t & ~d & ~o', 't & ~d & ~o', 't & ~d & ~o', 'd & ~o & ~t'), 
	LabelJoin: (t & ~d & ~o) & (t & ~d & ~o) & (t & ~d & ~o) & (d & ~o & ~t), 
	Label: False
2023-10-25 14:30:11.552 | DEBUG    | translate:union_product:309 - [('1', '1', '1', '1')] 
	Guard: ('t & ~d & ~o', 't & ~d & ~o', 't & ~d & ~o', 'o & ~d & ~t'), 
	LabelJoin: (t & ~d & ~o) & (t & ~d & ~o) & (t & ~d & ~o) & (o & ~d & ~t), 
	Label: False
2023-10-25 14:30:11.570 | DEBUG    | translate:union_product:309 - [('1', '1', '1', '1')] 
	Guard: ('t & ~d & ~o', 't & ~d & ~o', 't & ~d & ~o', 't | (d & o)'), 
	LabelJoin: (t & ~d & ~o) & (t & ~d & ~o) & (t & ~d & ~o) & (t | (d & o)), 
	Label: t & ~d & ~o
2023-10-25 14:30:11.587 | DEBUG    | translate:union_product:309 - [('1', '1', '1', '1')] 
	Guard: ('t & ~d & ~o', 't & ~d & ~o', '~d & ~o & ~t', '~d & ~o & ~t'), 
	LabelJoin: (t & ~d & ~o) & (t & ~d & ~o) & (~d & ~o & ~t) & (~d & ~o & ~t), 
	Label: False
2023-10-25 14:30:11.609 | DEBUG    | translate:union_product:309 - [('1', '1', '1', '1')] 
	Guard: ('t & ~d & ~o', 't & ~d & ~o', '~d & ~o & ~t', 'd & ~o & ~t'), 
	LabelJoin: (t & ~d & ~o) & (t & ~d & ~o) & (~d & ~o & ~t) & (d & ~o & ~t), 
	Label: False
2023-10-25 14:30:11.631 | DEBUG    | translate:union_product:309 - [('1', '1', '1', '1')] 
	Guard: ('t & ~d & ~o', 't & ~d & ~o', '~d & ~o & ~t', 'o & ~d & ~t'), 
	LabelJoin: (t & ~d & ~o) & (t & ~d & ~o) & (~d & ~o & ~t) & (o & ~d & ~t), 
	Label: False
2023-10-25 14:30:11.648 | DEBUG    | translate:union_product:309 - [('1', '1', '1', '1')] 
	Guard: ('t & ~d & ~o', 't & ~d & ~o', '~d & ~o & ~t', 't | (d & o)'), 
	LabelJoin: (t & ~d & ~o) & (t & ~d & ~o) & (~d & ~o & ~t) & (t | (d & o)), 
	Label: False
2023-10-25 14:30:11.661 | DEBUG    | translate:union_product:309 - [('1', '1', '1', '1')] 
	Guard: ('t & ~d & ~o', 't & ~d & ~o', 'd | o', '~d & ~o & ~t'), 
	LabelJoin: (t & ~d & ~o) & (t & ~d & ~o) & (d | o) & (~d & ~o & ~t), 
	Label: False
2023-10-25 14:30:11.674 | DEBUG    | translate:union_product:309 - [('1', '1', '1', '1')] 
	Guard: ('t & ~d & ~o', 't & ~d & ~o', 'd | o', 'd & ~o & ~t'), 
	LabelJoin: (t & ~d & ~o) & (t & ~d & ~o) & (d | o) & (d & ~o & ~t), 
	Label: False
2023-10-25 14:30:11.687 | DEBUG    | translate:union_product:309 - [('1', '1', '1', '1')] 
	Guard: ('t & ~d & ~o', 't & ~d & ~o', 'd | o', 'o & ~d & ~t'), 
	LabelJoin: (t & ~d & ~o) & (t & ~d & ~o) & (d | o) & (o & ~d & ~t), 
	Label: False
2023-10-25 14:30:11.706 | DEBUG    | translate:union_product:309 - [('1', '1', '1', '1')] 
	Guard: ('t & ~d & ~o', 't & ~d & ~o', 'd | o', 't | (d & o)'), 
	LabelJoin: (t & ~d & ~o) & (t & ~d & ~o) & (d | o) & (t | (d & o)), 
	Label: False
2023-10-25 14:30:11.720 | DEBUG    | translate:union_product:309 - [('1', '1', '1', '1')] 
	Guard: ('~t & (d | o)', '~d & ~o & ~t', 't & ~d & ~o', '~d & ~o & ~t'), 
	LabelJoin: (~t & (d | o)) & (~d & ~o & ~t) & (t & ~d & ~o) & (~d & ~o & ~t), 
	Label: False
2023-10-25 14:30:11.734 | DEBUG    | translate:union_product:309 - [('1', '1', '1', '1')] 
	Guard: ('~t & (d | o)', '~d & ~o & ~t', 't & ~d & ~o', 'd & ~o & ~t'), 
	LabelJoin: (~t & (d | o)) & (~d & ~o & ~t) & (t & ~d & ~o) & (d & ~o & ~t), 
	Label: False
2023-10-25 14:30:11.750 | DEBUG    | translate:union_product:309 - [('1', '1', '1', '1')] 
	Guard: ('~t & (d | o)', '~d & ~o & ~t', 't & ~d & ~o', 'o & ~d & ~t'), 
	LabelJoin: (~t & (d | o)) & (~d & ~o & ~t) & (t & ~d & ~o) & (o & ~d & ~t), 
	Label: False
2023-10-25 14:30:11.769 | DEBUG    | translate:union_product:309 - [('1', '1', '1', '1')] 
	Guard: ('~t & (d | o)', '~d & ~o & ~t', 't & ~d & ~o', 't | (d & o)'), 
	LabelJoin: (~t & (d | o)) & (~d & ~o & ~t) & (t & ~d & ~o) & (t | (d & o)), 
	Label: False
2023-10-25 14:30:11.793 | DEBUG    | translate:union_product:309 - [('1', '1', '1', '1')] 
	Guard: ('~t & (d | o)', '~d & ~o & ~t', '~d & ~o & ~t', '~d & ~o & ~t'), 
	LabelJoin: (~t & (d | o)) & (~d & ~o & ~t) & (~d & ~o & ~t) & (~d & ~o & ~t), 
	Label: False
2023-10-25 14:30:11.809 | DEBUG    | translate:union_product:309 - [('1', '1', '1', '1')] 
	Guard: ('~t & (d | o)', '~d & ~o & ~t', '~d & ~o & ~t', 'd & ~o & ~t'), 
	LabelJoin: (~t & (d | o)) & (~d & ~o & ~t) & (~d & ~o & ~t) & (d & ~o & ~t), 
	Label: False
2023-10-25 14:30:11.824 | DEBUG    | translate:union_product:309 - [('1', '1', '1', '1')] 
	Guard: ('~t & (d | o)', '~d & ~o & ~t', '~d & ~o & ~t', 'o & ~d & ~t'), 
	LabelJoin: (~t & (d | o)) & (~d & ~o & ~t) & (~d & ~o & ~t) & (o & ~d & ~t), 
	Label: False
2023-10-25 14:30:11.844 | DEBUG    | translate:union_product:309 - [('1', '1', '1', '1')] 
	Guard: ('~t & (d | o)', '~d & ~o & ~t', '~d & ~o & ~t', 't | (d & o)'), 
	LabelJoin: (~t & (d | o)) & (~d & ~o & ~t) & (~d & ~o & ~t) & (t | (d & o)), 
	Label: False
2023-10-25 14:30:11.860 | DEBUG    | translate:union_product:309 - [('1', '1', '1', '1')] 
	Guard: ('~t & (d | o)', '~d & ~o & ~t', 'd | o', '~d & ~o & ~t'), 
	LabelJoin: (~t & (d | o)) & (~d & ~o & ~t) & (d | o) & (~d & ~o & ~t), 
	Label: False
2023-10-25 14:30:11.875 | DEBUG    | translate:union_product:309 - [('1', '1', '1', '1')] 
	Guard: ('~t & (d | o)', '~d & ~o & ~t', 'd | o', 'd & ~o & ~t'), 
	LabelJoin: (~t & (d | o)) & (~d & ~o & ~t) & (d | o) & (d & ~o & ~t), 
	Label: False
2023-10-25 14:30:11.890 | DEBUG    | translate:union_product:309 - [('1', '1', '1', '1')] 
	Guard: ('~t & (d | o)', '~d & ~o & ~t', 'd | o', 'o & ~d & ~t'), 
	LabelJoin: (~t & (d | o)) & (~d & ~o & ~t) & (d | o) & (o & ~d & ~t), 
	Label: False
2023-10-25 14:30:11.909 | DEBUG    | translate:union_product:309 - [('1', '1', '1', '1')] 
	Guard: ('~t & (d | o)', '~d & ~o & ~t', 'd | o', 't | (d & o)'), 
	LabelJoin: (~t & (d | o)) & (~d & ~o & ~t) & (d | o) & (t | (d & o)), 
	Label: False
2023-10-25 14:30:11.922 | DEBUG    | translate:union_product:309 - [('1', '1', '1', '1')] 
	Guard: ('~t & (d | o)', 'o & ~d', 't & ~d & ~o', '~d & ~o & ~t'), 
	LabelJoin: (~t & (d | o)) & (o & ~d) & (t & ~d & ~o) & (~d & ~o & ~t), 
	Label: False
2023-10-25 14:30:11.936 | DEBUG    | translate:union_product:309 - [('1', '1', '1', '1')] 
	Guard: ('~t & (d | o)', 'o & ~d', 't & ~d & ~o', 'd & ~o & ~t'), 
	LabelJoin: (~t & (d | o)) & (o & ~d) & (t & ~d & ~o) & (d & ~o & ~t), 
	Label: False
2023-10-25 14:30:11.963 | DEBUG    | translate:union_product:309 - [('1', '1', '1', '1')] 
	Guard: ('~t & (d | o)', 'o & ~d', 't & ~d & ~o', 'o & ~d & ~t'), 
	LabelJoin: (~t & (d | o)) & (o & ~d) & (t & ~d & ~o) & (o & ~d & ~t), 
	Label: False
2023-10-25 14:30:11.982 | DEBUG    | translate:union_product:309 - [('1', '1', '1', '1')] 
	Guard: ('~t & (d | o)', 'o & ~d', 't & ~d & ~o', 't | (d & o)'), 
	LabelJoin: (~t & (d | o)) & (o & ~d) & (t & ~d & ~o) & (t | (d & o)), 
	Label: False
2023-10-25 14:30:11.997 | DEBUG    | translate:union_product:309 - [('1', '1', '1', '1')] 
	Guard: ('~t & (d | o)', 'o & ~d', '~d & ~o & ~t', '~d & ~o & ~t'), 
	LabelJoin: (~t & (d | o)) & (o & ~d) & (~d & ~o & ~t) & (~d & ~o & ~t), 
	Label: False
2023-10-25 14:30:12.012 | DEBUG    | translate:union_product:309 - [('1', '1', '1', '1')] 
	Guard: ('~t & (d | o)', 'o & ~d', '~d & ~o & ~t', 'd & ~o & ~t'), 
	LabelJoin: (~t & (d | o)) & (o & ~d) & (~d & ~o & ~t) & (d & ~o & ~t), 
	Label: False
2023-10-25 14:30:12.027 | DEBUG    | translate:union_product:309 - [('1', '1', '1', '1')] 
	Guard: ('~t & (d | o)', 'o & ~d', '~d & ~o & ~t', 'o & ~d & ~t'), 
	LabelJoin: (~t & (d | o)) & (o & ~d) & (~d & ~o & ~t) & (o & ~d & ~t), 
	Label: False
2023-10-25 14:30:12.048 | DEBUG    | translate:union_product:309 - [('1', '1', '1', '1')] 
	Guard: ('~t & (d | o)', 'o & ~d', '~d & ~o & ~t', 't | (d & o)'), 
	LabelJoin: (~t & (d | o)) & (o & ~d) & (~d & ~o & ~t) & (t | (d & o)), 
	Label: False
2023-10-25 14:30:12.062 | DEBUG    | translate:union_product:309 - [('1', '1', '1', '1')] 
	Guard: ('~t & (d | o)', 'o & ~d', 'd | o', '~d & ~o & ~t'), 
	LabelJoin: (~t & (d | o)) & (o & ~d) & (d | o) & (~d & ~o & ~t), 
	Label: False
2023-10-25 14:30:12.082 | DEBUG    | translate:union_product:309 - [('1', '1', '1', '1')] 
	Guard: ('~t & (d | o)', 'o & ~d', 'd | o', 'd & ~o & ~t'), 
	LabelJoin: (~t & (d | o)) & (o & ~d) & (d | o) & (d & ~o & ~t), 
	Label: False
2023-10-25 14:30:12.097 | DEBUG    | translate:union_product:309 - [('1', '1', '1', '1')] 
	Guard: ('~t & (d | o)', 'o & ~d', 'd | o', 'o & ~d & ~t'), 
	LabelJoin: (~t & (d | o)) & (o & ~d) & (d | o) & (o & ~d & ~t), 
	Label: o & ~d & ~t
2023-10-25 14:30:12.114 | DEBUG    | translate:union_product:309 - [('1', '1', '1', '1')] 
	Guard: ('~t & (d | o)', 'o & ~d', 'd | o', 't | (d & o)'), 
	LabelJoin: (~t & (d | o)) & (o & ~d) & (d | o) & (t | (d & o)), 
	Label: False
2023-10-25 14:30:12.128 | DEBUG    | translate:union_product:309 - [('1', '1', '1', '1')] 
	Guard: ('~t & (d | o)', 'd & ~o', 't & ~d & ~o', '~d & ~o & ~t'), 
	LabelJoin: (~t & (d | o)) & (d & ~o) & (t & ~d & ~o) & (~d & ~o & ~t), 
	Label: False
2023-10-25 14:30:12.150 | DEBUG    | translate:union_product:309 - [('1', '1', '1', '1')] 
	Guard: ('~t & (d | o)', 'd & ~o', 't & ~d & ~o', 'd & ~o & ~t'), 
	LabelJoin: (~t & (d | o)) & (d & ~o) & (t & ~d & ~o) & (d & ~o & ~t), 
	Label: False
2023-10-25 14:30:12.164 | DEBUG    | translate:union_product:309 - [('1', '1', '1', '1')] 
	Guard: ('~t & (d | o)', 'd & ~o', 't & ~d & ~o', 'o & ~d & ~t'), 
	LabelJoin: (~t & (d | o)) & (d & ~o) & (t & ~d & ~o) & (o & ~d & ~t), 
	Label: False
2023-10-25 14:30:12.183 | DEBUG    | translate:union_product:309 - [('1', '1', '1', '1')] 
	Guard: ('~t & (d | o)', 'd & ~o', 't & ~d & ~o', 't | (d & o)'), 
	LabelJoin: (~t & (d | o)) & (d & ~o) & (t & ~d & ~o) & (t | (d & o)), 
	Label: False
2023-10-25 14:30:12.207 | DEBUG    | translate:union_product:309 - [('1', '1', '1', '1')] 
	Guard: ('~t & (d | o)', 'd & ~o', '~d & ~o & ~t', '~d & ~o & ~t'), 
	LabelJoin: (~t & (d | o)) & (d & ~o) & (~d & ~o & ~t) & (~d & ~o & ~t), 
	Label: False
2023-10-25 14:30:12.229 | DEBUG    | translate:union_product:309 - [('1', '1', '1', '1')] 
	Guard: ('~t & (d | o)', 'd & ~o', '~d & ~o & ~t', 'd & ~o & ~t'), 
	LabelJoin: (~t & (d | o)) & (d & ~o) & (~d & ~o & ~t) & (d & ~o & ~t), 
	Label: False
2023-10-25 14:30:12.244 | DEBUG    | translate:union_product:309 - [('1', '1', '1', '1')] 
	Guard: ('~t & (d | o)', 'd & ~o', '~d & ~o & ~t', 'o & ~d & ~t'), 
	LabelJoin: (~t & (d | o)) & (d & ~o) & (~d & ~o & ~t) & (o & ~d & ~t), 
	Label: False
2023-10-25 14:30:12.264 | DEBUG    | translate:union_product:309 - [('1', '1', '1', '1')] 
	Guard: ('~t & (d | o)', 'd & ~o', '~d & ~o & ~t', 't | (d & o)'), 
	LabelJoin: (~t & (d | o)) & (d & ~o) & (~d & ~o & ~t) & (t | (d & o)), 
	Label: False
2023-10-25 14:30:12.278 | DEBUG    | translate:union_product:309 - [('1', '1', '1', '1')] 
	Guard: ('~t & (d | o)', 'd & ~o', 'd | o', '~d & ~o & ~t'), 
	LabelJoin: (~t & (d | o)) & (d & ~o) & (d | o) & (~d & ~o & ~t), 
	Label: False
2023-10-25 14:30:12.292 | DEBUG    | translate:union_product:309 - [('1', '1', '1', '1')] 
	Guard: ('~t & (d | o)', 'd & ~o', 'd | o', 'd & ~o & ~t'), 
	LabelJoin: (~t & (d | o)) & (d & ~o) & (d | o) & (d & ~o & ~t), 
	Label: d & ~o & ~t
2023-10-25 14:30:12.321 | DEBUG    | translate:union_product:309 - [('1', '1', '1', '1')] 
	Guard: ('~t & (d | o)', 'd & ~o', 'd | o', 'o & ~d & ~t'), 
	LabelJoin: (~t & (d | o)) & (d & ~o) & (d | o) & (o & ~d & ~t), 
	Label: False
2023-10-25 14:30:12.355 | DEBUG    | translate:union_product:309 - [('1', '1', '1', '1')] 
	Guard: ('~t & (d | o)', 'd & ~o', 'd | o', 't | (d & o)'), 
	LabelJoin: (~t & (d | o)) & (d & ~o) & (d | o) & (t | (d & o)), 
	Label: False
2023-10-25 14:30:12.369 | DEBUG    | translate:union_product:309 - [('1', '1', '1', '1')] 
	Guard: ('~t & (d | o)', 'd & o', 't & ~d & ~o', '~d & ~o & ~t'), 
	LabelJoin: (~t & (d | o)) & (d & o) & (t & ~d & ~o) & (~d & ~o & ~t), 
	Label: False
2023-10-25 14:30:12.386 | DEBUG    | translate:union_product:309 - [('1', '1', '1', '1')] 
	Guard: ('~t & (d | o)', 'd & o', 't & ~d & ~o', 'd & ~o & ~t'), 
	LabelJoin: (~t & (d | o)) & (d & o) & (t & ~d & ~o) & (d & ~o & ~t), 
	Label: False
2023-10-25 14:30:12.400 | DEBUG    | translate:union_product:309 - [('1', '1', '1', '1')] 
	Guard: ('~t & (d | o)', 'd & o', 't & ~d & ~o', 'o & ~d & ~t'), 
	LabelJoin: (~t & (d | o)) & (d & o) & (t & ~d & ~o) & (o & ~d & ~t), 
	Label: False
2023-10-25 14:30:12.419 | DEBUG    | translate:union_product:309 - [('1', '1', '1', '1')] 
	Guard: ('~t & (d | o)', 'd & o', 't & ~d & ~o', 't | (d & o)'), 
	LabelJoin: (~t & (d | o)) & (d & o) & (t & ~d & ~o) & (t | (d & o)), 
	Label: False
2023-10-25 14:30:12.435 | DEBUG    | translate:union_product:309 - [('1', '1', '1', '1')] 
	Guard: ('~t & (d | o)', 'd & o', '~d & ~o & ~t', '~d & ~o & ~t'), 
	LabelJoin: (~t & (d | o)) & (d & o) & (~d & ~o & ~t) & (~d & ~o & ~t), 
	Label: False
2023-10-25 14:30:12.450 | DEBUG    | translate:union_product:309 - [('1', '1', '1', '1')] 
	Guard: ('~t & (d | o)', 'd & o', '~d & ~o & ~t', 'd & ~o & ~t'), 
	LabelJoin: (~t & (d | o)) & (d & o) & (~d & ~o & ~t) & (d & ~o & ~t), 
	Label: False
2023-10-25 14:30:12.465 | DEBUG    | translate:union_product:309 - [('1', '1', '1', '1')] 
	Guard: ('~t & (d | o)', 'd & o', '~d & ~o & ~t', 'o & ~d & ~t'), 
	LabelJoin: (~t & (d | o)) & (d & o) & (~d & ~o & ~t) & (o & ~d & ~t), 
	Label: False
2023-10-25 14:30:12.492 | DEBUG    | translate:union_product:309 - [('1', '1', '1', '1')] 
	Guard: ('~t & (d | o)', 'd & o', '~d & ~o & ~t', 't | (d & o)'), 
	LabelJoin: (~t & (d | o)) & (d & o) & (~d & ~o & ~t) & (t | (d & o)), 
	Label: False
2023-10-25 14:30:12.507 | DEBUG    | translate:union_product:309 - [('1', '1', '1', '1')] 
	Guard: ('~t & (d | o)', 'd & o', 'd | o', '~d & ~o & ~t'), 
	LabelJoin: (~t & (d | o)) & (d & o) & (d | o) & (~d & ~o & ~t), 
	Label: False
2023-10-25 14:30:12.520 | DEBUG    | translate:union_product:309 - [('1', '1', '1', '1')] 
	Guard: ('~t & (d | o)', 'd & o', 'd | o', 'd & ~o & ~t'), 
	LabelJoin: (~t & (d | o)) & (d & o) & (d | o) & (d & ~o & ~t), 
	Label: False
2023-10-25 14:30:12.534 | DEBUG    | translate:union_product:309 - [('1', '1', '1', '1')] 
	Guard: ('~t & (d | o)', 'd & o', 'd | o', 'o & ~d & ~t'), 
	LabelJoin: (~t & (d | o)) & (d & o) & (d | o) & (o & ~d & ~t), 
	Label: False
2023-10-25 14:30:12.552 | DEBUG    | translate:union_product:309 - [('1', '1', '1', '1')] 
	Guard: ('~t & (d | o)', 'd & o', 'd | o', 't | (d & o)'), 
	LabelJoin: (~t & (d | o)) & (d & o) & (d | o) & (t | (d & o)), 
	Label: d & o & ~t
2023-10-25 14:30:12.567 | DEBUG    | translate:union_product:309 - [('1', '1', '1', '1')] 
	Guard: ('~t & (d | o)', 't & ~d & ~o', 't & ~d & ~o', '~d & ~o & ~t'), 
	LabelJoin: (~t & (d | o)) & (t & ~d & ~o) & (t & ~d & ~o) & (~d & ~o & ~t), 
	Label: False
2023-10-25 14:30:12.580 | DEBUG    | translate:union_product:309 - [('1', '1', '1', '1')] 
	Guard: ('~t & (d | o)', 't & ~d & ~o', 't & ~d & ~o', 'd & ~o & ~t'), 
	LabelJoin: (~t & (d | o)) & (t & ~d & ~o) & (t & ~d & ~o) & (d & ~o & ~t), 
	Label: False
2023-10-25 14:30:12.594 | DEBUG    | translate:union_product:309 - [('1', '1', '1', '1')] 
	Guard: ('~t & (d | o)', 't & ~d & ~o', 't & ~d & ~o', 'o & ~d & ~t'), 
	LabelJoin: (~t & (d | o)) & (t & ~d & ~o) & (t & ~d & ~o) & (o & ~d & ~t), 
	Label: False
2023-10-25 14:30:12.613 | DEBUG    | translate:union_product:309 - [('1', '1', '1', '1')] 
	Guard: ('~t & (d | o)', 't & ~d & ~o', 't & ~d & ~o', 't | (d & o)'), 
	LabelJoin: (~t & (d | o)) & (t & ~d & ~o) & (t & ~d & ~o) & (t | (d & o)), 
	Label: False
2023-10-25 14:30:12.627 | DEBUG    | translate:union_product:309 - [('1', '1', '1', '1')] 
	Guard: ('~t & (d | o)', 't & ~d & ~o', '~d & ~o & ~t', '~d & ~o & ~t'), 
	LabelJoin: (~t & (d | o)) & (t & ~d & ~o) & (~d & ~o & ~t) & (~d & ~o & ~t), 
	Label: False
2023-10-25 14:30:12.645 | DEBUG    | translate:union_product:309 - [('1', '1', '1', '1')] 
	Guard: ('~t & (d | o)', 't & ~d & ~o', '~d & ~o & ~t', 'd & ~o & ~t'), 
	LabelJoin: (~t & (d | o)) & (t & ~d & ~o) & (~d & ~o & ~t) & (d & ~o & ~t), 
	Label: False
2023-10-25 14:30:12.664 | DEBUG    | translate:union_product:309 - [('1', '1', '1', '1')] 
	Guard: ('~t & (d | o)', 't & ~d & ~o', '~d & ~o & ~t', 'o & ~d & ~t'), 
	LabelJoin: (~t & (d | o)) & (t & ~d & ~o) & (~d & ~o & ~t) & (o & ~d & ~t), 
	Label: False
2023-10-25 14:30:12.683 | DEBUG    | translate:union_product:309 - [('1', '1', '1', '1')] 
	Guard: ('~t & (d | o)', 't & ~d & ~o', '~d & ~o & ~t', 't | (d & o)'), 
	LabelJoin: (~t & (d | o)) & (t & ~d & ~o) & (~d & ~o & ~t) & (t | (d & o)), 
	Label: False
2023-10-25 14:30:12.697 | DEBUG    | translate:union_product:309 - [('1', '1', '1', '1')] 
	Guard: ('~t & (d | o)', 't & ~d & ~o', 'd | o', '~d & ~o & ~t'), 
	LabelJoin: (~t & (d | o)) & (t & ~d & ~o) & (d | o) & (~d & ~o & ~t), 
	Label: False
2023-10-25 14:30:12.711 | DEBUG    | translate:union_product:309 - [('1', '1', '1', '1')] 
	Guard: ('~t & (d | o)', 't & ~d & ~o', 'd | o', 'd & ~o & ~t'), 
	LabelJoin: (~t & (d | o)) & (t & ~d & ~o) & (d | o) & (d & ~o & ~t), 
	Label: False
2023-10-25 14:30:12.737 | DEBUG    | translate:union_product:309 - [('1', '1', '1', '1')] 
	Guard: ('~t & (d | o)', 't & ~d & ~o', 'd | o', 'o & ~d & ~t'), 
	LabelJoin: (~t & (d | o)) & (t & ~d & ~o) & (d | o) & (o & ~d & ~t), 
	Label: False
2023-10-25 14:30:12.755 | DEBUG    | translate:union_product:309 - [('1', '1', '1', '1')] 
	Guard: ('~t & (d | o)', 't & ~d & ~o', 'd | o', 't | (d & o)'), 
	LabelJoin: (~t & (d | o)) & (t & ~d & ~o) & (d | o) & (t | (d & o)), 
	Label: False
2023-10-25 14:30:12.761 | DEBUG    | translate:union_product:309 - [('3', '4', '3', '4')] 
	Guard: ('true', 'd | o | t', 'true', 'true'), 
	LabelJoin: (true) & (d | o | t) & (true) & (true), 
	Label: d | o | t
2023-10-25 14:30:12.779 | DEBUG    | translate:union_product:309 - [('3', '4', '3', '4')] 
	Guard: ('true', '~d & ~o & ~t', 'true', 'true'), 
	LabelJoin: (true) & (~d & ~o & ~t) & (true) & (true), 
	Label: ~d & ~o & ~t
2023-10-25 14:30:12.781 | DEBUG    | translate:union_product:309 - [('3', '6', '3', '4')] 
	Guard: ('true', 'true', 'true', 'true'), 
	LabelJoin: (true) & (true) & (true) & (true), 
	Label: True
2023-10-25 14:30:12.790 | DEBUG    | translate:union_product:309 - [('3', '3', '3', '2')] 
	Guard: ('true', 'o | t', 'true', '~o & ~t'), 
	LabelJoin: (true) & (o | t) & (true) & (~o & ~t), 
	Label: False
2023-10-25 14:30:12.794 | DEBUG    | translate:union_product:309 - [('3', '3', '3', '2')] 
	Guard: ('true', 'o | t', 'true', 'o | t'), 
	LabelJoin: (true) & (o | t) & (true) & (o | t), 
	Label: o | t
2023-10-25 14:30:12.802 | DEBUG    | translate:union_product:309 - [('3', '3', '3', '2')] 
	Guard: ('true', '~o & ~t', 'true', '~o & ~t'), 
	LabelJoin: (true) & (~o & ~t) & (true) & (~o & ~t), 
	Label: ~o & ~t
2023-10-25 14:30:12.811 | DEBUG    | translate:union_product:309 - [('3', '3', '3', '2')] 
	Guard: ('true', '~o & ~t', 'true', 'o | t'), 
	LabelJoin: (true) & (~o & ~t) & (true) & (o | t), 
	Label: False
2023-10-25 14:30:12.820 | DEBUG    | translate:union_product:309 - [('3', '2', '3', '3')] 
	Guard: ('true', 'd | t', 'true', '~d & ~t'), 
	LabelJoin: (true) & (d | t) & (true) & (~d & ~t), 
	Label: False
2023-10-25 14:30:12.825 | DEBUG    | translate:union_product:309 - [('3', '2', '3', '3')] 
	Guard: ('true', 'd | t', 'true', 'd | t'), 
	LabelJoin: (true) & (d | t) & (true) & (d | t), 
	Label: d | t
2023-10-25 14:30:12.832 | DEBUG    | translate:union_product:309 - [('3', '2', '3', '3')] 
	Guard: ('true', '~d & ~t', 'true', '~d & ~t'), 
	LabelJoin: (true) & (~d & ~t) & (true) & (~d & ~t), 
	Label: ~d & ~t
2023-10-25 14:30:12.841 | DEBUG    | translate:union_product:309 - [('3', '2', '3', '3')] 
	Guard: ('true', '~d & ~t', 'true', 'd | t'), 
	LabelJoin: (true) & (~d & ~t) & (true) & (d | t), 
	Label: False
2023-10-25 14:30:12.851 | DEBUG    | translate:union_product:309 - [('2', '5', '2', '4')] 
	Guard: ('d | o', 'true', '~d & ~o', 'true'), 
	LabelJoin: (d | o) & (true) & (~d & ~o) & (true), 
	Label: False
2023-10-25 14:30:12.860 | DEBUG    | translate:union_product:309 - [('2', '5', '2', '4')] 
	Guard: ('d | o', 'true', 'd | o', 'true'), 
	LabelJoin: (d | o) & (true) & (d | o) & (true), 
	Label: d | o
2023-10-25 14:30:12.870 | DEBUG    | translate:union_product:309 - [('2', '5', '2', '4')] 
	Guard: ('~d & ~o', 'true', '~d & ~o', 'true'), 
	LabelJoin: (~d & ~o) & (true) & (~d & ~o) & (true), 
	Label: ~d & ~o
2023-10-25 14:30:12.879 | DEBUG    | translate:union_product:309 - [('2', '5', '2', '4')] 
	Guard: ('~d & ~o', 'true', 'd | o', 'true'), 
	LabelJoin: (~d & ~o) & (true) & (d | o) & (true), 
	Label: False
2023-10-25 14:30:12.881 | DEBUG    | translate:union_product:309 - [('4', '5', '3', '4')] 
	Guard: ('true', 'true', 'true', 'true'), 
	LabelJoin: (true) & (true) & (true) & (true), 
	Label: True
2023-10-25 14:30:12.887 | DEBUG    | translate:union_product:309 - [('4', '4', '3', '4')] 
	Guard: ('true', 'd | o | t', 'true', 'true'), 
	LabelJoin: (true) & (d | o | t) & (true) & (true), 
	Label: d | o | t
2023-10-25 14:30:12.898 | DEBUG    | translate:union_product:309 - [('4', '4', '3', '4')] 
	Guard: ('true', '~d & ~o & ~t', 'true', 'true'), 
	LabelJoin: (true) & (~d & ~o & ~t) & (true) & (true), 
	Label: ~d & ~o & ~t
2023-10-25 14:30:12.900 | DEBUG    | translate:union_product:309 - [('4', '6', '3', '4')] 
	Guard: ('true', 'true', 'true', 'true'), 
	LabelJoin: (true) & (true) & (true) & (true), 
	Label: True
2023-10-25 14:30:12.904 | DEBUG    | translate:union_product:309 - [('4', '3', '3', '4')] 
	Guard: ('true', 'o | t', 'true', 'true'), 
	LabelJoin: (true) & (o | t) & (true) & (true), 
	Label: o | t
2023-10-25 14:30:12.911 | DEBUG    | translate:union_product:309 - [('4', '3', '3', '4')] 
	Guard: ('true', '~o & ~t', 'true', 'true'), 
	LabelJoin: (true) & (~o & ~t) & (true) & (true), 
	Label: ~o & ~t
2023-10-25 14:30:12.915 | DEBUG    | translate:union_product:309 - [('4', '2', '3', '4')] 
	Guard: ('true', 'd | t', 'true', 'true'), 
	LabelJoin: (true) & (d | t) & (true) & (true), 
	Label: d | t
2023-10-25 14:30:12.922 | DEBUG    | translate:union_product:309 - [('4', '2', '3', '4')] 
	Guard: ('true', '~d & ~t', 'true', 'true'), 
	LabelJoin: (true) & (~d & ~t) & (true) & (true), 
	Label: ~d & ~t
2023-10-25 14:30:12.926 | INFO     | translate:translate:228 - Union product DFA: 
{'final_states': {0, 1, 2, 3, 4, 5, 7, 8, 9, 10},
 'init_state': 9,
 'states': {0: {'state': ('3', '3', '3', '2')},
            1: {'state': ('4', '5', '3', '4')},
            2: {'state': ('4', '6', '3', '4')},
            3: {'state': ('3', '2', '3', '3')},
            4: {'state': ('2', '5', '2', '4')},
            5: {'state': ('4', '3', '3', '4')},
            6: {'state': ('3', '4', '3', '4')},
            7: {'state': ('4', '4', '3', '4')},
            8: {'state': ('4', '2', '3', '4')},
            9: {'state': ('1', '1', '1', '1')},
            10: {'state': ('3', '6', '3', '4')}},
 'transitions': {0: {'!o & !t': 0, 'o | t': 10},
                 1: {'true': 1},
                 2: {'true': 2},
                 3: {'!d & !t': 3, 'd | t': 10},
                 4: {'!d & !o': 4, 'd | o': 1},
                 5: {'!o & !t': 5, 'o | t': 2},
                 6: {'!d & !o & !t': 6, 'd | o | t': 10},
                 7: {'!d & !o & !t': 7, 'd | o | t': 2},
                 8: {'!d & !t': 8, 'd | t': 2},
                 9: {'!d & !o & !t': 9,
                     'd & !o & !t': 0,
                     'd & o & !t': 6,
                     'd & o & t': 7,
                     'd & t & !o': 5,
                     'o & !d & !t': 3,
                     'o & t & !d': 8,
                     't & !d & !o': 4},
                 10: {'true': 10}}}
2023-10-25 14:30:12.926 | DEBUG    | translate:construct_pref_graph:360 - outcomes(('3', '3', '3', '2'))={3}
2023-10-25 14:30:12.927 | DEBUG    | translate:construct_pref_graph:363 - get_mp_outcomes({3}, [(0, 3), (0, 2), (2, 2), (1, 1), (3, 3), (0, 1), (0, 0)])={3}
2023-10-25 14:30:12.927 | DEBUG    | translate:construct_pref_graph:360 - outcomes(('4', '5', '3', '4'))={0}
2023-10-25 14:30:12.928 | DEBUG    | translate:construct_pref_graph:363 - get_mp_outcomes({0}, [(0, 3), (0, 2), (2, 2), (1, 1), (3, 3), (0, 1), (0, 0)])={0}
2023-10-25 14:30:12.928 | DEBUG    | translate:construct_pref_graph:360 - outcomes(('4', '6', '3', '4'))={0, 1}
2023-10-25 14:30:12.929 | DEBUG    | translate:construct_pref_graph:363 - get_mp_outcomes({0, 1}, [(0, 3), (0, 2), (2, 2), (1, 1), (3, 3), (0, 1), (0, 0)])={0}
2023-10-25 14:30:12.929 | DEBUG    | translate:construct_pref_graph:360 - outcomes(('3', '2', '3', '3'))={3}
2023-10-25 14:30:12.930 | DEBUG    | translate:construct_pref_graph:363 - get_mp_outcomes({3}, [(0, 3), (0, 2), (2, 2), (1, 1), (3, 3), (0, 1), (0, 0)])={3}
2023-10-25 14:30:12.930 | DEBUG    | translate:construct_pref_graph:360 - outcomes(('2', '5', '2', '4'))={2}
2023-10-25 14:30:12.931 | DEBUG    | translate:construct_pref_graph:363 - get_mp_outcomes({2}, [(0, 3), (0, 2), (2, 2), (1, 1), (3, 3), (0, 1), (0, 0)])={2}
2023-10-25 14:30:12.932 | DEBUG    | translate:construct_pref_graph:360 - outcomes(('4', '3', '3', '4'))={0}
2023-10-25 14:30:12.932 | DEBUG    | translate:construct_pref_graph:363 - get_mp_outcomes({0}, [(0, 3), (0, 2), (2, 2), (1, 1), (3, 3), (0, 1), (0, 0)])={0}
2023-10-25 14:30:12.933 | DEBUG    | translate:construct_pref_graph:360 - outcomes(('4', '4', '3', '4'))={0}
2023-10-25 14:30:12.933 | DEBUG    | translate:construct_pref_graph:363 - get_mp_outcomes({0}, [(0, 3), (0, 2), (2, 2), (1, 1), (3, 3), (0, 1), (0, 0)])={0}
2023-10-25 14:30:12.933 | DEBUG    | translate:construct_pref_graph:360 - outcomes(('4', '2', '3', '4'))={0}
2023-10-25 14:30:12.934 | DEBUG    | translate:construct_pref_graph:363 - get_mp_outcomes({0}, [(0, 3), (0, 2), (2, 2), (1, 1), (3, 3), (0, 1), (0, 0)])={0}
2023-10-25 14:30:12.935 | DEBUG    | translate:construct_pref_graph:360 - outcomes(('1', '1', '1', '1'))={3}
2023-10-25 14:30:12.936 | DEBUG    | translate:construct_pref_graph:363 - get_mp_outcomes({3}, [(0, 3), (0, 2), (2, 2), (1, 1), (3, 3), (0, 1), (0, 0)])={3}
2023-10-25 14:30:12.937 | DEBUG    | translate:construct_pref_graph:360 - outcomes(('3', '6', '3', '4'))={1}
2023-10-25 14:30:12.937 | DEBUG    | translate:construct_pref_graph:363 - get_mp_outcomes({1}, [(0, 3), (0, 2), (2, 2), (1, 1), (3, 3), (0, 1), (0, 0)])={1}
2023-10-25 14:30:12.944 | INFO     | translate:translate:231 - Preference graph: 
{'edges': {'(0, 0, 0, 0)': {'(0, 0, 0, 0)',
                            '(0, 0, 0, 1)',
                            '(0, 0, 1, 0)',
                            '(0, 1, 0, 0)',
                            '(1, 0, 0, 0)'},
           '(0, 0, 0, 1)': {'(1, 0, 0, 0)', '(0, 0, 0, 1)'},
           '(0, 0, 1, 0)': {'(1, 0, 0, 0)', '(0, 0, 1, 0)'},
           '(0, 1, 0, 0)': {'(0, 1, 0, 0)', '(1, 0, 0, 0)'},
           '(1, 0, 0, 0)': {'(1, 0, 0, 0)'}},
 'nodes': {'(0, 0, 0, 0)': {6},
           '(0, 0, 0, 1)': {0, 9, 3},
           '(0, 0, 1, 0)': {4},
           '(0, 1, 0, 0)': {10},
           '(1, 0, 0, 0)': {1, 2, 5, 7, 8}}}
2023-10-25 14:30:13.169 | INFO     | app:update_images:215 - ====== TRANSLATION COMPLETED IN 4893.7464 MILLISECONDS =====
2023-10-25 14:30:13.174 | INFO     | app:update_images:216 - States:
{0: {'state': ('3', '3', '3', '2')},
 1: {'state': ('4', '5', '3', '4')},
 2: {'state': ('4', '6', '3', '4')},
 3: {'state': ('3', '2', '3', '3')},
 4: {'state': ('2', '5', '2', '4')},
 5: {'state': ('4', '3', '3', '4')},
 6: {'state': ('3', '4', '3', '4')},
 7: {'state': ('4', '4', '3', '4')},
 8: {'state': ('4', '2', '3', '4')},
 9: {'state': ('1', '1', '1', '1')},
 10: {'state': ('3', '6', '3', '4')}}

Alphabet:
['d', 't', 'o']

Transitions:
{0: {'!o & !t': 0, 'o | t': 10},
 1: {'true': 1},
 2: {'true': 2},
 3: {'!d & !t': 3, 'd | t': 10},
 4: {'!d & !o': 4, 'd | o': 1},
 5: {'!o & !t': 5, 'o | t': 2},
 6: {'!d & !o & !t': 6, 'd | o | t': 10},
 7: {'!d & !o & !t': 7, 'd | o | t': 2},
 8: {'!d & !t': 8, 'd | t': 2},
 9: {'!d & !o & !t': 9,
     'd & !o & !t': 0,
     'd & o & !t': 6,
     'd & o & t': 7,
     'd & t & !o': 5,
     'o & !d & !t': 3,
     'o & t & !d': 8,
     't & !d & !o': 4},
 10: {'true': 10}}

Initial state:
9

Preference graph:
{'edges': {'(0, 0, 0, 0)': {'(0, 0, 0, 0)',
                            '(0, 0, 0, 1)',
                            '(0, 0, 1, 0)',
                            '(0, 1, 0, 0)',
                            '(1, 0, 0, 0)'},
           '(0, 0, 0, 1)': {'(1, 0, 0, 0)', '(0, 0, 0, 1)'},
           '(0, 0, 1, 0)': {'(1, 0, 0, 0)', '(0, 0, 1, 0)'},
           '(0, 1, 0, 0)': {'(0, 1, 0, 0)', '(1, 0, 0, 0)'},
           '(1, 0, 0, 0)': {'(1, 0, 0, 0)'}},
 'nodes': {'(0, 0, 0, 0)': {6},
           '(0, 0, 0, 1)': {0, 9, 3},
           '(0, 0, 1, 0)': {4},
           '(0, 1, 0, 0)': {10},
           '(1, 0, 0, 0)': {1, 2, 5, 7, 8}}}


