2023-10-25 13:14:34.560 | DEBUG    | translate:build_prefltlf_model:109 - Constructed preorder except incomparability: 
{((!((d | o)) U (t & F((o | d)))), (G(!(o)) & G(!(d)) & F(t))),
 (((!(t) U (d & X(F((o | t))))) | (!(t) U (o & X(F((d | t)))))),
  (G(!(t)) & G((o -> G(!(d)))) & G((d -> G(!(o)))))),
 ((G(!(o)) & G(!(d)) & F(t)),
  (G(!(t)) & G((o -> G(!(d)))) & G((d -> G(!(o)))))),
 ((!((d | o)) U (t & F((o | d)))),
  ((!(t) U (d & X(F((o | t))))) | (!(t) U (o & X(F((d | t)))))))}
2023-10-25 13:14:34.561 | DEBUG    | translate:build_prefltlf_model:123 - Constructed preorder: 
{((!((d | o)) U (t & F((o | d)))), (G(!(o)) & G(!(d)) & F(t))),
 (((!(t) U (d & X(F((o | t))))) | (!(t) U (o & X(F((d | t)))))),
  (G(!(t)) & G((o -> G(!(d)))) & G((d -> G(!(o)))))),
 ((G(!(o)) & G(!(d)) & F(t)),
  (G(!(t)) & G((o -> G(!(d)))) & G((d -> G(!(o)))))),
 ((!((d | o)) U (t & F((o | d)))),
  ((!(t) U (d & X(F((o | t))))) | (!(t) U (o & X(F((d | t)))))))}
2023-10-25 13:14:34.562 | DEBUG    | translate:build_prefltlf_model:138 - Reflexive closure of preorder: 
[('(!((d | o)) U (t & F((o | d))))', '(G(!(o)) & G(!(d)) & F(t))'),
 ('((!(t) U (d & X(F((o | t))))) | (!(t) U (o & X(F((d | t))))))',
  '(G(!(t)) & G((o -> G(!(d)))) & G((d -> G(!(o)))))'),
 ('(!((d | o)) U (t & F((o | d))))', '(!((d | o)) U (t & F((o | d))))'),
 ('(G(!(o)) & G(!(d)) & F(t))',
  '(G(!(t)) & G((o -> G(!(d)))) & G((d -> G(!(o)))))'),
 ('(!((d | o)) U (t & F((o | d))))',
  '((!(t) U (d & X(F((o | t))))) | (!(t) U (o & X(F((d | t))))))'),
 ('(G(!(o)) & G(!(d)) & F(t))', '(G(!(o)) & G(!(d)) & F(t))'),
 ('(G(!(t)) & G((o -> G(!(d)))) & G((d -> G(!(o)))))',
  '(G(!(t)) & G((o -> G(!(d)))) & G((d -> G(!(o)))))'),
 ('((!(t) U (d & X(F((o | t))))) | (!(t) U (o & X(F((d | t))))))',
  '((!(t) U (d & X(F((o | t))))) | (!(t) U (o & X(F((d | t))))))')]
2023-10-25 13:14:34.563 | DEBUG    | translate:build_prefltlf_model:142 - Transitive closure of preorder: 
[('(!((d | o)) U (t & F((o | d))))',
  '(G(!(t)) & G((o -> G(!(d)))) & G((d -> G(!(o)))))'),
 ('(!((d | o)) U (t & F((o | d))))', '(G(!(o)) & G(!(d)) & F(t))'),
 ('((!(t) U (d & X(F((o | t))))) | (!(t) U (o & X(F((d | t))))))',
  '(G(!(t)) & G((o -> G(!(d)))) & G((d -> G(!(o)))))'),
 ('(!((d | o)) U (t & F((o | d))))', '(!((d | o)) U (t & F((o | d))))'),
 ('(G(!(o)) & G(!(d)) & F(t))',
  '(G(!(t)) & G((o -> G(!(d)))) & G((d -> G(!(o)))))'),
 ('(!((d | o)) U (t & F((o | d))))',
  '((!(t) U (d & X(F((o | t))))) | (!(t) U (o & X(F((d | t))))))'),
 ('(G(!(o)) & G(!(d)) & F(t))', '(G(!(o)) & G(!(d)) & F(t))'),
 ('(G(!(t)) & G((o -> G(!(d)))) & G((d -> G(!(o)))))',
  '(G(!(t)) & G((o -> G(!(d)))) & G((d -> G(!(o)))))'),
 ('((!(t) U (d & X(F((o | t))))) | (!(t) U (o & X(F((d | t))))))',
  '((!(t) U (d & X(F((o | t))))) | (!(t) U (o & X(F((d | t))))))')]
2023-10-25 13:14:34.564 | INFO     | app:update_images:156 - Model: 
Atoms:
	['t', 'o', 'd']
Phi:
	(!((d | o)) U (t & F((o | d))))
	((!(t) U (d & X(F((o | t))))) | (!(t) U (o & X(F((d | t))))))
	(G(!(o)) & G(!(d)) & F(t))
	(G(!(t)) & G((o -> G(!(d)))) & G((d -> G(!(o)))))
Preorder:
	(!((d | o)) U (t & F((o | d)))) >= (G(!(t)) & G((o -> G(!(d)))) & G((d -> G(!(o)))))
	(!((d | o)) U (t & F((o | d)))) >= (G(!(o)) & G(!(d)) & F(t))
	((!(t) U (d & X(F((o | t))))) | (!(t) U (o & X(F((d | t)))))) >= (G(!(t)) & G((o -> G(!(d)))) & G((d -> G(!(o)))))
	(!((d | o)) U (t & F((o | d)))) >= (!((d | o)) U (t & F((o | d))))
	(G(!(o)) & G(!(d)) & F(t)) >= (G(!(t)) & G((o -> G(!(d)))) & G((d -> G(!(o)))))
	(!((d | o)) U (t & F((o | d)))) >= ((!(t) U (d & X(F((o | t))))) | (!(t) U (o & X(F((d | t))))))
	(G(!(o)) & G(!(d)) & F(t)) >= (G(!(o)) & G(!(d)) & F(t))
	(G(!(t)) & G((o -> G(!(d)))) & G((d -> G(!(o))))) >= (G(!(t)) & G((o -> G(!(d)))) & G((d -> G(!(o)))))
	((!(t) U (d & X(F((o | t))))) | (!(t) U (o & X(F((d | t)))))) >= ((!(t) U (d & X(F((o | t))))) | (!(t) U (o & X(F((d | t))))))

2023-10-25 13:14:34.650 | INFO     | translate:translate:221 - DFA((!((d | o)) U (t & F((o | d))))): 
{'final_states': {'4'},
 'init_state': '1',
 'states': {'4', '2', '3', '1'},
 'transitions': {'1': {'t & (d | o)': '4',
                       't & ~d & ~o': '2',
                       '~d & ~o & ~t': '1',
                       '~t & (d | o)': '3'},
                 '2': {'d | o': '4', '~d & ~o': '2'},
                 '3': {'true': '3'},
                 '4': {'true': '4'}}}
2023-10-25 13:14:34.688 | INFO     | translate:translate:221 - DFA(((!(t) U (d & X(F((o | t))))) | (!(t) U (o & X(F((d | t))))))): 
{'final_states': {'6'},
 'init_state': '1',
 'states': {'3', '2', '1', '5', '4', '6'},
 'transitions': {'1': {'d & o': '4',
                       'd & ~o': '3',
                       'o & ~d': '2',
                       't & ~d & ~o': '5',
                       '~d & ~o & ~t': '1'},
                 '2': {'d | t': '6', '~d & ~t': '2'},
                 '3': {'o | t': '6', '~o & ~t': '3'},
                 '4': {'d | o | t': '6', '~d & ~o & ~t': '4'},
                 '5': {'true': '5'},
                 '6': {'true': '6'}}}
2023-10-25 13:14:34.705 | INFO     | translate:translate:221 - DFA((G(!(o)) & G(!(d)) & F(t))): 
{'final_states': {'2'},
 'init_state': '1',
 'states': {'2', '3', '1'},
 'transitions': {'1': {'d | o': '3', 't & ~d & ~o': '2', '~d & ~o & ~t': '1'},
                 '2': {'d | o': '3', '~d & ~o': '2'},
                 '3': {'true': '3'}}}
2023-10-25 13:14:34.730 | INFO     | translate:translate:221 - DFA((G(!(t)) & G((o -> G(!(d)))) & G((d -> G(!(o)))))): 
{'final_states': {'2', '3', '1'},
 'init_state': '1',
 'states': {'2', '4', '3', '1'},
 'transitions': {'1': {'d & ~o & ~t': '2',
                       'o & ~d & ~t': '3',
                       't | (d & o)': '4',
                       '~d & ~o & ~t': '1'},
                 '2': {'o | t': '4', '~o & ~t': '2'},
                 '3': {'d | t': '4', '~d & ~t': '3'},
                 '4': {'true': '4'}}}
2023-10-25 13:14:35.394 | DEBUG    | translate:union_product:309 - [('1', '1', '1', '1')] 
	Guard: ('t & (d | o)', '~d & ~o & ~t', 't & ~d & ~o', '~d & ~o & ~t'), 
	LabelJoin: (t & (d | o)) & (~d & ~o & ~t) & (t & ~d & ~o) & (~d & ~o & ~t), 
	Label: False
2023-10-25 13:14:35.399 | DEBUG    | translate:union_product:309 - [('1', '1', '1', '1')] 
	Guard: ('t & (d | o)', '~d & ~o & ~t', 't & ~d & ~o', 'd & ~o & ~t'), 
	LabelJoin: (t & (d | o)) & (~d & ~o & ~t) & (t & ~d & ~o) & (d & ~o & ~t), 
	Label: False
2023-10-25 13:14:35.404 | DEBUG    | translate:union_product:309 - [('1', '1', '1', '1')] 
	Guard: ('t & (d | o)', '~d & ~o & ~t', 't & ~d & ~o', 'o & ~d & ~t'), 
	LabelJoin: (t & (d | o)) & (~d & ~o & ~t) & (t & ~d & ~o) & (o & ~d & ~t), 
	Label: False
2023-10-25 13:14:35.410 | DEBUG    | translate:union_product:309 - [('1', '1', '1', '1')] 
	Guard: ('t & (d | o)', '~d & ~o & ~t', 't & ~d & ~o', 't | (d & o)'), 
	LabelJoin: (t & (d | o)) & (~d & ~o & ~t) & (t & ~d & ~o) & (t | (d & o)), 
	Label: False
2023-10-25 13:14:35.415 | DEBUG    | translate:union_product:309 - [('1', '1', '1', '1')] 
	Guard: ('t & (d | o)', '~d & ~o & ~t', '~d & ~o & ~t', '~d & ~o & ~t'), 
	LabelJoin: (t & (d | o)) & (~d & ~o & ~t) & (~d & ~o & ~t) & (~d & ~o & ~t), 
	Label: False
2023-10-25 13:14:35.419 | DEBUG    | translate:union_product:309 - [('1', '1', '1', '1')] 
	Guard: ('t & (d | o)', '~d & ~o & ~t', '~d & ~o & ~t', 'd & ~o & ~t'), 
	LabelJoin: (t & (d | o)) & (~d & ~o & ~t) & (~d & ~o & ~t) & (d & ~o & ~t), 
	Label: False
2023-10-25 13:14:35.424 | DEBUG    | translate:union_product:309 - [('1', '1', '1', '1')] 
	Guard: ('t & (d | o)', '~d & ~o & ~t', '~d & ~o & ~t', 'o & ~d & ~t'), 
	LabelJoin: (t & (d | o)) & (~d & ~o & ~t) & (~d & ~o & ~t) & (o & ~d & ~t), 
	Label: False
2023-10-25 13:14:35.429 | DEBUG    | translate:union_product:309 - [('1', '1', '1', '1')] 
	Guard: ('t & (d | o)', '~d & ~o & ~t', '~d & ~o & ~t', 't | (d & o)'), 
	LabelJoin: (t & (d | o)) & (~d & ~o & ~t) & (~d & ~o & ~t) & (t | (d & o)), 
	Label: False
2023-10-25 13:14:35.433 | DEBUG    | translate:union_product:309 - [('1', '1', '1', '1')] 
	Guard: ('t & (d | o)', '~d & ~o & ~t', 'd | o', '~d & ~o & ~t'), 
	LabelJoin: (t & (d | o)) & (~d & ~o & ~t) & (d | o) & (~d & ~o & ~t), 
	Label: False
2023-10-25 13:14:35.437 | DEBUG    | translate:union_product:309 - [('1', '1', '1', '1')] 
	Guard: ('t & (d | o)', '~d & ~o & ~t', 'd | o', 'd & ~o & ~t'), 
	LabelJoin: (t & (d | o)) & (~d & ~o & ~t) & (d | o) & (d & ~o & ~t), 
	Label: False
2023-10-25 13:14:35.443 | DEBUG    | translate:union_product:309 - [('1', '1', '1', '1')] 
	Guard: ('t & (d | o)', '~d & ~o & ~t', 'd | o', 'o & ~d & ~t'), 
	LabelJoin: (t & (d | o)) & (~d & ~o & ~t) & (d | o) & (o & ~d & ~t), 
	Label: False
2023-10-25 13:14:35.456 | DEBUG    | translate:union_product:309 - [('1', '1', '1', '1')] 
	Guard: ('t & (d | o)', '~d & ~o & ~t', 'd | o', 't | (d & o)'), 
	LabelJoin: (t & (d | o)) & (~d & ~o & ~t) & (d | o) & (t | (d & o)), 
	Label: False
2023-10-25 13:14:35.460 | DEBUG    | translate:union_product:309 - [('1', '1', '1', '1')] 
	Guard: ('t & (d | o)', 'o & ~d', 't & ~d & ~o', '~d & ~o & ~t'), 
	LabelJoin: (t & (d | o)) & (o & ~d) & (t & ~d & ~o) & (~d & ~o & ~t), 
	Label: False
2023-10-25 13:14:35.466 | DEBUG    | translate:union_product:309 - [('1', '1', '1', '1')] 
	Guard: ('t & (d | o)', 'o & ~d', 't & ~d & ~o', 'd & ~o & ~t'), 
	LabelJoin: (t & (d | o)) & (o & ~d) & (t & ~d & ~o) & (d & ~o & ~t), 
	Label: False
2023-10-25 13:14:35.474 | DEBUG    | translate:union_product:309 - [('1', '1', '1', '1')] 
	Guard: ('t & (d | o)', 'o & ~d', 't & ~d & ~o', 'o & ~d & ~t'), 
	LabelJoin: (t & (d | o)) & (o & ~d) & (t & ~d & ~o) & (o & ~d & ~t), 
	Label: False
2023-10-25 13:14:35.486 | DEBUG    | translate:union_product:309 - [('1', '1', '1', '1')] 
	Guard: ('t & (d | o)', 'o & ~d', 't & ~d & ~o', 't | (d & o)'), 
	LabelJoin: (t & (d | o)) & (o & ~d) & (t & ~d & ~o) & (t | (d & o)), 
	Label: False
2023-10-25 13:14:35.491 | DEBUG    | translate:union_product:309 - [('1', '1', '1', '1')] 
	Guard: ('t & (d | o)', 'o & ~d', '~d & ~o & ~t', '~d & ~o & ~t'), 
	LabelJoin: (t & (d | o)) & (o & ~d) & (~d & ~o & ~t) & (~d & ~o & ~t), 
	Label: False
2023-10-25 13:14:35.502 | DEBUG    | translate:union_product:309 - [('1', '1', '1', '1')] 
	Guard: ('t & (d | o)', 'o & ~d', '~d & ~o & ~t', 'd & ~o & ~t'), 
	LabelJoin: (t & (d | o)) & (o & ~d) & (~d & ~o & ~t) & (d & ~o & ~t), 
	Label: False
2023-10-25 13:14:35.506 | DEBUG    | translate:union_product:309 - [('1', '1', '1', '1')] 
	Guard: ('t & (d | o)', 'o & ~d', '~d & ~o & ~t', 'o & ~d & ~t'), 
	LabelJoin: (t & (d | o)) & (o & ~d) & (~d & ~o & ~t) & (o & ~d & ~t), 
	Label: False
2023-10-25 13:14:35.511 | DEBUG    | translate:union_product:309 - [('1', '1', '1', '1')] 
	Guard: ('t & (d | o)', 'o & ~d', '~d & ~o & ~t', 't | (d & o)'), 
	LabelJoin: (t & (d | o)) & (o & ~d) & (~d & ~o & ~t) & (t | (d & o)), 
	Label: False
2023-10-25 13:14:35.518 | DEBUG    | translate:union_product:309 - [('1', '1', '1', '1')] 
	Guard: ('t & (d | o)', 'o & ~d', 'd | o', '~d & ~o & ~t'), 
	LabelJoin: (t & (d | o)) & (o & ~d) & (d | o) & (~d & ~o & ~t), 
	Label: False
2023-10-25 13:14:35.523 | DEBUG    | translate:union_product:309 - [('1', '1', '1', '1')] 
	Guard: ('t & (d | o)', 'o & ~d', 'd | o', 'd & ~o & ~t'), 
	LabelJoin: (t & (d | o)) & (o & ~d) & (d | o) & (d & ~o & ~t), 
	Label: False
2023-10-25 13:14:35.532 | DEBUG    | translate:union_product:309 - [('1', '1', '1', '1')] 
	Guard: ('t & (d | o)', 'o & ~d', 'd | o', 'o & ~d & ~t'), 
	LabelJoin: (t & (d | o)) & (o & ~d) & (d | o) & (o & ~d & ~t), 
	Label: False
2023-10-25 13:14:35.546 | DEBUG    | translate:union_product:309 - [('1', '1', '1', '1')] 
	Guard: ('t & (d | o)', 'o & ~d', 'd | o', 't | (d & o)'), 
	LabelJoin: (t & (d | o)) & (o & ~d) & (d | o) & (t | (d & o)), 
	Label: o & t & ~d
2023-10-25 13:14:35.551 | DEBUG    | translate:union_product:309 - [('1', '1', '1', '1')] 
	Guard: ('t & (d | o)', 'd & ~o', 't & ~d & ~o', '~d & ~o & ~t'), 
	LabelJoin: (t & (d | o)) & (d & ~o) & (t & ~d & ~o) & (~d & ~o & ~t), 
	Label: False
2023-10-25 13:14:35.556 | DEBUG    | translate:union_product:309 - [('1', '1', '1', '1')] 
	Guard: ('t & (d | o)', 'd & ~o', 't & ~d & ~o', 'd & ~o & ~t'), 
	LabelJoin: (t & (d | o)) & (d & ~o) & (t & ~d & ~o) & (d & ~o & ~t), 
	Label: False
2023-10-25 13:14:35.561 | DEBUG    | translate:union_product:309 - [('1', '1', '1', '1')] 
	Guard: ('t & (d | o)', 'd & ~o', 't & ~d & ~o', 'o & ~d & ~t'), 
	LabelJoin: (t & (d | o)) & (d & ~o) & (t & ~d & ~o) & (o & ~d & ~t), 
	Label: False
2023-10-25 13:14:35.569 | DEBUG    | translate:union_product:309 - [('1', '1', '1', '1')] 
	Guard: ('t & (d | o)', 'd & ~o', 't & ~d & ~o', 't | (d & o)'), 
	LabelJoin: (t & (d | o)) & (d & ~o) & (t & ~d & ~o) & (t | (d & o)), 
	Label: False
2023-10-25 13:14:35.574 | DEBUG    | translate:union_product:309 - [('1', '1', '1', '1')] 
	Guard: ('t & (d | o)', 'd & ~o', '~d & ~o & ~t', '~d & ~o & ~t'), 
	LabelJoin: (t & (d | o)) & (d & ~o) & (~d & ~o & ~t) & (~d & ~o & ~t), 
	Label: False
2023-10-25 13:14:35.578 | DEBUG    | translate:union_product:309 - [('1', '1', '1', '1')] 
	Guard: ('t & (d | o)', 'd & ~o', '~d & ~o & ~t', 'd & ~o & ~t'), 
	LabelJoin: (t & (d | o)) & (d & ~o) & (~d & ~o & ~t) & (d & ~o & ~t), 
	Label: False
2023-10-25 13:14:35.582 | DEBUG    | translate:union_product:309 - [('1', '1', '1', '1')] 
	Guard: ('t & (d | o)', 'd & ~o', '~d & ~o & ~t', 'o & ~d & ~t'), 
	LabelJoin: (t & (d | o)) & (d & ~o) & (~d & ~o & ~t) & (o & ~d & ~t), 
	Label: False
2023-10-25 13:14:35.587 | DEBUG    | translate:union_product:309 - [('1', '1', '1', '1')] 
	Guard: ('t & (d | o)', 'd & ~o', '~d & ~o & ~t', 't | (d & o)'), 
	LabelJoin: (t & (d | o)) & (d & ~o) & (~d & ~o & ~t) & (t | (d & o)), 
	Label: False
2023-10-25 13:14:35.591 | DEBUG    | translate:union_product:309 - [('1', '1', '1', '1')] 
	Guard: ('t & (d | o)', 'd & ~o', 'd | o', '~d & ~o & ~t'), 
	LabelJoin: (t & (d | o)) & (d & ~o) & (d | o) & (~d & ~o & ~t), 
	Label: False
2023-10-25 13:14:35.594 | DEBUG    | translate:union_product:309 - [('1', '1', '1', '1')] 
	Guard: ('t & (d | o)', 'd & ~o', 'd | o', 'd & ~o & ~t'), 
	LabelJoin: (t & (d | o)) & (d & ~o) & (d | o) & (d & ~o & ~t), 
	Label: False
2023-10-25 13:14:35.598 | DEBUG    | translate:union_product:309 - [('1', '1', '1', '1')] 
	Guard: ('t & (d | o)', 'd & ~o', 'd | o', 'o & ~d & ~t'), 
	LabelJoin: (t & (d | o)) & (d & ~o) & (d | o) & (o & ~d & ~t), 
	Label: False
2023-10-25 13:14:35.603 | DEBUG    | translate:union_product:309 - [('1', '1', '1', '1')] 
	Guard: ('t & (d | o)', 'd & ~o', 'd | o', 't | (d & o)'), 
	LabelJoin: (t & (d | o)) & (d & ~o) & (d | o) & (t | (d & o)), 
	Label: d & t & ~o
2023-10-25 13:14:35.607 | DEBUG    | translate:union_product:309 - [('1', '1', '1', '1')] 
	Guard: ('t & (d | o)', 'd & o', 't & ~d & ~o', '~d & ~o & ~t'), 
	LabelJoin: (t & (d | o)) & (d & o) & (t & ~d & ~o) & (~d & ~o & ~t), 
	Label: False
2023-10-25 13:14:35.611 | DEBUG    | translate:union_product:309 - [('1', '1', '1', '1')] 
	Guard: ('t & (d | o)', 'd & o', 't & ~d & ~o', 'd & ~o & ~t'), 
	LabelJoin: (t & (d | o)) & (d & o) & (t & ~d & ~o) & (d & ~o & ~t), 
	Label: False
2023-10-25 13:14:35.615 | DEBUG    | translate:union_product:309 - [('1', '1', '1', '1')] 
	Guard: ('t & (d | o)', 'd & o', 't & ~d & ~o', 'o & ~d & ~t'), 
	LabelJoin: (t & (d | o)) & (d & o) & (t & ~d & ~o) & (o & ~d & ~t), 
	Label: False
2023-10-25 13:14:35.620 | DEBUG    | translate:union_product:309 - [('1', '1', '1', '1')] 
	Guard: ('t & (d | o)', 'd & o', 't & ~d & ~o', 't | (d & o)'), 
	LabelJoin: (t & (d | o)) & (d & o) & (t & ~d & ~o) & (t | (d & o)), 
	Label: False
2023-10-25 13:14:35.624 | DEBUG    | translate:union_product:309 - [('1', '1', '1', '1')] 
	Guard: ('t & (d | o)', 'd & o', '~d & ~o & ~t', '~d & ~o & ~t'), 
	LabelJoin: (t & (d | o)) & (d & o) & (~d & ~o & ~t) & (~d & ~o & ~t), 
	Label: False
2023-10-25 13:14:35.628 | DEBUG    | translate:union_product:309 - [('1', '1', '1', '1')] 
	Guard: ('t & (d | o)', 'd & o', '~d & ~o & ~t', 'd & ~o & ~t'), 
	LabelJoin: (t & (d | o)) & (d & o) & (~d & ~o & ~t) & (d & ~o & ~t), 
	Label: False
2023-10-25 13:14:35.632 | DEBUG    | translate:union_product:309 - [('1', '1', '1', '1')] 
	Guard: ('t & (d | o)', 'd & o', '~d & ~o & ~t', 'o & ~d & ~t'), 
	LabelJoin: (t & (d | o)) & (d & o) & (~d & ~o & ~t) & (o & ~d & ~t), 
	Label: False
2023-10-25 13:14:35.638 | DEBUG    | translate:union_product:309 - [('1', '1', '1', '1')] 
	Guard: ('t & (d | o)', 'd & o', '~d & ~o & ~t', 't | (d & o)'), 
	LabelJoin: (t & (d | o)) & (d & o) & (~d & ~o & ~t) & (t | (d & o)), 
	Label: False
2023-10-25 13:14:35.642 | DEBUG    | translate:union_product:309 - [('1', '1', '1', '1')] 
	Guard: ('t & (d | o)', 'd & o', 'd | o', '~d & ~o & ~t'), 
	LabelJoin: (t & (d | o)) & (d & o) & (d | o) & (~d & ~o & ~t), 
	Label: False
2023-10-25 13:14:35.645 | DEBUG    | translate:union_product:309 - [('1', '1', '1', '1')] 
	Guard: ('t & (d | o)', 'd & o', 'd | o', 'd & ~o & ~t'), 
	LabelJoin: (t & (d | o)) & (d & o) & (d | o) & (d & ~o & ~t), 
	Label: False
2023-10-25 13:14:35.649 | DEBUG    | translate:union_product:309 - [('1', '1', '1', '1')] 
	Guard: ('t & (d | o)', 'd & o', 'd | o', 'o & ~d & ~t'), 
	LabelJoin: (t & (d | o)) & (d & o) & (d | o) & (o & ~d & ~t), 
	Label: False
2023-10-25 13:14:35.653 | DEBUG    | translate:union_product:309 - [('1', '1', '1', '1')] 
	Guard: ('t & (d | o)', 'd & o', 'd | o', 't | (d & o)'), 
	LabelJoin: (t & (d | o)) & (d & o) & (d | o) & (t | (d & o)), 
	Label: d & o & t
2023-10-25 13:14:35.657 | DEBUG    | translate:union_product:309 - [('1', '1', '1', '1')] 
	Guard: ('t & (d | o)', 't & ~d & ~o', 't & ~d & ~o', '~d & ~o & ~t'), 
	LabelJoin: (t & (d | o)) & (t & ~d & ~o) & (t & ~d & ~o) & (~d & ~o & ~t), 
	Label: False
2023-10-25 13:14:35.661 | DEBUG    | translate:union_product:309 - [('1', '1', '1', '1')] 
	Guard: ('t & (d | o)', 't & ~d & ~o', 't & ~d & ~o', 'd & ~o & ~t'), 
	LabelJoin: (t & (d | o)) & (t & ~d & ~o) & (t & ~d & ~o) & (d & ~o & ~t), 
	Label: False
2023-10-25 13:14:35.665 | DEBUG    | translate:union_product:309 - [('1', '1', '1', '1')] 
	Guard: ('t & (d | o)', 't & ~d & ~o', 't & ~d & ~o', 'o & ~d & ~t'), 
	LabelJoin: (t & (d | o)) & (t & ~d & ~o) & (t & ~d & ~o) & (o & ~d & ~t), 
	Label: False
2023-10-25 13:14:35.671 | DEBUG    | translate:union_product:309 - [('1', '1', '1', '1')] 
	Guard: ('t & (d | o)', 't & ~d & ~o', 't & ~d & ~o', 't | (d & o)'), 
	LabelJoin: (t & (d | o)) & (t & ~d & ~o) & (t & ~d & ~o) & (t | (d & o)), 
	Label: False
2023-10-25 13:14:35.674 | DEBUG    | translate:union_product:309 - [('1', '1', '1', '1')] 
	Guard: ('t & (d | o)', 't & ~d & ~o', '~d & ~o & ~t', '~d & ~o & ~t'), 
	LabelJoin: (t & (d | o)) & (t & ~d & ~o) & (~d & ~o & ~t) & (~d & ~o & ~t), 
	Label: False
2023-10-25 13:14:35.684 | DEBUG    | translate:union_product:309 - [('1', '1', '1', '1')] 
	Guard: ('t & (d | o)', 't & ~d & ~o', '~d & ~o & ~t', 'd & ~o & ~t'), 
	LabelJoin: (t & (d | o)) & (t & ~d & ~o) & (~d & ~o & ~t) & (d & ~o & ~t), 
	Label: False
2023-10-25 13:14:35.695 | DEBUG    | translate:union_product:309 - [('1', '1', '1', '1')] 
	Guard: ('t & (d | o)', 't & ~d & ~o', '~d & ~o & ~t', 'o & ~d & ~t'), 
	LabelJoin: (t & (d | o)) & (t & ~d & ~o) & (~d & ~o & ~t) & (o & ~d & ~t), 
	Label: False
2023-10-25 13:14:35.700 | DEBUG    | translate:union_product:309 - [('1', '1', '1', '1')] 
	Guard: ('t & (d | o)', 't & ~d & ~o', '~d & ~o & ~t', 't | (d & o)'), 
	LabelJoin: (t & (d | o)) & (t & ~d & ~o) & (~d & ~o & ~t) & (t | (d & o)), 
	Label: False
2023-10-25 13:14:35.704 | DEBUG    | translate:union_product:309 - [('1', '1', '1', '1')] 
	Guard: ('t & (d | o)', 't & ~d & ~o', 'd | o', '~d & ~o & ~t'), 
	LabelJoin: (t & (d | o)) & (t & ~d & ~o) & (d | o) & (~d & ~o & ~t), 
	Label: False
2023-10-25 13:14:35.708 | DEBUG    | translate:union_product:309 - [('1', '1', '1', '1')] 
	Guard: ('t & (d | o)', 't & ~d & ~o', 'd | o', 'd & ~o & ~t'), 
	LabelJoin: (t & (d | o)) & (t & ~d & ~o) & (d | o) & (d & ~o & ~t), 
	Label: False
2023-10-25 13:14:35.712 | DEBUG    | translate:union_product:309 - [('1', '1', '1', '1')] 
	Guard: ('t & (d | o)', 't & ~d & ~o', 'd | o', 'o & ~d & ~t'), 
	LabelJoin: (t & (d | o)) & (t & ~d & ~o) & (d | o) & (o & ~d & ~t), 
	Label: False
2023-10-25 13:14:35.717 | DEBUG    | translate:union_product:309 - [('1', '1', '1', '1')] 
	Guard: ('t & (d | o)', 't & ~d & ~o', 'd | o', 't | (d & o)'), 
	LabelJoin: (t & (d | o)) & (t & ~d & ~o) & (d | o) & (t | (d & o)), 
	Label: False
2023-10-25 13:14:35.720 | DEBUG    | translate:union_product:309 - [('1', '1', '1', '1')] 
	Guard: ('~d & ~o & ~t', '~d & ~o & ~t', 't & ~d & ~o', '~d & ~o & ~t'), 
	LabelJoin: (~d & ~o & ~t) & (~d & ~o & ~t) & (t & ~d & ~o) & (~d & ~o & ~t), 
	Label: False
2023-10-25 13:14:35.724 | DEBUG    | translate:union_product:309 - [('1', '1', '1', '1')] 
	Guard: ('~d & ~o & ~t', '~d & ~o & ~t', 't & ~d & ~o', 'd & ~o & ~t'), 
	LabelJoin: (~d & ~o & ~t) & (~d & ~o & ~t) & (t & ~d & ~o) & (d & ~o & ~t), 
	Label: False
2023-10-25 13:14:35.728 | DEBUG    | translate:union_product:309 - [('1', '1', '1', '1')] 
	Guard: ('~d & ~o & ~t', '~d & ~o & ~t', 't & ~d & ~o', 'o & ~d & ~t'), 
	LabelJoin: (~d & ~o & ~t) & (~d & ~o & ~t) & (t & ~d & ~o) & (o & ~d & ~t), 
	Label: False
2023-10-25 13:14:35.732 | DEBUG    | translate:union_product:309 - [('1', '1', '1', '1')] 
	Guard: ('~d & ~o & ~t', '~d & ~o & ~t', 't & ~d & ~o', 't | (d & o)'), 
	LabelJoin: (~d & ~o & ~t) & (~d & ~o & ~t) & (t & ~d & ~o) & (t | (d & o)), 
	Label: False
2023-10-25 13:14:35.736 | DEBUG    | translate:union_product:309 - [('1', '1', '1', '1')] 
	Guard: ('~d & ~o & ~t', '~d & ~o & ~t', '~d & ~o & ~t', '~d & ~o & ~t'), 
	LabelJoin: (~d & ~o & ~t) & (~d & ~o & ~t) & (~d & ~o & ~t) & (~d & ~o & ~t), 
	Label: ~d & ~o & ~t
2023-10-25 13:14:35.740 | DEBUG    | translate:union_product:309 - [('1', '1', '1', '1')] 
	Guard: ('~d & ~o & ~t', '~d & ~o & ~t', '~d & ~o & ~t', 'd & ~o & ~t'), 
	LabelJoin: (~d & ~o & ~t) & (~d & ~o & ~t) & (~d & ~o & ~t) & (d & ~o & ~t), 
	Label: False
2023-10-25 13:14:35.745 | DEBUG    | translate:union_product:309 - [('1', '1', '1', '1')] 
	Guard: ('~d & ~o & ~t', '~d & ~o & ~t', '~d & ~o & ~t', 'o & ~d & ~t'), 
	LabelJoin: (~d & ~o & ~t) & (~d & ~o & ~t) & (~d & ~o & ~t) & (o & ~d & ~t), 
	Label: False
2023-10-25 13:14:35.759 | DEBUG    | translate:union_product:309 - [('1', '1', '1', '1')] 
	Guard: ('~d & ~o & ~t', '~d & ~o & ~t', '~d & ~o & ~t', 't | (d & o)'), 
	LabelJoin: (~d & ~o & ~t) & (~d & ~o & ~t) & (~d & ~o & ~t) & (t | (d & o)), 
	Label: False
2023-10-25 13:14:35.769 | DEBUG    | translate:union_product:309 - [('1', '1', '1', '1')] 
	Guard: ('~d & ~o & ~t', '~d & ~o & ~t', 'd | o', '~d & ~o & ~t'), 
	LabelJoin: (~d & ~o & ~t) & (~d & ~o & ~t) & (d | o) & (~d & ~o & ~t), 
	Label: False
2023-10-25 13:14:35.774 | DEBUG    | translate:union_product:309 - [('1', '1', '1', '1')] 
	Guard: ('~d & ~o & ~t', '~d & ~o & ~t', 'd | o', 'd & ~o & ~t'), 
	LabelJoin: (~d & ~o & ~t) & (~d & ~o & ~t) & (d | o) & (d & ~o & ~t), 
	Label: False
2023-10-25 13:14:35.778 | DEBUG    | translate:union_product:309 - [('1', '1', '1', '1')] 
	Guard: ('~d & ~o & ~t', '~d & ~o & ~t', 'd | o', 'o & ~d & ~t'), 
	LabelJoin: (~d & ~o & ~t) & (~d & ~o & ~t) & (d | o) & (o & ~d & ~t), 
	Label: False
2023-10-25 13:14:35.783 | DEBUG    | translate:union_product:309 - [('1', '1', '1', '1')] 
	Guard: ('~d & ~o & ~t', '~d & ~o & ~t', 'd | o', 't | (d & o)'), 
	LabelJoin: (~d & ~o & ~t) & (~d & ~o & ~t) & (d | o) & (t | (d & o)), 
	Label: False
2023-10-25 13:14:35.787 | DEBUG    | translate:union_product:309 - [('1', '1', '1', '1')] 
	Guard: ('~d & ~o & ~t', 'o & ~d', 't & ~d & ~o', '~d & ~o & ~t'), 
	LabelJoin: (~d & ~o & ~t) & (o & ~d) & (t & ~d & ~o) & (~d & ~o & ~t), 
	Label: False
2023-10-25 13:14:35.791 | DEBUG    | translate:union_product:309 - [('1', '1', '1', '1')] 
	Guard: ('~d & ~o & ~t', 'o & ~d', 't & ~d & ~o', 'd & ~o & ~t'), 
	LabelJoin: (~d & ~o & ~t) & (o & ~d) & (t & ~d & ~o) & (d & ~o & ~t), 
	Label: False
2023-10-25 13:14:35.794 | DEBUG    | translate:union_product:309 - [('1', '1', '1', '1')] 
	Guard: ('~d & ~o & ~t', 'o & ~d', 't & ~d & ~o', 'o & ~d & ~t'), 
	LabelJoin: (~d & ~o & ~t) & (o & ~d) & (t & ~d & ~o) & (o & ~d & ~t), 
	Label: False
2023-10-25 13:14:35.802 | DEBUG    | translate:union_product:309 - [('1', '1', '1', '1')] 
	Guard: ('~d & ~o & ~t', 'o & ~d', 't & ~d & ~o', 't | (d & o)'), 
	LabelJoin: (~d & ~o & ~t) & (o & ~d) & (t & ~d & ~o) & (t | (d & o)), 
	Label: False
2023-10-25 13:14:35.806 | DEBUG    | translate:union_product:309 - [('1', '1', '1', '1')] 
	Guard: ('~d & ~o & ~t', 'o & ~d', '~d & ~o & ~t', '~d & ~o & ~t'), 
	LabelJoin: (~d & ~o & ~t) & (o & ~d) & (~d & ~o & ~t) & (~d & ~o & ~t), 
	Label: False
2023-10-25 13:14:35.809 | DEBUG    | translate:union_product:309 - [('1', '1', '1', '1')] 
	Guard: ('~d & ~o & ~t', 'o & ~d', '~d & ~o & ~t', 'd & ~o & ~t'), 
	LabelJoin: (~d & ~o & ~t) & (o & ~d) & (~d & ~o & ~t) & (d & ~o & ~t), 
	Label: False
2023-10-25 13:14:35.813 | DEBUG    | translate:union_product:309 - [('1', '1', '1', '1')] 
	Guard: ('~d & ~o & ~t', 'o & ~d', '~d & ~o & ~t', 'o & ~d & ~t'), 
	LabelJoin: (~d & ~o & ~t) & (o & ~d) & (~d & ~o & ~t) & (o & ~d & ~t), 
	Label: False
2023-10-25 13:14:35.818 | DEBUG    | translate:union_product:309 - [('1', '1', '1', '1')] 
	Guard: ('~d & ~o & ~t', 'o & ~d', '~d & ~o & ~t', 't | (d & o)'), 
	LabelJoin: (~d & ~o & ~t) & (o & ~d) & (~d & ~o & ~t) & (t | (d & o)), 
	Label: False
2023-10-25 13:14:35.822 | DEBUG    | translate:union_product:309 - [('1', '1', '1', '1')] 
	Guard: ('~d & ~o & ~t', 'o & ~d', 'd | o', '~d & ~o & ~t'), 
	LabelJoin: (~d & ~o & ~t) & (o & ~d) & (d | o) & (~d & ~o & ~t), 
	Label: False
2023-10-25 13:14:35.826 | DEBUG    | translate:union_product:309 - [('1', '1', '1', '1')] 
	Guard: ('~d & ~o & ~t', 'o & ~d', 'd | o', 'd & ~o & ~t'), 
	LabelJoin: (~d & ~o & ~t) & (o & ~d) & (d | o) & (d & ~o & ~t), 
	Label: False
2023-10-25 13:14:35.830 | DEBUG    | translate:union_product:309 - [('1', '1', '1', '1')] 
	Guard: ('~d & ~o & ~t', 'o & ~d', 'd | o', 'o & ~d & ~t'), 
	LabelJoin: (~d & ~o & ~t) & (o & ~d) & (d | o) & (o & ~d & ~t), 
	Label: False
2023-10-25 13:14:35.836 | DEBUG    | translate:union_product:309 - [('1', '1', '1', '1')] 
	Guard: ('~d & ~o & ~t', 'o & ~d', 'd | o', 't | (d & o)'), 
	LabelJoin: (~d & ~o & ~t) & (o & ~d) & (d | o) & (t | (d & o)), 
	Label: False
2023-10-25 13:14:35.840 | DEBUG    | translate:union_product:309 - [('1', '1', '1', '1')] 
	Guard: ('~d & ~o & ~t', 'd & ~o', 't & ~d & ~o', '~d & ~o & ~t'), 
	LabelJoin: (~d & ~o & ~t) & (d & ~o) & (t & ~d & ~o) & (~d & ~o & ~t), 
	Label: False
2023-10-25 13:14:35.849 | DEBUG    | translate:union_product:309 - [('1', '1', '1', '1')] 
	Guard: ('~d & ~o & ~t', 'd & ~o', 't & ~d & ~o', 'd & ~o & ~t'), 
	LabelJoin: (~d & ~o & ~t) & (d & ~o) & (t & ~d & ~o) & (d & ~o & ~t), 
	Label: False
2023-10-25 13:14:35.858 | DEBUG    | translate:union_product:309 - [('1', '1', '1', '1')] 
	Guard: ('~d & ~o & ~t', 'd & ~o', 't & ~d & ~o', 'o & ~d & ~t'), 
	LabelJoin: (~d & ~o & ~t) & (d & ~o) & (t & ~d & ~o) & (o & ~d & ~t), 
	Label: False
2023-10-25 13:14:35.864 | DEBUG    | translate:union_product:309 - [('1', '1', '1', '1')] 
	Guard: ('~d & ~o & ~t', 'd & ~o', 't & ~d & ~o', 't | (d & o)'), 
	LabelJoin: (~d & ~o & ~t) & (d & ~o) & (t & ~d & ~o) & (t | (d & o)), 
	Label: False
2023-10-25 13:14:35.868 | DEBUG    | translate:union_product:309 - [('1', '1', '1', '1')] 
	Guard: ('~d & ~o & ~t', 'd & ~o', '~d & ~o & ~t', '~d & ~o & ~t'), 
	LabelJoin: (~d & ~o & ~t) & (d & ~o) & (~d & ~o & ~t) & (~d & ~o & ~t), 
	Label: False
2023-10-25 13:14:35.872 | DEBUG    | translate:union_product:309 - [('1', '1', '1', '1')] 
	Guard: ('~d & ~o & ~t', 'd & ~o', '~d & ~o & ~t', 'd & ~o & ~t'), 
	LabelJoin: (~d & ~o & ~t) & (d & ~o) & (~d & ~o & ~t) & (d & ~o & ~t), 
	Label: False
2023-10-25 13:14:35.878 | DEBUG    | translate:union_product:309 - [('1', '1', '1', '1')] 
	Guard: ('~d & ~o & ~t', 'd & ~o', '~d & ~o & ~t', 'o & ~d & ~t'), 
	LabelJoin: (~d & ~o & ~t) & (d & ~o) & (~d & ~o & ~t) & (o & ~d & ~t), 
	Label: False
2023-10-25 13:14:35.891 | DEBUG    | translate:union_product:309 - [('1', '1', '1', '1')] 
	Guard: ('~d & ~o & ~t', 'd & ~o', '~d & ~o & ~t', 't | (d & o)'), 
	LabelJoin: (~d & ~o & ~t) & (d & ~o) & (~d & ~o & ~t) & (t | (d & o)), 
	Label: False
2023-10-25 13:14:35.904 | DEBUG    | translate:union_product:309 - [('1', '1', '1', '1')] 
	Guard: ('~d & ~o & ~t', 'd & ~o', 'd | o', '~d & ~o & ~t'), 
	LabelJoin: (~d & ~o & ~t) & (d & ~o) & (d | o) & (~d & ~o & ~t), 
	Label: False
2023-10-25 13:14:35.909 | DEBUG    | translate:union_product:309 - [('1', '1', '1', '1')] 
	Guard: ('~d & ~o & ~t', 'd & ~o', 'd | o', 'd & ~o & ~t'), 
	LabelJoin: (~d & ~o & ~t) & (d & ~o) & (d | o) & (d & ~o & ~t), 
	Label: False
2023-10-25 13:14:35.914 | DEBUG    | translate:union_product:309 - [('1', '1', '1', '1')] 
	Guard: ('~d & ~o & ~t', 'd & ~o', 'd | o', 'o & ~d & ~t'), 
	LabelJoin: (~d & ~o & ~t) & (d & ~o) & (d | o) & (o & ~d & ~t), 
	Label: False
2023-10-25 13:14:35.919 | DEBUG    | translate:union_product:309 - [('1', '1', '1', '1')] 
	Guard: ('~d & ~o & ~t', 'd & ~o', 'd | o', 't | (d & o)'), 
	LabelJoin: (~d & ~o & ~t) & (d & ~o) & (d | o) & (t | (d & o)), 
	Label: False
2023-10-25 13:14:35.923 | DEBUG    | translate:union_product:309 - [('1', '1', '1', '1')] 
	Guard: ('~d & ~o & ~t', 'd & o', 't & ~d & ~o', '~d & ~o & ~t'), 
	LabelJoin: (~d & ~o & ~t) & (d & o) & (t & ~d & ~o) & (~d & ~o & ~t), 
	Label: False
2023-10-25 13:14:35.933 | DEBUG    | translate:union_product:309 - [('1', '1', '1', '1')] 
	Guard: ('~d & ~o & ~t', 'd & o', 't & ~d & ~o', 'd & ~o & ~t'), 
	LabelJoin: (~d & ~o & ~t) & (d & o) & (t & ~d & ~o) & (d & ~o & ~t), 
	Label: False
2023-10-25 13:14:35.943 | DEBUG    | translate:union_product:309 - [('1', '1', '1', '1')] 
	Guard: ('~d & ~o & ~t', 'd & o', 't & ~d & ~o', 'o & ~d & ~t'), 
	LabelJoin: (~d & ~o & ~t) & (d & o) & (t & ~d & ~o) & (o & ~d & ~t), 
	Label: False
2023-10-25 13:14:35.956 | DEBUG    | translate:union_product:309 - [('1', '1', '1', '1')] 
	Guard: ('~d & ~o & ~t', 'd & o', 't & ~d & ~o', 't | (d & o)'), 
	LabelJoin: (~d & ~o & ~t) & (d & o) & (t & ~d & ~o) & (t | (d & o)), 
	Label: False
2023-10-25 13:14:35.966 | DEBUG    | translate:union_product:309 - [('1', '1', '1', '1')] 
	Guard: ('~d & ~o & ~t', 'd & o', '~d & ~o & ~t', '~d & ~o & ~t'), 
	LabelJoin: (~d & ~o & ~t) & (d & o) & (~d & ~o & ~t) & (~d & ~o & ~t), 
	Label: False
2023-10-25 13:14:35.970 | DEBUG    | translate:union_product:309 - [('1', '1', '1', '1')] 
	Guard: ('~d & ~o & ~t', 'd & o', '~d & ~o & ~t', 'd & ~o & ~t'), 
	LabelJoin: (~d & ~o & ~t) & (d & o) & (~d & ~o & ~t) & (d & ~o & ~t), 
	Label: False
2023-10-25 13:14:35.980 | DEBUG    | translate:union_product:309 - [('1', '1', '1', '1')] 
	Guard: ('~d & ~o & ~t', 'd & o', '~d & ~o & ~t', 'o & ~d & ~t'), 
	LabelJoin: (~d & ~o & ~t) & (d & o) & (~d & ~o & ~t) & (o & ~d & ~t), 
	Label: False
2023-10-25 13:14:35.985 | DEBUG    | translate:union_product:309 - [('1', '1', '1', '1')] 
	Guard: ('~d & ~o & ~t', 'd & o', '~d & ~o & ~t', 't | (d & o)'), 
	LabelJoin: (~d & ~o & ~t) & (d & o) & (~d & ~o & ~t) & (t | (d & o)), 
	Label: False
2023-10-25 13:14:35.997 | DEBUG    | translate:union_product:309 - [('1', '1', '1', '1')] 
	Guard: ('~d & ~o & ~t', 'd & o', 'd | o', '~d & ~o & ~t'), 
	LabelJoin: (~d & ~o & ~t) & (d & o) & (d | o) & (~d & ~o & ~t), 
	Label: False
2023-10-25 13:14:36.009 | DEBUG    | translate:union_product:309 - [('1', '1', '1', '1')] 
	Guard: ('~d & ~o & ~t', 'd & o', 'd | o', 'd & ~o & ~t'), 
	LabelJoin: (~d & ~o & ~t) & (d & o) & (d | o) & (d & ~o & ~t), 
	Label: False
2023-10-25 13:14:36.021 | DEBUG    | translate:union_product:309 - [('1', '1', '1', '1')] 
	Guard: ('~d & ~o & ~t', 'd & o', 'd | o', 'o & ~d & ~t'), 
	LabelJoin: (~d & ~o & ~t) & (d & o) & (d | o) & (o & ~d & ~t), 
	Label: False
2023-10-25 13:14:36.029 | DEBUG    | translate:union_product:309 - [('1', '1', '1', '1')] 
	Guard: ('~d & ~o & ~t', 'd & o', 'd | o', 't | (d & o)'), 
	LabelJoin: (~d & ~o & ~t) & (d & o) & (d | o) & (t | (d & o)), 
	Label: False
2023-10-25 13:14:36.033 | DEBUG    | translate:union_product:309 - [('1', '1', '1', '1')] 
	Guard: ('~d & ~o & ~t', 't & ~d & ~o', 't & ~d & ~o', '~d & ~o & ~t'), 
	LabelJoin: (~d & ~o & ~t) & (t & ~d & ~o) & (t & ~d & ~o) & (~d & ~o & ~t), 
	Label: False
2023-10-25 13:14:36.043 | DEBUG    | translate:union_product:309 - [('1', '1', '1', '1')] 
	Guard: ('~d & ~o & ~t', 't & ~d & ~o', 't & ~d & ~o', 'd & ~o & ~t'), 
	LabelJoin: (~d & ~o & ~t) & (t & ~d & ~o) & (t & ~d & ~o) & (d & ~o & ~t), 
	Label: False
2023-10-25 13:14:36.053 | DEBUG    | translate:union_product:309 - [('1', '1', '1', '1')] 
	Guard: ('~d & ~o & ~t', 't & ~d & ~o', 't & ~d & ~o', 'o & ~d & ~t'), 
	LabelJoin: (~d & ~o & ~t) & (t & ~d & ~o) & (t & ~d & ~o) & (o & ~d & ~t), 
	Label: False
2023-10-25 13:14:36.066 | DEBUG    | translate:union_product:309 - [('1', '1', '1', '1')] 
	Guard: ('~d & ~o & ~t', 't & ~d & ~o', 't & ~d & ~o', 't | (d & o)'), 
	LabelJoin: (~d & ~o & ~t) & (t & ~d & ~o) & (t & ~d & ~o) & (t | (d & o)), 
	Label: False
2023-10-25 13:14:36.075 | DEBUG    | translate:union_product:309 - [('1', '1', '1', '1')] 
	Guard: ('~d & ~o & ~t', 't & ~d & ~o', '~d & ~o & ~t', '~d & ~o & ~t'), 
	LabelJoin: (~d & ~o & ~t) & (t & ~d & ~o) & (~d & ~o & ~t) & (~d & ~o & ~t), 
	Label: False
2023-10-25 13:14:36.084 | DEBUG    | translate:union_product:309 - [('1', '1', '1', '1')] 
	Guard: ('~d & ~o & ~t', 't & ~d & ~o', '~d & ~o & ~t', 'd & ~o & ~t'), 
	LabelJoin: (~d & ~o & ~t) & (t & ~d & ~o) & (~d & ~o & ~t) & (d & ~o & ~t), 
	Label: False
2023-10-25 13:14:36.088 | DEBUG    | translate:union_product:309 - [('1', '1', '1', '1')] 
	Guard: ('~d & ~o & ~t', 't & ~d & ~o', '~d & ~o & ~t', 'o & ~d & ~t'), 
	LabelJoin: (~d & ~o & ~t) & (t & ~d & ~o) & (~d & ~o & ~t) & (o & ~d & ~t), 
	Label: False
2023-10-25 13:14:36.093 | DEBUG    | translate:union_product:309 - [('1', '1', '1', '1')] 
	Guard: ('~d & ~o & ~t', 't & ~d & ~o', '~d & ~o & ~t', 't | (d & o)'), 
	LabelJoin: (~d & ~o & ~t) & (t & ~d & ~o) & (~d & ~o & ~t) & (t | (d & o)), 
	Label: False
2023-10-25 13:14:36.100 | DEBUG    | translate:union_product:309 - [('1', '1', '1', '1')] 
	Guard: ('~d & ~o & ~t', 't & ~d & ~o', 'd | o', '~d & ~o & ~t'), 
	LabelJoin: (~d & ~o & ~t) & (t & ~d & ~o) & (d | o) & (~d & ~o & ~t), 
	Label: False
2023-10-25 13:14:36.104 | DEBUG    | translate:union_product:309 - [('1', '1', '1', '1')] 
	Guard: ('~d & ~o & ~t', 't & ~d & ~o', 'd | o', 'd & ~o & ~t'), 
	LabelJoin: (~d & ~o & ~t) & (t & ~d & ~o) & (d | o) & (d & ~o & ~t), 
	Label: False
2023-10-25 13:14:36.115 | DEBUG    | translate:union_product:309 - [('1', '1', '1', '1')] 
	Guard: ('~d & ~o & ~t', 't & ~d & ~o', 'd | o', 'o & ~d & ~t'), 
	LabelJoin: (~d & ~o & ~t) & (t & ~d & ~o) & (d | o) & (o & ~d & ~t), 
	Label: False
2023-10-25 13:14:36.128 | DEBUG    | translate:union_product:309 - [('1', '1', '1', '1')] 
	Guard: ('~d & ~o & ~t', 't & ~d & ~o', 'd | o', 't | (d & o)'), 
	LabelJoin: (~d & ~o & ~t) & (t & ~d & ~o) & (d | o) & (t | (d & o)), 
	Label: False
2023-10-25 13:14:36.132 | DEBUG    | translate:union_product:309 - [('1', '1', '1', '1')] 
	Guard: ('t & ~d & ~o', '~d & ~o & ~t', 't & ~d & ~o', '~d & ~o & ~t'), 
	LabelJoin: (t & ~d & ~o) & (~d & ~o & ~t) & (t & ~d & ~o) & (~d & ~o & ~t), 
	Label: False
2023-10-25 13:14:36.135 | DEBUG    | translate:union_product:309 - [('1', '1', '1', '1')] 
	Guard: ('t & ~d & ~o', '~d & ~o & ~t', 't & ~d & ~o', 'd & ~o & ~t'), 
	LabelJoin: (t & ~d & ~o) & (~d & ~o & ~t) & (t & ~d & ~o) & (d & ~o & ~t), 
	Label: False
2023-10-25 13:14:36.139 | DEBUG    | translate:union_product:309 - [('1', '1', '1', '1')] 
	Guard: ('t & ~d & ~o', '~d & ~o & ~t', 't & ~d & ~o', 'o & ~d & ~t'), 
	LabelJoin: (t & ~d & ~o) & (~d & ~o & ~t) & (t & ~d & ~o) & (o & ~d & ~t), 
	Label: False
2023-10-25 13:14:36.144 | DEBUG    | translate:union_product:309 - [('1', '1', '1', '1')] 
	Guard: ('t & ~d & ~o', '~d & ~o & ~t', 't & ~d & ~o', 't | (d & o)'), 
	LabelJoin: (t & ~d & ~o) & (~d & ~o & ~t) & (t & ~d & ~o) & (t | (d & o)), 
	Label: False
2023-10-25 13:14:36.147 | DEBUG    | translate:union_product:309 - [('1', '1', '1', '1')] 
	Guard: ('t & ~d & ~o', '~d & ~o & ~t', '~d & ~o & ~t', '~d & ~o & ~t'), 
	LabelJoin: (t & ~d & ~o) & (~d & ~o & ~t) & (~d & ~o & ~t) & (~d & ~o & ~t), 
	Label: False
2023-10-25 13:14:36.151 | DEBUG    | translate:union_product:309 - [('1', '1', '1', '1')] 
	Guard: ('t & ~d & ~o', '~d & ~o & ~t', '~d & ~o & ~t', 'd & ~o & ~t'), 
	LabelJoin: (t & ~d & ~o) & (~d & ~o & ~t) & (~d & ~o & ~t) & (d & ~o & ~t), 
	Label: False
2023-10-25 13:14:36.154 | DEBUG    | translate:union_product:309 - [('1', '1', '1', '1')] 
	Guard: ('t & ~d & ~o', '~d & ~o & ~t', '~d & ~o & ~t', 'o & ~d & ~t'), 
	LabelJoin: (t & ~d & ~o) & (~d & ~o & ~t) & (~d & ~o & ~t) & (o & ~d & ~t), 
	Label: False
2023-10-25 13:14:36.159 | DEBUG    | translate:union_product:309 - [('1', '1', '1', '1')] 
	Guard: ('t & ~d & ~o', '~d & ~o & ~t', '~d & ~o & ~t', 't | (d & o)'), 
	LabelJoin: (t & ~d & ~o) & (~d & ~o & ~t) & (~d & ~o & ~t) & (t | (d & o)), 
	Label: False
2023-10-25 13:14:36.163 | DEBUG    | translate:union_product:309 - [('1', '1', '1', '1')] 
	Guard: ('t & ~d & ~o', '~d & ~o & ~t', 'd | o', '~d & ~o & ~t'), 
	LabelJoin: (t & ~d & ~o) & (~d & ~o & ~t) & (d | o) & (~d & ~o & ~t), 
	Label: False
2023-10-25 13:14:36.167 | DEBUG    | translate:union_product:309 - [('1', '1', '1', '1')] 
	Guard: ('t & ~d & ~o', '~d & ~o & ~t', 'd | o', 'd & ~o & ~t'), 
	LabelJoin: (t & ~d & ~o) & (~d & ~o & ~t) & (d | o) & (d & ~o & ~t), 
	Label: False
2023-10-25 13:14:36.171 | DEBUG    | translate:union_product:309 - [('1', '1', '1', '1')] 
	Guard: ('t & ~d & ~o', '~d & ~o & ~t', 'd | o', 'o & ~d & ~t'), 
	LabelJoin: (t & ~d & ~o) & (~d & ~o & ~t) & (d | o) & (o & ~d & ~t), 
	Label: False
2023-10-25 13:14:36.176 | DEBUG    | translate:union_product:309 - [('1', '1', '1', '1')] 
	Guard: ('t & ~d & ~o', '~d & ~o & ~t', 'd | o', 't | (d & o)'), 
	LabelJoin: (t & ~d & ~o) & (~d & ~o & ~t) & (d | o) & (t | (d & o)), 
	Label: False
2023-10-25 13:14:36.179 | DEBUG    | translate:union_product:309 - [('1', '1', '1', '1')] 
	Guard: ('t & ~d & ~o', 'o & ~d', 't & ~d & ~o', '~d & ~o & ~t'), 
	LabelJoin: (t & ~d & ~o) & (o & ~d) & (t & ~d & ~o) & (~d & ~o & ~t), 
	Label: False
2023-10-25 13:14:36.182 | DEBUG    | translate:union_product:309 - [('1', '1', '1', '1')] 
	Guard: ('t & ~d & ~o', 'o & ~d', 't & ~d & ~o', 'd & ~o & ~t'), 
	LabelJoin: (t & ~d & ~o) & (o & ~d) & (t & ~d & ~o) & (d & ~o & ~t), 
	Label: False
2023-10-25 13:14:36.186 | DEBUG    | translate:union_product:309 - [('1', '1', '1', '1')] 
	Guard: ('t & ~d & ~o', 'o & ~d', 't & ~d & ~o', 'o & ~d & ~t'), 
	LabelJoin: (t & ~d & ~o) & (o & ~d) & (t & ~d & ~o) & (o & ~d & ~t), 
	Label: False
2023-10-25 13:14:36.190 | DEBUG    | translate:union_product:309 - [('1', '1', '1', '1')] 
	Guard: ('t & ~d & ~o', 'o & ~d', 't & ~d & ~o', 't | (d & o)'), 
	LabelJoin: (t & ~d & ~o) & (o & ~d) & (t & ~d & ~o) & (t | (d & o)), 
	Label: False
2023-10-25 13:14:36.195 | DEBUG    | translate:union_product:309 - [('1', '1', '1', '1')] 
	Guard: ('t & ~d & ~o', 'o & ~d', '~d & ~o & ~t', '~d & ~o & ~t'), 
	LabelJoin: (t & ~d & ~o) & (o & ~d) & (~d & ~o & ~t) & (~d & ~o & ~t), 
	Label: False
2023-10-25 13:14:36.199 | DEBUG    | translate:union_product:309 - [('1', '1', '1', '1')] 
	Guard: ('t & ~d & ~o', 'o & ~d', '~d & ~o & ~t', 'd & ~o & ~t'), 
	LabelJoin: (t & ~d & ~o) & (o & ~d) & (~d & ~o & ~t) & (d & ~o & ~t), 
	Label: False
2023-10-25 13:14:36.202 | DEBUG    | translate:union_product:309 - [('1', '1', '1', '1')] 
	Guard: ('t & ~d & ~o', 'o & ~d', '~d & ~o & ~t', 'o & ~d & ~t'), 
	LabelJoin: (t & ~d & ~o) & (o & ~d) & (~d & ~o & ~t) & (o & ~d & ~t), 
	Label: False
2023-10-25 13:14:36.207 | DEBUG    | translate:union_product:309 - [('1', '1', '1', '1')] 
	Guard: ('t & ~d & ~o', 'o & ~d', '~d & ~o & ~t', 't | (d & o)'), 
	LabelJoin: (t & ~d & ~o) & (o & ~d) & (~d & ~o & ~t) & (t | (d & o)), 
	Label: False
2023-10-25 13:14:36.211 | DEBUG    | translate:union_product:309 - [('1', '1', '1', '1')] 
	Guard: ('t & ~d & ~o', 'o & ~d', 'd | o', '~d & ~o & ~t'), 
	LabelJoin: (t & ~d & ~o) & (o & ~d) & (d | o) & (~d & ~o & ~t), 
	Label: False
2023-10-25 13:14:36.215 | DEBUG    | translate:union_product:309 - [('1', '1', '1', '1')] 
	Guard: ('t & ~d & ~o', 'o & ~d', 'd | o', 'd & ~o & ~t'), 
	LabelJoin: (t & ~d & ~o) & (o & ~d) & (d | o) & (d & ~o & ~t), 
	Label: False
2023-10-25 13:14:36.218 | DEBUG    | translate:union_product:309 - [('1', '1', '1', '1')] 
	Guard: ('t & ~d & ~o', 'o & ~d', 'd | o', 'o & ~d & ~t'), 
	LabelJoin: (t & ~d & ~o) & (o & ~d) & (d | o) & (o & ~d & ~t), 
	Label: False
2023-10-25 13:14:36.223 | DEBUG    | translate:union_product:309 - [('1', '1', '1', '1')] 
	Guard: ('t & ~d & ~o', 'o & ~d', 'd | o', 't | (d & o)'), 
	LabelJoin: (t & ~d & ~o) & (o & ~d) & (d | o) & (t | (d & o)), 
	Label: False
2023-10-25 13:14:36.230 | DEBUG    | translate:union_product:309 - [('1', '1', '1', '1')] 
	Guard: ('t & ~d & ~o', 'd & ~o', 't & ~d & ~o', '~d & ~o & ~t'), 
	LabelJoin: (t & ~d & ~o) & (d & ~o) & (t & ~d & ~o) & (~d & ~o & ~t), 
	Label: False
2023-10-25 13:14:36.233 | DEBUG    | translate:union_product:309 - [('1', '1', '1', '1')] 
	Guard: ('t & ~d & ~o', 'd & ~o', 't & ~d & ~o', 'd & ~o & ~t'), 
	LabelJoin: (t & ~d & ~o) & (d & ~o) & (t & ~d & ~o) & (d & ~o & ~t), 
	Label: False
2023-10-25 13:14:36.237 | DEBUG    | translate:union_product:309 - [('1', '1', '1', '1')] 
	Guard: ('t & ~d & ~o', 'd & ~o', 't & ~d & ~o', 'o & ~d & ~t'), 
	LabelJoin: (t & ~d & ~o) & (d & ~o) & (t & ~d & ~o) & (o & ~d & ~t), 
	Label: False
2023-10-25 13:14:36.242 | DEBUG    | translate:union_product:309 - [('1', '1', '1', '1')] 
	Guard: ('t & ~d & ~o', 'd & ~o', 't & ~d & ~o', 't | (d & o)'), 
	LabelJoin: (t & ~d & ~o) & (d & ~o) & (t & ~d & ~o) & (t | (d & o)), 
	Label: False
2023-10-25 13:14:36.245 | DEBUG    | translate:union_product:309 - [('1', '1', '1', '1')] 
	Guard: ('t & ~d & ~o', 'd & ~o', '~d & ~o & ~t', '~d & ~o & ~t'), 
	LabelJoin: (t & ~d & ~o) & (d & ~o) & (~d & ~o & ~t) & (~d & ~o & ~t), 
	Label: False
2023-10-25 13:14:36.249 | DEBUG    | translate:union_product:309 - [('1', '1', '1', '1')] 
	Guard: ('t & ~d & ~o', 'd & ~o', '~d & ~o & ~t', 'd & ~o & ~t'), 
	LabelJoin: (t & ~d & ~o) & (d & ~o) & (~d & ~o & ~t) & (d & ~o & ~t), 
	Label: False
2023-10-25 13:14:36.261 | DEBUG    | translate:union_product:309 - [('1', '1', '1', '1')] 
	Guard: ('t & ~d & ~o', 'd & ~o', '~d & ~o & ~t', 'o & ~d & ~t'), 
	LabelJoin: (t & ~d & ~o) & (d & ~o) & (~d & ~o & ~t) & (o & ~d & ~t), 
	Label: False
2023-10-25 13:14:36.270 | DEBUG    | translate:union_product:309 - [('1', '1', '1', '1')] 
	Guard: ('t & ~d & ~o', 'd & ~o', '~d & ~o & ~t', 't | (d & o)'), 
	LabelJoin: (t & ~d & ~o) & (d & ~o) & (~d & ~o & ~t) & (t | (d & o)), 
	Label: False
2023-10-25 13:14:36.274 | DEBUG    | translate:union_product:309 - [('1', '1', '1', '1')] 
	Guard: ('t & ~d & ~o', 'd & ~o', 'd | o', '~d & ~o & ~t'), 
	LabelJoin: (t & ~d & ~o) & (d & ~o) & (d | o) & (~d & ~o & ~t), 
	Label: False
2023-10-25 13:14:36.281 | DEBUG    | translate:union_product:309 - [('1', '1', '1', '1')] 
	Guard: ('t & ~d & ~o', 'd & ~o', 'd | o', 'd & ~o & ~t'), 
	LabelJoin: (t & ~d & ~o) & (d & ~o) & (d | o) & (d & ~o & ~t), 
	Label: False
2023-10-25 13:14:36.287 | DEBUG    | translate:union_product:309 - [('1', '1', '1', '1')] 
	Guard: ('t & ~d & ~o', 'd & ~o', 'd | o', 'o & ~d & ~t'), 
	LabelJoin: (t & ~d & ~o) & (d & ~o) & (d | o) & (o & ~d & ~t), 
	Label: False
2023-10-25 13:14:36.292 | DEBUG    | translate:union_product:309 - [('1', '1', '1', '1')] 
	Guard: ('t & ~d & ~o', 'd & ~o', 'd | o', 't | (d & o)'), 
	LabelJoin: (t & ~d & ~o) & (d & ~o) & (d | o) & (t | (d & o)), 
	Label: False
2023-10-25 13:14:36.296 | DEBUG    | translate:union_product:309 - [('1', '1', '1', '1')] 
	Guard: ('t & ~d & ~o', 'd & o', 't & ~d & ~o', '~d & ~o & ~t'), 
	LabelJoin: (t & ~d & ~o) & (d & o) & (t & ~d & ~o) & (~d & ~o & ~t), 
	Label: False
2023-10-25 13:14:36.299 | DEBUG    | translate:union_product:309 - [('1', '1', '1', '1')] 
	Guard: ('t & ~d & ~o', 'd & o', 't & ~d & ~o', 'd & ~o & ~t'), 
	LabelJoin: (t & ~d & ~o) & (d & o) & (t & ~d & ~o) & (d & ~o & ~t), 
	Label: False
2023-10-25 13:14:36.303 | DEBUG    | translate:union_product:309 - [('1', '1', '1', '1')] 
	Guard: ('t & ~d & ~o', 'd & o', 't & ~d & ~o', 'o & ~d & ~t'), 
	LabelJoin: (t & ~d & ~o) & (d & o) & (t & ~d & ~o) & (o & ~d & ~t), 
	Label: False
2023-10-25 13:14:36.311 | DEBUG    | translate:union_product:309 - [('1', '1', '1', '1')] 
	Guard: ('t & ~d & ~o', 'd & o', 't & ~d & ~o', 't | (d & o)'), 
	LabelJoin: (t & ~d & ~o) & (d & o) & (t & ~d & ~o) & (t | (d & o)), 
	Label: False
2023-10-25 13:14:36.314 | DEBUG    | translate:union_product:309 - [('1', '1', '1', '1')] 
	Guard: ('t & ~d & ~o', 'd & o', '~d & ~o & ~t', '~d & ~o & ~t'), 
	LabelJoin: (t & ~d & ~o) & (d & o) & (~d & ~o & ~t) & (~d & ~o & ~t), 
	Label: False
2023-10-25 13:14:36.318 | DEBUG    | translate:union_product:309 - [('1', '1', '1', '1')] 
	Guard: ('t & ~d & ~o', 'd & o', '~d & ~o & ~t', 'd & ~o & ~t'), 
	LabelJoin: (t & ~d & ~o) & (d & o) & (~d & ~o & ~t) & (d & ~o & ~t), 
	Label: False
2023-10-25 13:14:36.321 | DEBUG    | translate:union_product:309 - [('1', '1', '1', '1')] 
	Guard: ('t & ~d & ~o', 'd & o', '~d & ~o & ~t', 'o & ~d & ~t'), 
	LabelJoin: (t & ~d & ~o) & (d & o) & (~d & ~o & ~t) & (o & ~d & ~t), 
	Label: False
2023-10-25 13:14:36.326 | DEBUG    | translate:union_product:309 - [('1', '1', '1', '1')] 
	Guard: ('t & ~d & ~o', 'd & o', '~d & ~o & ~t', 't | (d & o)'), 
	LabelJoin: (t & ~d & ~o) & (d & o) & (~d & ~o & ~t) & (t | (d & o)), 
	Label: False
2023-10-25 13:14:36.330 | DEBUG    | translate:union_product:309 - [('1', '1', '1', '1')] 
	Guard: ('t & ~d & ~o', 'd & o', 'd | o', '~d & ~o & ~t'), 
	LabelJoin: (t & ~d & ~o) & (d & o) & (d | o) & (~d & ~o & ~t), 
	Label: False
2023-10-25 13:14:36.334 | DEBUG    | translate:union_product:309 - [('1', '1', '1', '1')] 
	Guard: ('t & ~d & ~o', 'd & o', 'd | o', 'd & ~o & ~t'), 
	LabelJoin: (t & ~d & ~o) & (d & o) & (d | o) & (d & ~o & ~t), 
	Label: False
2023-10-25 13:14:36.338 | DEBUG    | translate:union_product:309 - [('1', '1', '1', '1')] 
	Guard: ('t & ~d & ~o', 'd & o', 'd | o', 'o & ~d & ~t'), 
	LabelJoin: (t & ~d & ~o) & (d & o) & (d | o) & (o & ~d & ~t), 
	Label: False
2023-10-25 13:14:36.343 | DEBUG    | translate:union_product:309 - [('1', '1', '1', '1')] 
	Guard: ('t & ~d & ~o', 'd & o', 'd | o', 't | (d & o)'), 
	LabelJoin: (t & ~d & ~o) & (d & o) & (d | o) & (t | (d & o)), 
	Label: False
2023-10-25 13:14:36.347 | DEBUG    | translate:union_product:309 - [('1', '1', '1', '1')] 
	Guard: ('t & ~d & ~o', 't & ~d & ~o', 't & ~d & ~o', '~d & ~o & ~t'), 
	LabelJoin: (t & ~d & ~o) & (t & ~d & ~o) & (t & ~d & ~o) & (~d & ~o & ~t), 
	Label: False
2023-10-25 13:14:36.350 | DEBUG    | translate:union_product:309 - [('1', '1', '1', '1')] 
	Guard: ('t & ~d & ~o', 't & ~d & ~o', 't & ~d & ~o', 'd & ~o & ~t'), 
	LabelJoin: (t & ~d & ~o) & (t & ~d & ~o) & (t & ~d & ~o) & (d & ~o & ~t), 
	Label: False
2023-10-25 13:14:36.353 | DEBUG    | translate:union_product:309 - [('1', '1', '1', '1')] 
	Guard: ('t & ~d & ~o', 't & ~d & ~o', 't & ~d & ~o', 'o & ~d & ~t'), 
	LabelJoin: (t & ~d & ~o) & (t & ~d & ~o) & (t & ~d & ~o) & (o & ~d & ~t), 
	Label: False
2023-10-25 13:14:36.358 | DEBUG    | translate:union_product:309 - [('1', '1', '1', '1')] 
	Guard: ('t & ~d & ~o', 't & ~d & ~o', 't & ~d & ~o', 't | (d & o)'), 
	LabelJoin: (t & ~d & ~o) & (t & ~d & ~o) & (t & ~d & ~o) & (t | (d & o)), 
	Label: t & ~d & ~o
2023-10-25 13:14:36.362 | DEBUG    | translate:union_product:309 - [('1', '1', '1', '1')] 
	Guard: ('t & ~d & ~o', 't & ~d & ~o', '~d & ~o & ~t', '~d & ~o & ~t'), 
	LabelJoin: (t & ~d & ~o) & (t & ~d & ~o) & (~d & ~o & ~t) & (~d & ~o & ~t), 
	Label: False
2023-10-25 13:14:36.365 | DEBUG    | translate:union_product:309 - [('1', '1', '1', '1')] 
	Guard: ('t & ~d & ~o', 't & ~d & ~o', '~d & ~o & ~t', 'd & ~o & ~t'), 
	LabelJoin: (t & ~d & ~o) & (t & ~d & ~o) & (~d & ~o & ~t) & (d & ~o & ~t), 
	Label: False
2023-10-25 13:14:36.369 | DEBUG    | translate:union_product:309 - [('1', '1', '1', '1')] 
	Guard: ('t & ~d & ~o', 't & ~d & ~o', '~d & ~o & ~t', 'o & ~d & ~t'), 
	LabelJoin: (t & ~d & ~o) & (t & ~d & ~o) & (~d & ~o & ~t) & (o & ~d & ~t), 
	Label: False
2023-10-25 13:14:36.373 | DEBUG    | translate:union_product:309 - [('1', '1', '1', '1')] 
	Guard: ('t & ~d & ~o', 't & ~d & ~o', '~d & ~o & ~t', 't | (d & o)'), 
	LabelJoin: (t & ~d & ~o) & (t & ~d & ~o) & (~d & ~o & ~t) & (t | (d & o)), 
	Label: False
2023-10-25 13:14:36.379 | DEBUG    | translate:union_product:309 - [('1', '1', '1', '1')] 
	Guard: ('t & ~d & ~o', 't & ~d & ~o', 'd | o', '~d & ~o & ~t'), 
	LabelJoin: (t & ~d & ~o) & (t & ~d & ~o) & (d | o) & (~d & ~o & ~t), 
	Label: False
2023-10-25 13:14:36.385 | DEBUG    | translate:union_product:309 - [('1', '1', '1', '1')] 
	Guard: ('t & ~d & ~o', 't & ~d & ~o', 'd | o', 'd & ~o & ~t'), 
	LabelJoin: (t & ~d & ~o) & (t & ~d & ~o) & (d | o) & (d & ~o & ~t), 
	Label: False
2023-10-25 13:14:36.389 | DEBUG    | translate:union_product:309 - [('1', '1', '1', '1')] 
	Guard: ('t & ~d & ~o', 't & ~d & ~o', 'd | o', 'o & ~d & ~t'), 
	LabelJoin: (t & ~d & ~o) & (t & ~d & ~o) & (d | o) & (o & ~d & ~t), 
	Label: False
2023-10-25 13:14:36.394 | DEBUG    | translate:union_product:309 - [('1', '1', '1', '1')] 
	Guard: ('t & ~d & ~o', 't & ~d & ~o', 'd | o', 't | (d & o)'), 
	LabelJoin: (t & ~d & ~o) & (t & ~d & ~o) & (d | o) & (t | (d & o)), 
	Label: False
2023-10-25 13:14:36.398 | DEBUG    | translate:union_product:309 - [('1', '1', '1', '1')] 
	Guard: ('~t & (d | o)', '~d & ~o & ~t', 't & ~d & ~o', '~d & ~o & ~t'), 
	LabelJoin: (~t & (d | o)) & (~d & ~o & ~t) & (t & ~d & ~o) & (~d & ~o & ~t), 
	Label: False
2023-10-25 13:14:36.402 | DEBUG    | translate:union_product:309 - [('1', '1', '1', '1')] 
	Guard: ('~t & (d | o)', '~d & ~o & ~t', 't & ~d & ~o', 'd & ~o & ~t'), 
	LabelJoin: (~t & (d | o)) & (~d & ~o & ~t) & (t & ~d & ~o) & (d & ~o & ~t), 
	Label: False
2023-10-25 13:14:36.406 | DEBUG    | translate:union_product:309 - [('1', '1', '1', '1')] 
	Guard: ('~t & (d | o)', '~d & ~o & ~t', 't & ~d & ~o', 'o & ~d & ~t'), 
	LabelJoin: (~t & (d | o)) & (~d & ~o & ~t) & (t & ~d & ~o) & (o & ~d & ~t), 
	Label: False
2023-10-25 13:14:36.410 | DEBUG    | translate:union_product:309 - [('1', '1', '1', '1')] 
	Guard: ('~t & (d | o)', '~d & ~o & ~t', 't & ~d & ~o', 't | (d & o)'), 
	LabelJoin: (~t & (d | o)) & (~d & ~o & ~t) & (t & ~d & ~o) & (t | (d & o)), 
	Label: False
2023-10-25 13:14:36.415 | DEBUG    | translate:union_product:309 - [('1', '1', '1', '1')] 
	Guard: ('~t & (d | o)', '~d & ~o & ~t', '~d & ~o & ~t', '~d & ~o & ~t'), 
	LabelJoin: (~t & (d | o)) & (~d & ~o & ~t) & (~d & ~o & ~t) & (~d & ~o & ~t), 
	Label: False
2023-10-25 13:14:36.419 | DEBUG    | translate:union_product:309 - [('1', '1', '1', '1')] 
	Guard: ('~t & (d | o)', '~d & ~o & ~t', '~d & ~o & ~t', 'd & ~o & ~t'), 
	LabelJoin: (~t & (d | o)) & (~d & ~o & ~t) & (~d & ~o & ~t) & (d & ~o & ~t), 
	Label: False
2023-10-25 13:14:36.423 | DEBUG    | translate:union_product:309 - [('1', '1', '1', '1')] 
	Guard: ('~t & (d | o)', '~d & ~o & ~t', '~d & ~o & ~t', 'o & ~d & ~t'), 
	LabelJoin: (~t & (d | o)) & (~d & ~o & ~t) & (~d & ~o & ~t) & (o & ~d & ~t), 
	Label: False
2023-10-25 13:14:36.429 | DEBUG    | translate:union_product:309 - [('1', '1', '1', '1')] 
	Guard: ('~t & (d | o)', '~d & ~o & ~t', '~d & ~o & ~t', 't | (d & o)'), 
	LabelJoin: (~t & (d | o)) & (~d & ~o & ~t) & (~d & ~o & ~t) & (t | (d & o)), 
	Label: False
2023-10-25 13:14:36.433 | DEBUG    | translate:union_product:309 - [('1', '1', '1', '1')] 
	Guard: ('~t & (d | o)', '~d & ~o & ~t', 'd | o', '~d & ~o & ~t'), 
	LabelJoin: (~t & (d | o)) & (~d & ~o & ~t) & (d | o) & (~d & ~o & ~t), 
	Label: False
2023-10-25 13:14:36.437 | DEBUG    | translate:union_product:309 - [('1', '1', '1', '1')] 
	Guard: ('~t & (d | o)', '~d & ~o & ~t', 'd | o', 'd & ~o & ~t'), 
	LabelJoin: (~t & (d | o)) & (~d & ~o & ~t) & (d | o) & (d & ~o & ~t), 
	Label: False
2023-10-25 13:14:36.441 | DEBUG    | translate:union_product:309 - [('1', '1', '1', '1')] 
	Guard: ('~t & (d | o)', '~d & ~o & ~t', 'd | o', 'o & ~d & ~t'), 
	LabelJoin: (~t & (d | o)) & (~d & ~o & ~t) & (d | o) & (o & ~d & ~t), 
	Label: False
2023-10-25 13:14:36.446 | DEBUG    | translate:union_product:309 - [('1', '1', '1', '1')] 
	Guard: ('~t & (d | o)', '~d & ~o & ~t', 'd | o', 't | (d & o)'), 
	LabelJoin: (~t & (d | o)) & (~d & ~o & ~t) & (d | o) & (t | (d & o)), 
	Label: False
2023-10-25 13:14:36.450 | DEBUG    | translate:union_product:309 - [('1', '1', '1', '1')] 
	Guard: ('~t & (d | o)', 'o & ~d', 't & ~d & ~o', '~d & ~o & ~t'), 
	LabelJoin: (~t & (d | o)) & (o & ~d) & (t & ~d & ~o) & (~d & ~o & ~t), 
	Label: False
2023-10-25 13:14:36.454 | DEBUG    | translate:union_product:309 - [('1', '1', '1', '1')] 
	Guard: ('~t & (d | o)', 'o & ~d', 't & ~d & ~o', 'd & ~o & ~t'), 
	LabelJoin: (~t & (d | o)) & (o & ~d) & (t & ~d & ~o) & (d & ~o & ~t), 
	Label: False
2023-10-25 13:14:36.458 | DEBUG    | translate:union_product:309 - [('1', '1', '1', '1')] 
	Guard: ('~t & (d | o)', 'o & ~d', 't & ~d & ~o', 'o & ~d & ~t'), 
	LabelJoin: (~t & (d | o)) & (o & ~d) & (t & ~d & ~o) & (o & ~d & ~t), 
	Label: False
2023-10-25 13:14:36.463 | DEBUG    | translate:union_product:309 - [('1', '1', '1', '1')] 
	Guard: ('~t & (d | o)', 'o & ~d', 't & ~d & ~o', 't | (d & o)'), 
	LabelJoin: (~t & (d | o)) & (o & ~d) & (t & ~d & ~o) & (t | (d & o)), 
	Label: False
2023-10-25 13:14:36.470 | DEBUG    | translate:union_product:309 - [('1', '1', '1', '1')] 
	Guard: ('~t & (d | o)', 'o & ~d', '~d & ~o & ~t', '~d & ~o & ~t'), 
	LabelJoin: (~t & (d | o)) & (o & ~d) & (~d & ~o & ~t) & (~d & ~o & ~t), 
	Label: False
2023-10-25 13:14:36.477 | DEBUG    | translate:union_product:309 - [('1', '1', '1', '1')] 
	Guard: ('~t & (d | o)', 'o & ~d', '~d & ~o & ~t', 'd & ~o & ~t'), 
	LabelJoin: (~t & (d | o)) & (o & ~d) & (~d & ~o & ~t) & (d & ~o & ~t), 
	Label: False
2023-10-25 13:14:36.482 | DEBUG    | translate:union_product:309 - [('1', '1', '1', '1')] 
	Guard: ('~t & (d | o)', 'o & ~d', '~d & ~o & ~t', 'o & ~d & ~t'), 
	LabelJoin: (~t & (d | o)) & (o & ~d) & (~d & ~o & ~t) & (o & ~d & ~t), 
	Label: False
2023-10-25 13:14:36.497 | DEBUG    | translate:union_product:309 - [('1', '1', '1', '1')] 
	Guard: ('~t & (d | o)', 'o & ~d', '~d & ~o & ~t', 't | (d & o)'), 
	LabelJoin: (~t & (d | o)) & (o & ~d) & (~d & ~o & ~t) & (t | (d & o)), 
	Label: False
2023-10-25 13:14:36.501 | DEBUG    | translate:union_product:309 - [('1', '1', '1', '1')] 
	Guard: ('~t & (d | o)', 'o & ~d', 'd | o', '~d & ~o & ~t'), 
	LabelJoin: (~t & (d | o)) & (o & ~d) & (d | o) & (~d & ~o & ~t), 
	Label: False
2023-10-25 13:14:36.505 | DEBUG    | translate:union_product:309 - [('1', '1', '1', '1')] 
	Guard: ('~t & (d | o)', 'o & ~d', 'd | o', 'd & ~o & ~t'), 
	LabelJoin: (~t & (d | o)) & (o & ~d) & (d | o) & (d & ~o & ~t), 
	Label: False
2023-10-25 13:14:36.509 | DEBUG    | translate:union_product:309 - [('1', '1', '1', '1')] 
	Guard: ('~t & (d | o)', 'o & ~d', 'd | o', 'o & ~d & ~t'), 
	LabelJoin: (~t & (d | o)) & (o & ~d) & (d | o) & (o & ~d & ~t), 
	Label: o & ~d & ~t
2023-10-25 13:14:36.514 | DEBUG    | translate:union_product:309 - [('1', '1', '1', '1')] 
	Guard: ('~t & (d | o)', 'o & ~d', 'd | o', 't | (d & o)'), 
	LabelJoin: (~t & (d | o)) & (o & ~d) & (d | o) & (t | (d & o)), 
	Label: False
2023-10-25 13:14:36.522 | DEBUG    | translate:union_product:309 - [('1', '1', '1', '1')] 
	Guard: ('~t & (d | o)', 'd & ~o', 't & ~d & ~o', '~d & ~o & ~t'), 
	LabelJoin: (~t & (d | o)) & (d & ~o) & (t & ~d & ~o) & (~d & ~o & ~t), 
	Label: False
2023-10-25 13:14:36.530 | DEBUG    | translate:union_product:309 - [('1', '1', '1', '1')] 
	Guard: ('~t & (d | o)', 'd & ~o', 't & ~d & ~o', 'd & ~o & ~t'), 
	LabelJoin: (~t & (d | o)) & (d & ~o) & (t & ~d & ~o) & (d & ~o & ~t), 
	Label: False
2023-10-25 13:14:36.534 | DEBUG    | translate:union_product:309 - [('1', '1', '1', '1')] 
	Guard: ('~t & (d | o)', 'd & ~o', 't & ~d & ~o', 'o & ~d & ~t'), 
	LabelJoin: (~t & (d | o)) & (d & ~o) & (t & ~d & ~o) & (o & ~d & ~t), 
	Label: False
2023-10-25 13:14:36.545 | DEBUG    | translate:union_product:309 - [('1', '1', '1', '1')] 
	Guard: ('~t & (d | o)', 'd & ~o', 't & ~d & ~o', 't | (d & o)'), 
	LabelJoin: (~t & (d | o)) & (d & ~o) & (t & ~d & ~o) & (t | (d & o)), 
	Label: False
2023-10-25 13:14:36.549 | DEBUG    | translate:union_product:309 - [('1', '1', '1', '1')] 
	Guard: ('~t & (d | o)', 'd & ~o', '~d & ~o & ~t', '~d & ~o & ~t'), 
	LabelJoin: (~t & (d | o)) & (d & ~o) & (~d & ~o & ~t) & (~d & ~o & ~t), 
	Label: False
2023-10-25 13:14:36.554 | DEBUG    | translate:union_product:309 - [('1', '1', '1', '1')] 
	Guard: ('~t & (d | o)', 'd & ~o', '~d & ~o & ~t', 'd & ~o & ~t'), 
	LabelJoin: (~t & (d | o)) & (d & ~o) & (~d & ~o & ~t) & (d & ~o & ~t), 
	Label: False
2023-10-25 13:14:36.558 | DEBUG    | translate:union_product:309 - [('1', '1', '1', '1')] 
	Guard: ('~t & (d | o)', 'd & ~o', '~d & ~o & ~t', 'o & ~d & ~t'), 
	LabelJoin: (~t & (d | o)) & (d & ~o) & (~d & ~o & ~t) & (o & ~d & ~t), 
	Label: False
2023-10-25 13:14:36.564 | DEBUG    | translate:union_product:309 - [('1', '1', '1', '1')] 
	Guard: ('~t & (d | o)', 'd & ~o', '~d & ~o & ~t', 't | (d & o)'), 
	LabelJoin: (~t & (d | o)) & (d & ~o) & (~d & ~o & ~t) & (t | (d & o)), 
	Label: False
2023-10-25 13:14:36.568 | DEBUG    | translate:union_product:309 - [('1', '1', '1', '1')] 
	Guard: ('~t & (d | o)', 'd & ~o', 'd | o', '~d & ~o & ~t'), 
	LabelJoin: (~t & (d | o)) & (d & ~o) & (d | o) & (~d & ~o & ~t), 
	Label: False
2023-10-25 13:14:36.572 | DEBUG    | translate:union_product:309 - [('1', '1', '1', '1')] 
	Guard: ('~t & (d | o)', 'd & ~o', 'd | o', 'd & ~o & ~t'), 
	LabelJoin: (~t & (d | o)) & (d & ~o) & (d | o) & (d & ~o & ~t), 
	Label: d & ~o & ~t
2023-10-25 13:14:36.576 | DEBUG    | translate:union_product:309 - [('1', '1', '1', '1')] 
	Guard: ('~t & (d | o)', 'd & ~o', 'd | o', 'o & ~d & ~t'), 
	LabelJoin: (~t & (d | o)) & (d & ~o) & (d | o) & (o & ~d & ~t), 
	Label: False
2023-10-25 13:14:36.581 | DEBUG    | translate:union_product:309 - [('1', '1', '1', '1')] 
	Guard: ('~t & (d | o)', 'd & ~o', 'd | o', 't | (d & o)'), 
	LabelJoin: (~t & (d | o)) & (d & ~o) & (d | o) & (t | (d & o)), 
	Label: False
2023-10-25 13:14:36.585 | DEBUG    | translate:union_product:309 - [('1', '1', '1', '1')] 
	Guard: ('~t & (d | o)', 'd & o', 't & ~d & ~o', '~d & ~o & ~t'), 
	LabelJoin: (~t & (d | o)) & (d & o) & (t & ~d & ~o) & (~d & ~o & ~t), 
	Label: False
2023-10-25 13:14:36.588 | DEBUG    | translate:union_product:309 - [('1', '1', '1', '1')] 
	Guard: ('~t & (d | o)', 'd & o', 't & ~d & ~o', 'd & ~o & ~t'), 
	LabelJoin: (~t & (d | o)) & (d & o) & (t & ~d & ~o) & (d & ~o & ~t), 
	Label: False
2023-10-25 13:14:36.592 | DEBUG    | translate:union_product:309 - [('1', '1', '1', '1')] 
	Guard: ('~t & (d | o)', 'd & o', 't & ~d & ~o', 'o & ~d & ~t'), 
	LabelJoin: (~t & (d | o)) & (d & o) & (t & ~d & ~o) & (o & ~d & ~t), 
	Label: False
2023-10-25 13:14:36.598 | DEBUG    | translate:union_product:309 - [('1', '1', '1', '1')] 
	Guard: ('~t & (d | o)', 'd & o', 't & ~d & ~o', 't | (d & o)'), 
	LabelJoin: (~t & (d | o)) & (d & o) & (t & ~d & ~o) & (t | (d & o)), 
	Label: False
2023-10-25 13:14:36.602 | DEBUG    | translate:union_product:309 - [('1', '1', '1', '1')] 
	Guard: ('~t & (d | o)', 'd & o', '~d & ~o & ~t', '~d & ~o & ~t'), 
	LabelJoin: (~t & (d | o)) & (d & o) & (~d & ~o & ~t) & (~d & ~o & ~t), 
	Label: False
2023-10-25 13:14:36.606 | DEBUG    | translate:union_product:309 - [('1', '1', '1', '1')] 
	Guard: ('~t & (d | o)', 'd & o', '~d & ~o & ~t', 'd & ~o & ~t'), 
	LabelJoin: (~t & (d | o)) & (d & o) & (~d & ~o & ~t) & (d & ~o & ~t), 
	Label: False
2023-10-25 13:14:36.611 | DEBUG    | translate:union_product:309 - [('1', '1', '1', '1')] 
	Guard: ('~t & (d | o)', 'd & o', '~d & ~o & ~t', 'o & ~d & ~t'), 
	LabelJoin: (~t & (d | o)) & (d & o) & (~d & ~o & ~t) & (o & ~d & ~t), 
	Label: False
2023-10-25 13:14:36.616 | DEBUG    | translate:union_product:309 - [('1', '1', '1', '1')] 
	Guard: ('~t & (d | o)', 'd & o', '~d & ~o & ~t', 't | (d & o)'), 
	LabelJoin: (~t & (d | o)) & (d & o) & (~d & ~o & ~t) & (t | (d & o)), 
	Label: False
2023-10-25 13:14:36.620 | DEBUG    | translate:union_product:309 - [('1', '1', '1', '1')] 
	Guard: ('~t & (d | o)', 'd & o', 'd | o', '~d & ~o & ~t'), 
	LabelJoin: (~t & (d | o)) & (d & o) & (d | o) & (~d & ~o & ~t), 
	Label: False
2023-10-25 13:14:36.626 | DEBUG    | translate:union_product:309 - [('1', '1', '1', '1')] 
	Guard: ('~t & (d | o)', 'd & o', 'd | o', 'd & ~o & ~t'), 
	LabelJoin: (~t & (d | o)) & (d & o) & (d | o) & (d & ~o & ~t), 
	Label: False
2023-10-25 13:14:36.630 | DEBUG    | translate:union_product:309 - [('1', '1', '1', '1')] 
	Guard: ('~t & (d | o)', 'd & o', 'd | o', 'o & ~d & ~t'), 
	LabelJoin: (~t & (d | o)) & (d & o) & (d | o) & (o & ~d & ~t), 
	Label: False
2023-10-25 13:14:36.635 | DEBUG    | translate:union_product:309 - [('1', '1', '1', '1')] 
	Guard: ('~t & (d | o)', 'd & o', 'd | o', 't | (d & o)'), 
	LabelJoin: (~t & (d | o)) & (d & o) & (d | o) & (t | (d & o)), 
	Label: d & o & ~t
2023-10-25 13:14:36.639 | DEBUG    | translate:union_product:309 - [('1', '1', '1', '1')] 
	Guard: ('~t & (d | o)', 't & ~d & ~o', 't & ~d & ~o', '~d & ~o & ~t'), 
	LabelJoin: (~t & (d | o)) & (t & ~d & ~o) & (t & ~d & ~o) & (~d & ~o & ~t), 
	Label: False
2023-10-25 13:14:36.644 | DEBUG    | translate:union_product:309 - [('1', '1', '1', '1')] 
	Guard: ('~t & (d | o)', 't & ~d & ~o', 't & ~d & ~o', 'd & ~o & ~t'), 
	LabelJoin: (~t & (d | o)) & (t & ~d & ~o) & (t & ~d & ~o) & (d & ~o & ~t), 
	Label: False
2023-10-25 13:14:36.647 | DEBUG    | translate:union_product:309 - [('1', '1', '1', '1')] 
	Guard: ('~t & (d | o)', 't & ~d & ~o', 't & ~d & ~o', 'o & ~d & ~t'), 
	LabelJoin: (~t & (d | o)) & (t & ~d & ~o) & (t & ~d & ~o) & (o & ~d & ~t), 
	Label: False
2023-10-25 13:14:36.653 | DEBUG    | translate:union_product:309 - [('1', '1', '1', '1')] 
	Guard: ('~t & (d | o)', 't & ~d & ~o', 't & ~d & ~o', 't | (d & o)'), 
	LabelJoin: (~t & (d | o)) & (t & ~d & ~o) & (t & ~d & ~o) & (t | (d & o)), 
	Label: False
2023-10-25 13:14:36.659 | DEBUG    | translate:union_product:309 - [('1', '1', '1', '1')] 
	Guard: ('~t & (d | o)', 't & ~d & ~o', '~d & ~o & ~t', '~d & ~o & ~t'), 
	LabelJoin: (~t & (d | o)) & (t & ~d & ~o) & (~d & ~o & ~t) & (~d & ~o & ~t), 
	Label: False
2023-10-25 13:14:36.663 | DEBUG    | translate:union_product:309 - [('1', '1', '1', '1')] 
	Guard: ('~t & (d | o)', 't & ~d & ~o', '~d & ~o & ~t', 'd & ~o & ~t'), 
	LabelJoin: (~t & (d | o)) & (t & ~d & ~o) & (~d & ~o & ~t) & (d & ~o & ~t), 
	Label: False
2023-10-25 13:14:36.667 | DEBUG    | translate:union_product:309 - [('1', '1', '1', '1')] 
	Guard: ('~t & (d | o)', 't & ~d & ~o', '~d & ~o & ~t', 'o & ~d & ~t'), 
	LabelJoin: (~t & (d | o)) & (t & ~d & ~o) & (~d & ~o & ~t) & (o & ~d & ~t), 
	Label: False
2023-10-25 13:14:36.672 | DEBUG    | translate:union_product:309 - [('1', '1', '1', '1')] 
	Guard: ('~t & (d | o)', 't & ~d & ~o', '~d & ~o & ~t', 't | (d & o)'), 
	LabelJoin: (~t & (d | o)) & (t & ~d & ~o) & (~d & ~o & ~t) & (t | (d & o)), 
	Label: False
2023-10-25 13:14:36.676 | DEBUG    | translate:union_product:309 - [('1', '1', '1', '1')] 
	Guard: ('~t & (d | o)', 't & ~d & ~o', 'd | o', '~d & ~o & ~t'), 
	LabelJoin: (~t & (d | o)) & (t & ~d & ~o) & (d | o) & (~d & ~o & ~t), 
	Label: False
2023-10-25 13:14:36.680 | DEBUG    | translate:union_product:309 - [('1', '1', '1', '1')] 
	Guard: ('~t & (d | o)', 't & ~d & ~o', 'd | o', 'd & ~o & ~t'), 
	LabelJoin: (~t & (d | o)) & (t & ~d & ~o) & (d | o) & (d & ~o & ~t), 
	Label: False
2023-10-25 13:14:36.684 | DEBUG    | translate:union_product:309 - [('1', '1', '1', '1')] 
	Guard: ('~t & (d | o)', 't & ~d & ~o', 'd | o', 'o & ~d & ~t'), 
	LabelJoin: (~t & (d | o)) & (t & ~d & ~o) & (d | o) & (o & ~d & ~t), 
	Label: False
2023-10-25 13:14:36.689 | DEBUG    | translate:union_product:309 - [('1', '1', '1', '1')] 
	Guard: ('~t & (d | o)', 't & ~d & ~o', 'd | o', 't | (d & o)'), 
	LabelJoin: (~t & (d | o)) & (t & ~d & ~o) & (d | o) & (t | (d & o)), 
	Label: False
2023-10-25 13:14:36.692 | DEBUG    | translate:union_product:309 - [('3', '4', '3', '4')] 
	Guard: ('true', 'd | o | t', 'true', 'true'), 
	LabelJoin: (true) & (d | o | t) & (true) & (true), 
	Label: d | o | t
2023-10-25 13:14:36.699 | DEBUG    | translate:union_product:309 - [('3', '4', '3', '4')] 
	Guard: ('true', '~d & ~o & ~t', 'true', 'true'), 
	LabelJoin: (true) & (~d & ~o & ~t) & (true) & (true), 
	Label: ~d & ~o & ~t
2023-10-25 13:14:36.701 | DEBUG    | translate:union_product:309 - [('3', '6', '3', '4')] 
	Guard: ('true', 'true', 'true', 'true'), 
	LabelJoin: (true) & (true) & (true) & (true), 
	Label: True
2023-10-25 13:14:36.704 | DEBUG    | translate:union_product:309 - [('3', '3', '3', '2')] 
	Guard: ('true', 'o | t', 'true', '~o & ~t'), 
	LabelJoin: (true) & (o | t) & (true) & (~o & ~t), 
	Label: False
2023-10-25 13:14:36.705 | DEBUG    | translate:union_product:309 - [('3', '3', '3', '2')] 
	Guard: ('true', 'o | t', 'true', 'o | t'), 
	LabelJoin: (true) & (o | t) & (true) & (o | t), 
	Label: o | t
2023-10-25 13:14:36.708 | DEBUG    | translate:union_product:309 - [('3', '3', '3', '2')] 
	Guard: ('true', '~o & ~t', 'true', '~o & ~t'), 
	LabelJoin: (true) & (~o & ~t) & (true) & (~o & ~t), 
	Label: ~o & ~t
2023-10-25 13:14:36.711 | DEBUG    | translate:union_product:309 - [('3', '3', '3', '2')] 
	Guard: ('true', '~o & ~t', 'true', 'o | t'), 
	LabelJoin: (true) & (~o & ~t) & (true) & (o | t), 
	Label: False
2023-10-25 13:14:36.714 | DEBUG    | translate:union_product:309 - [('3', '2', '3', '3')] 
	Guard: ('true', 'd | t', 'true', '~d & ~t'), 
	LabelJoin: (true) & (d | t) & (true) & (~d & ~t), 
	Label: False
2023-10-25 13:14:36.716 | DEBUG    | translate:union_product:309 - [('3', '2', '3', '3')] 
	Guard: ('true', 'd | t', 'true', 'd | t'), 
	LabelJoin: (true) & (d | t) & (true) & (d | t), 
	Label: d | t
2023-10-25 13:14:36.718 | DEBUG    | translate:union_product:309 - [('3', '2', '3', '3')] 
	Guard: ('true', '~d & ~t', 'true', '~d & ~t'), 
	LabelJoin: (true) & (~d & ~t) & (true) & (~d & ~t), 
	Label: ~d & ~t
2023-10-25 13:14:36.725 | DEBUG    | translate:union_product:309 - [('3', '2', '3', '3')] 
	Guard: ('true', '~d & ~t', 'true', 'd | t'), 
	LabelJoin: (true) & (~d & ~t) & (true) & (d | t), 
	Label: False
2023-10-25 13:14:36.728 | DEBUG    | translate:union_product:309 - [('2', '5', '2', '4')] 
	Guard: ('d | o', 'true', '~d & ~o', 'true'), 
	LabelJoin: (d | o) & (true) & (~d & ~o) & (true), 
	Label: False
2023-10-25 13:14:36.732 | DEBUG    | translate:union_product:309 - [('2', '5', '2', '4')] 
	Guard: ('d | o', 'true', 'd | o', 'true'), 
	LabelJoin: (d | o) & (true) & (d | o) & (true), 
	Label: d | o
2023-10-25 13:14:36.735 | DEBUG    | translate:union_product:309 - [('2', '5', '2', '4')] 
	Guard: ('~d & ~o', 'true', '~d & ~o', 'true'), 
	LabelJoin: (~d & ~o) & (true) & (~d & ~o) & (true), 
	Label: ~d & ~o
2023-10-25 13:14:36.742 | DEBUG    | translate:union_product:309 - [('2', '5', '2', '4')] 
	Guard: ('~d & ~o', 'true', 'd | o', 'true'), 
	LabelJoin: (~d & ~o) & (true) & (d | o) & (true), 
	Label: False
2023-10-25 13:14:36.743 | DEBUG    | translate:union_product:309 - [('4', '5', '3', '4')] 
	Guard: ('true', 'true', 'true', 'true'), 
	LabelJoin: (true) & (true) & (true) & (true), 
	Label: True
2023-10-25 13:14:36.746 | DEBUG    | translate:union_product:309 - [('4', '4', '3', '4')] 
	Guard: ('true', 'd | o | t', 'true', 'true'), 
	LabelJoin: (true) & (d | o | t) & (true) & (true), 
	Label: d | o | t
2023-10-25 13:14:36.750 | DEBUG    | translate:union_product:309 - [('4', '4', '3', '4')] 
	Guard: ('true', '~d & ~o & ~t', 'true', 'true'), 
	LabelJoin: (true) & (~d & ~o & ~t) & (true) & (true), 
	Label: ~d & ~o & ~t
2023-10-25 13:14:36.751 | DEBUG    | translate:union_product:309 - [('4', '6', '3', '4')] 
	Guard: ('true', 'true', 'true', 'true'), 
	LabelJoin: (true) & (true) & (true) & (true), 
	Label: True
2023-10-25 13:14:36.752 | DEBUG    | translate:union_product:309 - [('4', '3', '3', '4')] 
	Guard: ('true', 'o | t', 'true', 'true'), 
	LabelJoin: (true) & (o | t) & (true) & (true), 
	Label: o | t
2023-10-25 13:14:36.755 | DEBUG    | translate:union_product:309 - [('4', '3', '3', '4')] 
	Guard: ('true', '~o & ~t', 'true', 'true'), 
	LabelJoin: (true) & (~o & ~t) & (true) & (true), 
	Label: ~o & ~t
2023-10-25 13:14:36.756 | DEBUG    | translate:union_product:309 - [('4', '2', '3', '4')] 
	Guard: ('true', 'd | t', 'true', 'true'), 
	LabelJoin: (true) & (d | t) & (true) & (true), 
	Label: d | t
2023-10-25 13:14:36.759 | DEBUG    | translate:union_product:309 - [('4', '2', '3', '4')] 
	Guard: ('true', '~d & ~t', 'true', 'true'), 
	LabelJoin: (true) & (~d & ~t) & (true) & (true), 
	Label: ~d & ~t
2023-10-25 13:14:36.760 | INFO     | translate:translate:228 - Union product DFA: 
{'final_states': {0, 1, 2, 3, 5, 6, 7, 8, 9, 10},
 'init_state': 2,
 'states': {0: {'state': ('3', '6', '3', '4')},
            1: {'state': ('3', '3', '3', '2')},
            2: {'state': ('1', '1', '1', '1')},
            3: {'state': ('4', '2', '3', '4')},
            4: {'state': ('3', '4', '3', '4')},
            5: {'state': ('3', '2', '3', '3')},
            6: {'state': ('2', '5', '2', '4')},
            7: {'state': ('4', '3', '3', '4')},
            8: {'state': ('4', '4', '3', '4')},
            9: {'state': ('4', '5', '3', '4')},
            10: {'state': ('4', '6', '3', '4')}},
 'transitions': {0: {'true': 0},
                 1: {'!o & !t': 1, 'o | t': 0},
                 2: {'!d & !o & !t': 2,
                     'd & !o & !t': 1,
                     'd & o & !t': 4,
                     'd & o & t': 8,
                     'd & t & !o': 7,
                     'o & !d & !t': 5,
                     'o & t & !d': 3,
                     't & !d & !o': 6},
                 3: {'!d & !t': 3, 'd | t': 10},
                 4: {'!d & !o & !t': 4, 'd | o | t': 0},
                 5: {'!d & !t': 5, 'd | t': 0},
                 6: {'!d & !o': 6, 'd | o': 9},
                 7: {'!o & !t': 7, 'o | t': 10},
                 8: {'!d & !o & !t': 8, 'd | o | t': 10},
                 9: {'true': 9},
                 10: {'true': 10}}}
2023-10-25 13:14:36.760 | DEBUG    | translate:construct_pref_graph:360 - outcomes(('3', '6', '3', '4'))={1}
2023-10-25 13:14:36.760 | DEBUG    | translate:construct_pref_graph:363 - get_mp_outcomes({1}, [(0, 3), (0, 2), (1, 3), (0, 0), (2, 3), (0, 1), (2, 2), (3, 3), (1, 1)])={1}
2023-10-25 13:14:36.761 | DEBUG    | translate:construct_pref_graph:360 - outcomes(('3', '3', '3', '2'))={3}
2023-10-25 13:14:36.761 | DEBUG    | translate:construct_pref_graph:363 - get_mp_outcomes({3}, [(0, 3), (0, 2), (1, 3), (0, 0), (2, 3), (0, 1), (2, 2), (3, 3), (1, 1)])={3}
2023-10-25 13:14:36.762 | DEBUG    | translate:construct_pref_graph:360 - outcomes(('1', '1', '1', '1'))={3}
2023-10-25 13:14:36.762 | DEBUG    | translate:construct_pref_graph:363 - get_mp_outcomes({3}, [(0, 3), (0, 2), (1, 3), (0, 0), (2, 3), (0, 1), (2, 2), (3, 3), (1, 1)])={3}
2023-10-25 13:14:36.762 | DEBUG    | translate:construct_pref_graph:360 - outcomes(('4', '2', '3', '4'))={0}
2023-10-25 13:14:36.763 | DEBUG    | translate:construct_pref_graph:363 - get_mp_outcomes({0}, [(0, 3), (0, 2), (1, 3), (0, 0), (2, 3), (0, 1), (2, 2), (3, 3), (1, 1)])={0}
2023-10-25 13:14:36.763 | DEBUG    | translate:construct_pref_graph:360 - outcomes(('3', '2', '3', '3'))={3}
2023-10-25 13:14:36.764 | DEBUG    | translate:construct_pref_graph:363 - get_mp_outcomes({3}, [(0, 3), (0, 2), (1, 3), (0, 0), (2, 3), (0, 1), (2, 2), (3, 3), (1, 1)])={3}
2023-10-25 13:14:36.764 | DEBUG    | translate:construct_pref_graph:360 - outcomes(('2', '5', '2', '4'))={2}
2023-10-25 13:14:36.764 | DEBUG    | translate:construct_pref_graph:363 - get_mp_outcomes({2}, [(0, 3), (0, 2), (1, 3), (0, 0), (2, 3), (0, 1), (2, 2), (3, 3), (1, 1)])={2}
2023-10-25 13:14:36.765 | DEBUG    | translate:construct_pref_graph:360 - outcomes(('4', '3', '3', '4'))={0}
2023-10-25 13:14:36.765 | DEBUG    | translate:construct_pref_graph:363 - get_mp_outcomes({0}, [(0, 3), (0, 2), (1, 3), (0, 0), (2, 3), (0, 1), (2, 2), (3, 3), (1, 1)])={0}
2023-10-25 13:14:36.765 | DEBUG    | translate:construct_pref_graph:360 - outcomes(('4', '4', '3', '4'))={0}
2023-10-25 13:14:36.766 | DEBUG    | translate:construct_pref_graph:363 - get_mp_outcomes({0}, [(0, 3), (0, 2), (1, 3), (0, 0), (2, 3), (0, 1), (2, 2), (3, 3), (1, 1)])={0}
2023-10-25 13:14:36.766 | DEBUG    | translate:construct_pref_graph:360 - outcomes(('4', '5', '3', '4'))={0}
2023-10-25 13:14:36.767 | DEBUG    | translate:construct_pref_graph:363 - get_mp_outcomes({0}, [(0, 3), (0, 2), (1, 3), (0, 0), (2, 3), (0, 1), (2, 2), (3, 3), (1, 1)])={0}
2023-10-25 13:14:36.767 | DEBUG    | translate:construct_pref_graph:360 - outcomes(('4', '6', '3', '4'))={0, 1}
2023-10-25 13:14:36.767 | DEBUG    | translate:construct_pref_graph:363 - get_mp_outcomes({0, 1}, [(0, 3), (0, 2), (1, 3), (0, 0), (2, 3), (0, 1), (2, 2), (3, 3), (1, 1)])={0}
2023-10-25 13:14:36.768 | INFO     | translate:translate:231 - Preference graph: 
{'edges': {'(0, 0, 0, 0)': {'(0, 0, 0, 0)',
                            '(0, 0, 0, 1)',
                            '(0, 0, 1, 0)',
                            '(0, 1, 0, 0)',
                            '(1, 0, 0, 0)'},
           '(0, 0, 0, 1)': {'(0, 0, 0, 1)',
                            '(0, 0, 1, 0)',
                            '(0, 1, 0, 0)',
                            '(1, 0, 0, 0)'},
           '(0, 0, 1, 0)': {'(1, 0, 0, 0)', '(0, 0, 1, 0)'},
           '(0, 1, 0, 0)': {'(1, 0, 0, 0)', '(0, 1, 0, 0)'},
           '(1, 0, 0, 0)': {'(1, 0, 0, 0)'}},
 'nodes': {'(0, 0, 0, 0)': {4},
           '(0, 0, 0, 1)': {1, 2, 5},
           '(0, 0, 1, 0)': {6},
           '(0, 1, 0, 0)': {0},
           '(1, 0, 0, 0)': {3, 7, 8, 9, 10}}}
2023-10-25 13:14:36.983 | INFO     | app:update_images:215 - ====== TRANSLATION COMPLETED IN 2209.2509 MILLISECONDS =====
2023-10-25 13:14:36.985 | INFO     | app:update_images:216 - States:
{0: {'state': ('3', '6', '3', '4')},
 1: {'state': ('3', '3', '3', '2')},
 2: {'state': ('1', '1', '1', '1')},
 3: {'state': ('4', '2', '3', '4')},
 4: {'state': ('3', '4', '3', '4')},
 5: {'state': ('3', '2', '3', '3')},
 6: {'state': ('2', '5', '2', '4')},
 7: {'state': ('4', '3', '3', '4')},
 8: {'state': ('4', '4', '3', '4')},
 9: {'state': ('4', '5', '3', '4')},
 10: {'state': ('4', '6', '3', '4')}}

Alphabet:
['t', 'o', 'd']

Transitions:
{0: {'true': 0},
 1: {'!o & !t': 1, 'o | t': 0},
 2: {'!d & !o & !t': 2,
     'd & !o & !t': 1,
     'd & o & !t': 4,
     'd & o & t': 8,
     'd & t & !o': 7,
     'o & !d & !t': 5,
     'o & t & !d': 3,
     't & !d & !o': 6},
 3: {'!d & !t': 3, 'd | t': 10},
 4: {'!d & !o & !t': 4, 'd | o | t': 0},
 5: {'!d & !t': 5, 'd | t': 0},
 6: {'!d & !o': 6, 'd | o': 9},
 7: {'!o & !t': 7, 'o | t': 10},
 8: {'!d & !o & !t': 8, 'd | o | t': 10},
 9: {'true': 9},
 10: {'true': 10}}

Initial state:
2

Preference graph:
{'edges': {'(0, 0, 0, 0)': {'(0, 0, 0, 0)',
                            '(0, 0, 0, 1)',
                            '(0, 0, 1, 0)',
                            '(0, 1, 0, 0)',
                            '(1, 0, 0, 0)'},
           '(0, 0, 0, 1)': {'(0, 0, 0, 1)',
                            '(0, 0, 1, 0)',
                            '(0, 1, 0, 0)',
                            '(1, 0, 0, 0)'},
           '(0, 0, 1, 0)': {'(1, 0, 0, 0)', '(0, 0, 1, 0)'},
           '(0, 1, 0, 0)': {'(1, 0, 0, 0)', '(0, 1, 0, 0)'},
           '(1, 0, 0, 0)': {'(1, 0, 0, 0)'}},
 'nodes': {'(0, 0, 0, 0)': {4},
           '(0, 0, 0, 1)': {1, 2, 5},
           '(0, 0, 1, 0)': {6},
           '(0, 1, 0, 0)': {0},
           '(1, 0, 0, 0)': {3, 7, 8, 9, 10}}}


