2023-10-25 14:52:24.389 | DEBUG    | translate:build_prefltlf_model:109 - Constructed preorder except incomparability: 
{(F(a), F(c)), (F(a), F(d)), (F(a), F(b))}
2023-10-25 14:52:24.390 | DEBUG    | translate:build_prefltlf_model:123 - Constructed preorder: 
{(F(a), F(c)), (F(a), F(d)), (F(a), F(b))}
2023-10-25 14:52:24.391 | DEBUG    | translate:build_prefltlf_model:138 - Reflexive closure of preorder: 
[('F(d)', 'F(d)'),
 ('F(b)', 'F(b)'),
 ('F(a)', 'F(b)'),
 ('F(a)', 'F(c)'),
 ('F(c)', 'F(c)'),
 ('F(a)', 'F(d)'),
 ('F(a)', 'F(a)')]
2023-10-25 14:52:24.392 | DEBUG    | translate:build_prefltlf_model:142 - Transitive closure of preorder: 
[('F(d)', 'F(d)'),
 ('F(b)', 'F(b)'),
 ('F(a)', 'F(b)'),
 ('F(a)', 'F(c)'),
 ('F(c)', 'F(c)'),
 ('F(a)', 'F(a)'),
 ('F(a)', 'F(d)')]
2023-10-25 14:52:24.393 | INFO     | app:update_images:156 - Model: 
Atoms:
	['c', 'a', 'b', 'd']
Phi:
	F(a)
	F(b)
	F(c)
	F(d)
Preorder:
	F(d) >= F(d)
	F(b) >= F(b)
	F(a) >= F(b)
	F(a) >= F(c)
	F(c) >= F(c)
	F(a) >= F(a)
	F(a) >= F(d)

2023-10-25 14:52:24.425 | INFO     | translate:translate:221 - DFA(F(a)): 
{'final_states': {'2'},
 'init_state': '1',
 'states': {'1', '2'},
 'transitions': {'1': {'a': '2', '~a': '1'}, '2': {'true': '2'}}}
2023-10-25 14:52:24.450 | INFO     | translate:translate:221 - DFA(F(b)): 
{'final_states': {'2'},
 'init_state': '1',
 'states': {'1', '2'},
 'transitions': {'1': {'b': '2', '~b': '1'}, '2': {'true': '2'}}}
2023-10-25 14:52:24.477 | INFO     | translate:translate:221 - DFA(F(c)): 
{'final_states': {'2'},
 'init_state': '1',
 'states': {'1', '2'},
 'transitions': {'1': {'c': '2', '~c': '1'}, '2': {'true': '2'}}}
2023-10-25 14:52:24.501 | INFO     | translate:translate:221 - DFA(F(d)): 
{'final_states': {'2'},
 'init_state': '1',
 'states': {'1', '2'},
 'transitions': {'1': {'d': '2', '~d': '1'}, '2': {'true': '2'}}}
2023-10-25 14:52:24.797 | DEBUG    | translate:union_product:309 - [('1', '1', '1', '1')] 
	Guard: ('a', 'b', 'c', 'd'), 
	LabelJoin: (a) & (b) & (c) & (d), 
	Label: a & b & c & d
2023-10-25 14:52:24.812 | DEBUG    | translate:union_product:309 - [('1', '1', '1', '1')] 
	Guard: ('a', 'b', 'c', '~d'), 
	LabelJoin: (a) & (b) & (c) & (~d), 
	Label: a & b & c & ~d
2023-10-25 14:52:24.824 | DEBUG    | translate:union_product:309 - [('1', '1', '1', '1')] 
	Guard: ('a', 'b', '~c', 'd'), 
	LabelJoin: (a) & (b) & (~c) & (d), 
	Label: a & b & d & ~c
2023-10-25 14:52:24.854 | DEBUG    | translate:union_product:309 - [('1', '1', '1', '1')] 
	Guard: ('a', 'b', '~c', '~d'), 
	LabelJoin: (a) & (b) & (~c) & (~d), 
	Label: a & b & ~c & ~d
2023-10-25 14:52:24.866 | DEBUG    | translate:union_product:309 - [('1', '1', '1', '1')] 
	Guard: ('a', '~b', 'c', 'd'), 
	LabelJoin: (a) & (~b) & (c) & (d), 
	Label: a & c & d & ~b
2023-10-25 14:52:24.880 | DEBUG    | translate:union_product:309 - [('1', '1', '1', '1')] 
	Guard: ('a', '~b', 'c', '~d'), 
	LabelJoin: (a) & (~b) & (c) & (~d), 
	Label: a & c & ~b & ~d
2023-10-25 14:52:24.893 | DEBUG    | translate:union_product:309 - [('1', '1', '1', '1')] 
	Guard: ('a', '~b', '~c', 'd'), 
	LabelJoin: (a) & (~b) & (~c) & (d), 
	Label: a & d & ~b & ~c
2023-10-25 14:52:24.908 | DEBUG    | translate:union_product:309 - [('1', '1', '1', '1')] 
	Guard: ('a', '~b', '~c', '~d'), 
	LabelJoin: (a) & (~b) & (~c) & (~d), 
	Label: a & ~b & ~c & ~d
2023-10-25 14:52:24.919 | DEBUG    | translate:union_product:309 - [('1', '1', '1', '1')] 
	Guard: ('~a', 'b', 'c', 'd'), 
	LabelJoin: (~a) & (b) & (c) & (d), 
	Label: b & c & d & ~a
2023-10-25 14:52:24.931 | DEBUG    | translate:union_product:309 - [('1', '1', '1', '1')] 
	Guard: ('~a', 'b', 'c', '~d'), 
	LabelJoin: (~a) & (b) & (c) & (~d), 
	Label: b & c & ~a & ~d
2023-10-25 14:52:24.944 | DEBUG    | translate:union_product:309 - [('1', '1', '1', '1')] 
	Guard: ('~a', 'b', '~c', 'd'), 
	LabelJoin: (~a) & (b) & (~c) & (d), 
	Label: b & d & ~a & ~c
2023-10-25 14:52:24.959 | DEBUG    | translate:union_product:309 - [('1', '1', '1', '1')] 
	Guard: ('~a', 'b', '~c', '~d'), 
	LabelJoin: (~a) & (b) & (~c) & (~d), 
	Label: b & ~a & ~c & ~d
2023-10-25 14:52:24.972 | DEBUG    | translate:union_product:309 - [('1', '1', '1', '1')] 
	Guard: ('~a', '~b', 'c', 'd'), 
	LabelJoin: (~a) & (~b) & (c) & (d), 
	Label: c & d & ~a & ~b
2023-10-25 14:52:24.992 | DEBUG    | translate:union_product:309 - [('1', '1', '1', '1')] 
	Guard: ('~a', '~b', 'c', '~d'), 
	LabelJoin: (~a) & (~b) & (c) & (~d), 
	Label: c & ~a & ~b & ~d
2023-10-25 14:52:25.006 | DEBUG    | translate:union_product:309 - [('1', '1', '1', '1')] 
	Guard: ('~a', '~b', '~c', 'd'), 
	LabelJoin: (~a) & (~b) & (~c) & (d), 
	Label: d & ~a & ~b & ~c
2023-10-25 14:52:25.028 | DEBUG    | translate:union_product:309 - [('1', '1', '1', '1')] 
	Guard: ('~a', '~b', '~c', '~d'), 
	LabelJoin: (~a) & (~b) & (~c) & (~d), 
	Label: ~a & ~b & ~c & ~d
2023-10-25 14:52:25.037 | DEBUG    | translate:union_product:309 - [('1', '1', '1', '2')] 
	Guard: ('a', 'b', 'c', 'true'), 
	LabelJoin: (a) & (b) & (c) & (true), 
	Label: a & b & c
2023-10-25 14:52:25.045 | DEBUG    | translate:union_product:309 - [('1', '1', '1', '2')] 
	Guard: ('a', 'b', '~c', 'true'), 
	LabelJoin: (a) & (b) & (~c) & (true), 
	Label: a & b & ~c
2023-10-25 14:52:25.054 | DEBUG    | translate:union_product:309 - [('1', '1', '1', '2')] 
	Guard: ('a', '~b', 'c', 'true'), 
	LabelJoin: (a) & (~b) & (c) & (true), 
	Label: a & c & ~b
2023-10-25 14:52:25.064 | DEBUG    | translate:union_product:309 - [('1', '1', '1', '2')] 
	Guard: ('a', '~b', '~c', 'true'), 
	LabelJoin: (a) & (~b) & (~c) & (true), 
	Label: a & ~b & ~c
2023-10-25 14:52:25.072 | DEBUG    | translate:union_product:309 - [('1', '1', '1', '2')] 
	Guard: ('~a', 'b', 'c', 'true'), 
	LabelJoin: (~a) & (b) & (c) & (true), 
	Label: b & c & ~a
2023-10-25 14:52:25.081 | DEBUG    | translate:union_product:309 - [('1', '1', '1', '2')] 
	Guard: ('~a', 'b', '~c', 'true'), 
	LabelJoin: (~a) & (b) & (~c) & (true), 
	Label: b & ~a & ~c
2023-10-25 14:52:25.091 | DEBUG    | translate:union_product:309 - [('1', '1', '1', '2')] 
	Guard: ('~a', '~b', 'c', 'true'), 
	LabelJoin: (~a) & (~b) & (c) & (true), 
	Label: c & ~a & ~b
2023-10-25 14:52:25.101 | DEBUG    | translate:union_product:309 - [('1', '1', '1', '2')] 
	Guard: ('~a', '~b', '~c', 'true'), 
	LabelJoin: (~a) & (~b) & (~c) & (true), 
	Label: ~a & ~b & ~c
2023-10-25 14:52:25.107 | DEBUG    | translate:union_product:309 - [('1', '1', '2', '2')] 
	Guard: ('a', 'b', 'true', 'true'), 
	LabelJoin: (a) & (b) & (true) & (true), 
	Label: a & b
2023-10-25 14:52:25.113 | DEBUG    | translate:union_product:309 - [('1', '1', '2', '2')] 
	Guard: ('a', '~b', 'true', 'true'), 
	LabelJoin: (a) & (~b) & (true) & (true), 
	Label: a & ~b
2023-10-25 14:52:25.122 | DEBUG    | translate:union_product:309 - [('1', '1', '2', '2')] 
	Guard: ('~a', 'b', 'true', 'true'), 
	LabelJoin: (~a) & (b) & (true) & (true), 
	Label: b & ~a
2023-10-25 14:52:25.130 | DEBUG    | translate:union_product:309 - [('1', '1', '2', '2')] 
	Guard: ('~a', '~b', 'true', 'true'), 
	LabelJoin: (~a) & (~b) & (true) & (true), 
	Label: ~a & ~b
2023-10-25 14:52:25.133 | DEBUG    | translate:union_product:309 - [('1', '2', '2', '2')] 
	Guard: ('a', 'true', 'true', 'true'), 
	LabelJoin: (a) & (true) & (true) & (true), 
	Label: a
2023-10-25 14:52:25.136 | DEBUG    | translate:union_product:309 - [('1', '2', '2', '2')] 
	Guard: ('~a', 'true', 'true', 'true'), 
	LabelJoin: (~a) & (true) & (true) & (true), 
	Label: ~a
2023-10-25 14:52:25.139 | DEBUG    | translate:union_product:309 - [('2', '2', '2', '2')] 
	Guard: ('true', 'true', 'true', 'true'), 
	LabelJoin: (true) & (true) & (true) & (true), 
	Label: True
2023-10-25 14:52:25.141 | DEBUG    | translate:union_product:309 - [('2', '1', '2', '2')] 
	Guard: ('true', 'b', 'true', 'true'), 
	LabelJoin: (true) & (b) & (true) & (true), 
	Label: b
2023-10-25 14:52:25.144 | DEBUG    | translate:union_product:309 - [('2', '1', '2', '2')] 
	Guard: ('true', '~b', 'true', 'true'), 
	LabelJoin: (true) & (~b) & (true) & (true), 
	Label: ~b
2023-10-25 14:52:25.147 | DEBUG    | translate:union_product:309 - [('2', '2', '2', '2')] 
	Guard: ('true', 'true', 'true', 'true'), 
	LabelJoin: (true) & (true) & (true) & (true), 
	Label: True
2023-10-25 14:52:25.153 | DEBUG    | translate:union_product:309 - [('1', '2', '1', '2')] 
	Guard: ('a', 'true', 'c', 'true'), 
	LabelJoin: (a) & (true) & (c) & (true), 
	Label: a & c
2023-10-25 14:52:25.159 | DEBUG    | translate:union_product:309 - [('1', '2', '1', '2')] 
	Guard: ('a', 'true', '~c', 'true'), 
	LabelJoin: (a) & (true) & (~c) & (true), 
	Label: a & ~c
2023-10-25 14:52:25.165 | DEBUG    | translate:union_product:309 - [('1', '2', '1', '2')] 
	Guard: ('~a', 'true', 'c', 'true'), 
	LabelJoin: (~a) & (true) & (c) & (true), 
	Label: c & ~a
2023-10-25 14:52:25.175 | DEBUG    | translate:union_product:309 - [('1', '2', '1', '2')] 
	Guard: ('~a', 'true', '~c', 'true'), 
	LabelJoin: (~a) & (true) & (~c) & (true), 
	Label: ~a & ~c
2023-10-25 14:52:25.178 | DEBUG    | translate:union_product:309 - [('2', '2', '1', '2')] 
	Guard: ('true', 'true', 'c', 'true'), 
	LabelJoin: (true) & (true) & (c) & (true), 
	Label: c
2023-10-25 14:52:25.181 | DEBUG    | translate:union_product:309 - [('2', '2', '1', '2')] 
	Guard: ('true', 'true', '~c', 'true'), 
	LabelJoin: (true) & (true) & (~c) & (true), 
	Label: ~c
2023-10-25 14:52:25.183 | DEBUG    | translate:union_product:309 - [('1', '2', '2', '2')] 
	Guard: ('a', 'true', 'true', 'true'), 
	LabelJoin: (a) & (true) & (true) & (true), 
	Label: a
2023-10-25 14:52:25.186 | DEBUG    | translate:union_product:309 - [('1', '2', '2', '2')] 
	Guard: ('~a', 'true', 'true', 'true'), 
	LabelJoin: (~a) & (true) & (true) & (true), 
	Label: ~a
2023-10-25 14:52:25.193 | DEBUG    | translate:union_product:309 - [('2', '1', '1', '2')] 
	Guard: ('true', 'b', 'c', 'true'), 
	LabelJoin: (true) & (b) & (c) & (true), 
	Label: b & c
2023-10-25 14:52:25.199 | DEBUG    | translate:union_product:309 - [('2', '1', '1', '2')] 
	Guard: ('true', 'b', '~c', 'true'), 
	LabelJoin: (true) & (b) & (~c) & (true), 
	Label: b & ~c
2023-10-25 14:52:25.205 | DEBUG    | translate:union_product:309 - [('2', '1', '1', '2')] 
	Guard: ('true', '~b', 'c', 'true'), 
	LabelJoin: (true) & (~b) & (c) & (true), 
	Label: c & ~b
2023-10-25 14:52:25.212 | DEBUG    | translate:union_product:309 - [('2', '1', '1', '2')] 
	Guard: ('true', '~b', '~c', 'true'), 
	LabelJoin: (true) & (~b) & (~c) & (true), 
	Label: ~b & ~c
2023-10-25 14:52:25.214 | DEBUG    | translate:union_product:309 - [('2', '1', '2', '2')] 
	Guard: ('true', 'b', 'true', 'true'), 
	LabelJoin: (true) & (b) & (true) & (true), 
	Label: b
2023-10-25 14:52:25.218 | DEBUG    | translate:union_product:309 - [('2', '1', '2', '2')] 
	Guard: ('true', '~b', 'true', 'true'), 
	LabelJoin: (true) & (~b) & (true) & (true), 
	Label: ~b
2023-10-25 14:52:25.222 | DEBUG    | translate:union_product:309 - [('2', '2', '1', '2')] 
	Guard: ('true', 'true', 'c', 'true'), 
	LabelJoin: (true) & (true) & (c) & (true), 
	Label: c
2023-10-25 14:52:25.226 | DEBUG    | translate:union_product:309 - [('2', '2', '1', '2')] 
	Guard: ('true', 'true', '~c', 'true'), 
	LabelJoin: (true) & (true) & (~c) & (true), 
	Label: ~c
2023-10-25 14:52:25.228 | DEBUG    | translate:union_product:309 - [('2', '2', '2', '2')] 
	Guard: ('true', 'true', 'true', 'true'), 
	LabelJoin: (true) & (true) & (true) & (true), 
	Label: True
2023-10-25 14:52:25.240 | DEBUG    | translate:union_product:309 - [('1', '1', '2', '1')] 
	Guard: ('a', 'b', 'true', 'd'), 
	LabelJoin: (a) & (b) & (true) & (d), 
	Label: a & b & d
2023-10-25 14:52:25.248 | DEBUG    | translate:union_product:309 - [('1', '1', '2', '1')] 
	Guard: ('a', 'b', 'true', '~d'), 
	LabelJoin: (a) & (b) & (true) & (~d), 
	Label: a & b & ~d
2023-10-25 14:52:25.258 | DEBUG    | translate:union_product:309 - [('1', '1', '2', '1')] 
	Guard: ('a', '~b', 'true', 'd'), 
	LabelJoin: (a) & (~b) & (true) & (d), 
	Label: a & d & ~b
2023-10-25 14:52:25.269 | DEBUG    | translate:union_product:309 - [('1', '1', '2', '1')] 
	Guard: ('a', '~b', 'true', '~d'), 
	LabelJoin: (a) & (~b) & (true) & (~d), 
	Label: a & ~b & ~d
2023-10-25 14:52:25.278 | DEBUG    | translate:union_product:309 - [('1', '1', '2', '1')] 
	Guard: ('~a', 'b', 'true', 'd'), 
	LabelJoin: (~a) & (b) & (true) & (d), 
	Label: b & d & ~a
2023-10-25 14:52:25.288 | DEBUG    | translate:union_product:309 - [('1', '1', '2', '1')] 
	Guard: ('~a', 'b', 'true', '~d'), 
	LabelJoin: (~a) & (b) & (true) & (~d), 
	Label: b & ~a & ~d
2023-10-25 14:52:25.299 | DEBUG    | translate:union_product:309 - [('1', '1', '2', '1')] 
	Guard: ('~a', '~b', 'true', 'd'), 
	LabelJoin: (~a) & (~b) & (true) & (d), 
	Label: d & ~a & ~b
2023-10-25 14:52:25.310 | DEBUG    | translate:union_product:309 - [('1', '1', '2', '1')] 
	Guard: ('~a', '~b', 'true', '~d'), 
	LabelJoin: (~a) & (~b) & (true) & (~d), 
	Label: ~a & ~b & ~d
2023-10-25 14:52:25.315 | DEBUG    | translate:union_product:309 - [('1', '2', '2', '1')] 
	Guard: ('a', 'true', 'true', 'd'), 
	LabelJoin: (a) & (true) & (true) & (d), 
	Label: a & d
2023-10-25 14:52:25.321 | DEBUG    | translate:union_product:309 - [('1', '2', '2', '1')] 
	Guard: ('a', 'true', 'true', '~d'), 
	LabelJoin: (a) & (true) & (true) & (~d), 
	Label: a & ~d
2023-10-25 14:52:25.327 | DEBUG    | translate:union_product:309 - [('1', '2', '2', '1')] 
	Guard: ('~a', 'true', 'true', 'd'), 
	LabelJoin: (~a) & (true) & (true) & (d), 
	Label: d & ~a
2023-10-25 14:52:25.336 | DEBUG    | translate:union_product:309 - [('1', '2', '2', '1')] 
	Guard: ('~a', 'true', 'true', '~d'), 
	LabelJoin: (~a) & (true) & (true) & (~d), 
	Label: ~a & ~d
2023-10-25 14:52:25.338 | DEBUG    | translate:union_product:309 - [('2', '2', '2', '1')] 
	Guard: ('true', 'true', 'true', 'd'), 
	LabelJoin: (true) & (true) & (true) & (d), 
	Label: d
2023-10-25 14:52:25.341 | DEBUG    | translate:union_product:309 - [('2', '2', '2', '1')] 
	Guard: ('true', 'true', 'true', '~d'), 
	LabelJoin: (true) & (true) & (true) & (~d), 
	Label: ~d
2023-10-25 14:52:25.348 | DEBUG    | translate:union_product:309 - [('2', '1', '2', '1')] 
	Guard: ('true', 'b', 'true', 'd'), 
	LabelJoin: (true) & (b) & (true) & (d), 
	Label: b & d
2023-10-25 14:52:25.354 | DEBUG    | translate:union_product:309 - [('2', '1', '2', '1')] 
	Guard: ('true', 'b', 'true', '~d'), 
	LabelJoin: (true) & (b) & (true) & (~d), 
	Label: b & ~d
2023-10-25 14:52:25.360 | DEBUG    | translate:union_product:309 - [('2', '1', '2', '1')] 
	Guard: ('true', '~b', 'true', 'd'), 
	LabelJoin: (true) & (~b) & (true) & (d), 
	Label: d & ~b
2023-10-25 14:52:25.367 | DEBUG    | translate:union_product:309 - [('2', '1', '2', '1')] 
	Guard: ('true', '~b', 'true', '~d'), 
	LabelJoin: (true) & (~b) & (true) & (~d), 
	Label: ~b & ~d
2023-10-25 14:52:25.371 | DEBUG    | translate:union_product:309 - [('2', '2', '2', '1')] 
	Guard: ('true', 'true', 'true', 'd'), 
	LabelJoin: (true) & (true) & (true) & (d), 
	Label: d
2023-10-25 14:52:25.377 | DEBUG    | translate:union_product:309 - [('2', '2', '2', '1')] 
	Guard: ('true', 'true', 'true', '~d'), 
	LabelJoin: (true) & (true) & (true) & (~d), 
	Label: ~d
2023-10-25 14:52:25.382 | DEBUG    | translate:union_product:309 - [('1', '1', '2', '2')] 
	Guard: ('a', 'b', 'true', 'true'), 
	LabelJoin: (a) & (b) & (true) & (true), 
	Label: a & b
2023-10-25 14:52:25.388 | DEBUG    | translate:union_product:309 - [('1', '1', '2', '2')] 
	Guard: ('a', '~b', 'true', 'true'), 
	LabelJoin: (a) & (~b) & (true) & (true), 
	Label: a & ~b
2023-10-25 14:52:25.394 | DEBUG    | translate:union_product:309 - [('1', '1', '2', '2')] 
	Guard: ('~a', 'b', 'true', 'true'), 
	LabelJoin: (~a) & (b) & (true) & (true), 
	Label: b & ~a
2023-10-25 14:52:25.405 | DEBUG    | translate:union_product:309 - [('1', '1', '2', '2')] 
	Guard: ('~a', '~b', 'true', 'true'), 
	LabelJoin: (~a) & (~b) & (true) & (true), 
	Label: ~a & ~b
2023-10-25 14:52:25.412 | DEBUG    | translate:union_product:309 - [('1', '2', '1', '1')] 
	Guard: ('a', 'true', 'c', 'd'), 
	LabelJoin: (a) & (true) & (c) & (d), 
	Label: a & c & d
2023-10-25 14:52:25.426 | DEBUG    | translate:union_product:309 - [('1', '2', '1', '1')] 
	Guard: ('a', 'true', 'c', '~d'), 
	LabelJoin: (a) & (true) & (c) & (~d), 
	Label: a & c & ~d
2023-10-25 14:52:25.434 | DEBUG    | translate:union_product:309 - [('1', '2', '1', '1')] 
	Guard: ('a', 'true', '~c', 'd'), 
	LabelJoin: (a) & (true) & (~c) & (d), 
	Label: a & d & ~c
2023-10-25 14:52:25.442 | DEBUG    | translate:union_product:309 - [('1', '2', '1', '1')] 
	Guard: ('a', 'true', '~c', '~d'), 
	LabelJoin: (a) & (true) & (~c) & (~d), 
	Label: a & ~c & ~d
2023-10-25 14:52:25.451 | DEBUG    | translate:union_product:309 - [('1', '2', '1', '1')] 
	Guard: ('~a', 'true', 'c', 'd'), 
	LabelJoin: (~a) & (true) & (c) & (d), 
	Label: c & d & ~a
2023-10-25 14:52:25.460 | DEBUG    | translate:union_product:309 - [('1', '2', '1', '1')] 
	Guard: ('~a', 'true', 'c', '~d'), 
	LabelJoin: (~a) & (true) & (c) & (~d), 
	Label: c & ~a & ~d
2023-10-25 14:52:25.471 | DEBUG    | translate:union_product:309 - [('1', '2', '1', '1')] 
	Guard: ('~a', 'true', '~c', 'd'), 
	LabelJoin: (~a) & (true) & (~c) & (d), 
	Label: d & ~a & ~c
2023-10-25 14:52:25.482 | DEBUG    | translate:union_product:309 - [('1', '2', '1', '1')] 
	Guard: ('~a', 'true', '~c', '~d'), 
	LabelJoin: (~a) & (true) & (~c) & (~d), 
	Label: ~a & ~c & ~d
2023-10-25 14:52:25.487 | DEBUG    | translate:union_product:309 - [('2', '2', '1', '1')] 
	Guard: ('true', 'true', 'c', 'd'), 
	LabelJoin: (true) & (true) & (c) & (d), 
	Label: c & d
2023-10-25 14:52:25.493 | DEBUG    | translate:union_product:309 - [('2', '2', '1', '1')] 
	Guard: ('true', 'true', 'c', '~d'), 
	LabelJoin: (true) & (true) & (c) & (~d), 
	Label: c & ~d
2023-10-25 14:52:25.498 | DEBUG    | translate:union_product:309 - [('2', '2', '1', '1')] 
	Guard: ('true', 'true', '~c', 'd'), 
	LabelJoin: (true) & (true) & (~c) & (d), 
	Label: d & ~c
2023-10-25 14:52:25.506 | DEBUG    | translate:union_product:309 - [('2', '2', '1', '1')] 
	Guard: ('true', 'true', '~c', '~d'), 
	LabelJoin: (true) & (true) & (~c) & (~d), 
	Label: ~c & ~d
2023-10-25 14:52:25.512 | DEBUG    | translate:union_product:309 - [('1', '2', '1', '2')] 
	Guard: ('a', 'true', 'c', 'true'), 
	LabelJoin: (a) & (true) & (c) & (true), 
	Label: a & c
2023-10-25 14:52:25.521 | DEBUG    | translate:union_product:309 - [('1', '2', '1', '2')] 
	Guard: ('a', 'true', '~c', 'true'), 
	LabelJoin: (a) & (true) & (~c) & (true), 
	Label: a & ~c
2023-10-25 14:52:25.527 | DEBUG    | translate:union_product:309 - [('1', '2', '1', '2')] 
	Guard: ('~a', 'true', 'c', 'true'), 
	LabelJoin: (~a) & (true) & (c) & (true), 
	Label: c & ~a
2023-10-25 14:52:25.535 | DEBUG    | translate:union_product:309 - [('1', '2', '1', '2')] 
	Guard: ('~a', 'true', '~c', 'true'), 
	LabelJoin: (~a) & (true) & (~c) & (true), 
	Label: ~a & ~c
2023-10-25 14:52:25.540 | DEBUG    | translate:union_product:309 - [('1', '2', '2', '1')] 
	Guard: ('a', 'true', 'true', 'd'), 
	LabelJoin: (a) & (true) & (true) & (d), 
	Label: a & d
2023-10-25 14:52:25.544 | DEBUG    | translate:union_product:309 - [('1', '2', '2', '1')] 
	Guard: ('a', 'true', 'true', '~d'), 
	LabelJoin: (a) & (true) & (true) & (~d), 
	Label: a & ~d
2023-10-25 14:52:25.552 | DEBUG    | translate:union_product:309 - [('1', '2', '2', '1')] 
	Guard: ('~a', 'true', 'true', 'd'), 
	LabelJoin: (~a) & (true) & (true) & (d), 
	Label: d & ~a
2023-10-25 14:52:25.558 | DEBUG    | translate:union_product:309 - [('1', '2', '2', '1')] 
	Guard: ('~a', 'true', 'true', '~d'), 
	LabelJoin: (~a) & (true) & (true) & (~d), 
	Label: ~a & ~d
2023-10-25 14:52:25.561 | DEBUG    | translate:union_product:309 - [('1', '2', '2', '2')] 
	Guard: ('a', 'true', 'true', 'true'), 
	LabelJoin: (a) & (true) & (true) & (true), 
	Label: a
2023-10-25 14:52:25.565 | DEBUG    | translate:union_product:309 - [('1', '2', '2', '2')] 
	Guard: ('~a', 'true', 'true', 'true'), 
	LabelJoin: (~a) & (true) & (true) & (true), 
	Label: ~a
2023-10-25 14:52:25.571 | DEBUG    | translate:union_product:309 - [('2', '1', '1', '1')] 
	Guard: ('true', 'b', 'c', 'd'), 
	LabelJoin: (true) & (b) & (c) & (d), 
	Label: b & c & d
2023-10-25 14:52:25.579 | DEBUG    | translate:union_product:309 - [('2', '1', '1', '1')] 
	Guard: ('true', 'b', 'c', '~d'), 
	LabelJoin: (true) & (b) & (c) & (~d), 
	Label: b & c & ~d
2023-10-25 14:52:25.587 | DEBUG    | translate:union_product:309 - [('2', '1', '1', '1')] 
	Guard: ('true', 'b', '~c', 'd'), 
	LabelJoin: (true) & (b) & (~c) & (d), 
	Label: b & d & ~c
2023-10-25 14:52:25.596 | DEBUG    | translate:union_product:309 - [('2', '1', '1', '1')] 
	Guard: ('true', 'b', '~c', '~d'), 
	LabelJoin: (true) & (b) & (~c) & (~d), 
	Label: b & ~c & ~d
2023-10-25 14:52:25.603 | DEBUG    | translate:union_product:309 - [('2', '1', '1', '1')] 
	Guard: ('true', '~b', 'c', 'd'), 
	LabelJoin: (true) & (~b) & (c) & (d), 
	Label: c & d & ~b
2023-10-25 14:52:25.611 | DEBUG    | translate:union_product:309 - [('2', '1', '1', '1')] 
	Guard: ('true', '~b', 'c', '~d'), 
	LabelJoin: (true) & (~b) & (c) & (~d), 
	Label: c & ~b & ~d
2023-10-25 14:52:25.622 | DEBUG    | translate:union_product:309 - [('2', '1', '1', '1')] 
	Guard: ('true', '~b', '~c', 'd'), 
	LabelJoin: (true) & (~b) & (~c) & (d), 
	Label: d & ~b & ~c
2023-10-25 14:52:25.634 | DEBUG    | translate:union_product:309 - [('2', '1', '1', '1')] 
	Guard: ('true', '~b', '~c', '~d'), 
	LabelJoin: (true) & (~b) & (~c) & (~d), 
	Label: ~b & ~c & ~d
2023-10-25 14:52:25.639 | DEBUG    | translate:union_product:309 - [('2', '1', '1', '2')] 
	Guard: ('true', 'b', 'c', 'true'), 
	LabelJoin: (true) & (b) & (c) & (true), 
	Label: b & c
2023-10-25 14:52:25.644 | DEBUG    | translate:union_product:309 - [('2', '1', '1', '2')] 
	Guard: ('true', 'b', '~c', 'true'), 
	LabelJoin: (true) & (b) & (~c) & (true), 
	Label: b & ~c
2023-10-25 14:52:25.650 | DEBUG    | translate:union_product:309 - [('2', '1', '1', '2')] 
	Guard: ('true', '~b', 'c', 'true'), 
	LabelJoin: (true) & (~b) & (c) & (true), 
	Label: c & ~b
2023-10-25 14:52:25.657 | DEBUG    | translate:union_product:309 - [('2', '1', '1', '2')] 
	Guard: ('true', '~b', '~c', 'true'), 
	LabelJoin: (true) & (~b) & (~c) & (true), 
	Label: ~b & ~c
2023-10-25 14:52:25.665 | DEBUG    | translate:union_product:309 - [('2', '1', '2', '1')] 
	Guard: ('true', 'b', 'true', 'd'), 
	LabelJoin: (true) & (b) & (true) & (d), 
	Label: b & d
2023-10-25 14:52:25.670 | DEBUG    | translate:union_product:309 - [('2', '1', '2', '1')] 
	Guard: ('true', 'b', 'true', '~d'), 
	LabelJoin: (true) & (b) & (true) & (~d), 
	Label: b & ~d
2023-10-25 14:52:25.675 | DEBUG    | translate:union_product:309 - [('2', '1', '2', '1')] 
	Guard: ('true', '~b', 'true', 'd'), 
	LabelJoin: (true) & (~b) & (true) & (d), 
	Label: d & ~b
2023-10-25 14:52:25.682 | DEBUG    | translate:union_product:309 - [('2', '1', '2', '1')] 
	Guard: ('true', '~b', 'true', '~d'), 
	LabelJoin: (true) & (~b) & (true) & (~d), 
	Label: ~b & ~d
2023-10-25 14:52:25.684 | DEBUG    | translate:union_product:309 - [('2', '1', '2', '2')] 
	Guard: ('true', 'b', 'true', 'true'), 
	LabelJoin: (true) & (b) & (true) & (true), 
	Label: b
2023-10-25 14:52:25.687 | DEBUG    | translate:union_product:309 - [('2', '1', '2', '2')] 
	Guard: ('true', '~b', 'true', 'true'), 
	LabelJoin: (true) & (~b) & (true) & (true), 
	Label: ~b
2023-10-25 14:52:25.692 | DEBUG    | translate:union_product:309 - [('2', '2', '1', '1')] 
	Guard: ('true', 'true', 'c', 'd'), 
	LabelJoin: (true) & (true) & (c) & (d), 
	Label: c & d
2023-10-25 14:52:25.698 | DEBUG    | translate:union_product:309 - [('2', '2', '1', '1')] 
	Guard: ('true', 'true', 'c', '~d'), 
	LabelJoin: (true) & (true) & (c) & (~d), 
	Label: c & ~d
2023-10-25 14:52:25.703 | DEBUG    | translate:union_product:309 - [('2', '2', '1', '1')] 
	Guard: ('true', 'true', '~c', 'd'), 
	LabelJoin: (true) & (true) & (~c) & (d), 
	Label: d & ~c
2023-10-25 14:52:25.711 | DEBUG    | translate:union_product:309 - [('2', '2', '1', '1')] 
	Guard: ('true', 'true', '~c', '~d'), 
	LabelJoin: (true) & (true) & (~c) & (~d), 
	Label: ~c & ~d
2023-10-25 14:52:25.714 | DEBUG    | translate:union_product:309 - [('2', '2', '1', '2')] 
	Guard: ('true', 'true', 'c', 'true'), 
	LabelJoin: (true) & (true) & (c) & (true), 
	Label: c
2023-10-25 14:52:25.717 | DEBUG    | translate:union_product:309 - [('2', '2', '1', '2')] 
	Guard: ('true', 'true', '~c', 'true'), 
	LabelJoin: (true) & (true) & (~c) & (true), 
	Label: ~c
2023-10-25 14:52:25.719 | DEBUG    | translate:union_product:309 - [('2', '2', '2', '1')] 
	Guard: ('true', 'true', 'true', 'd'), 
	LabelJoin: (true) & (true) & (true) & (d), 
	Label: d
2023-10-25 14:52:25.722 | DEBUG    | translate:union_product:309 - [('2', '2', '2', '1')] 
	Guard: ('true', 'true', 'true', '~d'), 
	LabelJoin: (true) & (true) & (true) & (~d), 
	Label: ~d
2023-10-25 14:52:25.724 | DEBUG    | translate:union_product:309 - [('2', '2', '2', '2')] 
	Guard: ('true', 'true', 'true', 'true'), 
	LabelJoin: (true) & (true) & (true) & (true), 
	Label: True
2023-10-25 14:52:25.730 | INFO     | translate:translate:228 - Union product DFA: 
{'final_states': {0, 1, 2, 3, 4, 5, 6, 7, 8, 9, 10, 11, 12, 13, 14},
 'init_state': 15,
 'states': {0: {'state': ('2', '1', '1', '1')},
            1: {'state': ('2', '2', '2', '1')},
            2: {'state': ('1', '2', '2', '2')},
            3: {'state': ('2', '2', '1', '2')},
            4: {'state': ('1', '1', '2', '1')},
            5: {'state': ('1', '2', '2', '1')},
            6: {'state': ('2', '2', '1', '1')},
            7: {'state': ('1', '2', '1', '2')},
            8: {'state': ('1', '2', '1', '1')},
            9: {'state': ('1', '1', '1', '2')},
            10: {'state': ('2', '1', '1', '2')},
            11: {'state': ('2', '2', '2', '2')},
            12: {'state': ('2', '1', '2', '2')},
            13: {'state': ('1', '1', '2', '2')},
            14: {'state': ('2', '1', '2', '1')},
            15: {'state': ('1', '1', '1', '1')}},
 'transitions': {0: {'!b & !c & !d': 0,
                     'b & !c & !d': 6,
                     'b & c & !d': 1,
                     'b & c & d': 11,
                     'b & d & !c': 3,
                     'c & !b & !d': 14,
                     'c & d & !b': 12,
                     'd & !b & !c': 10},
                 1: {'!d': 1, 'd': 11},
                 2: {'!a': 2, 'a': 11},
                 3: {'!c': 3, 'c': 11},
                 4: {'!a & !b & !d': 4,
                     'a & !b & !d': 14,
                     'a & b & !d': 1,
                     'a & b & d': 11,
                     'a & d & !b': 12,
                     'b & !a & !d': 5,
                     'b & d & !a': 2,
                     'd & !a & !b': 13},
                 5: {'!a & !d': 5, 'a & !d': 1, 'a & d': 11, 'd & !a': 2},
                 6: {'!c & !d': 6, 'c & !d': 1, 'c & d': 11, 'd & !c': 3},
                 7: {'!a & !c': 7, 'a & !c': 3, 'a & c': 11, 'c & !a': 2},
                 8: {'!a & !c & !d': 8,
                     'a & !c & !d': 6,
                     'a & c & !d': 1,
                     'a & c & d': 11,
                     'a & d & !c': 3,
                     'c & !a & !d': 5,
                     'c & d & !a': 2,
                     'd & !a & !c': 7},
                 9: {'!a & !b & !c': 9,
                     'a & !b & !c': 10,
                     'a & b & !c': 3,
                     'a & b & c': 11,
                     'a & c & !b': 12,
                     'b & !a & !c': 7,
                     'b & c & !a': 2,
                     'c & !a & !b': 13},
                 10: {'!b & !c': 10, 'b & !c': 3, 'b & c': 11, 'c & !b': 12},
                 11: {'true': 11},
                 12: {'!b': 12, 'b': 11},
                 13: {'!a & !b': 13, 'a & !b': 12, 'a & b': 11, 'b & !a': 2},
                 14: {'!b & !d': 14, 'b & !d': 1, 'b & d': 11, 'd & !b': 12},
                 15: {'!a & !b & !c & !d': 15,
                      'a & !b & !c & !d': 0,
                      'a & b & !c & !d': 6,
                      'a & b & c & !d': 1,
                      'a & b & c & d': 11,
                      'a & b & d & !c': 3,
                      'a & c & !b & !d': 14,
                      'a & c & d & !b': 12,
                      'a & d & !b & !c': 10,
                      'b & !a & !c & !d': 8,
                      'b & c & !a & !d': 5,
                      'b & c & d & !a': 2,
                      'b & d & !a & !c': 7,
                      'c & !a & !b & !d': 4,
                      'c & d & !a & !b': 13,
                      'd & !a & !b & !c': 9}}}
2023-10-25 14:52:25.731 | DEBUG    | translate:construct_pref_graph:360 - outcomes(('2', '1', '1', '1'))={0}
2023-10-25 14:52:25.731 | DEBUG    | translate:construct_pref_graph:363 - get_mp_outcomes({0}, [(3, 3), (1, 1), (0, 1), (0, 2), (2, 2), (0, 0), (0, 3)])={0}
2023-10-25 14:52:25.732 | DEBUG    | translate:construct_pref_graph:360 - outcomes(('2', '2', '2', '1'))={0, 1, 2}
2023-10-25 14:52:25.732 | DEBUG    | translate:construct_pref_graph:363 - get_mp_outcomes({0, 1, 2}, [(3, 3), (1, 1), (0, 1), (0, 2), (2, 2), (0, 0), (0, 3)])={0}
2023-10-25 14:52:25.733 | DEBUG    | translate:construct_pref_graph:360 - outcomes(('1', '2', '2', '2'))={1, 2, 3}
2023-10-25 14:52:25.733 | DEBUG    | translate:construct_pref_graph:363 - get_mp_outcomes({1, 2, 3}, [(3, 3), (1, 1), (0, 1), (0, 2), (2, 2), (0, 0), (0, 3)])={1, 2, 3}
2023-10-25 14:52:25.733 | DEBUG    | translate:construct_pref_graph:360 - outcomes(('2', '2', '1', '2'))={0, 1, 3}
2023-10-25 14:52:25.734 | DEBUG    | translate:construct_pref_graph:363 - get_mp_outcomes({0, 1, 3}, [(3, 3), (1, 1), (0, 1), (0, 2), (2, 2), (0, 0), (0, 3)])={0}
2023-10-25 14:52:25.734 | DEBUG    | translate:construct_pref_graph:360 - outcomes(('1', '1', '2', '1'))={2}
2023-10-25 14:52:25.735 | DEBUG    | translate:construct_pref_graph:363 - get_mp_outcomes({2}, [(3, 3), (1, 1), (0, 1), (0, 2), (2, 2), (0, 0), (0, 3)])={2}
2023-10-25 14:52:25.735 | DEBUG    | translate:construct_pref_graph:360 - outcomes(('1', '2', '2', '1'))={1, 2}
2023-10-25 14:52:25.735 | DEBUG    | translate:construct_pref_graph:363 - get_mp_outcomes({1, 2}, [(3, 3), (1, 1), (0, 1), (0, 2), (2, 2), (0, 0), (0, 3)])={1, 2}
2023-10-25 14:52:25.736 | DEBUG    | translate:construct_pref_graph:360 - outcomes(('2', '2', '1', '1'))={0, 1}
2023-10-25 14:52:25.736 | DEBUG    | translate:construct_pref_graph:363 - get_mp_outcomes({0, 1}, [(3, 3), (1, 1), (0, 1), (0, 2), (2, 2), (0, 0), (0, 3)])={0}
2023-10-25 14:52:25.737 | DEBUG    | translate:construct_pref_graph:360 - outcomes(('1', '2', '1', '2'))={1, 3}
2023-10-25 14:52:25.737 | DEBUG    | translate:construct_pref_graph:363 - get_mp_outcomes({1, 3}, [(3, 3), (1, 1), (0, 1), (0, 2), (2, 2), (0, 0), (0, 3)])={1, 3}
2023-10-25 14:52:25.738 | DEBUG    | translate:construct_pref_graph:360 - outcomes(('1', '2', '1', '1'))={1}
2023-10-25 14:52:25.738 | DEBUG    | translate:construct_pref_graph:363 - get_mp_outcomes({1}, [(3, 3), (1, 1), (0, 1), (0, 2), (2, 2), (0, 0), (0, 3)])={1}
2023-10-25 14:52:25.739 | DEBUG    | translate:construct_pref_graph:360 - outcomes(('1', '1', '1', '2'))={3}
2023-10-25 14:52:25.739 | DEBUG    | translate:construct_pref_graph:363 - get_mp_outcomes({3}, [(3, 3), (1, 1), (0, 1), (0, 2), (2, 2), (0, 0), (0, 3)])={3}
2023-10-25 14:52:25.739 | DEBUG    | translate:construct_pref_graph:360 - outcomes(('2', '1', '1', '2'))={0, 3}
2023-10-25 14:52:25.740 | DEBUG    | translate:construct_pref_graph:363 - get_mp_outcomes({0, 3}, [(3, 3), (1, 1), (0, 1), (0, 2), (2, 2), (0, 0), (0, 3)])={0}
2023-10-25 14:52:25.740 | DEBUG    | translate:construct_pref_graph:360 - outcomes(('2', '2', '2', '2'))={0, 1, 2, 3}
2023-10-25 14:52:25.740 | DEBUG    | translate:construct_pref_graph:363 - get_mp_outcomes({0, 1, 2, 3}, [(3, 3), (1, 1), (0, 1), (0, 2), (2, 2), (0, 0), (0, 3)])={0}
2023-10-25 14:52:25.741 | DEBUG    | translate:construct_pref_graph:360 - outcomes(('2', '1', '2', '2'))={0, 2, 3}
2023-10-25 14:52:25.741 | DEBUG    | translate:construct_pref_graph:363 - get_mp_outcomes({0, 2, 3}, [(3, 3), (1, 1), (0, 1), (0, 2), (2, 2), (0, 0), (0, 3)])={0}
2023-10-25 14:52:25.742 | DEBUG    | translate:construct_pref_graph:360 - outcomes(('1', '1', '2', '2'))={2, 3}
2023-10-25 14:52:25.742 | DEBUG    | translate:construct_pref_graph:363 - get_mp_outcomes({2, 3}, [(3, 3), (1, 1), (0, 1), (0, 2), (2, 2), (0, 0), (0, 3)])={2, 3}
2023-10-25 14:52:25.742 | DEBUG    | translate:construct_pref_graph:360 - outcomes(('2', '1', '2', '1'))={0, 2}
2023-10-25 14:52:25.743 | DEBUG    | translate:construct_pref_graph:363 - get_mp_outcomes({0, 2}, [(3, 3), (1, 1), (0, 1), (0, 2), (2, 2), (0, 0), (0, 3)])={0}
2023-10-25 14:52:25.752 | INFO     | translate:translate:231 - Preference graph: 
{'edges': {'(0, 0, 0, 0)': {'(0, 0, 0, 0)',
                            '(0, 0, 0, 1)',
                            '(0, 0, 1, 0)',
                            '(0, 0, 1, 1)',
                            '(0, 1, 0, 0)',
                            '(0, 1, 0, 1)',
                            '(0, 1, 1, 0)',
                            '(0, 1, 1, 1)',
                            '(1, 0, 0, 0)'},
           '(0, 0, 0, 1)': {'(1, 0, 0, 0)', '(0, 0, 0, 1)'},
           '(0, 0, 1, 0)': {'(1, 0, 0, 0)', '(0, 0, 1, 0)'},
           '(0, 0, 1, 1)': {'(0, 0, 0, 1)',
                            '(0, 0, 1, 0)',
                            '(0, 0, 1, 1)',
                            '(1, 0, 0, 0)'},
           '(0, 1, 0, 0)': {'(0, 1, 0, 0)', '(1, 0, 0, 0)'},
           '(0, 1, 0, 1)': {'(0, 0, 0, 1)',
                            '(0, 1, 0, 0)',
                            '(0, 1, 0, 1)',
                            '(1, 0, 0, 0)'},
           '(0, 1, 1, 0)': {'(0, 0, 1, 0)',
                            '(0, 1, 0, 0)',
                            '(0, 1, 1, 0)',
                            '(1, 0, 0, 0)'},
           '(0, 1, 1, 1)': {'(0, 0, 0, 1)',
                            '(0, 0, 1, 0)',
                            '(0, 0, 1, 1)',
                            '(0, 1, 0, 0)',
                            '(0, 1, 0, 1)',
                            '(0, 1, 1, 0)',
                            '(0, 1, 1, 1)',
                            '(1, 0, 0, 0)'},
           '(1, 0, 0, 0)': {'(1, 0, 0, 0)'}},
 'nodes': {'(0, 0, 0, 0)': {15},
           '(0, 0, 0, 1)': {9},
           '(0, 0, 1, 0)': {4},
           '(0, 0, 1, 1)': {13},
           '(0, 1, 0, 0)': {8},
           '(0, 1, 0, 1)': {7},
           '(0, 1, 1, 0)': {5},
           '(0, 1, 1, 1)': {2},
           '(1, 0, 0, 0)': {0, 1, 3, 6, 10, 11, 12, 14}}}
2023-10-25 14:52:26.164 | INFO     | app:update_images:215 - ====== TRANSLATION COMPLETED IN 1365.484 MILLISECONDS =====
2023-10-25 14:52:26.169 | INFO     | app:update_images:216 - States:
{0: {'state': ('2', '1', '1', '1')},
 1: {'state': ('2', '2', '2', '1')},
 2: {'state': ('1', '2', '2', '2')},
 3: {'state': ('2', '2', '1', '2')},
 4: {'state': ('1', '1', '2', '1')},
 5: {'state': ('1', '2', '2', '1')},
 6: {'state': ('2', '2', '1', '1')},
 7: {'state': ('1', '2', '1', '2')},
 8: {'state': ('1', '2', '1', '1')},
 9: {'state': ('1', '1', '1', '2')},
 10: {'state': ('2', '1', '1', '2')},
 11: {'state': ('2', '2', '2', '2')},
 12: {'state': ('2', '1', '2', '2')},
 13: {'state': ('1', '1', '2', '2')},
 14: {'state': ('2', '1', '2', '1')},
 15: {'state': ('1', '1', '1', '1')}}

Alphabet:
['c', 'a', 'b', 'd']

Transitions:
{0: {'!b & !c & !d': 0,
     'b & !c & !d': 6,
     'b & c & !d': 1,
     'b & c & d': 11,
     'b & d & !c': 3,
     'c & !b & !d': 14,
     'c & d & !b': 12,
     'd & !b & !c': 10},
 1: {'!d': 1, 'd': 11},
 2: {'!a': 2, 'a': 11},
 3: {'!c': 3, 'c': 11},
 4: {'!a & !b & !d': 4,
     'a & !b & !d': 14,
     'a & b & !d': 1,
     'a & b & d': 11,
     'a & d & !b': 12,
     'b & !a & !d': 5,
     'b & d & !a': 2,
     'd & !a & !b': 13},
 5: {'!a & !d': 5, 'a & !d': 1, 'a & d': 11, 'd & !a': 2},
 6: {'!c & !d': 6, 'c & !d': 1, 'c & d': 11, 'd & !c': 3},
 7: {'!a & !c': 7, 'a & !c': 3, 'a & c': 11, 'c & !a': 2},
 8: {'!a & !c & !d': 8,
     'a & !c & !d': 6,
     'a & c & !d': 1,
     'a & c & d': 11,
     'a & d & !c': 3,
     'c & !a & !d': 5,
     'c & d & !a': 2,
     'd & !a & !c': 7},
 9: {'!a & !b & !c': 9,
     'a & !b & !c': 10,
     'a & b & !c': 3,
     'a & b & c': 11,
     'a & c & !b': 12,
     'b & !a & !c': 7,
     'b & c & !a': 2,
     'c & !a & !b': 13},
 10: {'!b & !c': 10, 'b & !c': 3, 'b & c': 11, 'c & !b': 12},
 11: {'true': 11},
 12: {'!b': 12, 'b': 11},
 13: {'!a & !b': 13, 'a & !b': 12, 'a & b': 11, 'b & !a': 2},
 14: {'!b & !d': 14, 'b & !d': 1, 'b & d': 11, 'd & !b': 12},
 15: {'!a & !b & !c & !d': 15,
      'a & !b & !c & !d': 0,
      'a & b & !c & !d': 6,
      'a & b & c & !d': 1,
      'a & b & c & d': 11,
      'a & b & d & !c': 3,
      'a & c & !b & !d': 14,
      'a & c & d & !b': 12,
      'a & d & !b & !c': 10,
      'b & !a & !c & !d': 8,
      'b & c & !a & !d': 5,
      'b & c & d & !a': 2,
      'b & d & !a & !c': 7,
      'c & !a & !b & !d': 4,
      'c & d & !a & !b': 13,
      'd & !a & !b & !c': 9}}

Initial state:
15

Preference graph:
{'edges': {'(0, 0, 0, 0)': {'(0, 0, 0, 0)',
                            '(0, 0, 0, 1)',
                            '(0, 0, 1, 0)',
                            '(0, 0, 1, 1)',
                            '(0, 1, 0, 0)',
                            '(0, 1, 0, 1)',
                            '(0, 1, 1, 0)',
                            '(0, 1, 1, 1)',
                            '(1, 0, 0, 0)'},
           '(0, 0, 0, 1)': {'(1, 0, 0, 0)', '(0, 0, 0, 1)'},
           '(0, 0, 1, 0)': {'(1, 0, 0, 0)', '(0, 0, 1, 0)'},
           '(0, 0, 1, 1)': {'(0, 0, 0, 1)',
                            '(0, 0, 1, 0)',
                            '(0, 0, 1, 1)',
                            '(1, 0, 0, 0)'},
           '(0, 1, 0, 0)': {'(0, 1, 0, 0)', '(1, 0, 0, 0)'},
           '(0, 1, 0, 1)': {'(0, 0, 0, 1)',
                            '(0, 1, 0, 0)',
                            '(0, 1, 0, 1)',
                            '(1, 0, 0, 0)'},
           '(0, 1, 1, 0)': {'(0, 0, 1, 0)',
                            '(0, 1, 0, 0)',
                            '(0, 1, 1, 0)',
                            '(1, 0, 0, 0)'},
           '(0, 1, 1, 1)': {'(0, 0, 0, 1)',
                            '(0, 0, 1, 0)',
                            '(0, 0, 1, 1)',
                            '(0, 1, 0, 0)',
                            '(0, 1, 0, 1)',
                            '(0, 1, 1, 0)',
                            '(0, 1, 1, 1)',
                            '(1, 0, 0, 0)'},
           '(1, 0, 0, 0)': {'(1, 0, 0, 0)'}},
 'nodes': {'(0, 0, 0, 0)': {15},
           '(0, 0, 0, 1)': {9},
           '(0, 0, 1, 0)': {4},
           '(0, 0, 1, 1)': {13},
           '(0, 1, 0, 0)': {8},
           '(0, 1, 0, 1)': {7},
           '(0, 1, 1, 0)': {5},
           '(0, 1, 1, 1)': {2},
           '(1, 0, 0, 0)': {0, 1, 3, 6, 10, 11, 12, 14}}}


