2023-10-25 13:15:07.330 | DEBUG    | translate:build_prefltlf_model:109 - Constructed preorder except incomparability: 
{(((!(t) U (d & X(F((o | t))))) | (!(t) U (o & X(F((d | t)))))),
  (G(!(t)) & G((o -> G(!(d)))) & G((d -> G(!(o)))))),
 ((G(!(o)) & G(!(d)) & F(t)),
  (G(!(t)) & G((o -> G(!(d)))) & G((d -> G(!(o)))))),
 ((!((d | o)) U (t & F((o | d)))),
  ((!(t) U (d & X(F((o | t))))) | (!(t) U (o & X(F((d | t))))))),
 ((!((d | o)) U (t & F((o | d)))), (G(!(o)) & G(!(d)) & F(t)))}
2023-10-25 13:15:07.331 | DEBUG    | translate:build_prefltlf_model:123 - Constructed preorder: 
{(((!(t) U (d & X(F((o | t))))) | (!(t) U (o & X(F((d | t)))))),
  (G(!(t)) & G((o -> G(!(d)))) & G((d -> G(!(o)))))),
 ((G(!(o)) & G(!(d)) & F(t)),
  (G(!(t)) & G((o -> G(!(d)))) & G((d -> G(!(o)))))),
 ((!((d | o)) U (t & F((o | d)))),
  ((!(t) U (d & X(F((o | t))))) | (!(t) U (o & X(F((d | t))))))),
 ((!((d | o)) U (t & F((o | d)))), (G(!(o)) & G(!(d)) & F(t)))}
2023-10-25 13:15:07.332 | DEBUG    | translate:build_prefltlf_model:138 - Reflexive closure of preorder: 
[('(!((d | o)) U (t & F((o | d))))', '(G(!(o)) & G(!(d)) & F(t))'),
 ('((!(t) U (d & X(F((o | t))))) | (!(t) U (o & X(F((d | t))))))',
  '(G(!(t)) & G((o -> G(!(d)))) & G((d -> G(!(o)))))'),
 ('(!((d | o)) U (t & F((o | d))))', '(!((d | o)) U (t & F((o | d))))'),
 ('(G(!(o)) & G(!(d)) & F(t))',
  '(G(!(t)) & G((o -> G(!(d)))) & G((d -> G(!(o)))))'),
 ('(!((d | o)) U (t & F((o | d))))',
  '((!(t) U (d & X(F((o | t))))) | (!(t) U (o & X(F((d | t))))))'),
 ('(G(!(o)) & G(!(d)) & F(t))', '(G(!(o)) & G(!(d)) & F(t))'),
 ('(G(!(t)) & G((o -> G(!(d)))) & G((d -> G(!(o)))))',
  '(G(!(t)) & G((o -> G(!(d)))) & G((d -> G(!(o)))))'),
 ('((!(t) U (d & X(F((o | t))))) | (!(t) U (o & X(F((d | t))))))',
  '((!(t) U (d & X(F((o | t))))) | (!(t) U (o & X(F((d | t))))))')]
2023-10-25 13:15:07.333 | DEBUG    | translate:build_prefltlf_model:142 - Transitive closure of preorder: 
[('(!((d | o)) U (t & F((o | d))))',
  '(G(!(t)) & G((o -> G(!(d)))) & G((d -> G(!(o)))))'),
 ('(!((d | o)) U (t & F((o | d))))', '(G(!(o)) & G(!(d)) & F(t))'),
 ('((!(t) U (d & X(F((o | t))))) | (!(t) U (o & X(F((d | t))))))',
  '(G(!(t)) & G((o -> G(!(d)))) & G((d -> G(!(o)))))'),
 ('(!((d | o)) U (t & F((o | d))))', '(!((d | o)) U (t & F((o | d))))'),
 ('(G(!(o)) & G(!(d)) & F(t))',
  '(G(!(t)) & G((o -> G(!(d)))) & G((d -> G(!(o)))))'),
 ('(!((d | o)) U (t & F((o | d))))',
  '((!(t) U (d & X(F((o | t))))) | (!(t) U (o & X(F((d | t))))))'),
 ('(G(!(o)) & G(!(d)) & F(t))', '(G(!(o)) & G(!(d)) & F(t))'),
 ('(G(!(t)) & G((o -> G(!(d)))) & G((d -> G(!(o)))))',
  '(G(!(t)) & G((o -> G(!(d)))) & G((d -> G(!(o)))))'),
 ('((!(t) U (d & X(F((o | t))))) | (!(t) U (o & X(F((d | t))))))',
  '((!(t) U (d & X(F((o | t))))) | (!(t) U (o & X(F((d | t))))))')]
2023-10-25 13:15:07.333 | INFO     | app:update_images:156 - Model: 
Atoms:
	['t', 'o', 'd']
Phi:
	(!((d | o)) U (t & F((o | d))))
	((!(t) U (d & X(F((o | t))))) | (!(t) U (o & X(F((d | t))))))
	(G(!(o)) & G(!(d)) & F(t))
	(G(!(t)) & G((o -> G(!(d)))) & G((d -> G(!(o)))))
Preorder:
	(!((d | o)) U (t & F((o | d)))) >= (G(!(t)) & G((o -> G(!(d)))) & G((d -> G(!(o)))))
	(!((d | o)) U (t & F((o | d)))) >= (G(!(o)) & G(!(d)) & F(t))
	((!(t) U (d & X(F((o | t))))) | (!(t) U (o & X(F((d | t)))))) >= (G(!(t)) & G((o -> G(!(d)))) & G((d -> G(!(o)))))
	(!((d | o)) U (t & F((o | d)))) >= (!((d | o)) U (t & F((o | d))))
	(G(!(o)) & G(!(d)) & F(t)) >= (G(!(t)) & G((o -> G(!(d)))) & G((d -> G(!(o)))))
	(!((d | o)) U (t & F((o | d)))) >= ((!(t) U (d & X(F((o | t))))) | (!(t) U (o & X(F((d | t))))))
	(G(!(o)) & G(!(d)) & F(t)) >= (G(!(o)) & G(!(d)) & F(t))
	(G(!(t)) & G((o -> G(!(d)))) & G((d -> G(!(o))))) >= (G(!(t)) & G((o -> G(!(d)))) & G((d -> G(!(o)))))
	((!(t) U (d & X(F((o | t))))) | (!(t) U (o & X(F((d | t)))))) >= ((!(t) U (d & X(F((o | t))))) | (!(t) U (o & X(F((d | t))))))

2023-10-25 13:15:07.367 | INFO     | translate:translate:221 - DFA((!((d | o)) U (t & F((o | d))))): 
{'final_states': {'4'},
 'init_state': '1',
 'states': {'4', '2', '3', '1'},
 'transitions': {'1': {'t & (d | o)': '4',
                       't & ~d & ~o': '2',
                       '~d & ~o & ~t': '1',
                       '~t & (d | o)': '3'},
                 '2': {'d | o': '4', '~d & ~o': '2'},
                 '3': {'true': '3'},
                 '4': {'true': '4'}}}
2023-10-25 13:15:07.412 | INFO     | translate:translate:221 - DFA(((!(t) U (d & X(F((o | t))))) | (!(t) U (o & X(F((d | t))))))): 
{'final_states': {'6'},
 'init_state': '1',
 'states': {'3', '2', '1', '5', '4', '6'},
 'transitions': {'1': {'d & o': '4',
                       'd & ~o': '3',
                       'o & ~d': '2',
                       't & ~d & ~o': '5',
                       '~d & ~o & ~t': '1'},
                 '2': {'d | t': '6', '~d & ~t': '2'},
                 '3': {'o | t': '6', '~o & ~t': '3'},
                 '4': {'d | o | t': '6', '~d & ~o & ~t': '4'},
                 '5': {'true': '5'},
                 '6': {'true': '6'}}}
2023-10-25 13:15:07.429 | INFO     | translate:translate:221 - DFA((G(!(o)) & G(!(d)) & F(t))): 
{'final_states': {'2'},
 'init_state': '1',
 'states': {'2', '3', '1'},
 'transitions': {'1': {'d | o': '3', 't & ~d & ~o': '2', '~d & ~o & ~t': '1'},
                 '2': {'d | o': '3', '~d & ~o': '2'},
                 '3': {'true': '3'}}}
2023-10-25 13:15:07.453 | INFO     | translate:translate:221 - DFA((G(!(t)) & G((o -> G(!(d)))) & G((d -> G(!(o)))))): 
{'final_states': {'2', '3', '1'},
 'init_state': '1',
 'states': {'2', '4', '3', '1'},
 'transitions': {'1': {'d & ~o & ~t': '2',
                       'o & ~d & ~t': '3',
                       't | (d & o)': '4',
                       '~d & ~o & ~t': '1'},
                 '2': {'o | t': '4', '~o & ~t': '2'},
                 '3': {'d | t': '4', '~d & ~t': '3'},
                 '4': {'true': '4'}}}
2023-10-25 13:15:07.735 | DEBUG    | translate:union_product:309 - [('1', '1', '1', '1')] 
	Guard: ('t & (d | o)', '~d & ~o & ~t', 't & ~d & ~o', '~d & ~o & ~t'), 
	LabelJoin: (t & (d | o)) & (~d & ~o & ~t) & (t & ~d & ~o) & (~d & ~o & ~t), 
	Label: False
2023-10-25 13:15:07.743 | DEBUG    | translate:union_product:309 - [('1', '1', '1', '1')] 
	Guard: ('t & (d | o)', '~d & ~o & ~t', 't & ~d & ~o', 'd & ~o & ~t'), 
	LabelJoin: (t & (d | o)) & (~d & ~o & ~t) & (t & ~d & ~o) & (d & ~o & ~t), 
	Label: False
2023-10-25 13:15:07.748 | DEBUG    | translate:union_product:309 - [('1', '1', '1', '1')] 
	Guard: ('t & (d | o)', '~d & ~o & ~t', 't & ~d & ~o', 'o & ~d & ~t'), 
	LabelJoin: (t & (d | o)) & (~d & ~o & ~t) & (t & ~d & ~o) & (o & ~d & ~t), 
	Label: False
2023-10-25 13:15:07.753 | DEBUG    | translate:union_product:309 - [('1', '1', '1', '1')] 
	Guard: ('t & (d | o)', '~d & ~o & ~t', 't & ~d & ~o', 't | (d & o)'), 
	LabelJoin: (t & (d | o)) & (~d & ~o & ~t) & (t & ~d & ~o) & (t | (d & o)), 
	Label: False
2023-10-25 13:15:07.760 | DEBUG    | translate:union_product:309 - [('1', '1', '1', '1')] 
	Guard: ('t & (d | o)', '~d & ~o & ~t', '~d & ~o & ~t', '~d & ~o & ~t'), 
	LabelJoin: (t & (d | o)) & (~d & ~o & ~t) & (~d & ~o & ~t) & (~d & ~o & ~t), 
	Label: False
2023-10-25 13:15:07.764 | DEBUG    | translate:union_product:309 - [('1', '1', '1', '1')] 
	Guard: ('t & (d | o)', '~d & ~o & ~t', '~d & ~o & ~t', 'd & ~o & ~t'), 
	LabelJoin: (t & (d | o)) & (~d & ~o & ~t) & (~d & ~o & ~t) & (d & ~o & ~t), 
	Label: False
2023-10-25 13:15:07.769 | DEBUG    | translate:union_product:309 - [('1', '1', '1', '1')] 
	Guard: ('t & (d | o)', '~d & ~o & ~t', '~d & ~o & ~t', 'o & ~d & ~t'), 
	LabelJoin: (t & (d | o)) & (~d & ~o & ~t) & (~d & ~o & ~t) & (o & ~d & ~t), 
	Label: False
2023-10-25 13:15:07.774 | DEBUG    | translate:union_product:309 - [('1', '1', '1', '1')] 
	Guard: ('t & (d | o)', '~d & ~o & ~t', '~d & ~o & ~t', 't | (d & o)'), 
	LabelJoin: (t & (d | o)) & (~d & ~o & ~t) & (~d & ~o & ~t) & (t | (d & o)), 
	Label: False
2023-10-25 13:15:07.778 | DEBUG    | translate:union_product:309 - [('1', '1', '1', '1')] 
	Guard: ('t & (d | o)', '~d & ~o & ~t', 'd | o', '~d & ~o & ~t'), 
	LabelJoin: (t & (d | o)) & (~d & ~o & ~t) & (d | o) & (~d & ~o & ~t), 
	Label: False
2023-10-25 13:15:07.782 | DEBUG    | translate:union_product:309 - [('1', '1', '1', '1')] 
	Guard: ('t & (d | o)', '~d & ~o & ~t', 'd | o', 'd & ~o & ~t'), 
	LabelJoin: (t & (d | o)) & (~d & ~o & ~t) & (d | o) & (d & ~o & ~t), 
	Label: False
2023-10-25 13:15:07.786 | DEBUG    | translate:union_product:309 - [('1', '1', '1', '1')] 
	Guard: ('t & (d | o)', '~d & ~o & ~t', 'd | o', 'o & ~d & ~t'), 
	LabelJoin: (t & (d | o)) & (~d & ~o & ~t) & (d | o) & (o & ~d & ~t), 
	Label: False
2023-10-25 13:15:07.793 | DEBUG    | translate:union_product:309 - [('1', '1', '1', '1')] 
	Guard: ('t & (d | o)', '~d & ~o & ~t', 'd | o', 't | (d & o)'), 
	LabelJoin: (t & (d | o)) & (~d & ~o & ~t) & (d | o) & (t | (d & o)), 
	Label: False
2023-10-25 13:15:07.797 | DEBUG    | translate:union_product:309 - [('1', '1', '1', '1')] 
	Guard: ('t & (d | o)', 'o & ~d', 't & ~d & ~o', '~d & ~o & ~t'), 
	LabelJoin: (t & (d | o)) & (o & ~d) & (t & ~d & ~o) & (~d & ~o & ~t), 
	Label: False
2023-10-25 13:15:07.801 | DEBUG    | translate:union_product:309 - [('1', '1', '1', '1')] 
	Guard: ('t & (d | o)', 'o & ~d', 't & ~d & ~o', 'd & ~o & ~t'), 
	LabelJoin: (t & (d | o)) & (o & ~d) & (t & ~d & ~o) & (d & ~o & ~t), 
	Label: False
2023-10-25 13:15:07.806 | DEBUG    | translate:union_product:309 - [('1', '1', '1', '1')] 
	Guard: ('t & (d | o)', 'o & ~d', 't & ~d & ~o', 'o & ~d & ~t'), 
	LabelJoin: (t & (d | o)) & (o & ~d) & (t & ~d & ~o) & (o & ~d & ~t), 
	Label: False
2023-10-25 13:15:07.815 | DEBUG    | translate:union_product:309 - [('1', '1', '1', '1')] 
	Guard: ('t & (d | o)', 'o & ~d', 't & ~d & ~o', 't | (d & o)'), 
	LabelJoin: (t & (d | o)) & (o & ~d) & (t & ~d & ~o) & (t | (d & o)), 
	Label: False
2023-10-25 13:15:07.819 | DEBUG    | translate:union_product:309 - [('1', '1', '1', '1')] 
	Guard: ('t & (d | o)', 'o & ~d', '~d & ~o & ~t', '~d & ~o & ~t'), 
	LabelJoin: (t & (d | o)) & (o & ~d) & (~d & ~o & ~t) & (~d & ~o & ~t), 
	Label: False
2023-10-25 13:15:07.823 | DEBUG    | translate:union_product:309 - [('1', '1', '1', '1')] 
	Guard: ('t & (d | o)', 'o & ~d', '~d & ~o & ~t', 'd & ~o & ~t'), 
	LabelJoin: (t & (d | o)) & (o & ~d) & (~d & ~o & ~t) & (d & ~o & ~t), 
	Label: False
2023-10-25 13:15:07.827 | DEBUG    | translate:union_product:309 - [('1', '1', '1', '1')] 
	Guard: ('t & (d | o)', 'o & ~d', '~d & ~o & ~t', 'o & ~d & ~t'), 
	LabelJoin: (t & (d | o)) & (o & ~d) & (~d & ~o & ~t) & (o & ~d & ~t), 
	Label: False
2023-10-25 13:15:07.832 | DEBUG    | translate:union_product:309 - [('1', '1', '1', '1')] 
	Guard: ('t & (d | o)', 'o & ~d', '~d & ~o & ~t', 't | (d & o)'), 
	LabelJoin: (t & (d | o)) & (o & ~d) & (~d & ~o & ~t) & (t | (d & o)), 
	Label: False
2023-10-25 13:15:07.836 | DEBUG    | translate:union_product:309 - [('1', '1', '1', '1')] 
	Guard: ('t & (d | o)', 'o & ~d', 'd | o', '~d & ~o & ~t'), 
	LabelJoin: (t & (d | o)) & (o & ~d) & (d | o) & (~d & ~o & ~t), 
	Label: False
2023-10-25 13:15:07.840 | DEBUG    | translate:union_product:309 - [('1', '1', '1', '1')] 
	Guard: ('t & (d | o)', 'o & ~d', 'd | o', 'd & ~o & ~t'), 
	LabelJoin: (t & (d | o)) & (o & ~d) & (d | o) & (d & ~o & ~t), 
	Label: False
2023-10-25 13:15:07.843 | DEBUG    | translate:union_product:309 - [('1', '1', '1', '1')] 
	Guard: ('t & (d | o)', 'o & ~d', 'd | o', 'o & ~d & ~t'), 
	LabelJoin: (t & (d | o)) & (o & ~d) & (d | o) & (o & ~d & ~t), 
	Label: False
2023-10-25 13:15:07.848 | DEBUG    | translate:union_product:309 - [('1', '1', '1', '1')] 
	Guard: ('t & (d | o)', 'o & ~d', 'd | o', 't | (d & o)'), 
	LabelJoin: (t & (d | o)) & (o & ~d) & (d | o) & (t | (d & o)), 
	Label: o & t & ~d
2023-10-25 13:15:07.852 | DEBUG    | translate:union_product:309 - [('1', '1', '1', '1')] 
	Guard: ('t & (d | o)', 'd & ~o', 't & ~d & ~o', '~d & ~o & ~t'), 
	LabelJoin: (t & (d | o)) & (d & ~o) & (t & ~d & ~o) & (~d & ~o & ~t), 
	Label: False
2023-10-25 13:15:07.857 | DEBUG    | translate:union_product:309 - [('1', '1', '1', '1')] 
	Guard: ('t & (d | o)', 'd & ~o', 't & ~d & ~o', 'd & ~o & ~t'), 
	LabelJoin: (t & (d | o)) & (d & ~o) & (t & ~d & ~o) & (d & ~o & ~t), 
	Label: False
2023-10-25 13:15:07.868 | DEBUG    | translate:union_product:309 - [('1', '1', '1', '1')] 
	Guard: ('t & (d | o)', 'd & ~o', 't & ~d & ~o', 'o & ~d & ~t'), 
	LabelJoin: (t & (d | o)) & (d & ~o) & (t & ~d & ~o) & (o & ~d & ~t), 
	Label: False
2023-10-25 13:15:07.873 | DEBUG    | translate:union_product:309 - [('1', '1', '1', '1')] 
	Guard: ('t & (d | o)', 'd & ~o', 't & ~d & ~o', 't | (d & o)'), 
	LabelJoin: (t & (d | o)) & (d & ~o) & (t & ~d & ~o) & (t | (d & o)), 
	Label: False
2023-10-25 13:15:07.884 | DEBUG    | translate:union_product:309 - [('1', '1', '1', '1')] 
	Guard: ('t & (d | o)', 'd & ~o', '~d & ~o & ~t', '~d & ~o & ~t'), 
	LabelJoin: (t & (d | o)) & (d & ~o) & (~d & ~o & ~t) & (~d & ~o & ~t), 
	Label: False
2023-10-25 13:15:07.894 | DEBUG    | translate:union_product:309 - [('1', '1', '1', '1')] 
	Guard: ('t & (d | o)', 'd & ~o', '~d & ~o & ~t', 'd & ~o & ~t'), 
	LabelJoin: (t & (d | o)) & (d & ~o) & (~d & ~o & ~t) & (d & ~o & ~t), 
	Label: False
2023-10-25 13:15:07.898 | DEBUG    | translate:union_product:309 - [('1', '1', '1', '1')] 
	Guard: ('t & (d | o)', 'd & ~o', '~d & ~o & ~t', 'o & ~d & ~t'), 
	LabelJoin: (t & (d | o)) & (d & ~o) & (~d & ~o & ~t) & (o & ~d & ~t), 
	Label: False
2023-10-25 13:15:07.903 | DEBUG    | translate:union_product:309 - [('1', '1', '1', '1')] 
	Guard: ('t & (d | o)', 'd & ~o', '~d & ~o & ~t', 't | (d & o)'), 
	LabelJoin: (t & (d | o)) & (d & ~o) & (~d & ~o & ~t) & (t | (d & o)), 
	Label: False
2023-10-25 13:15:07.907 | DEBUG    | translate:union_product:309 - [('1', '1', '1', '1')] 
	Guard: ('t & (d | o)', 'd & ~o', 'd | o', '~d & ~o & ~t'), 
	LabelJoin: (t & (d | o)) & (d & ~o) & (d | o) & (~d & ~o & ~t), 
	Label: False
2023-10-25 13:15:07.915 | DEBUG    | translate:union_product:309 - [('1', '1', '1', '1')] 
	Guard: ('t & (d | o)', 'd & ~o', 'd | o', 'd & ~o & ~t'), 
	LabelJoin: (t & (d | o)) & (d & ~o) & (d | o) & (d & ~o & ~t), 
	Label: False
2023-10-25 13:15:07.920 | DEBUG    | translate:union_product:309 - [('1', '1', '1', '1')] 
	Guard: ('t & (d | o)', 'd & ~o', 'd | o', 'o & ~d & ~t'), 
	LabelJoin: (t & (d | o)) & (d & ~o) & (d | o) & (o & ~d & ~t), 
	Label: False
2023-10-25 13:15:07.927 | DEBUG    | translate:union_product:309 - [('1', '1', '1', '1')] 
	Guard: ('t & (d | o)', 'd & ~o', 'd | o', 't | (d & o)'), 
	LabelJoin: (t & (d | o)) & (d & ~o) & (d | o) & (t | (d & o)), 
	Label: d & t & ~o
2023-10-25 13:15:07.931 | DEBUG    | translate:union_product:309 - [('1', '1', '1', '1')] 
	Guard: ('t & (d | o)', 'd & o', 't & ~d & ~o', '~d & ~o & ~t'), 
	LabelJoin: (t & (d | o)) & (d & o) & (t & ~d & ~o) & (~d & ~o & ~t), 
	Label: False
2023-10-25 13:15:07.935 | DEBUG    | translate:union_product:309 - [('1', '1', '1', '1')] 
	Guard: ('t & (d | o)', 'd & o', 't & ~d & ~o', 'd & ~o & ~t'), 
	LabelJoin: (t & (d | o)) & (d & o) & (t & ~d & ~o) & (d & ~o & ~t), 
	Label: False
2023-10-25 13:15:07.941 | DEBUG    | translate:union_product:309 - [('1', '1', '1', '1')] 
	Guard: ('t & (d | o)', 'd & o', 't & ~d & ~o', 'o & ~d & ~t'), 
	LabelJoin: (t & (d | o)) & (d & o) & (t & ~d & ~o) & (o & ~d & ~t), 
	Label: False
2023-10-25 13:15:07.947 | DEBUG    | translate:union_product:309 - [('1', '1', '1', '1')] 
	Guard: ('t & (d | o)', 'd & o', 't & ~d & ~o', 't | (d & o)'), 
	LabelJoin: (t & (d | o)) & (d & o) & (t & ~d & ~o) & (t | (d & o)), 
	Label: False
2023-10-25 13:15:07.953 | DEBUG    | translate:union_product:309 - [('1', '1', '1', '1')] 
	Guard: ('t & (d | o)', 'd & o', '~d & ~o & ~t', '~d & ~o & ~t'), 
	LabelJoin: (t & (d | o)) & (d & o) & (~d & ~o & ~t) & (~d & ~o & ~t), 
	Label: False
2023-10-25 13:15:07.957 | DEBUG    | translate:union_product:309 - [('1', '1', '1', '1')] 
	Guard: ('t & (d | o)', 'd & o', '~d & ~o & ~t', 'd & ~o & ~t'), 
	LabelJoin: (t & (d | o)) & (d & o) & (~d & ~o & ~t) & (d & ~o & ~t), 
	Label: False
2023-10-25 13:15:07.961 | DEBUG    | translate:union_product:309 - [('1', '1', '1', '1')] 
	Guard: ('t & (d | o)', 'd & o', '~d & ~o & ~t', 'o & ~d & ~t'), 
	LabelJoin: (t & (d | o)) & (d & o) & (~d & ~o & ~t) & (o & ~d & ~t), 
	Label: False
2023-10-25 13:15:07.969 | DEBUG    | translate:union_product:309 - [('1', '1', '1', '1')] 
	Guard: ('t & (d | o)', 'd & o', '~d & ~o & ~t', 't | (d & o)'), 
	LabelJoin: (t & (d | o)) & (d & o) & (~d & ~o & ~t) & (t | (d & o)), 
	Label: False
2023-10-25 13:15:07.973 | DEBUG    | translate:union_product:309 - [('1', '1', '1', '1')] 
	Guard: ('t & (d | o)', 'd & o', 'd | o', '~d & ~o & ~t'), 
	LabelJoin: (t & (d | o)) & (d & o) & (d | o) & (~d & ~o & ~t), 
	Label: False
2023-10-25 13:15:07.978 | DEBUG    | translate:union_product:309 - [('1', '1', '1', '1')] 
	Guard: ('t & (d | o)', 'd & o', 'd | o', 'd & ~o & ~t'), 
	LabelJoin: (t & (d | o)) & (d & o) & (d | o) & (d & ~o & ~t), 
	Label: False
2023-10-25 13:15:07.984 | DEBUG    | translate:union_product:309 - [('1', '1', '1', '1')] 
	Guard: ('t & (d | o)', 'd & o', 'd | o', 'o & ~d & ~t'), 
	LabelJoin: (t & (d | o)) & (d & o) & (d | o) & (o & ~d & ~t), 
	Label: False
2023-10-25 13:15:07.988 | DEBUG    | translate:union_product:309 - [('1', '1', '1', '1')] 
	Guard: ('t & (d | o)', 'd & o', 'd | o', 't | (d & o)'), 
	LabelJoin: (t & (d | o)) & (d & o) & (d | o) & (t | (d & o)), 
	Label: d & o & t
2023-10-25 13:15:07.992 | DEBUG    | translate:union_product:309 - [('1', '1', '1', '1')] 
	Guard: ('t & (d | o)', 't & ~d & ~o', 't & ~d & ~o', '~d & ~o & ~t'), 
	LabelJoin: (t & (d | o)) & (t & ~d & ~o) & (t & ~d & ~o) & (~d & ~o & ~t), 
	Label: False
2023-10-25 13:15:07.998 | DEBUG    | translate:union_product:309 - [('1', '1', '1', '1')] 
	Guard: ('t & (d | o)', 't & ~d & ~o', 't & ~d & ~o', 'd & ~o & ~t'), 
	LabelJoin: (t & (d | o)) & (t & ~d & ~o) & (t & ~d & ~o) & (d & ~o & ~t), 
	Label: False
2023-10-25 13:15:08.002 | DEBUG    | translate:union_product:309 - [('1', '1', '1', '1')] 
	Guard: ('t & (d | o)', 't & ~d & ~o', 't & ~d & ~o', 'o & ~d & ~t'), 
	LabelJoin: (t & (d | o)) & (t & ~d & ~o) & (t & ~d & ~o) & (o & ~d & ~t), 
	Label: False
2023-10-25 13:15:08.010 | DEBUG    | translate:union_product:309 - [('1', '1', '1', '1')] 
	Guard: ('t & (d | o)', 't & ~d & ~o', 't & ~d & ~o', 't | (d & o)'), 
	LabelJoin: (t & (d | o)) & (t & ~d & ~o) & (t & ~d & ~o) & (t | (d & o)), 
	Label: False
2023-10-25 13:15:08.014 | DEBUG    | translate:union_product:309 - [('1', '1', '1', '1')] 
	Guard: ('t & (d | o)', 't & ~d & ~o', '~d & ~o & ~t', '~d & ~o & ~t'), 
	LabelJoin: (t & (d | o)) & (t & ~d & ~o) & (~d & ~o & ~t) & (~d & ~o & ~t), 
	Label: False
2023-10-25 13:15:08.018 | DEBUG    | translate:union_product:309 - [('1', '1', '1', '1')] 
	Guard: ('t & (d | o)', 't & ~d & ~o', '~d & ~o & ~t', 'd & ~o & ~t'), 
	LabelJoin: (t & (d | o)) & (t & ~d & ~o) & (~d & ~o & ~t) & (d & ~o & ~t), 
	Label: False
2023-10-25 13:15:08.023 | DEBUG    | translate:union_product:309 - [('1', '1', '1', '1')] 
	Guard: ('t & (d | o)', 't & ~d & ~o', '~d & ~o & ~t', 'o & ~d & ~t'), 
	LabelJoin: (t & (d | o)) & (t & ~d & ~o) & (~d & ~o & ~t) & (o & ~d & ~t), 
	Label: False
2023-10-25 13:15:08.029 | DEBUG    | translate:union_product:309 - [('1', '1', '1', '1')] 
	Guard: ('t & (d | o)', 't & ~d & ~o', '~d & ~o & ~t', 't | (d & o)'), 
	LabelJoin: (t & (d | o)) & (t & ~d & ~o) & (~d & ~o & ~t) & (t | (d & o)), 
	Label: False
2023-10-25 13:15:08.032 | DEBUG    | translate:union_product:309 - [('1', '1', '1', '1')] 
	Guard: ('t & (d | o)', 't & ~d & ~o', 'd | o', '~d & ~o & ~t'), 
	LabelJoin: (t & (d | o)) & (t & ~d & ~o) & (d | o) & (~d & ~o & ~t), 
	Label: False
2023-10-25 13:15:08.037 | DEBUG    | translate:union_product:309 - [('1', '1', '1', '1')] 
	Guard: ('t & (d | o)', 't & ~d & ~o', 'd | o', 'd & ~o & ~t'), 
	LabelJoin: (t & (d | o)) & (t & ~d & ~o) & (d | o) & (d & ~o & ~t), 
	Label: False
2023-10-25 13:15:08.041 | DEBUG    | translate:union_product:309 - [('1', '1', '1', '1')] 
	Guard: ('t & (d | o)', 't & ~d & ~o', 'd | o', 'o & ~d & ~t'), 
	LabelJoin: (t & (d | o)) & (t & ~d & ~o) & (d | o) & (o & ~d & ~t), 
	Label: False
2023-10-25 13:15:08.046 | DEBUG    | translate:union_product:309 - [('1', '1', '1', '1')] 
	Guard: ('t & (d | o)', 't & ~d & ~o', 'd | o', 't | (d & o)'), 
	LabelJoin: (t & (d | o)) & (t & ~d & ~o) & (d | o) & (t | (d & o)), 
	Label: False
2023-10-25 13:15:08.050 | DEBUG    | translate:union_product:309 - [('1', '1', '1', '1')] 
	Guard: ('~d & ~o & ~t', '~d & ~o & ~t', 't & ~d & ~o', '~d & ~o & ~t'), 
	LabelJoin: (~d & ~o & ~t) & (~d & ~o & ~t) & (t & ~d & ~o) & (~d & ~o & ~t), 
	Label: False
2023-10-25 13:15:08.054 | DEBUG    | translate:union_product:309 - [('1', '1', '1', '1')] 
	Guard: ('~d & ~o & ~t', '~d & ~o & ~t', 't & ~d & ~o', 'd & ~o & ~t'), 
	LabelJoin: (~d & ~o & ~t) & (~d & ~o & ~t) & (t & ~d & ~o) & (d & ~o & ~t), 
	Label: False
2023-10-25 13:15:08.057 | DEBUG    | translate:union_product:309 - [('1', '1', '1', '1')] 
	Guard: ('~d & ~o & ~t', '~d & ~o & ~t', 't & ~d & ~o', 'o & ~d & ~t'), 
	LabelJoin: (~d & ~o & ~t) & (~d & ~o & ~t) & (t & ~d & ~o) & (o & ~d & ~t), 
	Label: False
2023-10-25 13:15:08.062 | DEBUG    | translate:union_product:309 - [('1', '1', '1', '1')] 
	Guard: ('~d & ~o & ~t', '~d & ~o & ~t', 't & ~d & ~o', 't | (d & o)'), 
	LabelJoin: (~d & ~o & ~t) & (~d & ~o & ~t) & (t & ~d & ~o) & (t | (d & o)), 
	Label: False
2023-10-25 13:15:08.066 | DEBUG    | translate:union_product:309 - [('1', '1', '1', '1')] 
	Guard: ('~d & ~o & ~t', '~d & ~o & ~t', '~d & ~o & ~t', '~d & ~o & ~t'), 
	LabelJoin: (~d & ~o & ~t) & (~d & ~o & ~t) & (~d & ~o & ~t) & (~d & ~o & ~t), 
	Label: ~d & ~o & ~t
2023-10-25 13:15:08.070 | DEBUG    | translate:union_product:309 - [('1', '1', '1', '1')] 
	Guard: ('~d & ~o & ~t', '~d & ~o & ~t', '~d & ~o & ~t', 'd & ~o & ~t'), 
	LabelJoin: (~d & ~o & ~t) & (~d & ~o & ~t) & (~d & ~o & ~t) & (d & ~o & ~t), 
	Label: False
2023-10-25 13:15:08.074 | DEBUG    | translate:union_product:309 - [('1', '1', '1', '1')] 
	Guard: ('~d & ~o & ~t', '~d & ~o & ~t', '~d & ~o & ~t', 'o & ~d & ~t'), 
	LabelJoin: (~d & ~o & ~t) & (~d & ~o & ~t) & (~d & ~o & ~t) & (o & ~d & ~t), 
	Label: False
2023-10-25 13:15:08.079 | DEBUG    | translate:union_product:309 - [('1', '1', '1', '1')] 
	Guard: ('~d & ~o & ~t', '~d & ~o & ~t', '~d & ~o & ~t', 't | (d & o)'), 
	LabelJoin: (~d & ~o & ~t) & (~d & ~o & ~t) & (~d & ~o & ~t) & (t | (d & o)), 
	Label: False
2023-10-25 13:15:08.083 | DEBUG    | translate:union_product:309 - [('1', '1', '1', '1')] 
	Guard: ('~d & ~o & ~t', '~d & ~o & ~t', 'd | o', '~d & ~o & ~t'), 
	LabelJoin: (~d & ~o & ~t) & (~d & ~o & ~t) & (d | o) & (~d & ~o & ~t), 
	Label: False
2023-10-25 13:15:08.087 | DEBUG    | translate:union_product:309 - [('1', '1', '1', '1')] 
	Guard: ('~d & ~o & ~t', '~d & ~o & ~t', 'd | o', 'd & ~o & ~t'), 
	LabelJoin: (~d & ~o & ~t) & (~d & ~o & ~t) & (d | o) & (d & ~o & ~t), 
	Label: False
2023-10-25 13:15:08.097 | DEBUG    | translate:union_product:309 - [('1', '1', '1', '1')] 
	Guard: ('~d & ~o & ~t', '~d & ~o & ~t', 'd | o', 'o & ~d & ~t'), 
	LabelJoin: (~d & ~o & ~t) & (~d & ~o & ~t) & (d | o) & (o & ~d & ~t), 
	Label: False
2023-10-25 13:15:08.102 | DEBUG    | translate:union_product:309 - [('1', '1', '1', '1')] 
	Guard: ('~d & ~o & ~t', '~d & ~o & ~t', 'd | o', 't | (d & o)'), 
	LabelJoin: (~d & ~o & ~t) & (~d & ~o & ~t) & (d | o) & (t | (d & o)), 
	Label: False
2023-10-25 13:15:08.106 | DEBUG    | translate:union_product:309 - [('1', '1', '1', '1')] 
	Guard: ('~d & ~o & ~t', 'o & ~d', 't & ~d & ~o', '~d & ~o & ~t'), 
	LabelJoin: (~d & ~o & ~t) & (o & ~d) & (t & ~d & ~o) & (~d & ~o & ~t), 
	Label: False
2023-10-25 13:15:08.109 | DEBUG    | translate:union_product:309 - [('1', '1', '1', '1')] 
	Guard: ('~d & ~o & ~t', 'o & ~d', 't & ~d & ~o', 'd & ~o & ~t'), 
	LabelJoin: (~d & ~o & ~t) & (o & ~d) & (t & ~d & ~o) & (d & ~o & ~t), 
	Label: False
2023-10-25 13:15:08.112 | DEBUG    | translate:union_product:309 - [('1', '1', '1', '1')] 
	Guard: ('~d & ~o & ~t', 'o & ~d', 't & ~d & ~o', 'o & ~d & ~t'), 
	LabelJoin: (~d & ~o & ~t) & (o & ~d) & (t & ~d & ~o) & (o & ~d & ~t), 
	Label: False
2023-10-25 13:15:08.117 | DEBUG    | translate:union_product:309 - [('1', '1', '1', '1')] 
	Guard: ('~d & ~o & ~t', 'o & ~d', 't & ~d & ~o', 't | (d & o)'), 
	LabelJoin: (~d & ~o & ~t) & (o & ~d) & (t & ~d & ~o) & (t | (d & o)), 
	Label: False
2023-10-25 13:15:08.121 | DEBUG    | translate:union_product:309 - [('1', '1', '1', '1')] 
	Guard: ('~d & ~o & ~t', 'o & ~d', '~d & ~o & ~t', '~d & ~o & ~t'), 
	LabelJoin: (~d & ~o & ~t) & (o & ~d) & (~d & ~o & ~t) & (~d & ~o & ~t), 
	Label: False
2023-10-25 13:15:08.124 | DEBUG    | translate:union_product:309 - [('1', '1', '1', '1')] 
	Guard: ('~d & ~o & ~t', 'o & ~d', '~d & ~o & ~t', 'd & ~o & ~t'), 
	LabelJoin: (~d & ~o & ~t) & (o & ~d) & (~d & ~o & ~t) & (d & ~o & ~t), 
	Label: False
2023-10-25 13:15:08.128 | DEBUG    | translate:union_product:309 - [('1', '1', '1', '1')] 
	Guard: ('~d & ~o & ~t', 'o & ~d', '~d & ~o & ~t', 'o & ~d & ~t'), 
	LabelJoin: (~d & ~o & ~t) & (o & ~d) & (~d & ~o & ~t) & (o & ~d & ~t), 
	Label: False
2023-10-25 13:15:08.133 | DEBUG    | translate:union_product:309 - [('1', '1', '1', '1')] 
	Guard: ('~d & ~o & ~t', 'o & ~d', '~d & ~o & ~t', 't | (d & o)'), 
	LabelJoin: (~d & ~o & ~t) & (o & ~d) & (~d & ~o & ~t) & (t | (d & o)), 
	Label: False
2023-10-25 13:15:08.137 | DEBUG    | translate:union_product:309 - [('1', '1', '1', '1')] 
	Guard: ('~d & ~o & ~t', 'o & ~d', 'd | o', '~d & ~o & ~t'), 
	LabelJoin: (~d & ~o & ~t) & (o & ~d) & (d | o) & (~d & ~o & ~t), 
	Label: False
2023-10-25 13:15:08.142 | DEBUG    | translate:union_product:309 - [('1', '1', '1', '1')] 
	Guard: ('~d & ~o & ~t', 'o & ~d', 'd | o', 'd & ~o & ~t'), 
	LabelJoin: (~d & ~o & ~t) & (o & ~d) & (d | o) & (d & ~o & ~t), 
	Label: False
2023-10-25 13:15:08.146 | DEBUG    | translate:union_product:309 - [('1', '1', '1', '1')] 
	Guard: ('~d & ~o & ~t', 'o & ~d', 'd | o', 'o & ~d & ~t'), 
	LabelJoin: (~d & ~o & ~t) & (o & ~d) & (d | o) & (o & ~d & ~t), 
	Label: False
2023-10-25 13:15:08.151 | DEBUG    | translate:union_product:309 - [('1', '1', '1', '1')] 
	Guard: ('~d & ~o & ~t', 'o & ~d', 'd | o', 't | (d & o)'), 
	LabelJoin: (~d & ~o & ~t) & (o & ~d) & (d | o) & (t | (d & o)), 
	Label: False
2023-10-25 13:15:08.155 | DEBUG    | translate:union_product:309 - [('1', '1', '1', '1')] 
	Guard: ('~d & ~o & ~t', 'd & ~o', 't & ~d & ~o', '~d & ~o & ~t'), 
	LabelJoin: (~d & ~o & ~t) & (d & ~o) & (t & ~d & ~o) & (~d & ~o & ~t), 
	Label: False
2023-10-25 13:15:08.158 | DEBUG    | translate:union_product:309 - [('1', '1', '1', '1')] 
	Guard: ('~d & ~o & ~t', 'd & ~o', 't & ~d & ~o', 'd & ~o & ~t'), 
	LabelJoin: (~d & ~o & ~t) & (d & ~o) & (t & ~d & ~o) & (d & ~o & ~t), 
	Label: False
2023-10-25 13:15:08.162 | DEBUG    | translate:union_product:309 - [('1', '1', '1', '1')] 
	Guard: ('~d & ~o & ~t', 'd & ~o', 't & ~d & ~o', 'o & ~d & ~t'), 
	LabelJoin: (~d & ~o & ~t) & (d & ~o) & (t & ~d & ~o) & (o & ~d & ~t), 
	Label: False
2023-10-25 13:15:08.167 | DEBUG    | translate:union_product:309 - [('1', '1', '1', '1')] 
	Guard: ('~d & ~o & ~t', 'd & ~o', 't & ~d & ~o', 't | (d & o)'), 
	LabelJoin: (~d & ~o & ~t) & (d & ~o) & (t & ~d & ~o) & (t | (d & o)), 
	Label: False
2023-10-25 13:15:08.177 | DEBUG    | translate:union_product:309 - [('1', '1', '1', '1')] 
	Guard: ('~d & ~o & ~t', 'd & ~o', '~d & ~o & ~t', '~d & ~o & ~t'), 
	LabelJoin: (~d & ~o & ~t) & (d & ~o) & (~d & ~o & ~t) & (~d & ~o & ~t), 
	Label: False
2023-10-25 13:15:08.181 | DEBUG    | translate:union_product:309 - [('1', '1', '1', '1')] 
	Guard: ('~d & ~o & ~t', 'd & ~o', '~d & ~o & ~t', 'd & ~o & ~t'), 
	LabelJoin: (~d & ~o & ~t) & (d & ~o) & (~d & ~o & ~t) & (d & ~o & ~t), 
	Label: False
2023-10-25 13:15:08.189 | DEBUG    | translate:union_product:309 - [('1', '1', '1', '1')] 
	Guard: ('~d & ~o & ~t', 'd & ~o', '~d & ~o & ~t', 'o & ~d & ~t'), 
	LabelJoin: (~d & ~o & ~t) & (d & ~o) & (~d & ~o & ~t) & (o & ~d & ~t), 
	Label: False
2023-10-25 13:15:08.194 | DEBUG    | translate:union_product:309 - [('1', '1', '1', '1')] 
	Guard: ('~d & ~o & ~t', 'd & ~o', '~d & ~o & ~t', 't | (d & o)'), 
	LabelJoin: (~d & ~o & ~t) & (d & ~o) & (~d & ~o & ~t) & (t | (d & o)), 
	Label: False
2023-10-25 13:15:08.204 | DEBUG    | translate:union_product:309 - [('1', '1', '1', '1')] 
	Guard: ('~d & ~o & ~t', 'd & ~o', 'd | o', '~d & ~o & ~t'), 
	LabelJoin: (~d & ~o & ~t) & (d & ~o) & (d | o) & (~d & ~o & ~t), 
	Label: False
2023-10-25 13:15:08.216 | DEBUG    | translate:union_product:309 - [('1', '1', '1', '1')] 
	Guard: ('~d & ~o & ~t', 'd & ~o', 'd | o', 'd & ~o & ~t'), 
	LabelJoin: (~d & ~o & ~t) & (d & ~o) & (d | o) & (d & ~o & ~t), 
	Label: False
2023-10-25 13:15:08.221 | DEBUG    | translate:union_product:309 - [('1', '1', '1', '1')] 
	Guard: ('~d & ~o & ~t', 'd & ~o', 'd | o', 'o & ~d & ~t'), 
	LabelJoin: (~d & ~o & ~t) & (d & ~o) & (d | o) & (o & ~d & ~t), 
	Label: False
2023-10-25 13:15:08.227 | DEBUG    | translate:union_product:309 - [('1', '1', '1', '1')] 
	Guard: ('~d & ~o & ~t', 'd & ~o', 'd | o', 't | (d & o)'), 
	LabelJoin: (~d & ~o & ~t) & (d & ~o) & (d | o) & (t | (d & o)), 
	Label: False
2023-10-25 13:15:08.232 | DEBUG    | translate:union_product:309 - [('1', '1', '1', '1')] 
	Guard: ('~d & ~o & ~t', 'd & o', 't & ~d & ~o', '~d & ~o & ~t'), 
	LabelJoin: (~d & ~o & ~t) & (d & o) & (t & ~d & ~o) & (~d & ~o & ~t), 
	Label: False
2023-10-25 13:15:08.236 | DEBUG    | translate:union_product:309 - [('1', '1', '1', '1')] 
	Guard: ('~d & ~o & ~t', 'd & o', 't & ~d & ~o', 'd & ~o & ~t'), 
	LabelJoin: (~d & ~o & ~t) & (d & o) & (t & ~d & ~o) & (d & ~o & ~t), 
	Label: False
2023-10-25 13:15:08.240 | DEBUG    | translate:union_product:309 - [('1', '1', '1', '1')] 
	Guard: ('~d & ~o & ~t', 'd & o', 't & ~d & ~o', 'o & ~d & ~t'), 
	LabelJoin: (~d & ~o & ~t) & (d & o) & (t & ~d & ~o) & (o & ~d & ~t), 
	Label: False
2023-10-25 13:15:08.246 | DEBUG    | translate:union_product:309 - [('1', '1', '1', '1')] 
	Guard: ('~d & ~o & ~t', 'd & o', 't & ~d & ~o', 't | (d & o)'), 
	LabelJoin: (~d & ~o & ~t) & (d & o) & (t & ~d & ~o) & (t | (d & o)), 
	Label: False
2023-10-25 13:15:08.250 | DEBUG    | translate:union_product:309 - [('1', '1', '1', '1')] 
	Guard: ('~d & ~o & ~t', 'd & o', '~d & ~o & ~t', '~d & ~o & ~t'), 
	LabelJoin: (~d & ~o & ~t) & (d & o) & (~d & ~o & ~t) & (~d & ~o & ~t), 
	Label: False
2023-10-25 13:15:08.263 | DEBUG    | translate:union_product:309 - [('1', '1', '1', '1')] 
	Guard: ('~d & ~o & ~t', 'd & o', '~d & ~o & ~t', 'd & ~o & ~t'), 
	LabelJoin: (~d & ~o & ~t) & (d & o) & (~d & ~o & ~t) & (d & ~o & ~t), 
	Label: False
2023-10-25 13:15:08.278 | DEBUG    | translate:union_product:309 - [('1', '1', '1', '1')] 
	Guard: ('~d & ~o & ~t', 'd & o', '~d & ~o & ~t', 'o & ~d & ~t'), 
	LabelJoin: (~d & ~o & ~t) & (d & o) & (~d & ~o & ~t) & (o & ~d & ~t), 
	Label: False
2023-10-25 13:15:08.286 | DEBUG    | translate:union_product:309 - [('1', '1', '1', '1')] 
	Guard: ('~d & ~o & ~t', 'd & o', '~d & ~o & ~t', 't | (d & o)'), 
	LabelJoin: (~d & ~o & ~t) & (d & o) & (~d & ~o & ~t) & (t | (d & o)), 
	Label: False
2023-10-25 13:15:08.292 | DEBUG    | translate:union_product:309 - [('1', '1', '1', '1')] 
	Guard: ('~d & ~o & ~t', 'd & o', 'd | o', '~d & ~o & ~t'), 
	LabelJoin: (~d & ~o & ~t) & (d & o) & (d | o) & (~d & ~o & ~t), 
	Label: False
2023-10-25 13:15:08.298 | DEBUG    | translate:union_product:309 - [('1', '1', '1', '1')] 
	Guard: ('~d & ~o & ~t', 'd & o', 'd | o', 'd & ~o & ~t'), 
	LabelJoin: (~d & ~o & ~t) & (d & o) & (d | o) & (d & ~o & ~t), 
	Label: False
2023-10-25 13:15:08.304 | DEBUG    | translate:union_product:309 - [('1', '1', '1', '1')] 
	Guard: ('~d & ~o & ~t', 'd & o', 'd | o', 'o & ~d & ~t'), 
	LabelJoin: (~d & ~o & ~t) & (d & o) & (d | o) & (o & ~d & ~t), 
	Label: False
2023-10-25 13:15:08.317 | DEBUG    | translate:union_product:309 - [('1', '1', '1', '1')] 
	Guard: ('~d & ~o & ~t', 'd & o', 'd | o', 't | (d & o)'), 
	LabelJoin: (~d & ~o & ~t) & (d & o) & (d | o) & (t | (d & o)), 
	Label: False
2023-10-25 13:15:08.327 | DEBUG    | translate:union_product:309 - [('1', '1', '1', '1')] 
	Guard: ('~d & ~o & ~t', 't & ~d & ~o', 't & ~d & ~o', '~d & ~o & ~t'), 
	LabelJoin: (~d & ~o & ~t) & (t & ~d & ~o) & (t & ~d & ~o) & (~d & ~o & ~t), 
	Label: False
2023-10-25 13:15:08.331 | DEBUG    | translate:union_product:309 - [('1', '1', '1', '1')] 
	Guard: ('~d & ~o & ~t', 't & ~d & ~o', 't & ~d & ~o', 'd & ~o & ~t'), 
	LabelJoin: (~d & ~o & ~t) & (t & ~d & ~o) & (t & ~d & ~o) & (d & ~o & ~t), 
	Label: False
2023-10-25 13:15:08.334 | DEBUG    | translate:union_product:309 - [('1', '1', '1', '1')] 
	Guard: ('~d & ~o & ~t', 't & ~d & ~o', 't & ~d & ~o', 'o & ~d & ~t'), 
	LabelJoin: (~d & ~o & ~t) & (t & ~d & ~o) & (t & ~d & ~o) & (o & ~d & ~t), 
	Label: False
2023-10-25 13:15:08.339 | DEBUG    | translate:union_product:309 - [('1', '1', '1', '1')] 
	Guard: ('~d & ~o & ~t', 't & ~d & ~o', 't & ~d & ~o', 't | (d & o)'), 
	LabelJoin: (~d & ~o & ~t) & (t & ~d & ~o) & (t & ~d & ~o) & (t | (d & o)), 
	Label: False
2023-10-25 13:15:08.342 | DEBUG    | translate:union_product:309 - [('1', '1', '1', '1')] 
	Guard: ('~d & ~o & ~t', 't & ~d & ~o', '~d & ~o & ~t', '~d & ~o & ~t'), 
	LabelJoin: (~d & ~o & ~t) & (t & ~d & ~o) & (~d & ~o & ~t) & (~d & ~o & ~t), 
	Label: False
2023-10-25 13:15:08.346 | DEBUG    | translate:union_product:309 - [('1', '1', '1', '1')] 
	Guard: ('~d & ~o & ~t', 't & ~d & ~o', '~d & ~o & ~t', 'd & ~o & ~t'), 
	LabelJoin: (~d & ~o & ~t) & (t & ~d & ~o) & (~d & ~o & ~t) & (d & ~o & ~t), 
	Label: False
2023-10-25 13:15:08.350 | DEBUG    | translate:union_product:309 - [('1', '1', '1', '1')] 
	Guard: ('~d & ~o & ~t', 't & ~d & ~o', '~d & ~o & ~t', 'o & ~d & ~t'), 
	LabelJoin: (~d & ~o & ~t) & (t & ~d & ~o) & (~d & ~o & ~t) & (o & ~d & ~t), 
	Label: False
2023-10-25 13:15:08.354 | DEBUG    | translate:union_product:309 - [('1', '1', '1', '1')] 
	Guard: ('~d & ~o & ~t', 't & ~d & ~o', '~d & ~o & ~t', 't | (d & o)'), 
	LabelJoin: (~d & ~o & ~t) & (t & ~d & ~o) & (~d & ~o & ~t) & (t | (d & o)), 
	Label: False
2023-10-25 13:15:08.358 | DEBUG    | translate:union_product:309 - [('1', '1', '1', '1')] 
	Guard: ('~d & ~o & ~t', 't & ~d & ~o', 'd | o', '~d & ~o & ~t'), 
	LabelJoin: (~d & ~o & ~t) & (t & ~d & ~o) & (d | o) & (~d & ~o & ~t), 
	Label: False
2023-10-25 13:15:08.362 | DEBUG    | translate:union_product:309 - [('1', '1', '1', '1')] 
	Guard: ('~d & ~o & ~t', 't & ~d & ~o', 'd | o', 'd & ~o & ~t'), 
	LabelJoin: (~d & ~o & ~t) & (t & ~d & ~o) & (d | o) & (d & ~o & ~t), 
	Label: False
2023-10-25 13:15:08.366 | DEBUG    | translate:union_product:309 - [('1', '1', '1', '1')] 
	Guard: ('~d & ~o & ~t', 't & ~d & ~o', 'd | o', 'o & ~d & ~t'), 
	LabelJoin: (~d & ~o & ~t) & (t & ~d & ~o) & (d | o) & (o & ~d & ~t), 
	Label: False
2023-10-25 13:15:08.371 | DEBUG    | translate:union_product:309 - [('1', '1', '1', '1')] 
	Guard: ('~d & ~o & ~t', 't & ~d & ~o', 'd | o', 't | (d & o)'), 
	LabelJoin: (~d & ~o & ~t) & (t & ~d & ~o) & (d | o) & (t | (d & o)), 
	Label: False
2023-10-25 13:15:08.375 | DEBUG    | translate:union_product:309 - [('1', '1', '1', '1')] 
	Guard: ('t & ~d & ~o', '~d & ~o & ~t', 't & ~d & ~o', '~d & ~o & ~t'), 
	LabelJoin: (t & ~d & ~o) & (~d & ~o & ~t) & (t & ~d & ~o) & (~d & ~o & ~t), 
	Label: False
2023-10-25 13:15:08.378 | DEBUG    | translate:union_product:309 - [('1', '1', '1', '1')] 
	Guard: ('t & ~d & ~o', '~d & ~o & ~t', 't & ~d & ~o', 'd & ~o & ~t'), 
	LabelJoin: (t & ~d & ~o) & (~d & ~o & ~t) & (t & ~d & ~o) & (d & ~o & ~t), 
	Label: False
2023-10-25 13:15:08.382 | DEBUG    | translate:union_product:309 - [('1', '1', '1', '1')] 
	Guard: ('t & ~d & ~o', '~d & ~o & ~t', 't & ~d & ~o', 'o & ~d & ~t'), 
	LabelJoin: (t & ~d & ~o) & (~d & ~o & ~t) & (t & ~d & ~o) & (o & ~d & ~t), 
	Label: False
2023-10-25 13:15:08.439 | DEBUG    | translate:union_product:309 - [('1', '1', '1', '1')] 
	Guard: ('t & ~d & ~o', '~d & ~o & ~t', 't & ~d & ~o', 't | (d & o)'), 
	LabelJoin: (t & ~d & ~o) & (~d & ~o & ~t) & (t & ~d & ~o) & (t | (d & o)), 
	Label: False
2023-10-25 13:15:08.442 | DEBUG    | translate:union_product:309 - [('1', '1', '1', '1')] 
	Guard: ('t & ~d & ~o', '~d & ~o & ~t', '~d & ~o & ~t', '~d & ~o & ~t'), 
	LabelJoin: (t & ~d & ~o) & (~d & ~o & ~t) & (~d & ~o & ~t) & (~d & ~o & ~t), 
	Label: False
2023-10-25 13:15:08.446 | DEBUG    | translate:union_product:309 - [('1', '1', '1', '1')] 
	Guard: ('t & ~d & ~o', '~d & ~o & ~t', '~d & ~o & ~t', 'd & ~o & ~t'), 
	LabelJoin: (t & ~d & ~o) & (~d & ~o & ~t) & (~d & ~o & ~t) & (d & ~o & ~t), 
	Label: False
2023-10-25 13:15:08.450 | DEBUG    | translate:union_product:309 - [('1', '1', '1', '1')] 
	Guard: ('t & ~d & ~o', '~d & ~o & ~t', '~d & ~o & ~t', 'o & ~d & ~t'), 
	LabelJoin: (t & ~d & ~o) & (~d & ~o & ~t) & (~d & ~o & ~t) & (o & ~d & ~t), 
	Label: False
2023-10-25 13:15:08.454 | DEBUG    | translate:union_product:309 - [('1', '1', '1', '1')] 
	Guard: ('t & ~d & ~o', '~d & ~o & ~t', '~d & ~o & ~t', 't | (d & o)'), 
	LabelJoin: (t & ~d & ~o) & (~d & ~o & ~t) & (~d & ~o & ~t) & (t | (d & o)), 
	Label: False
2023-10-25 13:15:08.458 | DEBUG    | translate:union_product:309 - [('1', '1', '1', '1')] 
	Guard: ('t & ~d & ~o', '~d & ~o & ~t', 'd | o', '~d & ~o & ~t'), 
	LabelJoin: (t & ~d & ~o) & (~d & ~o & ~t) & (d | o) & (~d & ~o & ~t), 
	Label: False
2023-10-25 13:15:08.462 | DEBUG    | translate:union_product:309 - [('1', '1', '1', '1')] 
	Guard: ('t & ~d & ~o', '~d & ~o & ~t', 'd | o', 'd & ~o & ~t'), 
	LabelJoin: (t & ~d & ~o) & (~d & ~o & ~t) & (d | o) & (d & ~o & ~t), 
	Label: False
2023-10-25 13:15:08.466 | DEBUG    | translate:union_product:309 - [('1', '1', '1', '1')] 
	Guard: ('t & ~d & ~o', '~d & ~o & ~t', 'd | o', 'o & ~d & ~t'), 
	LabelJoin: (t & ~d & ~o) & (~d & ~o & ~t) & (d | o) & (o & ~d & ~t), 
	Label: False
2023-10-25 13:15:08.471 | DEBUG    | translate:union_product:309 - [('1', '1', '1', '1')] 
	Guard: ('t & ~d & ~o', '~d & ~o & ~t', 'd | o', 't | (d & o)'), 
	LabelJoin: (t & ~d & ~o) & (~d & ~o & ~t) & (d | o) & (t | (d & o)), 
	Label: False
2023-10-25 13:15:08.475 | DEBUG    | translate:union_product:309 - [('1', '1', '1', '1')] 
	Guard: ('t & ~d & ~o', 'o & ~d', 't & ~d & ~o', '~d & ~o & ~t'), 
	LabelJoin: (t & ~d & ~o) & (o & ~d) & (t & ~d & ~o) & (~d & ~o & ~t), 
	Label: False
2023-10-25 13:15:08.478 | DEBUG    | translate:union_product:309 - [('1', '1', '1', '1')] 
	Guard: ('t & ~d & ~o', 'o & ~d', 't & ~d & ~o', 'd & ~o & ~t'), 
	LabelJoin: (t & ~d & ~o) & (o & ~d) & (t & ~d & ~o) & (d & ~o & ~t), 
	Label: False
2023-10-25 13:15:08.482 | DEBUG    | translate:union_product:309 - [('1', '1', '1', '1')] 
	Guard: ('t & ~d & ~o', 'o & ~d', 't & ~d & ~o', 'o & ~d & ~t'), 
	LabelJoin: (t & ~d & ~o) & (o & ~d) & (t & ~d & ~o) & (o & ~d & ~t), 
	Label: False
2023-10-25 13:15:08.491 | DEBUG    | translate:union_product:309 - [('1', '1', '1', '1')] 
	Guard: ('t & ~d & ~o', 'o & ~d', 't & ~d & ~o', 't | (d & o)'), 
	LabelJoin: (t & ~d & ~o) & (o & ~d) & (t & ~d & ~o) & (t | (d & o)), 
	Label: False
2023-10-25 13:15:08.495 | DEBUG    | translate:union_product:309 - [('1', '1', '1', '1')] 
	Guard: ('t & ~d & ~o', 'o & ~d', '~d & ~o & ~t', '~d & ~o & ~t'), 
	LabelJoin: (t & ~d & ~o) & (o & ~d) & (~d & ~o & ~t) & (~d & ~o & ~t), 
	Label: False
2023-10-25 13:15:08.499 | DEBUG    | translate:union_product:309 - [('1', '1', '1', '1')] 
	Guard: ('t & ~d & ~o', 'o & ~d', '~d & ~o & ~t', 'd & ~o & ~t'), 
	LabelJoin: (t & ~d & ~o) & (o & ~d) & (~d & ~o & ~t) & (d & ~o & ~t), 
	Label: False
2023-10-25 13:15:08.502 | DEBUG    | translate:union_product:309 - [('1', '1', '1', '1')] 
	Guard: ('t & ~d & ~o', 'o & ~d', '~d & ~o & ~t', 'o & ~d & ~t'), 
	LabelJoin: (t & ~d & ~o) & (o & ~d) & (~d & ~o & ~t) & (o & ~d & ~t), 
	Label: False
2023-10-25 13:15:08.507 | DEBUG    | translate:union_product:309 - [('1', '1', '1', '1')] 
	Guard: ('t & ~d & ~o', 'o & ~d', '~d & ~o & ~t', 't | (d & o)'), 
	LabelJoin: (t & ~d & ~o) & (o & ~d) & (~d & ~o & ~t) & (t | (d & o)), 
	Label: False
2023-10-25 13:15:08.511 | DEBUG    | translate:union_product:309 - [('1', '1', '1', '1')] 
	Guard: ('t & ~d & ~o', 'o & ~d', 'd | o', '~d & ~o & ~t'), 
	LabelJoin: (t & ~d & ~o) & (o & ~d) & (d | o) & (~d & ~o & ~t), 
	Label: False
2023-10-25 13:15:08.516 | DEBUG    | translate:union_product:309 - [('1', '1', '1', '1')] 
	Guard: ('t & ~d & ~o', 'o & ~d', 'd | o', 'd & ~o & ~t'), 
	LabelJoin: (t & ~d & ~o) & (o & ~d) & (d | o) & (d & ~o & ~t), 
	Label: False
2023-10-25 13:15:08.520 | DEBUG    | translate:union_product:309 - [('1', '1', '1', '1')] 
	Guard: ('t & ~d & ~o', 'o & ~d', 'd | o', 'o & ~d & ~t'), 
	LabelJoin: (t & ~d & ~o) & (o & ~d) & (d | o) & (o & ~d & ~t), 
	Label: False
2023-10-25 13:15:08.525 | DEBUG    | translate:union_product:309 - [('1', '1', '1', '1')] 
	Guard: ('t & ~d & ~o', 'o & ~d', 'd | o', 't | (d & o)'), 
	LabelJoin: (t & ~d & ~o) & (o & ~d) & (d | o) & (t | (d & o)), 
	Label: False
2023-10-25 13:15:08.528 | DEBUG    | translate:union_product:309 - [('1', '1', '1', '1')] 
	Guard: ('t & ~d & ~o', 'd & ~o', 't & ~d & ~o', '~d & ~o & ~t'), 
	LabelJoin: (t & ~d & ~o) & (d & ~o) & (t & ~d & ~o) & (~d & ~o & ~t), 
	Label: False
2023-10-25 13:15:08.535 | DEBUG    | translate:union_product:309 - [('1', '1', '1', '1')] 
	Guard: ('t & ~d & ~o', 'd & ~o', 't & ~d & ~o', 'd & ~o & ~t'), 
	LabelJoin: (t & ~d & ~o) & (d & ~o) & (t & ~d & ~o) & (d & ~o & ~t), 
	Label: False
2023-10-25 13:15:08.539 | DEBUG    | translate:union_product:309 - [('1', '1', '1', '1')] 
	Guard: ('t & ~d & ~o', 'd & ~o', 't & ~d & ~o', 'o & ~d & ~t'), 
	LabelJoin: (t & ~d & ~o) & (d & ~o) & (t & ~d & ~o) & (o & ~d & ~t), 
	Label: False
2023-10-25 13:15:08.543 | DEBUG    | translate:union_product:309 - [('1', '1', '1', '1')] 
	Guard: ('t & ~d & ~o', 'd & ~o', 't & ~d & ~o', 't | (d & o)'), 
	LabelJoin: (t & ~d & ~o) & (d & ~o) & (t & ~d & ~o) & (t | (d & o)), 
	Label: False
2023-10-25 13:15:08.547 | DEBUG    | translate:union_product:309 - [('1', '1', '1', '1')] 
	Guard: ('t & ~d & ~o', 'd & ~o', '~d & ~o & ~t', '~d & ~o & ~t'), 
	LabelJoin: (t & ~d & ~o) & (d & ~o) & (~d & ~o & ~t) & (~d & ~o & ~t), 
	Label: False
2023-10-25 13:15:08.550 | DEBUG    | translate:union_product:309 - [('1', '1', '1', '1')] 
	Guard: ('t & ~d & ~o', 'd & ~o', '~d & ~o & ~t', 'd & ~o & ~t'), 
	LabelJoin: (t & ~d & ~o) & (d & ~o) & (~d & ~o & ~t) & (d & ~o & ~t), 
	Label: False
2023-10-25 13:15:08.554 | DEBUG    | translate:union_product:309 - [('1', '1', '1', '1')] 
	Guard: ('t & ~d & ~o', 'd & ~o', '~d & ~o & ~t', 'o & ~d & ~t'), 
	LabelJoin: (t & ~d & ~o) & (d & ~o) & (~d & ~o & ~t) & (o & ~d & ~t), 
	Label: False
2023-10-25 13:15:08.559 | DEBUG    | translate:union_product:309 - [('1', '1', '1', '1')] 
	Guard: ('t & ~d & ~o', 'd & ~o', '~d & ~o & ~t', 't | (d & o)'), 
	LabelJoin: (t & ~d & ~o) & (d & ~o) & (~d & ~o & ~t) & (t | (d & o)), 
	Label: False
2023-10-25 13:15:08.562 | DEBUG    | translate:union_product:309 - [('1', '1', '1', '1')] 
	Guard: ('t & ~d & ~o', 'd & ~o', 'd | o', '~d & ~o & ~t'), 
	LabelJoin: (t & ~d & ~o) & (d & ~o) & (d | o) & (~d & ~o & ~t), 
	Label: False
2023-10-25 13:15:08.566 | DEBUG    | translate:union_product:309 - [('1', '1', '1', '1')] 
	Guard: ('t & ~d & ~o', 'd & ~o', 'd | o', 'd & ~o & ~t'), 
	LabelJoin: (t & ~d & ~o) & (d & ~o) & (d | o) & (d & ~o & ~t), 
	Label: False
2023-10-25 13:15:08.570 | DEBUG    | translate:union_product:309 - [('1', '1', '1', '1')] 
	Guard: ('t & ~d & ~o', 'd & ~o', 'd | o', 'o & ~d & ~t'), 
	LabelJoin: (t & ~d & ~o) & (d & ~o) & (d | o) & (o & ~d & ~t), 
	Label: False
2023-10-25 13:15:08.575 | DEBUG    | translate:union_product:309 - [('1', '1', '1', '1')] 
	Guard: ('t & ~d & ~o', 'd & ~o', 'd | o', 't | (d & o)'), 
	LabelJoin: (t & ~d & ~o) & (d & ~o) & (d | o) & (t | (d & o)), 
	Label: False
2023-10-25 13:15:08.579 | DEBUG    | translate:union_product:309 - [('1', '1', '1', '1')] 
	Guard: ('t & ~d & ~o', 'd & o', 't & ~d & ~o', '~d & ~o & ~t'), 
	LabelJoin: (t & ~d & ~o) & (d & o) & (t & ~d & ~o) & (~d & ~o & ~t), 
	Label: False
2023-10-25 13:15:08.586 | DEBUG    | translate:union_product:309 - [('1', '1', '1', '1')] 
	Guard: ('t & ~d & ~o', 'd & o', 't & ~d & ~o', 'd & ~o & ~t'), 
	LabelJoin: (t & ~d & ~o) & (d & o) & (t & ~d & ~o) & (d & ~o & ~t), 
	Label: False
2023-10-25 13:15:08.589 | DEBUG    | translate:union_product:309 - [('1', '1', '1', '1')] 
	Guard: ('t & ~d & ~o', 'd & o', 't & ~d & ~o', 'o & ~d & ~t'), 
	LabelJoin: (t & ~d & ~o) & (d & o) & (t & ~d & ~o) & (o & ~d & ~t), 
	Label: False
2023-10-25 13:15:08.594 | DEBUG    | translate:union_product:309 - [('1', '1', '1', '1')] 
	Guard: ('t & ~d & ~o', 'd & o', 't & ~d & ~o', 't | (d & o)'), 
	LabelJoin: (t & ~d & ~o) & (d & o) & (t & ~d & ~o) & (t | (d & o)), 
	Label: False
2023-10-25 13:15:08.598 | DEBUG    | translate:union_product:309 - [('1', '1', '1', '1')] 
	Guard: ('t & ~d & ~o', 'd & o', '~d & ~o & ~t', '~d & ~o & ~t'), 
	LabelJoin: (t & ~d & ~o) & (d & o) & (~d & ~o & ~t) & (~d & ~o & ~t), 
	Label: False
2023-10-25 13:15:08.601 | DEBUG    | translate:union_product:309 - [('1', '1', '1', '1')] 
	Guard: ('t & ~d & ~o', 'd & o', '~d & ~o & ~t', 'd & ~o & ~t'), 
	LabelJoin: (t & ~d & ~o) & (d & o) & (~d & ~o & ~t) & (d & ~o & ~t), 
	Label: False
2023-10-25 13:15:08.605 | DEBUG    | translate:union_product:309 - [('1', '1', '1', '1')] 
	Guard: ('t & ~d & ~o', 'd & o', '~d & ~o & ~t', 'o & ~d & ~t'), 
	LabelJoin: (t & ~d & ~o) & (d & o) & (~d & ~o & ~t) & (o & ~d & ~t), 
	Label: False
2023-10-25 13:15:08.618 | DEBUG    | translate:union_product:309 - [('1', '1', '1', '1')] 
	Guard: ('t & ~d & ~o', 'd & o', '~d & ~o & ~t', 't | (d & o)'), 
	LabelJoin: (t & ~d & ~o) & (d & o) & (~d & ~o & ~t) & (t | (d & o)), 
	Label: False
2023-10-25 13:15:08.622 | DEBUG    | translate:union_product:309 - [('1', '1', '1', '1')] 
	Guard: ('t & ~d & ~o', 'd & o', 'd | o', '~d & ~o & ~t'), 
	LabelJoin: (t & ~d & ~o) & (d & o) & (d | o) & (~d & ~o & ~t), 
	Label: False
2023-10-25 13:15:08.628 | DEBUG    | translate:union_product:309 - [('1', '1', '1', '1')] 
	Guard: ('t & ~d & ~o', 'd & o', 'd | o', 'd & ~o & ~t'), 
	LabelJoin: (t & ~d & ~o) & (d & o) & (d | o) & (d & ~o & ~t), 
	Label: False
2023-10-25 13:15:08.632 | DEBUG    | translate:union_product:309 - [('1', '1', '1', '1')] 
	Guard: ('t & ~d & ~o', 'd & o', 'd | o', 'o & ~d & ~t'), 
	LabelJoin: (t & ~d & ~o) & (d & o) & (d | o) & (o & ~d & ~t), 
	Label: False
2023-10-25 13:15:08.643 | DEBUG    | translate:union_product:309 - [('1', '1', '1', '1')] 
	Guard: ('t & ~d & ~o', 'd & o', 'd | o', 't | (d & o)'), 
	LabelJoin: (t & ~d & ~o) & (d & o) & (d | o) & (t | (d & o)), 
	Label: False
2023-10-25 13:15:08.647 | DEBUG    | translate:union_product:309 - [('1', '1', '1', '1')] 
	Guard: ('t & ~d & ~o', 't & ~d & ~o', 't & ~d & ~o', '~d & ~o & ~t'), 
	LabelJoin: (t & ~d & ~o) & (t & ~d & ~o) & (t & ~d & ~o) & (~d & ~o & ~t), 
	Label: False
2023-10-25 13:15:08.650 | DEBUG    | translate:union_product:309 - [('1', '1', '1', '1')] 
	Guard: ('t & ~d & ~o', 't & ~d & ~o', 't & ~d & ~o', 'd & ~o & ~t'), 
	LabelJoin: (t & ~d & ~o) & (t & ~d & ~o) & (t & ~d & ~o) & (d & ~o & ~t), 
	Label: False
2023-10-25 13:15:08.654 | DEBUG    | translate:union_product:309 - [('1', '1', '1', '1')] 
	Guard: ('t & ~d & ~o', 't & ~d & ~o', 't & ~d & ~o', 'o & ~d & ~t'), 
	LabelJoin: (t & ~d & ~o) & (t & ~d & ~o) & (t & ~d & ~o) & (o & ~d & ~t), 
	Label: False
2023-10-25 13:15:08.667 | DEBUG    | translate:union_product:309 - [('1', '1', '1', '1')] 
	Guard: ('t & ~d & ~o', 't & ~d & ~o', 't & ~d & ~o', 't | (d & o)'), 
	LabelJoin: (t & ~d & ~o) & (t & ~d & ~o) & (t & ~d & ~o) & (t | (d & o)), 
	Label: t & ~d & ~o
2023-10-25 13:15:08.671 | DEBUG    | translate:union_product:309 - [('1', '1', '1', '1')] 
	Guard: ('t & ~d & ~o', 't & ~d & ~o', '~d & ~o & ~t', '~d & ~o & ~t'), 
	LabelJoin: (t & ~d & ~o) & (t & ~d & ~o) & (~d & ~o & ~t) & (~d & ~o & ~t), 
	Label: False
2023-10-25 13:15:08.678 | DEBUG    | translate:union_product:309 - [('1', '1', '1', '1')] 
	Guard: ('t & ~d & ~o', 't & ~d & ~o', '~d & ~o & ~t', 'd & ~o & ~t'), 
	LabelJoin: (t & ~d & ~o) & (t & ~d & ~o) & (~d & ~o & ~t) & (d & ~o & ~t), 
	Label: False
2023-10-25 13:15:08.681 | DEBUG    | translate:union_product:309 - [('1', '1', '1', '1')] 
	Guard: ('t & ~d & ~o', 't & ~d & ~o', '~d & ~o & ~t', 'o & ~d & ~t'), 
	LabelJoin: (t & ~d & ~o) & (t & ~d & ~o) & (~d & ~o & ~t) & (o & ~d & ~t), 
	Label: False
2023-10-25 13:15:08.686 | DEBUG    | translate:union_product:309 - [('1', '1', '1', '1')] 
	Guard: ('t & ~d & ~o', 't & ~d & ~o', '~d & ~o & ~t', 't | (d & o)'), 
	LabelJoin: (t & ~d & ~o) & (t & ~d & ~o) & (~d & ~o & ~t) & (t | (d & o)), 
	Label: False
2023-10-25 13:15:08.690 | DEBUG    | translate:union_product:309 - [('1', '1', '1', '1')] 
	Guard: ('t & ~d & ~o', 't & ~d & ~o', 'd | o', '~d & ~o & ~t'), 
	LabelJoin: (t & ~d & ~o) & (t & ~d & ~o) & (d | o) & (~d & ~o & ~t), 
	Label: False
2023-10-25 13:15:08.694 | DEBUG    | translate:union_product:309 - [('1', '1', '1', '1')] 
	Guard: ('t & ~d & ~o', 't & ~d & ~o', 'd | o', 'd & ~o & ~t'), 
	LabelJoin: (t & ~d & ~o) & (t & ~d & ~o) & (d | o) & (d & ~o & ~t), 
	Label: False
2023-10-25 13:15:08.697 | DEBUG    | translate:union_product:309 - [('1', '1', '1', '1')] 
	Guard: ('t & ~d & ~o', 't & ~d & ~o', 'd | o', 'o & ~d & ~t'), 
	LabelJoin: (t & ~d & ~o) & (t & ~d & ~o) & (d | o) & (o & ~d & ~t), 
	Label: False
2023-10-25 13:15:08.703 | DEBUG    | translate:union_product:309 - [('1', '1', '1', '1')] 
	Guard: ('t & ~d & ~o', 't & ~d & ~o', 'd | o', 't | (d & o)'), 
	LabelJoin: (t & ~d & ~o) & (t & ~d & ~o) & (d | o) & (t | (d & o)), 
	Label: False
2023-10-25 13:15:08.710 | DEBUG    | translate:union_product:309 - [('1', '1', '1', '1')] 
	Guard: ('~t & (d | o)', '~d & ~o & ~t', 't & ~d & ~o', '~d & ~o & ~t'), 
	LabelJoin: (~t & (d | o)) & (~d & ~o & ~t) & (t & ~d & ~o) & (~d & ~o & ~t), 
	Label: False
2023-10-25 13:15:08.714 | DEBUG    | translate:union_product:309 - [('1', '1', '1', '1')] 
	Guard: ('~t & (d | o)', '~d & ~o & ~t', 't & ~d & ~o', 'd & ~o & ~t'), 
	LabelJoin: (~t & (d | o)) & (~d & ~o & ~t) & (t & ~d & ~o) & (d & ~o & ~t), 
	Label: False
2023-10-25 13:15:08.723 | DEBUG    | translate:union_product:309 - [('1', '1', '1', '1')] 
	Guard: ('~t & (d | o)', '~d & ~o & ~t', 't & ~d & ~o', 'o & ~d & ~t'), 
	LabelJoin: (~t & (d | o)) & (~d & ~o & ~t) & (t & ~d & ~o) & (o & ~d & ~t), 
	Label: False
2023-10-25 13:15:08.728 | DEBUG    | translate:union_product:309 - [('1', '1', '1', '1')] 
	Guard: ('~t & (d | o)', '~d & ~o & ~t', 't & ~d & ~o', 't | (d & o)'), 
	LabelJoin: (~t & (d | o)) & (~d & ~o & ~t) & (t & ~d & ~o) & (t | (d & o)), 
	Label: False
2023-10-25 13:15:08.733 | DEBUG    | translate:union_product:309 - [('1', '1', '1', '1')] 
	Guard: ('~t & (d | o)', '~d & ~o & ~t', '~d & ~o & ~t', '~d & ~o & ~t'), 
	LabelJoin: (~t & (d | o)) & (~d & ~o & ~t) & (~d & ~o & ~t) & (~d & ~o & ~t), 
	Label: False
2023-10-25 13:15:08.737 | DEBUG    | translate:union_product:309 - [('1', '1', '1', '1')] 
	Guard: ('~t & (d | o)', '~d & ~o & ~t', '~d & ~o & ~t', 'd & ~o & ~t'), 
	LabelJoin: (~t & (d | o)) & (~d & ~o & ~t) & (~d & ~o & ~t) & (d & ~o & ~t), 
	Label: False
2023-10-25 13:15:08.742 | DEBUG    | translate:union_product:309 - [('1', '1', '1', '1')] 
	Guard: ('~t & (d | o)', '~d & ~o & ~t', '~d & ~o & ~t', 'o & ~d & ~t'), 
	LabelJoin: (~t & (d | o)) & (~d & ~o & ~t) & (~d & ~o & ~t) & (o & ~d & ~t), 
	Label: False
2023-10-25 13:15:08.747 | DEBUG    | translate:union_product:309 - [('1', '1', '1', '1')] 
	Guard: ('~t & (d | o)', '~d & ~o & ~t', '~d & ~o & ~t', 't | (d & o)'), 
	LabelJoin: (~t & (d | o)) & (~d & ~o & ~t) & (~d & ~o & ~t) & (t | (d & o)), 
	Label: False
2023-10-25 13:15:08.752 | DEBUG    | translate:union_product:309 - [('1', '1', '1', '1')] 
	Guard: ('~t & (d | o)', '~d & ~o & ~t', 'd | o', '~d & ~o & ~t'), 
	LabelJoin: (~t & (d | o)) & (~d & ~o & ~t) & (d | o) & (~d & ~o & ~t), 
	Label: False
2023-10-25 13:15:08.760 | DEBUG    | translate:union_product:309 - [('1', '1', '1', '1')] 
	Guard: ('~t & (d | o)', '~d & ~o & ~t', 'd | o', 'd & ~o & ~t'), 
	LabelJoin: (~t & (d | o)) & (~d & ~o & ~t) & (d | o) & (d & ~o & ~t), 
	Label: False
2023-10-25 13:15:08.765 | DEBUG    | translate:union_product:309 - [('1', '1', '1', '1')] 
	Guard: ('~t & (d | o)', '~d & ~o & ~t', 'd | o', 'o & ~d & ~t'), 
	LabelJoin: (~t & (d | o)) & (~d & ~o & ~t) & (d | o) & (o & ~d & ~t), 
	Label: False
2023-10-25 13:15:08.774 | DEBUG    | translate:union_product:309 - [('1', '1', '1', '1')] 
	Guard: ('~t & (d | o)', '~d & ~o & ~t', 'd | o', 't | (d & o)'), 
	LabelJoin: (~t & (d | o)) & (~d & ~o & ~t) & (d | o) & (t | (d & o)), 
	Label: False
2023-10-25 13:15:08.778 | DEBUG    | translate:union_product:309 - [('1', '1', '1', '1')] 
	Guard: ('~t & (d | o)', 'o & ~d', 't & ~d & ~o', '~d & ~o & ~t'), 
	LabelJoin: (~t & (d | o)) & (o & ~d) & (t & ~d & ~o) & (~d & ~o & ~t), 
	Label: False
2023-10-25 13:15:08.782 | DEBUG    | translate:union_product:309 - [('1', '1', '1', '1')] 
	Guard: ('~t & (d | o)', 'o & ~d', 't & ~d & ~o', 'd & ~o & ~t'), 
	LabelJoin: (~t & (d | o)) & (o & ~d) & (t & ~d & ~o) & (d & ~o & ~t), 
	Label: False
2023-10-25 13:15:08.786 | DEBUG    | translate:union_product:309 - [('1', '1', '1', '1')] 
	Guard: ('~t & (d | o)', 'o & ~d', 't & ~d & ~o', 'o & ~d & ~t'), 
	LabelJoin: (~t & (d | o)) & (o & ~d) & (t & ~d & ~o) & (o & ~d & ~t), 
	Label: False
2023-10-25 13:15:08.791 | DEBUG    | translate:union_product:309 - [('1', '1', '1', '1')] 
	Guard: ('~t & (d | o)', 'o & ~d', 't & ~d & ~o', 't | (d & o)'), 
	LabelJoin: (~t & (d | o)) & (o & ~d) & (t & ~d & ~o) & (t | (d & o)), 
	Label: False
2023-10-25 13:15:08.795 | DEBUG    | translate:union_product:309 - [('1', '1', '1', '1')] 
	Guard: ('~t & (d | o)', 'o & ~d', '~d & ~o & ~t', '~d & ~o & ~t'), 
	LabelJoin: (~t & (d | o)) & (o & ~d) & (~d & ~o & ~t) & (~d & ~o & ~t), 
	Label: False
2023-10-25 13:15:08.799 | DEBUG    | translate:union_product:309 - [('1', '1', '1', '1')] 
	Guard: ('~t & (d | o)', 'o & ~d', '~d & ~o & ~t', 'd & ~o & ~t'), 
	LabelJoin: (~t & (d | o)) & (o & ~d) & (~d & ~o & ~t) & (d & ~o & ~t), 
	Label: False
2023-10-25 13:15:08.804 | DEBUG    | translate:union_product:309 - [('1', '1', '1', '1')] 
	Guard: ('~t & (d | o)', 'o & ~d', '~d & ~o & ~t', 'o & ~d & ~t'), 
	LabelJoin: (~t & (d | o)) & (o & ~d) & (~d & ~o & ~t) & (o & ~d & ~t), 
	Label: False
2023-10-25 13:15:08.809 | DEBUG    | translate:union_product:309 - [('1', '1', '1', '1')] 
	Guard: ('~t & (d | o)', 'o & ~d', '~d & ~o & ~t', 't | (d & o)'), 
	LabelJoin: (~t & (d | o)) & (o & ~d) & (~d & ~o & ~t) & (t | (d & o)), 
	Label: False
2023-10-25 13:15:08.813 | DEBUG    | translate:union_product:309 - [('1', '1', '1', '1')] 
	Guard: ('~t & (d | o)', 'o & ~d', 'd | o', '~d & ~o & ~t'), 
	LabelJoin: (~t & (d | o)) & (o & ~d) & (d | o) & (~d & ~o & ~t), 
	Label: False
2023-10-25 13:15:08.817 | DEBUG    | translate:union_product:309 - [('1', '1', '1', '1')] 
	Guard: ('~t & (d | o)', 'o & ~d', 'd | o', 'd & ~o & ~t'), 
	LabelJoin: (~t & (d | o)) & (o & ~d) & (d | o) & (d & ~o & ~t), 
	Label: False
2023-10-25 13:15:08.821 | DEBUG    | translate:union_product:309 - [('1', '1', '1', '1')] 
	Guard: ('~t & (d | o)', 'o & ~d', 'd | o', 'o & ~d & ~t'), 
	LabelJoin: (~t & (d | o)) & (o & ~d) & (d | o) & (o & ~d & ~t), 
	Label: o & ~d & ~t
2023-10-25 13:15:08.835 | DEBUG    | translate:union_product:309 - [('1', '1', '1', '1')] 
	Guard: ('~t & (d | o)', 'o & ~d', 'd | o', 't | (d & o)'), 
	LabelJoin: (~t & (d | o)) & (o & ~d) & (d | o) & (t | (d & o)), 
	Label: False
2023-10-25 13:15:08.839 | DEBUG    | translate:union_product:309 - [('1', '1', '1', '1')] 
	Guard: ('~t & (d | o)', 'd & ~o', 't & ~d & ~o', '~d & ~o & ~t'), 
	LabelJoin: (~t & (d | o)) & (d & ~o) & (t & ~d & ~o) & (~d & ~o & ~t), 
	Label: False
2023-10-25 13:15:08.843 | DEBUG    | translate:union_product:309 - [('1', '1', '1', '1')] 
	Guard: ('~t & (d | o)', 'd & ~o', 't & ~d & ~o', 'd & ~o & ~t'), 
	LabelJoin: (~t & (d | o)) & (d & ~o) & (t & ~d & ~o) & (d & ~o & ~t), 
	Label: False
2023-10-25 13:15:08.847 | DEBUG    | translate:union_product:309 - [('1', '1', '1', '1')] 
	Guard: ('~t & (d | o)', 'd & ~o', 't & ~d & ~o', 'o & ~d & ~t'), 
	LabelJoin: (~t & (d | o)) & (d & ~o) & (t & ~d & ~o) & (o & ~d & ~t), 
	Label: False
2023-10-25 13:15:08.852 | DEBUG    | translate:union_product:309 - [('1', '1', '1', '1')] 
	Guard: ('~t & (d | o)', 'd & ~o', 't & ~d & ~o', 't | (d & o)'), 
	LabelJoin: (~t & (d | o)) & (d & ~o) & (t & ~d & ~o) & (t | (d & o)), 
	Label: False
2023-10-25 13:15:08.856 | DEBUG    | translate:union_product:309 - [('1', '1', '1', '1')] 
	Guard: ('~t & (d | o)', 'd & ~o', '~d & ~o & ~t', '~d & ~o & ~t'), 
	LabelJoin: (~t & (d | o)) & (d & ~o) & (~d & ~o & ~t) & (~d & ~o & ~t), 
	Label: False
2023-10-25 13:15:08.860 | DEBUG    | translate:union_product:309 - [('1', '1', '1', '1')] 
	Guard: ('~t & (d | o)', 'd & ~o', '~d & ~o & ~t', 'd & ~o & ~t'), 
	LabelJoin: (~t & (d | o)) & (d & ~o) & (~d & ~o & ~t) & (d & ~o & ~t), 
	Label: False
2023-10-25 13:15:08.865 | DEBUG    | translate:union_product:309 - [('1', '1', '1', '1')] 
	Guard: ('~t & (d | o)', 'd & ~o', '~d & ~o & ~t', 'o & ~d & ~t'), 
	LabelJoin: (~t & (d | o)) & (d & ~o) & (~d & ~o & ~t) & (o & ~d & ~t), 
	Label: False
2023-10-25 13:15:08.870 | DEBUG    | translate:union_product:309 - [('1', '1', '1', '1')] 
	Guard: ('~t & (d | o)', 'd & ~o', '~d & ~o & ~t', 't | (d & o)'), 
	LabelJoin: (~t & (d | o)) & (d & ~o) & (~d & ~o & ~t) & (t | (d & o)), 
	Label: False
2023-10-25 13:15:08.874 | DEBUG    | translate:union_product:309 - [('1', '1', '1', '1')] 
	Guard: ('~t & (d | o)', 'd & ~o', 'd | o', '~d & ~o & ~t'), 
	LabelJoin: (~t & (d | o)) & (d & ~o) & (d | o) & (~d & ~o & ~t), 
	Label: False
2023-10-25 13:15:08.878 | DEBUG    | translate:union_product:309 - [('1', '1', '1', '1')] 
	Guard: ('~t & (d | o)', 'd & ~o', 'd | o', 'd & ~o & ~t'), 
	LabelJoin: (~t & (d | o)) & (d & ~o) & (d | o) & (d & ~o & ~t), 
	Label: d & ~o & ~t
2023-10-25 13:15:08.882 | DEBUG    | translate:union_product:309 - [('1', '1', '1', '1')] 
	Guard: ('~t & (d | o)', 'd & ~o', 'd | o', 'o & ~d & ~t'), 
	LabelJoin: (~t & (d | o)) & (d & ~o) & (d | o) & (o & ~d & ~t), 
	Label: False
2023-10-25 13:15:08.887 | DEBUG    | translate:union_product:309 - [('1', '1', '1', '1')] 
	Guard: ('~t & (d | o)', 'd & ~o', 'd | o', 't | (d & o)'), 
	LabelJoin: (~t & (d | o)) & (d & ~o) & (d | o) & (t | (d & o)), 
	Label: False
2023-10-25 13:15:08.891 | DEBUG    | translate:union_product:309 - [('1', '1', '1', '1')] 
	Guard: ('~t & (d | o)', 'd & o', 't & ~d & ~o', '~d & ~o & ~t'), 
	LabelJoin: (~t & (d | o)) & (d & o) & (t & ~d & ~o) & (~d & ~o & ~t), 
	Label: False
2023-10-25 13:15:08.896 | DEBUG    | translate:union_product:309 - [('1', '1', '1', '1')] 
	Guard: ('~t & (d | o)', 'd & o', 't & ~d & ~o', 'd & ~o & ~t'), 
	LabelJoin: (~t & (d | o)) & (d & o) & (t & ~d & ~o) & (d & ~o & ~t), 
	Label: False
2023-10-25 13:15:08.900 | DEBUG    | translate:union_product:309 - [('1', '1', '1', '1')] 
	Guard: ('~t & (d | o)', 'd & o', 't & ~d & ~o', 'o & ~d & ~t'), 
	LabelJoin: (~t & (d | o)) & (d & o) & (t & ~d & ~o) & (o & ~d & ~t), 
	Label: False
2023-10-25 13:15:08.906 | DEBUG    | translate:union_product:309 - [('1', '1', '1', '1')] 
	Guard: ('~t & (d | o)', 'd & o', 't & ~d & ~o', 't | (d & o)'), 
	LabelJoin: (~t & (d | o)) & (d & o) & (t & ~d & ~o) & (t | (d & o)), 
	Label: False
2023-10-25 13:15:08.910 | DEBUG    | translate:union_product:309 - [('1', '1', '1', '1')] 
	Guard: ('~t & (d | o)', 'd & o', '~d & ~o & ~t', '~d & ~o & ~t'), 
	LabelJoin: (~t & (d | o)) & (d & o) & (~d & ~o & ~t) & (~d & ~o & ~t), 
	Label: False
2023-10-25 13:15:08.915 | DEBUG    | translate:union_product:309 - [('1', '1', '1', '1')] 
	Guard: ('~t & (d | o)', 'd & o', '~d & ~o & ~t', 'd & ~o & ~t'), 
	LabelJoin: (~t & (d | o)) & (d & o) & (~d & ~o & ~t) & (d & ~o & ~t), 
	Label: False
2023-10-25 13:15:08.919 | DEBUG    | translate:union_product:309 - [('1', '1', '1', '1')] 
	Guard: ('~t & (d | o)', 'd & o', '~d & ~o & ~t', 'o & ~d & ~t'), 
	LabelJoin: (~t & (d | o)) & (d & o) & (~d & ~o & ~t) & (o & ~d & ~t), 
	Label: False
2023-10-25 13:15:08.925 | DEBUG    | translate:union_product:309 - [('1', '1', '1', '1')] 
	Guard: ('~t & (d | o)', 'd & o', '~d & ~o & ~t', 't | (d & o)'), 
	LabelJoin: (~t & (d | o)) & (d & o) & (~d & ~o & ~t) & (t | (d & o)), 
	Label: False
2023-10-25 13:15:08.929 | DEBUG    | translate:union_product:309 - [('1', '1', '1', '1')] 
	Guard: ('~t & (d | o)', 'd & o', 'd | o', '~d & ~o & ~t'), 
	LabelJoin: (~t & (d | o)) & (d & o) & (d | o) & (~d & ~o & ~t), 
	Label: False
2023-10-25 13:15:08.933 | DEBUG    | translate:union_product:309 - [('1', '1', '1', '1')] 
	Guard: ('~t & (d | o)', 'd & o', 'd | o', 'd & ~o & ~t'), 
	LabelJoin: (~t & (d | o)) & (d & o) & (d | o) & (d & ~o & ~t), 
	Label: False
2023-10-25 13:15:08.937 | DEBUG    | translate:union_product:309 - [('1', '1', '1', '1')] 
	Guard: ('~t & (d | o)', 'd & o', 'd | o', 'o & ~d & ~t'), 
	LabelJoin: (~t & (d | o)) & (d & o) & (d | o) & (o & ~d & ~t), 
	Label: False
2023-10-25 13:15:08.941 | DEBUG    | translate:union_product:309 - [('1', '1', '1', '1')] 
	Guard: ('~t & (d | o)', 'd & o', 'd | o', 't | (d & o)'), 
	LabelJoin: (~t & (d | o)) & (d & o) & (d | o) & (t | (d & o)), 
	Label: d & o & ~t
2023-10-25 13:15:08.945 | DEBUG    | translate:union_product:309 - [('1', '1', '1', '1')] 
	Guard: ('~t & (d | o)', 't & ~d & ~o', 't & ~d & ~o', '~d & ~o & ~t'), 
	LabelJoin: (~t & (d | o)) & (t & ~d & ~o) & (t & ~d & ~o) & (~d & ~o & ~t), 
	Label: False
2023-10-25 13:15:08.949 | DEBUG    | translate:union_product:309 - [('1', '1', '1', '1')] 
	Guard: ('~t & (d | o)', 't & ~d & ~o', 't & ~d & ~o', 'd & ~o & ~t'), 
	LabelJoin: (~t & (d | o)) & (t & ~d & ~o) & (t & ~d & ~o) & (d & ~o & ~t), 
	Label: False
2023-10-25 13:15:08.953 | DEBUG    | translate:union_product:309 - [('1', '1', '1', '1')] 
	Guard: ('~t & (d | o)', 't & ~d & ~o', 't & ~d & ~o', 'o & ~d & ~t'), 
	LabelJoin: (~t & (d | o)) & (t & ~d & ~o) & (t & ~d & ~o) & (o & ~d & ~t), 
	Label: False
2023-10-25 13:15:08.959 | DEBUG    | translate:union_product:309 - [('1', '1', '1', '1')] 
	Guard: ('~t & (d | o)', 't & ~d & ~o', 't & ~d & ~o', 't | (d & o)'), 
	LabelJoin: (~t & (d | o)) & (t & ~d & ~o) & (t & ~d & ~o) & (t | (d & o)), 
	Label: False
2023-10-25 13:15:08.963 | DEBUG    | translate:union_product:309 - [('1', '1', '1', '1')] 
	Guard: ('~t & (d | o)', 't & ~d & ~o', '~d & ~o & ~t', '~d & ~o & ~t'), 
	LabelJoin: (~t & (d | o)) & (t & ~d & ~o) & (~d & ~o & ~t) & (~d & ~o & ~t), 
	Label: False
2023-10-25 13:15:08.967 | DEBUG    | translate:union_product:309 - [('1', '1', '1', '1')] 
	Guard: ('~t & (d | o)', 't & ~d & ~o', '~d & ~o & ~t', 'd & ~o & ~t'), 
	LabelJoin: (~t & (d | o)) & (t & ~d & ~o) & (~d & ~o & ~t) & (d & ~o & ~t), 
	Label: False
2023-10-25 13:15:08.971 | DEBUG    | translate:union_product:309 - [('1', '1', '1', '1')] 
	Guard: ('~t & (d | o)', 't & ~d & ~o', '~d & ~o & ~t', 'o & ~d & ~t'), 
	LabelJoin: (~t & (d | o)) & (t & ~d & ~o) & (~d & ~o & ~t) & (o & ~d & ~t), 
	Label: False
2023-10-25 13:15:08.976 | DEBUG    | translate:union_product:309 - [('1', '1', '1', '1')] 
	Guard: ('~t & (d | o)', 't & ~d & ~o', '~d & ~o & ~t', 't | (d & o)'), 
	LabelJoin: (~t & (d | o)) & (t & ~d & ~o) & (~d & ~o & ~t) & (t | (d & o)), 
	Label: False
2023-10-25 13:15:08.986 | DEBUG    | translate:union_product:309 - [('1', '1', '1', '1')] 
	Guard: ('~t & (d | o)', 't & ~d & ~o', 'd | o', '~d & ~o & ~t'), 
	LabelJoin: (~t & (d | o)) & (t & ~d & ~o) & (d | o) & (~d & ~o & ~t), 
	Label: False
2023-10-25 13:15:08.990 | DEBUG    | translate:union_product:309 - [('1', '1', '1', '1')] 
	Guard: ('~t & (d | o)', 't & ~d & ~o', 'd | o', 'd & ~o & ~t'), 
	LabelJoin: (~t & (d | o)) & (t & ~d & ~o) & (d | o) & (d & ~o & ~t), 
	Label: False
2023-10-25 13:15:08.994 | DEBUG    | translate:union_product:309 - [('1', '1', '1', '1')] 
	Guard: ('~t & (d | o)', 't & ~d & ~o', 'd | o', 'o & ~d & ~t'), 
	LabelJoin: (~t & (d | o)) & (t & ~d & ~o) & (d | o) & (o & ~d & ~t), 
	Label: False
2023-10-25 13:15:09.005 | DEBUG    | translate:union_product:309 - [('1', '1', '1', '1')] 
	Guard: ('~t & (d | o)', 't & ~d & ~o', 'd | o', 't | (d & o)'), 
	LabelJoin: (~t & (d | o)) & (t & ~d & ~o) & (d | o) & (t | (d & o)), 
	Label: False
2023-10-25 13:15:09.010 | DEBUG    | translate:union_product:309 - [('3', '4', '3', '4')] 
	Guard: ('true', 'd | o | t', 'true', 'true'), 
	LabelJoin: (true) & (d | o | t) & (true) & (true), 
	Label: d | o | t
2023-10-25 13:15:09.013 | DEBUG    | translate:union_product:309 - [('3', '4', '3', '4')] 
	Guard: ('true', '~d & ~o & ~t', 'true', 'true'), 
	LabelJoin: (true) & (~d & ~o & ~t) & (true) & (true), 
	Label: ~d & ~o & ~t
2023-10-25 13:15:09.015 | DEBUG    | translate:union_product:309 - [('3', '6', '3', '4')] 
	Guard: ('true', 'true', 'true', 'true'), 
	LabelJoin: (true) & (true) & (true) & (true), 
	Label: True
2023-10-25 13:15:09.017 | DEBUG    | translate:union_product:309 - [('3', '3', '3', '2')] 
	Guard: ('true', 'o | t', 'true', '~o & ~t'), 
	LabelJoin: (true) & (o | t) & (true) & (~o & ~t), 
	Label: False
2023-10-25 13:15:09.019 | DEBUG    | translate:union_product:309 - [('3', '3', '3', '2')] 
	Guard: ('true', 'o | t', 'true', 'o | t'), 
	LabelJoin: (true) & (o | t) & (true) & (o | t), 
	Label: o | t
2023-10-25 13:15:09.022 | DEBUG    | translate:union_product:309 - [('3', '3', '3', '2')] 
	Guard: ('true', '~o & ~t', 'true', '~o & ~t'), 
	LabelJoin: (true) & (~o & ~t) & (true) & (~o & ~t), 
	Label: ~o & ~t
2023-10-25 13:15:09.025 | DEBUG    | translate:union_product:309 - [('3', '3', '3', '2')] 
	Guard: ('true', '~o & ~t', 'true', 'o | t'), 
	LabelJoin: (true) & (~o & ~t) & (true) & (o | t), 
	Label: False
2023-10-25 13:15:09.028 | DEBUG    | translate:union_product:309 - [('3', '2', '3', '3')] 
	Guard: ('true', 'd | t', 'true', '~d & ~t'), 
	LabelJoin: (true) & (d | t) & (true) & (~d & ~t), 
	Label: False
2023-10-25 13:15:09.030 | DEBUG    | translate:union_product:309 - [('3', '2', '3', '3')] 
	Guard: ('true', 'd | t', 'true', 'd | t'), 
	LabelJoin: (true) & (d | t) & (true) & (d | t), 
	Label: d | t
2023-10-25 13:15:09.032 | DEBUG    | translate:union_product:309 - [('3', '2', '3', '3')] 
	Guard: ('true', '~d & ~t', 'true', '~d & ~t'), 
	LabelJoin: (true) & (~d & ~t) & (true) & (~d & ~t), 
	Label: ~d & ~t
2023-10-25 13:15:09.036 | DEBUG    | translate:union_product:309 - [('3', '2', '3', '3')] 
	Guard: ('true', '~d & ~t', 'true', 'd | t'), 
	LabelJoin: (true) & (~d & ~t) & (true) & (d | t), 
	Label: False
2023-10-25 13:15:09.039 | DEBUG    | translate:union_product:309 - [('2', '5', '2', '4')] 
	Guard: ('d | o', 'true', '~d & ~o', 'true'), 
	LabelJoin: (d | o) & (true) & (~d & ~o) & (true), 
	Label: False
2023-10-25 13:15:09.041 | DEBUG    | translate:union_product:309 - [('2', '5', '2', '4')] 
	Guard: ('d | o', 'true', 'd | o', 'true'), 
	LabelJoin: (d | o) & (true) & (d | o) & (true), 
	Label: d | o
2023-10-25 13:15:09.043 | DEBUG    | translate:union_product:309 - [('2', '5', '2', '4')] 
	Guard: ('~d & ~o', 'true', '~d & ~o', 'true'), 
	LabelJoin: (~d & ~o) & (true) & (~d & ~o) & (true), 
	Label: ~d & ~o
2023-10-25 13:15:09.046 | DEBUG    | translate:union_product:309 - [('2', '5', '2', '4')] 
	Guard: ('~d & ~o', 'true', 'd | o', 'true'), 
	LabelJoin: (~d & ~o) & (true) & (d | o) & (true), 
	Label: False
2023-10-25 13:15:09.047 | DEBUG    | translate:union_product:309 - [('4', '5', '3', '4')] 
	Guard: ('true', 'true', 'true', 'true'), 
	LabelJoin: (true) & (true) & (true) & (true), 
	Label: True
2023-10-25 13:15:09.049 | DEBUG    | translate:union_product:309 - [('4', '4', '3', '4')] 
	Guard: ('true', 'd | o | t', 'true', 'true'), 
	LabelJoin: (true) & (d | o | t) & (true) & (true), 
	Label: d | o | t
2023-10-25 13:15:09.052 | DEBUG    | translate:union_product:309 - [('4', '4', '3', '4')] 
	Guard: ('true', '~d & ~o & ~t', 'true', 'true'), 
	LabelJoin: (true) & (~d & ~o & ~t) & (true) & (true), 
	Label: ~d & ~o & ~t
2023-10-25 13:15:09.054 | DEBUG    | translate:union_product:309 - [('4', '6', '3', '4')] 
	Guard: ('true', 'true', 'true', 'true'), 
	LabelJoin: (true) & (true) & (true) & (true), 
	Label: True
2023-10-25 13:15:09.056 | DEBUG    | translate:union_product:309 - [('4', '3', '3', '4')] 
	Guard: ('true', 'o | t', 'true', 'true'), 
	LabelJoin: (true) & (o | t) & (true) & (true), 
	Label: o | t
2023-10-25 13:15:09.059 | DEBUG    | translate:union_product:309 - [('4', '3', '3', '4')] 
	Guard: ('true', '~o & ~t', 'true', 'true'), 
	LabelJoin: (true) & (~o & ~t) & (true) & (true), 
	Label: ~o & ~t
2023-10-25 13:15:09.063 | DEBUG    | translate:union_product:309 - [('4', '2', '3', '4')] 
	Guard: ('true', 'd | t', 'true', 'true'), 
	LabelJoin: (true) & (d | t) & (true) & (true), 
	Label: d | t
2023-10-25 13:15:09.065 | DEBUG    | translate:union_product:309 - [('4', '2', '3', '4')] 
	Guard: ('true', '~d & ~t', 'true', 'true'), 
	LabelJoin: (true) & (~d & ~t) & (true) & (true), 
	Label: ~d & ~t
2023-10-25 13:15:09.066 | INFO     | translate:translate:228 - Union product DFA: 
{'final_states': {0, 1, 2, 3, 5, 6, 7, 8, 9, 10},
 'init_state': 2,
 'states': {0: {'state': ('3', '6', '3', '4')},
            1: {'state': ('3', '3', '3', '2')},
            2: {'state': ('1', '1', '1', '1')},
            3: {'state': ('4', '2', '3', '4')},
            4: {'state': ('3', '4', '3', '4')},
            5: {'state': ('3', '2', '3', '3')},
            6: {'state': ('2', '5', '2', '4')},
            7: {'state': ('4', '3', '3', '4')},
            8: {'state': ('4', '4', '3', '4')},
            9: {'state': ('4', '5', '3', '4')},
            10: {'state': ('4', '6', '3', '4')}},
 'transitions': {0: {'true': 0},
                 1: {'!o & !t': 1, 'o | t': 0},
                 2: {'!d & !o & !t': 2,
                     'd & !o & !t': 1,
                     'd & o & !t': 4,
                     'd & o & t': 8,
                     'd & t & !o': 7,
                     'o & !d & !t': 5,
                     'o & t & !d': 3,
                     't & !d & !o': 6},
                 3: {'!d & !t': 3, 'd | t': 10},
                 4: {'!d & !o & !t': 4, 'd | o | t': 0},
                 5: {'!d & !t': 5, 'd | t': 0},
                 6: {'!d & !o': 6, 'd | o': 9},
                 7: {'!o & !t': 7, 'o | t': 10},
                 8: {'!d & !o & !t': 8, 'd | o | t': 10},
                 9: {'true': 9},
                 10: {'true': 10}}}
2023-10-25 13:15:09.067 | DEBUG    | translate:construct_pref_graph:360 - outcomes(('3', '6', '3', '4'))={1}
2023-10-25 13:15:09.067 | DEBUG    | translate:construct_pref_graph:363 - get_mp_outcomes({1}, [(0, 3), (0, 2), (1, 3), (0, 0), (2, 3), (0, 1), (2, 2), (3, 3), (1, 1)])={1}
2023-10-25 13:15:09.068 | DEBUG    | translate:construct_pref_graph:360 - outcomes(('3', '3', '3', '2'))={3}
2023-10-25 13:15:09.068 | DEBUG    | translate:construct_pref_graph:363 - get_mp_outcomes({3}, [(0, 3), (0, 2), (1, 3), (0, 0), (2, 3), (0, 1), (2, 2), (3, 3), (1, 1)])={3}
2023-10-25 13:15:09.069 | DEBUG    | translate:construct_pref_graph:360 - outcomes(('1', '1', '1', '1'))={3}
2023-10-25 13:15:09.069 | DEBUG    | translate:construct_pref_graph:363 - get_mp_outcomes({3}, [(0, 3), (0, 2), (1, 3), (0, 0), (2, 3), (0, 1), (2, 2), (3, 3), (1, 1)])={3}
2023-10-25 13:15:09.069 | DEBUG    | translate:construct_pref_graph:360 - outcomes(('4', '2', '3', '4'))={0}
2023-10-25 13:15:09.070 | DEBUG    | translate:construct_pref_graph:363 - get_mp_outcomes({0}, [(0, 3), (0, 2), (1, 3), (0, 0), (2, 3), (0, 1), (2, 2), (3, 3), (1, 1)])={0}
2023-10-25 13:15:09.070 | DEBUG    | translate:construct_pref_graph:360 - outcomes(('3', '2', '3', '3'))={3}
2023-10-25 13:15:09.071 | DEBUG    | translate:construct_pref_graph:363 - get_mp_outcomes({3}, [(0, 3), (0, 2), (1, 3), (0, 0), (2, 3), (0, 1), (2, 2), (3, 3), (1, 1)])={3}
2023-10-25 13:15:09.071 | DEBUG    | translate:construct_pref_graph:360 - outcomes(('2', '5', '2', '4'))={2}
2023-10-25 13:15:09.071 | DEBUG    | translate:construct_pref_graph:363 - get_mp_outcomes({2}, [(0, 3), (0, 2), (1, 3), (0, 0), (2, 3), (0, 1), (2, 2), (3, 3), (1, 1)])={2}
2023-10-25 13:15:09.072 | DEBUG    | translate:construct_pref_graph:360 - outcomes(('4', '3', '3', '4'))={0}
2023-10-25 13:15:09.072 | DEBUG    | translate:construct_pref_graph:363 - get_mp_outcomes({0}, [(0, 3), (0, 2), (1, 3), (0, 0), (2, 3), (0, 1), (2, 2), (3, 3), (1, 1)])={0}
2023-10-25 13:15:09.073 | DEBUG    | translate:construct_pref_graph:360 - outcomes(('4', '4', '3', '4'))={0}
2023-10-25 13:15:09.073 | DEBUG    | translate:construct_pref_graph:363 - get_mp_outcomes({0}, [(0, 3), (0, 2), (1, 3), (0, 0), (2, 3), (0, 1), (2, 2), (3, 3), (1, 1)])={0}
2023-10-25 13:15:09.074 | DEBUG    | translate:construct_pref_graph:360 - outcomes(('4', '5', '3', '4'))={0}
2023-10-25 13:15:09.074 | DEBUG    | translate:construct_pref_graph:363 - get_mp_outcomes({0}, [(0, 3), (0, 2), (1, 3), (0, 0), (2, 3), (0, 1), (2, 2), (3, 3), (1, 1)])={0}
2023-10-25 13:15:09.074 | DEBUG    | translate:construct_pref_graph:360 - outcomes(('4', '6', '3', '4'))={0, 1}
2023-10-25 13:15:09.075 | DEBUG    | translate:construct_pref_graph:363 - get_mp_outcomes({0, 1}, [(0, 3), (0, 2), (1, 3), (0, 0), (2, 3), (0, 1), (2, 2), (3, 3), (1, 1)])={0}
2023-10-25 13:15:09.076 | INFO     | translate:translate:231 - Preference graph: 
{'edges': {'(0, 0, 0, 0)': {'(0, 0, 0, 0)',
                            '(0, 0, 0, 1)',
                            '(0, 0, 1, 0)',
                            '(0, 1, 0, 0)',
                            '(1, 0, 0, 0)'},
           '(0, 0, 0, 1)': {'(0, 0, 0, 1)',
                            '(0, 0, 1, 0)',
                            '(0, 1, 0, 0)',
                            '(1, 0, 0, 0)'},
           '(0, 0, 1, 0)': {'(1, 0, 0, 0)', '(0, 0, 1, 0)'},
           '(0, 1, 0, 0)': {'(1, 0, 0, 0)', '(0, 1, 0, 0)'},
           '(1, 0, 0, 0)': {'(1, 0, 0, 0)'}},
 'nodes': {'(0, 0, 0, 0)': {4},
           '(0, 0, 0, 1)': {1, 2, 5},
           '(0, 0, 1, 0)': {6},
           '(0, 1, 0, 0)': {0},
           '(1, 0, 0, 0)': {3, 7, 8, 9, 10}}}
2023-10-25 13:15:09.330 | INFO     | app:update_images:215 - ====== TRANSLATION COMPLETED IN 1755.2948 MILLISECONDS =====
2023-10-25 13:15:09.331 | INFO     | app:update_images:216 - States:
{0: {'state': ('3', '6', '3', '4')},
 1: {'state': ('3', '3', '3', '2')},
 2: {'state': ('1', '1', '1', '1')},
 5: {'state': ('3', '2', '3', '3')},
 6: {'state': ('2', '5', '2', '4')},
 9: {'state': ('4', '5', '3', '4')}}

Alphabet:
[set(), {'t'}, {'d'}, {'o'}]

Transitions:
{0: {'true': 0},
 1: {'!o & !t': 1, 'o | t': 0},
 2: {'!d & !o & !t': 2, 'd & !o & !t': 1, 'o & !d & !t': 5, 't & !d & !o': 6},
 5: {'!d & !t': 5, 'd | t': 0},
 6: {'!d & !o': 6, 'd | o': 9},
 9: {'true': 9}}

Initial state:
2

Preference graph:
{'edges': {'(0, 0, 0, 1)': {'(0, 0, 0, 1)',
                            '(0, 0, 1, 0)',
                            '(0, 1, 0, 0)',
                            '(1, 0, 0, 0)'},
           '(0, 0, 1, 0)': {'(1, 0, 0, 0)', '(0, 0, 1, 0)'},
           '(0, 1, 0, 0)': {'(1, 0, 0, 0)', '(0, 1, 0, 0)'},
           '(1, 0, 0, 0)': {'(1, 0, 0, 0)'}},
 'nodes': {'(0, 0, 0, 1)': {1, 2, 5},
           '(0, 0, 1, 0)': {6},
           '(0, 1, 0, 0)': {0},
           '(1, 0, 0, 0)': {9}}}


