2023-10-20 22:18:35.227 | DEBUG    | translate:build_prefltlf_model:109 - Constructed preorder except incomparability: 
{(F(a), F(c)), (F(a), F(b)), (F(a), F(d))}
2023-10-20 22:18:35.227 | DEBUG    | translate:build_prefltlf_model:123 - Constructed preorder: 
{(F(a), F(c)), (F(a), F(b)), (F(a), F(d))}
2023-10-20 22:18:35.227 | DEBUG    | translate:build_prefltlf_model:138 - Reflexive closure of preorder: 
[('F(a)', 'F(c)'),
 ('F(a)', 'F(d)'),
 ('F(d)', 'F(d)'),
 ('F(a)', 'F(a)'),
 ('F(b)', 'F(b)'),
 ('F(a)', 'F(b)'),
 ('F(c)', 'F(c)')]
2023-10-20 22:18:35.228 | DEBUG    | translate:build_prefltlf_model:142 - Transitive closure of preorder: 
[('F(a)', 'F(a)'),
 ('F(b)', 'F(b)'),
 ('F(c)', 'F(c)'),
 ('F(a)', 'F(c)'),
 ('F(a)', 'F(b)'),
 ('F(a)', 'F(d)'),
 ('F(d)', 'F(d)')]
2023-10-20 22:18:35.229 | INFO     | app:update_images:156 - Model: 
Atoms:
	['a', 'b', 'd', 'c']
Phi:
	F(a)
	F(b)
	F(c)
	F(d)
Preorder:
	F(a) >= F(a)
	F(b) >= F(b)
	F(c) >= F(c)
	F(a) >= F(c)
	F(a) >= F(b)
	F(a) >= F(d)
	F(d) >= F(d)

2023-10-20 22:18:35.243 | INFO     | translate:translate:221 - DFA(F(a)): 
{'final_states': {'2'},
 'init_state': '1',
 'states': {'1', '2'},
 'transitions': {'1': {'a': '2', '~a': '1'}, '2': {'true': '2'}}}
2023-10-20 22:18:35.256 | INFO     | translate:translate:221 - DFA(F(b)): 
{'final_states': {'2'},
 'init_state': '1',
 'states': {'1', '2'},
 'transitions': {'1': {'b': '2', '~b': '1'}, '2': {'true': '2'}}}
2023-10-20 22:18:35.269 | INFO     | translate:translate:221 - DFA(F(c)): 
{'final_states': {'2'},
 'init_state': '1',
 'states': {'1', '2'},
 'transitions': {'1': {'c': '2', '~c': '1'}, '2': {'true': '2'}}}
2023-10-20 22:18:35.281 | INFO     | translate:translate:221 - DFA(F(d)): 
{'final_states': {'2'},
 'init_state': '1',
 'states': {'1', '2'},
 'transitions': {'1': {'d': '2', '~d': '1'}, '2': {'true': '2'}}}
2023-10-20 22:18:35.556 | DEBUG    | translate:union_product:309 - [('1', '1', '1', '1')] 
	Guard: ('a', 'b', 'c', 'd'), 
	LabelJoin: (a) & (b) & (c) & (d), 
	Label: a & b & c & d
2023-10-20 22:18:35.562 | DEBUG    | translate:union_product:309 - [('1', '1', '1', '1')] 
	Guard: ('a', 'b', 'c', '~d'), 
	LabelJoin: (a) & (b) & (c) & (~d), 
	Label: a & b & c & ~d
2023-10-20 22:18:35.568 | DEBUG    | translate:union_product:309 - [('1', '1', '1', '1')] 
	Guard: ('a', 'b', '~c', 'd'), 
	LabelJoin: (a) & (b) & (~c) & (d), 
	Label: a & b & d & ~c
2023-10-20 22:18:35.575 | DEBUG    | translate:union_product:309 - [('1', '1', '1', '1')] 
	Guard: ('a', 'b', '~c', '~d'), 
	LabelJoin: (a) & (b) & (~c) & (~d), 
	Label: a & b & ~c & ~d
2023-10-20 22:18:35.628 | DEBUG    | translate:union_product:309 - [('1', '1', '1', '1')] 
	Guard: ('a', '~b', 'c', 'd'), 
	LabelJoin: (a) & (~b) & (c) & (d), 
	Label: a & c & d & ~b
2023-10-20 22:18:35.631 | DEBUG    | translate:union_product:309 - [('1', '1', '1', '1')] 
	Guard: ('a', '~b', 'c', '~d'), 
	LabelJoin: (a) & (~b) & (c) & (~d), 
	Label: a & c & ~b & ~d
2023-10-20 22:18:35.638 | DEBUG    | translate:union_product:309 - [('1', '1', '1', '1')] 
	Guard: ('a', '~b', '~c', 'd'), 
	LabelJoin: (a) & (~b) & (~c) & (d), 
	Label: a & d & ~b & ~c
2023-10-20 22:18:35.642 | DEBUG    | translate:union_product:309 - [('1', '1', '1', '1')] 
	Guard: ('a', '~b', '~c', '~d'), 
	LabelJoin: (a) & (~b) & (~c) & (~d), 
	Label: a & ~b & ~c & ~d
2023-10-20 22:18:35.645 | DEBUG    | translate:union_product:309 - [('1', '1', '1', '1')] 
	Guard: ('~a', 'b', 'c', 'd'), 
	LabelJoin: (~a) & (b) & (c) & (d), 
	Label: b & c & d & ~a
2023-10-20 22:18:35.648 | DEBUG    | translate:union_product:309 - [('1', '1', '1', '1')] 
	Guard: ('~a', 'b', 'c', '~d'), 
	LabelJoin: (~a) & (b) & (c) & (~d), 
	Label: b & c & ~a & ~d
2023-10-20 22:18:35.651 | DEBUG    | translate:union_product:309 - [('1', '1', '1', '1')] 
	Guard: ('~a', 'b', '~c', 'd'), 
	LabelJoin: (~a) & (b) & (~c) & (d), 
	Label: b & d & ~a & ~c
2023-10-20 22:18:35.655 | DEBUG    | translate:union_product:309 - [('1', '1', '1', '1')] 
	Guard: ('~a', 'b', '~c', '~d'), 
	LabelJoin: (~a) & (b) & (~c) & (~d), 
	Label: b & ~a & ~c & ~d
2023-10-20 22:18:35.658 | DEBUG    | translate:union_product:309 - [('1', '1', '1', '1')] 
	Guard: ('~a', '~b', 'c', 'd'), 
	LabelJoin: (~a) & (~b) & (c) & (d), 
	Label: c & d & ~a & ~b
2023-10-20 22:18:35.661 | DEBUG    | translate:union_product:309 - [('1', '1', '1', '1')] 
	Guard: ('~a', '~b', 'c', '~d'), 
	LabelJoin: (~a) & (~b) & (c) & (~d), 
	Label: c & ~a & ~b & ~d
2023-10-20 22:18:35.665 | DEBUG    | translate:union_product:309 - [('1', '1', '1', '1')] 
	Guard: ('~a', '~b', '~c', 'd'), 
	LabelJoin: (~a) & (~b) & (~c) & (d), 
	Label: d & ~a & ~b & ~c
2023-10-20 22:18:35.669 | DEBUG    | translate:union_product:309 - [('1', '1', '1', '1')] 
	Guard: ('~a', '~b', '~c', '~d'), 
	LabelJoin: (~a) & (~b) & (~c) & (~d), 
	Label: ~a & ~b & ~c & ~d
2023-10-20 22:18:35.671 | DEBUG    | translate:union_product:309 - [('1', '1', '1', '2')] 
	Guard: ('a', 'b', 'c', 'true'), 
	LabelJoin: (a) & (b) & (c) & (true), 
	Label: a & b & c
2023-10-20 22:18:35.673 | DEBUG    | translate:union_product:309 - [('1', '1', '1', '2')] 
	Guard: ('a', 'b', '~c', 'true'), 
	LabelJoin: (a) & (b) & (~c) & (true), 
	Label: a & b & ~c
2023-10-20 22:18:35.675 | DEBUG    | translate:union_product:309 - [('1', '1', '1', '2')] 
	Guard: ('a', '~b', 'c', 'true'), 
	LabelJoin: (a) & (~b) & (c) & (true), 
	Label: a & c & ~b
2023-10-20 22:18:35.678 | DEBUG    | translate:union_product:309 - [('1', '1', '1', '2')] 
	Guard: ('a', '~b', '~c', 'true'), 
	LabelJoin: (a) & (~b) & (~c) & (true), 
	Label: a & ~b & ~c
2023-10-20 22:18:35.681 | DEBUG    | translate:union_product:309 - [('1', '1', '1', '2')] 
	Guard: ('~a', 'b', 'c', 'true'), 
	LabelJoin: (~a) & (b) & (c) & (true), 
	Label: b & c & ~a
2023-10-20 22:18:35.683 | DEBUG    | translate:union_product:309 - [('1', '1', '1', '2')] 
	Guard: ('~a', 'b', '~c', 'true'), 
	LabelJoin: (~a) & (b) & (~c) & (true), 
	Label: b & ~a & ~c
2023-10-20 22:18:35.686 | DEBUG    | translate:union_product:309 - [('1', '1', '1', '2')] 
	Guard: ('~a', '~b', 'c', 'true'), 
	LabelJoin: (~a) & (~b) & (c) & (true), 
	Label: c & ~a & ~b
2023-10-20 22:18:35.689 | DEBUG    | translate:union_product:309 - [('1', '1', '1', '2')] 
	Guard: ('~a', '~b', '~c', 'true'), 
	LabelJoin: (~a) & (~b) & (~c) & (true), 
	Label: ~a & ~b & ~c
2023-10-20 22:18:35.691 | DEBUG    | translate:union_product:309 - [('1', '1', '2', '2')] 
	Guard: ('a', 'b', 'true', 'true'), 
	LabelJoin: (a) & (b) & (true) & (true), 
	Label: a & b
2023-10-20 22:18:35.692 | DEBUG    | translate:union_product:309 - [('1', '1', '2', '2')] 
	Guard: ('a', '~b', 'true', 'true'), 
	LabelJoin: (a) & (~b) & (true) & (true), 
	Label: a & ~b
2023-10-20 22:18:35.694 | DEBUG    | translate:union_product:309 - [('1', '1', '2', '2')] 
	Guard: ('~a', 'b', 'true', 'true'), 
	LabelJoin: (~a) & (b) & (true) & (true), 
	Label: b & ~a
2023-10-20 22:18:35.697 | DEBUG    | translate:union_product:309 - [('1', '1', '2', '2')] 
	Guard: ('~a', '~b', 'true', 'true'), 
	LabelJoin: (~a) & (~b) & (true) & (true), 
	Label: ~a & ~b
2023-10-20 22:18:35.698 | DEBUG    | translate:union_product:309 - [('1', '2', '2', '2')] 
	Guard: ('a', 'true', 'true', 'true'), 
	LabelJoin: (a) & (true) & (true) & (true), 
	Label: a
2023-10-20 22:18:35.701 | DEBUG    | translate:union_product:309 - [('1', '2', '2', '2')] 
	Guard: ('~a', 'true', 'true', 'true'), 
	LabelJoin: (~a) & (true) & (true) & (true), 
	Label: ~a
2023-10-20 22:18:35.702 | DEBUG    | translate:union_product:309 - [('2', '2', '2', '2')] 
	Guard: ('true', 'true', 'true', 'true'), 
	LabelJoin: (true) & (true) & (true) & (true), 
	Label: True
2023-10-20 22:18:35.703 | DEBUG    | translate:union_product:309 - [('2', '1', '2', '2')] 
	Guard: ('true', 'b', 'true', 'true'), 
	LabelJoin: (true) & (b) & (true) & (true), 
	Label: b
2023-10-20 22:18:35.705 | DEBUG    | translate:union_product:309 - [('2', '1', '2', '2')] 
	Guard: ('true', '~b', 'true', 'true'), 
	LabelJoin: (true) & (~b) & (true) & (true), 
	Label: ~b
2023-10-20 22:18:35.706 | DEBUG    | translate:union_product:309 - [('2', '2', '2', '2')] 
	Guard: ('true', 'true', 'true', 'true'), 
	LabelJoin: (true) & (true) & (true) & (true), 
	Label: True
2023-10-20 22:18:35.708 | DEBUG    | translate:union_product:309 - [('1', '2', '1', '2')] 
	Guard: ('a', 'true', 'c', 'true'), 
	LabelJoin: (a) & (true) & (c) & (true), 
	Label: a & c
2023-10-20 22:18:35.709 | DEBUG    | translate:union_product:309 - [('1', '2', '1', '2')] 
	Guard: ('a', 'true', '~c', 'true'), 
	LabelJoin: (a) & (true) & (~c) & (true), 
	Label: a & ~c
2023-10-20 22:18:35.711 | DEBUG    | translate:union_product:309 - [('1', '2', '1', '2')] 
	Guard: ('~a', 'true', 'c', 'true'), 
	LabelJoin: (~a) & (true) & (c) & (true), 
	Label: c & ~a
2023-10-20 22:18:35.714 | DEBUG    | translate:union_product:309 - [('1', '2', '1', '2')] 
	Guard: ('~a', 'true', '~c', 'true'), 
	LabelJoin: (~a) & (true) & (~c) & (true), 
	Label: ~a & ~c
2023-10-20 22:18:35.715 | DEBUG    | translate:union_product:309 - [('2', '2', '1', '2')] 
	Guard: ('true', 'true', 'c', 'true'), 
	LabelJoin: (true) & (true) & (c) & (true), 
	Label: c
2023-10-20 22:18:35.716 | DEBUG    | translate:union_product:309 - [('2', '2', '1', '2')] 
	Guard: ('true', 'true', '~c', 'true'), 
	LabelJoin: (true) & (true) & (~c) & (true), 
	Label: ~c
2023-10-20 22:18:35.717 | DEBUG    | translate:union_product:309 - [('1', '2', '2', '2')] 
	Guard: ('a', 'true', 'true', 'true'), 
	LabelJoin: (a) & (true) & (true) & (true), 
	Label: a
2023-10-20 22:18:35.719 | DEBUG    | translate:union_product:309 - [('1', '2', '2', '2')] 
	Guard: ('~a', 'true', 'true', 'true'), 
	LabelJoin: (~a) & (true) & (true) & (true), 
	Label: ~a
2023-10-20 22:18:35.720 | DEBUG    | translate:union_product:309 - [('2', '1', '1', '2')] 
	Guard: ('true', 'b', 'c', 'true'), 
	LabelJoin: (true) & (b) & (c) & (true), 
	Label: b & c
2023-10-20 22:18:35.722 | DEBUG    | translate:union_product:309 - [('2', '1', '1', '2')] 
	Guard: ('true', 'b', '~c', 'true'), 
	LabelJoin: (true) & (b) & (~c) & (true), 
	Label: b & ~c
2023-10-20 22:18:35.724 | DEBUG    | translate:union_product:309 - [('2', '1', '1', '2')] 
	Guard: ('true', '~b', 'c', 'true'), 
	LabelJoin: (true) & (~b) & (c) & (true), 
	Label: c & ~b
2023-10-20 22:18:35.726 | DEBUG    | translate:union_product:309 - [('2', '1', '1', '2')] 
	Guard: ('true', '~b', '~c', 'true'), 
	LabelJoin: (true) & (~b) & (~c) & (true), 
	Label: ~b & ~c
2023-10-20 22:18:35.728 | DEBUG    | translate:union_product:309 - [('2', '1', '2', '2')] 
	Guard: ('true', 'b', 'true', 'true'), 
	LabelJoin: (true) & (b) & (true) & (true), 
	Label: b
2023-10-20 22:18:35.729 | DEBUG    | translate:union_product:309 - [('2', '1', '2', '2')] 
	Guard: ('true', '~b', 'true', 'true'), 
	LabelJoin: (true) & (~b) & (true) & (true), 
	Label: ~b
2023-10-20 22:18:35.730 | DEBUG    | translate:union_product:309 - [('2', '2', '1', '2')] 
	Guard: ('true', 'true', 'c', 'true'), 
	LabelJoin: (true) & (true) & (c) & (true), 
	Label: c
2023-10-20 22:18:35.732 | DEBUG    | translate:union_product:309 - [('2', '2', '1', '2')] 
	Guard: ('true', 'true', '~c', 'true'), 
	LabelJoin: (true) & (true) & (~c) & (true), 
	Label: ~c
2023-10-20 22:18:35.733 | DEBUG    | translate:union_product:309 - [('2', '2', '2', '2')] 
	Guard: ('true', 'true', 'true', 'true'), 
	LabelJoin: (true) & (true) & (true) & (true), 
	Label: True
2023-10-20 22:18:35.735 | DEBUG    | translate:union_product:309 - [('1', '1', '2', '1')] 
	Guard: ('a', 'b', 'true', 'd'), 
	LabelJoin: (a) & (b) & (true) & (d), 
	Label: a & b & d
2023-10-20 22:18:35.737 | DEBUG    | translate:union_product:309 - [('1', '1', '2', '1')] 
	Guard: ('a', 'b', 'true', '~d'), 
	LabelJoin: (a) & (b) & (true) & (~d), 
	Label: a & b & ~d
2023-10-20 22:18:35.740 | DEBUG    | translate:union_product:309 - [('1', '1', '2', '1')] 
	Guard: ('a', '~b', 'true', 'd'), 
	LabelJoin: (a) & (~b) & (true) & (d), 
	Label: a & d & ~b
2023-10-20 22:18:35.742 | DEBUG    | translate:union_product:309 - [('1', '1', '2', '1')] 
	Guard: ('a', '~b', 'true', '~d'), 
	LabelJoin: (a) & (~b) & (true) & (~d), 
	Label: a & ~b & ~d
2023-10-20 22:18:35.745 | DEBUG    | translate:union_product:309 - [('1', '1', '2', '1')] 
	Guard: ('~a', 'b', 'true', 'd'), 
	LabelJoin: (~a) & (b) & (true) & (d), 
	Label: b & d & ~a
2023-10-20 22:18:35.747 | DEBUG    | translate:union_product:309 - [('1', '1', '2', '1')] 
	Guard: ('~a', 'b', 'true', '~d'), 
	LabelJoin: (~a) & (b) & (true) & (~d), 
	Label: b & ~a & ~d
2023-10-20 22:18:35.750 | DEBUG    | translate:union_product:309 - [('1', '1', '2', '1')] 
	Guard: ('~a', '~b', 'true', 'd'), 
	LabelJoin: (~a) & (~b) & (true) & (d), 
	Label: d & ~a & ~b
2023-10-20 22:18:35.753 | DEBUG    | translate:union_product:309 - [('1', '1', '2', '1')] 
	Guard: ('~a', '~b', 'true', '~d'), 
	LabelJoin: (~a) & (~b) & (true) & (~d), 
	Label: ~a & ~b & ~d
2023-10-20 22:18:35.754 | DEBUG    | translate:union_product:309 - [('1', '2', '2', '1')] 
	Guard: ('a', 'true', 'true', 'd'), 
	LabelJoin: (a) & (true) & (true) & (d), 
	Label: a & d
2023-10-20 22:18:35.756 | DEBUG    | translate:union_product:309 - [('1', '2', '2', '1')] 
	Guard: ('a', 'true', 'true', '~d'), 
	LabelJoin: (a) & (true) & (true) & (~d), 
	Label: a & ~d
2023-10-20 22:18:35.758 | DEBUG    | translate:union_product:309 - [('1', '2', '2', '1')] 
	Guard: ('~a', 'true', 'true', 'd'), 
	LabelJoin: (~a) & (true) & (true) & (d), 
	Label: d & ~a
2023-10-20 22:18:35.762 | DEBUG    | translate:union_product:309 - [('1', '2', '2', '1')] 
	Guard: ('~a', 'true', 'true', '~d'), 
	LabelJoin: (~a) & (true) & (true) & (~d), 
	Label: ~a & ~d
2023-10-20 22:18:35.764 | DEBUG    | translate:union_product:309 - [('2', '2', '2', '1')] 
	Guard: ('true', 'true', 'true', 'd'), 
	LabelJoin: (true) & (true) & (true) & (d), 
	Label: d
2023-10-20 22:18:35.766 | DEBUG    | translate:union_product:309 - [('2', '2', '2', '1')] 
	Guard: ('true', 'true', 'true', '~d'), 
	LabelJoin: (true) & (true) & (true) & (~d), 
	Label: ~d
2023-10-20 22:18:35.767 | DEBUG    | translate:union_product:309 - [('2', '1', '2', '1')] 
	Guard: ('true', 'b', 'true', 'd'), 
	LabelJoin: (true) & (b) & (true) & (d), 
	Label: b & d
2023-10-20 22:18:35.769 | DEBUG    | translate:union_product:309 - [('2', '1', '2', '1')] 
	Guard: ('true', 'b', 'true', '~d'), 
	LabelJoin: (true) & (b) & (true) & (~d), 
	Label: b & ~d
2023-10-20 22:18:35.771 | DEBUG    | translate:union_product:309 - [('2', '1', '2', '1')] 
	Guard: ('true', '~b', 'true', 'd'), 
	LabelJoin: (true) & (~b) & (true) & (d), 
	Label: d & ~b
2023-10-20 22:18:35.773 | DEBUG    | translate:union_product:309 - [('2', '1', '2', '1')] 
	Guard: ('true', '~b', 'true', '~d'), 
	LabelJoin: (true) & (~b) & (true) & (~d), 
	Label: ~b & ~d
2023-10-20 22:18:35.774 | DEBUG    | translate:union_product:309 - [('2', '2', '2', '1')] 
	Guard: ('true', 'true', 'true', 'd'), 
	LabelJoin: (true) & (true) & (true) & (d), 
	Label: d
2023-10-20 22:18:35.776 | DEBUG    | translate:union_product:309 - [('2', '2', '2', '1')] 
	Guard: ('true', 'true', 'true', '~d'), 
	LabelJoin: (true) & (true) & (true) & (~d), 
	Label: ~d
2023-10-20 22:18:35.777 | DEBUG    | translate:union_product:309 - [('1', '1', '2', '2')] 
	Guard: ('a', 'b', 'true', 'true'), 
	LabelJoin: (a) & (b) & (true) & (true), 
	Label: a & b
2023-10-20 22:18:35.779 | DEBUG    | translate:union_product:309 - [('1', '1', '2', '2')] 
	Guard: ('a', '~b', 'true', 'true'), 
	LabelJoin: (a) & (~b) & (true) & (true), 
	Label: a & ~b
2023-10-20 22:18:35.781 | DEBUG    | translate:union_product:309 - [('1', '1', '2', '2')] 
	Guard: ('~a', 'b', 'true', 'true'), 
	LabelJoin: (~a) & (b) & (true) & (true), 
	Label: b & ~a
2023-10-20 22:18:35.784 | DEBUG    | translate:union_product:309 - [('1', '1', '2', '2')] 
	Guard: ('~a', '~b', 'true', 'true'), 
	LabelJoin: (~a) & (~b) & (true) & (true), 
	Label: ~a & ~b
2023-10-20 22:18:35.786 | DEBUG    | translate:union_product:309 - [('1', '2', '1', '1')] 
	Guard: ('a', 'true', 'c', 'd'), 
	LabelJoin: (a) & (true) & (c) & (d), 
	Label: a & c & d
2023-10-20 22:18:35.788 | DEBUG    | translate:union_product:309 - [('1', '2', '1', '1')] 
	Guard: ('a', 'true', 'c', '~d'), 
	LabelJoin: (a) & (true) & (c) & (~d), 
	Label: a & c & ~d
2023-10-20 22:18:35.790 | DEBUG    | translate:union_product:309 - [('1', '2', '1', '1')] 
	Guard: ('a', 'true', '~c', 'd'), 
	LabelJoin: (a) & (true) & (~c) & (d), 
	Label: a & d & ~c
2023-10-20 22:18:35.793 | DEBUG    | translate:union_product:309 - [('1', '2', '1', '1')] 
	Guard: ('a', 'true', '~c', '~d'), 
	LabelJoin: (a) & (true) & (~c) & (~d), 
	Label: a & ~c & ~d
2023-10-20 22:18:35.795 | DEBUG    | translate:union_product:309 - [('1', '2', '1', '1')] 
	Guard: ('~a', 'true', 'c', 'd'), 
	LabelJoin: (~a) & (true) & (c) & (d), 
	Label: c & d & ~a
2023-10-20 22:18:35.798 | DEBUG    | translate:union_product:309 - [('1', '2', '1', '1')] 
	Guard: ('~a', 'true', 'c', '~d'), 
	LabelJoin: (~a) & (true) & (c) & (~d), 
	Label: c & ~a & ~d
2023-10-20 22:18:35.800 | DEBUG    | translate:union_product:309 - [('1', '2', '1', '1')] 
	Guard: ('~a', 'true', '~c', 'd'), 
	LabelJoin: (~a) & (true) & (~c) & (d), 
	Label: d & ~a & ~c
2023-10-20 22:18:35.803 | DEBUG    | translate:union_product:309 - [('1', '2', '1', '1')] 
	Guard: ('~a', 'true', '~c', '~d'), 
	LabelJoin: (~a) & (true) & (~c) & (~d), 
	Label: ~a & ~c & ~d
2023-10-20 22:18:35.805 | DEBUG    | translate:union_product:309 - [('2', '2', '1', '1')] 
	Guard: ('true', 'true', 'c', 'd'), 
	LabelJoin: (true) & (true) & (c) & (d), 
	Label: c & d
2023-10-20 22:18:35.806 | DEBUG    | translate:union_product:309 - [('2', '2', '1', '1')] 
	Guard: ('true', 'true', 'c', '~d'), 
	LabelJoin: (true) & (true) & (c) & (~d), 
	Label: c & ~d
2023-10-20 22:18:35.808 | DEBUG    | translate:union_product:309 - [('2', '2', '1', '1')] 
	Guard: ('true', 'true', '~c', 'd'), 
	LabelJoin: (true) & (true) & (~c) & (d), 
	Label: d & ~c
2023-10-20 22:18:35.810 | DEBUG    | translate:union_product:309 - [('2', '2', '1', '1')] 
	Guard: ('true', 'true', '~c', '~d'), 
	LabelJoin: (true) & (true) & (~c) & (~d), 
	Label: ~c & ~d
2023-10-20 22:18:35.812 | DEBUG    | translate:union_product:309 - [('1', '2', '1', '2')] 
	Guard: ('a', 'true', 'c', 'true'), 
	LabelJoin: (a) & (true) & (c) & (true), 
	Label: a & c
2023-10-20 22:18:35.814 | DEBUG    | translate:union_product:309 - [('1', '2', '1', '2')] 
	Guard: ('a', 'true', '~c', 'true'), 
	LabelJoin: (a) & (true) & (~c) & (true), 
	Label: a & ~c
2023-10-20 22:18:35.816 | DEBUG    | translate:union_product:309 - [('1', '2', '1', '2')] 
	Guard: ('~a', 'true', 'c', 'true'), 
	LabelJoin: (~a) & (true) & (c) & (true), 
	Label: c & ~a
2023-10-20 22:18:35.818 | DEBUG    | translate:union_product:309 - [('1', '2', '1', '2')] 
	Guard: ('~a', 'true', '~c', 'true'), 
	LabelJoin: (~a) & (true) & (~c) & (true), 
	Label: ~a & ~c
2023-10-20 22:18:35.820 | DEBUG    | translate:union_product:309 - [('1', '2', '2', '1')] 
	Guard: ('a', 'true', 'true', 'd'), 
	LabelJoin: (a) & (true) & (true) & (d), 
	Label: a & d
2023-10-20 22:18:35.821 | DEBUG    | translate:union_product:309 - [('1', '2', '2', '1')] 
	Guard: ('a', 'true', 'true', '~d'), 
	LabelJoin: (a) & (true) & (true) & (~d), 
	Label: a & ~d
2023-10-20 22:18:35.823 | DEBUG    | translate:union_product:309 - [('1', '2', '2', '1')] 
	Guard: ('~a', 'true', 'true', 'd'), 
	LabelJoin: (~a) & (true) & (true) & (d), 
	Label: d & ~a
2023-10-20 22:18:35.826 | DEBUG    | translate:union_product:309 - [('1', '2', '2', '1')] 
	Guard: ('~a', 'true', 'true', '~d'), 
	LabelJoin: (~a) & (true) & (true) & (~d), 
	Label: ~a & ~d
2023-10-20 22:18:35.827 | DEBUG    | translate:union_product:309 - [('1', '2', '2', '2')] 
	Guard: ('a', 'true', 'true', 'true'), 
	LabelJoin: (a) & (true) & (true) & (true), 
	Label: a
2023-10-20 22:18:35.828 | DEBUG    | translate:union_product:309 - [('1', '2', '2', '2')] 
	Guard: ('~a', 'true', 'true', 'true'), 
	LabelJoin: (~a) & (true) & (true) & (true), 
	Label: ~a
2023-10-20 22:18:35.830 | DEBUG    | translate:union_product:309 - [('2', '1', '1', '1')] 
	Guard: ('true', 'b', 'c', 'd'), 
	LabelJoin: (true) & (b) & (c) & (d), 
	Label: b & c & d
2023-10-20 22:18:35.832 | DEBUG    | translate:union_product:309 - [('2', '1', '1', '1')] 
	Guard: ('true', 'b', 'c', '~d'), 
	LabelJoin: (true) & (b) & (c) & (~d), 
	Label: b & c & ~d
2023-10-20 22:18:35.835 | DEBUG    | translate:union_product:309 - [('2', '1', '1', '1')] 
	Guard: ('true', 'b', '~c', 'd'), 
	LabelJoin: (true) & (b) & (~c) & (d), 
	Label: b & d & ~c
2023-10-20 22:18:35.837 | DEBUG    | translate:union_product:309 - [('2', '1', '1', '1')] 
	Guard: ('true', 'b', '~c', '~d'), 
	LabelJoin: (true) & (b) & (~c) & (~d), 
	Label: b & ~c & ~d
2023-10-20 22:18:35.840 | DEBUG    | translate:union_product:309 - [('2', '1', '1', '1')] 
	Guard: ('true', '~b', 'c', 'd'), 
	LabelJoin: (true) & (~b) & (c) & (d), 
	Label: c & d & ~b
2023-10-20 22:18:35.842 | DEBUG    | translate:union_product:309 - [('2', '1', '1', '1')] 
	Guard: ('true', '~b', 'c', '~d'), 
	LabelJoin: (true) & (~b) & (c) & (~d), 
	Label: c & ~b & ~d
2023-10-20 22:18:35.845 | DEBUG    | translate:union_product:309 - [('2', '1', '1', '1')] 
	Guard: ('true', '~b', '~c', 'd'), 
	LabelJoin: (true) & (~b) & (~c) & (d), 
	Label: d & ~b & ~c
2023-10-20 22:18:35.848 | DEBUG    | translate:union_product:309 - [('2', '1', '1', '1')] 
	Guard: ('true', '~b', '~c', '~d'), 
	LabelJoin: (true) & (~b) & (~c) & (~d), 
	Label: ~b & ~c & ~d
2023-10-20 22:18:35.851 | DEBUG    | translate:union_product:309 - [('2', '1', '1', '2')] 
	Guard: ('true', 'b', 'c', 'true'), 
	LabelJoin: (true) & (b) & (c) & (true), 
	Label: b & c
2023-10-20 22:18:35.853 | DEBUG    | translate:union_product:309 - [('2', '1', '1', '2')] 
	Guard: ('true', 'b', '~c', 'true'), 
	LabelJoin: (true) & (b) & (~c) & (true), 
	Label: b & ~c
2023-10-20 22:18:35.855 | DEBUG    | translate:union_product:309 - [('2', '1', '1', '2')] 
	Guard: ('true', '~b', 'c', 'true'), 
	LabelJoin: (true) & (~b) & (c) & (true), 
	Label: c & ~b
2023-10-20 22:18:35.857 | DEBUG    | translate:union_product:309 - [('2', '1', '1', '2')] 
	Guard: ('true', '~b', '~c', 'true'), 
	LabelJoin: (true) & (~b) & (~c) & (true), 
	Label: ~b & ~c
2023-10-20 22:18:35.859 | DEBUG    | translate:union_product:309 - [('2', '1', '2', '1')] 
	Guard: ('true', 'b', 'true', 'd'), 
	LabelJoin: (true) & (b) & (true) & (d), 
	Label: b & d
2023-10-20 22:18:35.861 | DEBUG    | translate:union_product:309 - [('2', '1', '2', '1')] 
	Guard: ('true', 'b', 'true', '~d'), 
	LabelJoin: (true) & (b) & (true) & (~d), 
	Label: b & ~d
2023-10-20 22:18:35.863 | DEBUG    | translate:union_product:309 - [('2', '1', '2', '1')] 
	Guard: ('true', '~b', 'true', 'd'), 
	LabelJoin: (true) & (~b) & (true) & (d), 
	Label: d & ~b
2023-10-20 22:18:35.865 | DEBUG    | translate:union_product:309 - [('2', '1', '2', '1')] 
	Guard: ('true', '~b', 'true', '~d'), 
	LabelJoin: (true) & (~b) & (true) & (~d), 
	Label: ~b & ~d
2023-10-20 22:18:35.866 | DEBUG    | translate:union_product:309 - [('2', '1', '2', '2')] 
	Guard: ('true', 'b', 'true', 'true'), 
	LabelJoin: (true) & (b) & (true) & (true), 
	Label: b
2023-10-20 22:18:35.867 | DEBUG    | translate:union_product:309 - [('2', '1', '2', '2')] 
	Guard: ('true', '~b', 'true', 'true'), 
	LabelJoin: (true) & (~b) & (true) & (true), 
	Label: ~b
2023-10-20 22:18:35.869 | DEBUG    | translate:union_product:309 - [('2', '2', '1', '1')] 
	Guard: ('true', 'true', 'c', 'd'), 
	LabelJoin: (true) & (true) & (c) & (d), 
	Label: c & d
2023-10-20 22:18:35.871 | DEBUG    | translate:union_product:309 - [('2', '2', '1', '1')] 
	Guard: ('true', 'true', 'c', '~d'), 
	LabelJoin: (true) & (true) & (c) & (~d), 
	Label: c & ~d
2023-10-20 22:18:35.873 | DEBUG    | translate:union_product:309 - [('2', '2', '1', '1')] 
	Guard: ('true', 'true', '~c', 'd'), 
	LabelJoin: (true) & (true) & (~c) & (d), 
	Label: d & ~c
2023-10-20 22:18:35.877 | DEBUG    | translate:union_product:309 - [('2', '2', '1', '1')] 
	Guard: ('true', 'true', '~c', '~d'), 
	LabelJoin: (true) & (true) & (~c) & (~d), 
	Label: ~c & ~d
2023-10-20 22:18:35.879 | DEBUG    | translate:union_product:309 - [('2', '2', '1', '2')] 
	Guard: ('true', 'true', 'c', 'true'), 
	LabelJoin: (true) & (true) & (c) & (true), 
	Label: c
2023-10-20 22:18:35.881 | DEBUG    | translate:union_product:309 - [('2', '2', '1', '2')] 
	Guard: ('true', 'true', '~c', 'true'), 
	LabelJoin: (true) & (true) & (~c) & (true), 
	Label: ~c
2023-10-20 22:18:35.882 | DEBUG    | translate:union_product:309 - [('2', '2', '2', '1')] 
	Guard: ('true', 'true', 'true', 'd'), 
	LabelJoin: (true) & (true) & (true) & (d), 
	Label: d
2023-10-20 22:18:35.883 | DEBUG    | translate:union_product:309 - [('2', '2', '2', '1')] 
	Guard: ('true', 'true', 'true', '~d'), 
	LabelJoin: (true) & (true) & (true) & (~d), 
	Label: ~d
2023-10-20 22:18:35.884 | DEBUG    | translate:union_product:309 - [('2', '2', '2', '2')] 
	Guard: ('true', 'true', 'true', 'true'), 
	LabelJoin: (true) & (true) & (true) & (true), 
	Label: True
2023-10-20 22:18:35.886 | INFO     | translate:translate:228 - Union product DFA: 
{'final_states': {0, 1, 2, 3, 4, 5, 6, 7, 8, 9, 10, 12, 13, 14, 15},
 'init_state': 11,
 'states': {0: {'state': ('1', '1', '2', '2')},
            1: {'state': ('1', '2', '2', '1')},
            2: {'state': ('2', '1', '2', '1')},
            3: {'state': ('2', '2', '1', '1')},
            4: {'state': ('1', '1', '2', '1')},
            5: {'state': ('2', '1', '1', '2')},
            6: {'state': ('1', '2', '1', '2')},
            7: {'state': ('2', '2', '2', '1')},
            8: {'state': ('1', '1', '1', '2')},
            9: {'state': ('1', '2', '1', '1')},
            10: {'state': ('2', '1', '1', '1')},
            11: {'state': ('1', '1', '1', '1')},
            12: {'state': ('2', '1', '2', '2')},
            13: {'state': ('1', '2', '2', '2')},
            14: {'state': ('2', '2', '2', '2')},
            15: {'state': ('2', '2', '1', '2')}},
 'transitions': {0: {'!a & !b': 0, 'a & !b': 12, 'a & b': 14, 'b & !a': 13},
                 1: {'!a & !d': 1, 'a & !d': 7, 'a & d': 14, 'd & !a': 13},
                 2: {'!b & !d': 2, 'b & !d': 7, 'b & d': 14, 'd & !b': 12},
                 3: {'!c & !d': 3, 'c & !d': 7, 'c & d': 14, 'd & !c': 15},
                 4: {'!a & !b & !d': 4,
                     'a & !b & !d': 2,
                     'a & b & !d': 7,
                     'a & b & d': 14,
                     'a & d & !b': 12,
                     'b & !a & !d': 1,
                     'b & d & !a': 13,
                     'd & !a & !b': 0},
                 5: {'!b & !c': 5, 'b & !c': 15, 'b & c': 14, 'c & !b': 12},
                 6: {'!a & !c': 6, 'a & !c': 15, 'a & c': 14, 'c & !a': 13},
                 7: {'!d': 7, 'd': 14},
                 8: {'!a & !b & !c': 8,
                     'a & !b & !c': 5,
                     'a & b & !c': 15,
                     'a & b & c': 14,
                     'a & c & !b': 12,
                     'b & !a & !c': 6,
                     'b & c & !a': 13,
                     'c & !a & !b': 0},
                 9: {'!a & !c & !d': 9,
                     'a & !c & !d': 3,
                     'a & c & !d': 7,
                     'a & c & d': 14,
                     'a & d & !c': 15,
                     'c & !a & !d': 1,
                     'c & d & !a': 13,
                     'd & !a & !c': 6},
                 10: {'!b & !c & !d': 10,
                      'b & !c & !d': 3,
                      'b & c & !d': 7,
                      'b & c & d': 14,
                      'b & d & !c': 15,
                      'c & !b & !d': 2,
                      'c & d & !b': 12,
                      'd & !b & !c': 5},
                 11: {'!a & !b & !c & !d': 11,
                      'a & !b & !c & !d': 10,
                      'a & b & !c & !d': 3,
                      'a & b & c & !d': 7,
                      'a & b & c & d': 14,
                      'a & b & d & !c': 15,
                      'a & c & !b & !d': 2,
                      'a & c & d & !b': 12,
                      'a & d & !b & !c': 5,
                      'b & !a & !c & !d': 9,
                      'b & c & !a & !d': 1,
                      'b & c & d & !a': 13,
                      'b & d & !a & !c': 6,
                      'c & !a & !b & !d': 4,
                      'c & d & !a & !b': 0,
                      'd & !a & !b & !c': 8},
                 12: {'!b': 12, 'b': 14},
                 13: {'!a': 13, 'a': 14},
                 14: {'true': 14},
                 15: {'!c': 15, 'c': 14}}}
2023-10-20 22:18:35.886 | DEBUG    | translate:construct_pref_graph:360 - outcomes(('1', '1', '2', '2'))={2, 3}
2023-10-20 22:18:35.887 | DEBUG    | translate:construct_pref_graph:363 - get_mp_outcomes({2, 3}, [(0, 0), (1, 1), (2, 2), (0, 2), (0, 1), (0, 3), (3, 3)])={2, 3}
2023-10-20 22:18:35.887 | DEBUG    | translate:construct_pref_graph:360 - outcomes(('1', '2', '2', '1'))={1, 2}
2023-10-20 22:18:35.887 | DEBUG    | translate:construct_pref_graph:363 - get_mp_outcomes({1, 2}, [(0, 0), (1, 1), (2, 2), (0, 2), (0, 1), (0, 3), (3, 3)])={1, 2}
2023-10-20 22:18:35.888 | DEBUG    | translate:construct_pref_graph:360 - outcomes(('2', '1', '2', '1'))={0, 2}
2023-10-20 22:18:35.888 | DEBUG    | translate:construct_pref_graph:363 - get_mp_outcomes({0, 2}, [(0, 0), (1, 1), (2, 2), (0, 2), (0, 1), (0, 3), (3, 3)])={0}
2023-10-20 22:18:35.889 | DEBUG    | translate:construct_pref_graph:360 - outcomes(('2', '2', '1', '1'))={0, 1}
2023-10-20 22:18:35.889 | DEBUG    | translate:construct_pref_graph:363 - get_mp_outcomes({0, 1}, [(0, 0), (1, 1), (2, 2), (0, 2), (0, 1), (0, 3), (3, 3)])={0}
2023-10-20 22:18:35.890 | DEBUG    | translate:construct_pref_graph:360 - outcomes(('1', '1', '2', '1'))={2}
2023-10-20 22:18:35.890 | DEBUG    | translate:construct_pref_graph:363 - get_mp_outcomes({2}, [(0, 0), (1, 1), (2, 2), (0, 2), (0, 1), (0, 3), (3, 3)])={2}
2023-10-20 22:18:35.891 | DEBUG    | translate:construct_pref_graph:360 - outcomes(('2', '1', '1', '2'))={0, 3}
2023-10-20 22:18:35.891 | DEBUG    | translate:construct_pref_graph:363 - get_mp_outcomes({0, 3}, [(0, 0), (1, 1), (2, 2), (0, 2), (0, 1), (0, 3), (3, 3)])={0}
2023-10-20 22:18:35.891 | DEBUG    | translate:construct_pref_graph:360 - outcomes(('1', '2', '1', '2'))={1, 3}
2023-10-20 22:18:35.892 | DEBUG    | translate:construct_pref_graph:363 - get_mp_outcomes({1, 3}, [(0, 0), (1, 1), (2, 2), (0, 2), (0, 1), (0, 3), (3, 3)])={1, 3}
2023-10-20 22:18:35.892 | DEBUG    | translate:construct_pref_graph:360 - outcomes(('2', '2', '2', '1'))={0, 1, 2}
2023-10-20 22:18:35.893 | DEBUG    | translate:construct_pref_graph:363 - get_mp_outcomes({0, 1, 2}, [(0, 0), (1, 1), (2, 2), (0, 2), (0, 1), (0, 3), (3, 3)])={0}
2023-10-20 22:18:35.893 | DEBUG    | translate:construct_pref_graph:360 - outcomes(('1', '1', '1', '2'))={3}
2023-10-20 22:18:35.893 | DEBUG    | translate:construct_pref_graph:363 - get_mp_outcomes({3}, [(0, 0), (1, 1), (2, 2), (0, 2), (0, 1), (0, 3), (3, 3)])={3}
2023-10-20 22:18:35.894 | DEBUG    | translate:construct_pref_graph:360 - outcomes(('1', '2', '1', '1'))={1}
2023-10-20 22:18:35.894 | DEBUG    | translate:construct_pref_graph:363 - get_mp_outcomes({1}, [(0, 0), (1, 1), (2, 2), (0, 2), (0, 1), (0, 3), (3, 3)])={1}
2023-10-20 22:18:35.895 | DEBUG    | translate:construct_pref_graph:360 - outcomes(('2', '1', '1', '1'))={0}
2023-10-20 22:18:35.895 | DEBUG    | translate:construct_pref_graph:363 - get_mp_outcomes({0}, [(0, 0), (1, 1), (2, 2), (0, 2), (0, 1), (0, 3), (3, 3)])={0}
2023-10-20 22:18:35.896 | DEBUG    | translate:construct_pref_graph:360 - outcomes(('2', '1', '2', '2'))={0, 2, 3}
2023-10-20 22:18:35.896 | DEBUG    | translate:construct_pref_graph:363 - get_mp_outcomes({0, 2, 3}, [(0, 0), (1, 1), (2, 2), (0, 2), (0, 1), (0, 3), (3, 3)])={0}
2023-10-20 22:18:35.897 | DEBUG    | translate:construct_pref_graph:360 - outcomes(('1', '2', '2', '2'))={1, 2, 3}
2023-10-20 22:18:35.897 | DEBUG    | translate:construct_pref_graph:363 - get_mp_outcomes({1, 2, 3}, [(0, 0), (1, 1), (2, 2), (0, 2), (0, 1), (0, 3), (3, 3)])={1, 2, 3}
2023-10-20 22:18:35.898 | DEBUG    | translate:construct_pref_graph:360 - outcomes(('2', '2', '2', '2'))={0, 1, 2, 3}
2023-10-20 22:18:35.898 | DEBUG    | translate:construct_pref_graph:363 - get_mp_outcomes({0, 1, 2, 3}, [(0, 0), (1, 1), (2, 2), (0, 2), (0, 1), (0, 3), (3, 3)])={0}
2023-10-20 22:18:35.899 | DEBUG    | translate:construct_pref_graph:360 - outcomes(('2', '2', '1', '2'))={0, 1, 3}
2023-10-20 22:18:35.899 | DEBUG    | translate:construct_pref_graph:363 - get_mp_outcomes({0, 1, 3}, [(0, 0), (1, 1), (2, 2), (0, 2), (0, 1), (0, 3), (3, 3)])={0}
2023-10-20 22:18:35.904 | INFO     | translate:translate:231 - Preference graph: 
{'edges': {'(0, 0, 0, 0)': {'(0, 0, 0, 0)',
                            '(0, 0, 0, 1)',
                            '(0, 0, 1, 0)',
                            '(0, 0, 1, 1)',
                            '(0, 1, 0, 0)',
                            '(0, 1, 0, 1)',
                            '(0, 1, 1, 0)',
                            '(0, 1, 1, 1)',
                            '(1, 0, 0, 0)'},
           '(0, 0, 0, 1)': {'(1, 0, 0, 0)', '(0, 0, 0, 1)'},
           '(0, 0, 1, 0)': {'(1, 0, 0, 0)', '(0, 0, 1, 0)'},
           '(0, 0, 1, 1)': {'(1, 0, 0, 0)', '(0, 0, 1, 1)'},
           '(0, 1, 0, 0)': {'(1, 0, 0, 0)', '(0, 1, 0, 0)'},
           '(0, 1, 0, 1)': {'(1, 0, 0, 0)', '(0, 1, 0, 1)'},
           '(0, 1, 1, 0)': {'(1, 0, 0, 0)', '(0, 1, 1, 0)'},
           '(0, 1, 1, 1)': {'(1, 0, 0, 0)', '(0, 1, 1, 1)'},
           '(1, 0, 0, 0)': {'(1, 0, 0, 0)'}},
 'nodes': {'(0, 0, 0, 0)': {11},
           '(0, 0, 0, 1)': {8},
           '(0, 0, 1, 0)': {4},
           '(0, 0, 1, 1)': {0},
           '(0, 1, 0, 0)': {9},
           '(0, 1, 0, 1)': {6},
           '(0, 1, 1, 0)': {1},
           '(0, 1, 1, 1)': {13},
           '(1, 0, 0, 0)': {2, 3, 5, 7, 10, 12, 14, 15}}}
2023-10-20 22:18:36.291 | INFO     | app:update_images:215 - ====== TRANSLATION COMPLETED IN 678.7672 MILLISECONDS =====
2023-10-20 22:18:36.294 | INFO     | app:update_images:216 - States:
{0: {'state': ('1', '1', '2', '2')},
 1: {'state': ('1', '2', '2', '1')},
 2: {'state': ('2', '1', '2', '1')},
 3: {'state': ('2', '2', '1', '1')},
 4: {'state': ('1', '1', '2', '1')},
 5: {'state': ('2', '1', '1', '2')},
 6: {'state': ('1', '2', '1', '2')},
 7: {'state': ('2', '2', '2', '1')},
 8: {'state': ('1', '1', '1', '2')},
 9: {'state': ('1', '2', '1', '1')},
 10: {'state': ('2', '1', '1', '1')},
 11: {'state': ('1', '1', '1', '1')},
 12: {'state': ('2', '1', '2', '2')},
 13: {'state': ('1', '2', '2', '2')},
 14: {'state': ('2', '2', '2', '2')},
 15: {'state': ('2', '2', '1', '2')}}

Alphabet:
['a', 'b', 'd', 'c']

Transitions:
{0: {'!a & !b': 0, 'a & !b': 12, 'a & b': 14, 'b & !a': 13},
 1: {'!a & !d': 1, 'a & !d': 7, 'a & d': 14, 'd & !a': 13},
 2: {'!b & !d': 2, 'b & !d': 7, 'b & d': 14, 'd & !b': 12},
 3: {'!c & !d': 3, 'c & !d': 7, 'c & d': 14, 'd & !c': 15},
 4: {'!a & !b & !d': 4,
     'a & !b & !d': 2,
     'a & b & !d': 7,
     'a & b & d': 14,
     'a & d & !b': 12,
     'b & !a & !d': 1,
     'b & d & !a': 13,
     'd & !a & !b': 0},
 5: {'!b & !c': 5, 'b & !c': 15, 'b & c': 14, 'c & !b': 12},
 6: {'!a & !c': 6, 'a & !c': 15, 'a & c': 14, 'c & !a': 13},
 7: {'!d': 7, 'd': 14},
 8: {'!a & !b & !c': 8,
     'a & !b & !c': 5,
     'a & b & !c': 15,
     'a & b & c': 14,
     'a & c & !b': 12,
     'b & !a & !c': 6,
     'b & c & !a': 13,
     'c & !a & !b': 0},
 9: {'!a & !c & !d': 9,
     'a & !c & !d': 3,
     'a & c & !d': 7,
     'a & c & d': 14,
     'a & d & !c': 15,
     'c & !a & !d': 1,
     'c & d & !a': 13,
     'd & !a & !c': 6},
 10: {'!b & !c & !d': 10,
      'b & !c & !d': 3,
      'b & c & !d': 7,
      'b & c & d': 14,
      'b & d & !c': 15,
      'c & !b & !d': 2,
      'c & d & !b': 12,
      'd & !b & !c': 5},
 11: {'!a & !b & !c & !d': 11,
      'a & !b & !c & !d': 10,
      'a & b & !c & !d': 3,
      'a & b & c & !d': 7,
      'a & b & c & d': 14,
      'a & b & d & !c': 15,
      'a & c & !b & !d': 2,
      'a & c & d & !b': 12,
      'a & d & !b & !c': 5,
      'b & !a & !c & !d': 9,
      'b & c & !a & !d': 1,
      'b & c & d & !a': 13,
      'b & d & !a & !c': 6,
      'c & !a & !b & !d': 4,
      'c & d & !a & !b': 0,
      'd & !a & !b & !c': 8},
 12: {'!b': 12, 'b': 14},
 13: {'!a': 13, 'a': 14},
 14: {'true': 14},
 15: {'!c': 15, 'c': 14}}

Initial state:
11

Preference graph:
{'edges': {'(0, 0, 0, 0)': {'(0, 0, 0, 0)',
                            '(0, 0, 0, 1)',
                            '(0, 0, 1, 0)',
                            '(0, 0, 1, 1)',
                            '(0, 1, 0, 0)',
                            '(0, 1, 0, 1)',
                            '(0, 1, 1, 0)',
                            '(0, 1, 1, 1)',
                            '(1, 0, 0, 0)'},
           '(0, 0, 0, 1)': {'(1, 0, 0, 0)', '(0, 0, 0, 1)'},
           '(0, 0, 1, 0)': {'(1, 0, 0, 0)', '(0, 0, 1, 0)'},
           '(0, 0, 1, 1)': {'(1, 0, 0, 0)', '(0, 0, 1, 1)'},
           '(0, 1, 0, 0)': {'(1, 0, 0, 0)', '(0, 1, 0, 0)'},
           '(0, 1, 0, 1)': {'(1, 0, 0, 0)', '(0, 1, 0, 1)'},
           '(0, 1, 1, 0)': {'(1, 0, 0, 0)', '(0, 1, 1, 0)'},
           '(0, 1, 1, 1)': {'(1, 0, 0, 0)', '(0, 1, 1, 1)'},
           '(1, 0, 0, 0)': {'(1, 0, 0, 0)'}},
 'nodes': {'(0, 0, 0, 0)': {11},
           '(0, 0, 0, 1)': {8},
           '(0, 0, 1, 0)': {4},
           '(0, 0, 1, 1)': {0},
           '(0, 1, 0, 0)': {9},
           '(0, 1, 0, 1)': {6},
           '(0, 1, 1, 0)': {1},
           '(0, 1, 1, 1)': {13},
           '(1, 0, 0, 0)': {2, 3, 5, 7, 10, 12, 14, 15}}}


