2023-10-20 22:18:20.076 | DEBUG    | translate:build_prefltlf_model:109 - Constructed preorder except incomparability: 
{(F(a), F(c)), (F(a), F(b)), (F(a), F(d))}
2023-10-20 22:18:20.076 | DEBUG    | translate:build_prefltlf_model:123 - Constructed preorder: 
{(F(a), F(c)), (F(a), F(b)), (F(a), F(d))}
2023-10-20 22:18:20.077 | DEBUG    | translate:build_prefltlf_model:138 - Reflexive closure of preorder: 
[('F(a)', 'F(c)'),
 ('F(a)', 'F(d)'),
 ('F(d)', 'F(d)'),
 ('F(a)', 'F(a)'),
 ('F(b)', 'F(b)'),
 ('F(a)', 'F(b)'),
 ('F(c)', 'F(c)')]
2023-10-20 22:18:20.077 | DEBUG    | translate:build_prefltlf_model:142 - Transitive closure of preorder: 
[('F(a)', 'F(a)'),
 ('F(b)', 'F(b)'),
 ('F(c)', 'F(c)'),
 ('F(a)', 'F(c)'),
 ('F(a)', 'F(b)'),
 ('F(a)', 'F(d)'),
 ('F(d)', 'F(d)')]
2023-10-20 22:18:20.078 | INFO     | app:update_images:156 - Model: 
Atoms:
	['a', 'b', 'd', 'c']
Phi:
	F(a)
	F(b)
	F(c)
	F(d)
Preorder:
	F(a) >= F(a)
	F(b) >= F(b)
	F(c) >= F(c)
	F(a) >= F(c)
	F(a) >= F(b)
	F(a) >= F(d)
	F(d) >= F(d)

2023-10-20 22:18:20.183 | INFO     | translate:translate:221 - DFA(F(a)): 
{'final_states': {'2'},
 'init_state': '1',
 'states': {'1', '2'},
 'transitions': {'1': {'a': '2', '~a': '1'}, '2': {'true': '2'}}}
2023-10-20 22:18:20.196 | INFO     | translate:translate:221 - DFA(F(b)): 
{'final_states': {'2'},
 'init_state': '1',
 'states': {'1', '2'},
 'transitions': {'1': {'b': '2', '~b': '1'}, '2': {'true': '2'}}}
2023-10-20 22:18:20.209 | INFO     | translate:translate:221 - DFA(F(c)): 
{'final_states': {'2'},
 'init_state': '1',
 'states': {'1', '2'},
 'transitions': {'1': {'c': '2', '~c': '1'}, '2': {'true': '2'}}}
2023-10-20 22:18:20.222 | INFO     | translate:translate:221 - DFA(F(d)): 
{'final_states': {'2'},
 'init_state': '1',
 'states': {'1', '2'},
 'transitions': {'1': {'d': '2', '~d': '1'}, '2': {'true': '2'}}}
2023-10-20 22:18:20.563 | DEBUG    | translate:union_product:309 - [('1', '1', '1', '1')] 
	Guard: ('a', 'b', 'c', 'd'), 
	LabelJoin: (a) & (b) & (c) & (d), 
	Label: a & b & c & d
2023-10-20 22:18:20.572 | DEBUG    | translate:union_product:309 - [('1', '1', '1', '1')] 
	Guard: ('a', 'b', 'c', '~d'), 
	LabelJoin: (a) & (b) & (c) & (~d), 
	Label: a & b & c & ~d
2023-10-20 22:18:20.580 | DEBUG    | translate:union_product:309 - [('1', '1', '1', '1')] 
	Guard: ('a', 'b', '~c', 'd'), 
	LabelJoin: (a) & (b) & (~c) & (d), 
	Label: a & b & d & ~c
2023-10-20 22:18:20.587 | DEBUG    | translate:union_product:309 - [('1', '1', '1', '1')] 
	Guard: ('a', 'b', '~c', '~d'), 
	LabelJoin: (a) & (b) & (~c) & (~d), 
	Label: a & b & ~c & ~d
2023-10-20 22:18:20.591 | DEBUG    | translate:union_product:309 - [('1', '1', '1', '1')] 
	Guard: ('a', '~b', 'c', 'd'), 
	LabelJoin: (a) & (~b) & (c) & (d), 
	Label: a & c & d & ~b
2023-10-20 22:18:20.595 | DEBUG    | translate:union_product:309 - [('1', '1', '1', '1')] 
	Guard: ('a', '~b', 'c', '~d'), 
	LabelJoin: (a) & (~b) & (c) & (~d), 
	Label: a & c & ~b & ~d
2023-10-20 22:18:20.599 | DEBUG    | translate:union_product:309 - [('1', '1', '1', '1')] 
	Guard: ('a', '~b', '~c', 'd'), 
	LabelJoin: (a) & (~b) & (~c) & (d), 
	Label: a & d & ~b & ~c
2023-10-20 22:18:20.603 | DEBUG    | translate:union_product:309 - [('1', '1', '1', '1')] 
	Guard: ('a', '~b', '~c', '~d'), 
	LabelJoin: (a) & (~b) & (~c) & (~d), 
	Label: a & ~b & ~c & ~d
2023-10-20 22:18:20.607 | DEBUG    | translate:union_product:309 - [('1', '1', '1', '1')] 
	Guard: ('~a', 'b', 'c', 'd'), 
	LabelJoin: (~a) & (b) & (c) & (d), 
	Label: b & c & d & ~a
2023-10-20 22:18:20.611 | DEBUG    | translate:union_product:309 - [('1', '1', '1', '1')] 
	Guard: ('~a', 'b', 'c', '~d'), 
	LabelJoin: (~a) & (b) & (c) & (~d), 
	Label: b & c & ~a & ~d
2023-10-20 22:18:20.615 | DEBUG    | translate:union_product:309 - [('1', '1', '1', '1')] 
	Guard: ('~a', 'b', '~c', 'd'), 
	LabelJoin: (~a) & (b) & (~c) & (d), 
	Label: b & d & ~a & ~c
2023-10-20 22:18:20.624 | DEBUG    | translate:union_product:309 - [('1', '1', '1', '1')] 
	Guard: ('~a', 'b', '~c', '~d'), 
	LabelJoin: (~a) & (b) & (~c) & (~d), 
	Label: b & ~a & ~c & ~d
2023-10-20 22:18:20.628 | DEBUG    | translate:union_product:309 - [('1', '1', '1', '1')] 
	Guard: ('~a', '~b', 'c', 'd'), 
	LabelJoin: (~a) & (~b) & (c) & (d), 
	Label: c & d & ~a & ~b
2023-10-20 22:18:20.631 | DEBUG    | translate:union_product:309 - [('1', '1', '1', '1')] 
	Guard: ('~a', '~b', 'c', '~d'), 
	LabelJoin: (~a) & (~b) & (c) & (~d), 
	Label: c & ~a & ~b & ~d
2023-10-20 22:18:20.635 | DEBUG    | translate:union_product:309 - [('1', '1', '1', '1')] 
	Guard: ('~a', '~b', '~c', 'd'), 
	LabelJoin: (~a) & (~b) & (~c) & (d), 
	Label: d & ~a & ~b & ~c
2023-10-20 22:18:20.639 | DEBUG    | translate:union_product:309 - [('1', '1', '1', '1')] 
	Guard: ('~a', '~b', '~c', '~d'), 
	LabelJoin: (~a) & (~b) & (~c) & (~d), 
	Label: ~a & ~b & ~c & ~d
2023-10-20 22:18:20.641 | DEBUG    | translate:union_product:309 - [('1', '1', '1', '2')] 
	Guard: ('a', 'b', 'c', 'true'), 
	LabelJoin: (a) & (b) & (c) & (true), 
	Label: a & b & c
2023-10-20 22:18:20.643 | DEBUG    | translate:union_product:309 - [('1', '1', '1', '2')] 
	Guard: ('a', 'b', '~c', 'true'), 
	LabelJoin: (a) & (b) & (~c) & (true), 
	Label: a & b & ~c
2023-10-20 22:18:20.646 | DEBUG    | translate:union_product:309 - [('1', '1', '1', '2')] 
	Guard: ('a', '~b', 'c', 'true'), 
	LabelJoin: (a) & (~b) & (c) & (true), 
	Label: a & c & ~b
2023-10-20 22:18:20.649 | DEBUG    | translate:union_product:309 - [('1', '1', '1', '2')] 
	Guard: ('a', '~b', '~c', 'true'), 
	LabelJoin: (a) & (~b) & (~c) & (true), 
	Label: a & ~b & ~c
2023-10-20 22:18:20.651 | DEBUG    | translate:union_product:309 - [('1', '1', '1', '2')] 
	Guard: ('~a', 'b', 'c', 'true'), 
	LabelJoin: (~a) & (b) & (c) & (true), 
	Label: b & c & ~a
2023-10-20 22:18:20.654 | DEBUG    | translate:union_product:309 - [('1', '1', '1', '2')] 
	Guard: ('~a', 'b', '~c', 'true'), 
	LabelJoin: (~a) & (b) & (~c) & (true), 
	Label: b & ~a & ~c
2023-10-20 22:18:20.657 | DEBUG    | translate:union_product:309 - [('1', '1', '1', '2')] 
	Guard: ('~a', '~b', 'c', 'true'), 
	LabelJoin: (~a) & (~b) & (c) & (true), 
	Label: c & ~a & ~b
2023-10-20 22:18:20.660 | DEBUG    | translate:union_product:309 - [('1', '1', '1', '2')] 
	Guard: ('~a', '~b', '~c', 'true'), 
	LabelJoin: (~a) & (~b) & (~c) & (true), 
	Label: ~a & ~b & ~c
2023-10-20 22:18:20.662 | DEBUG    | translate:union_product:309 - [('1', '1', '2', '2')] 
	Guard: ('a', 'b', 'true', 'true'), 
	LabelJoin: (a) & (b) & (true) & (true), 
	Label: a & b
2023-10-20 22:18:20.664 | DEBUG    | translate:union_product:309 - [('1', '1', '2', '2')] 
	Guard: ('a', '~b', 'true', 'true'), 
	LabelJoin: (a) & (~b) & (true) & (true), 
	Label: a & ~b
2023-10-20 22:18:20.666 | DEBUG    | translate:union_product:309 - [('1', '1', '2', '2')] 
	Guard: ('~a', 'b', 'true', 'true'), 
	LabelJoin: (~a) & (b) & (true) & (true), 
	Label: b & ~a
2023-10-20 22:18:20.668 | DEBUG    | translate:union_product:309 - [('1', '1', '2', '2')] 
	Guard: ('~a', '~b', 'true', 'true'), 
	LabelJoin: (~a) & (~b) & (true) & (true), 
	Label: ~a & ~b
2023-10-20 22:18:20.671 | DEBUG    | translate:union_product:309 - [('1', '2', '2', '2')] 
	Guard: ('a', 'true', 'true', 'true'), 
	LabelJoin: (a) & (true) & (true) & (true), 
	Label: a
2023-10-20 22:18:20.673 | DEBUG    | translate:union_product:309 - [('1', '2', '2', '2')] 
	Guard: ('~a', 'true', 'true', 'true'), 
	LabelJoin: (~a) & (true) & (true) & (true), 
	Label: ~a
2023-10-20 22:18:20.674 | DEBUG    | translate:union_product:309 - [('2', '2', '2', '2')] 
	Guard: ('true', 'true', 'true', 'true'), 
	LabelJoin: (true) & (true) & (true) & (true), 
	Label: True
2023-10-20 22:18:20.675 | DEBUG    | translate:union_product:309 - [('2', '1', '2', '2')] 
	Guard: ('true', 'b', 'true', 'true'), 
	LabelJoin: (true) & (b) & (true) & (true), 
	Label: b
2023-10-20 22:18:20.676 | DEBUG    | translate:union_product:309 - [('2', '1', '2', '2')] 
	Guard: ('true', '~b', 'true', 'true'), 
	LabelJoin: (true) & (~b) & (true) & (true), 
	Label: ~b
2023-10-20 22:18:20.678 | DEBUG    | translate:union_product:309 - [('2', '2', '2', '2')] 
	Guard: ('true', 'true', 'true', 'true'), 
	LabelJoin: (true) & (true) & (true) & (true), 
	Label: True
2023-10-20 22:18:20.680 | DEBUG    | translate:union_product:309 - [('1', '2', '1', '2')] 
	Guard: ('a', 'true', 'c', 'true'), 
	LabelJoin: (a) & (true) & (c) & (true), 
	Label: a & c
2023-10-20 22:18:20.682 | DEBUG    | translate:union_product:309 - [('1', '2', '1', '2')] 
	Guard: ('a', 'true', '~c', 'true'), 
	LabelJoin: (a) & (true) & (~c) & (true), 
	Label: a & ~c
2023-10-20 22:18:20.684 | DEBUG    | translate:union_product:309 - [('1', '2', '1', '2')] 
	Guard: ('~a', 'true', 'c', 'true'), 
	LabelJoin: (~a) & (true) & (c) & (true), 
	Label: c & ~a
2023-10-20 22:18:20.686 | DEBUG    | translate:union_product:309 - [('1', '2', '1', '2')] 
	Guard: ('~a', 'true', '~c', 'true'), 
	LabelJoin: (~a) & (true) & (~c) & (true), 
	Label: ~a & ~c
2023-10-20 22:18:20.687 | DEBUG    | translate:union_product:309 - [('2', '2', '1', '2')] 
	Guard: ('true', 'true', 'c', 'true'), 
	LabelJoin: (true) & (true) & (c) & (true), 
	Label: c
2023-10-20 22:18:20.689 | DEBUG    | translate:union_product:309 - [('2', '2', '1', '2')] 
	Guard: ('true', 'true', '~c', 'true'), 
	LabelJoin: (true) & (true) & (~c) & (true), 
	Label: ~c
2023-10-20 22:18:20.690 | DEBUG    | translate:union_product:309 - [('1', '2', '2', '2')] 
	Guard: ('a', 'true', 'true', 'true'), 
	LabelJoin: (a) & (true) & (true) & (true), 
	Label: a
2023-10-20 22:18:20.691 | DEBUG    | translate:union_product:309 - [('1', '2', '2', '2')] 
	Guard: ('~a', 'true', 'true', 'true'), 
	LabelJoin: (~a) & (true) & (true) & (true), 
	Label: ~a
2023-10-20 22:18:20.693 | DEBUG    | translate:union_product:309 - [('2', '1', '1', '2')] 
	Guard: ('true', 'b', 'c', 'true'), 
	LabelJoin: (true) & (b) & (c) & (true), 
	Label: b & c
2023-10-20 22:18:20.695 | DEBUG    | translate:union_product:309 - [('2', '1', '1', '2')] 
	Guard: ('true', 'b', '~c', 'true'), 
	LabelJoin: (true) & (b) & (~c) & (true), 
	Label: b & ~c
2023-10-20 22:18:20.697 | DEBUG    | translate:union_product:309 - [('2', '1', '1', '2')] 
	Guard: ('true', '~b', 'c', 'true'), 
	LabelJoin: (true) & (~b) & (c) & (true), 
	Label: c & ~b
2023-10-20 22:18:20.699 | DEBUG    | translate:union_product:309 - [('2', '1', '1', '2')] 
	Guard: ('true', '~b', '~c', 'true'), 
	LabelJoin: (true) & (~b) & (~c) & (true), 
	Label: ~b & ~c
2023-10-20 22:18:20.701 | DEBUG    | translate:union_product:309 - [('2', '1', '2', '2')] 
	Guard: ('true', 'b', 'true', 'true'), 
	LabelJoin: (true) & (b) & (true) & (true), 
	Label: b
2023-10-20 22:18:20.702 | DEBUG    | translate:union_product:309 - [('2', '1', '2', '2')] 
	Guard: ('true', '~b', 'true', 'true'), 
	LabelJoin: (true) & (~b) & (true) & (true), 
	Label: ~b
2023-10-20 22:18:20.703 | DEBUG    | translate:union_product:309 - [('2', '2', '1', '2')] 
	Guard: ('true', 'true', 'c', 'true'), 
	LabelJoin: (true) & (true) & (c) & (true), 
	Label: c
2023-10-20 22:18:20.705 | DEBUG    | translate:union_product:309 - [('2', '2', '1', '2')] 
	Guard: ('true', 'true', '~c', 'true'), 
	LabelJoin: (true) & (true) & (~c) & (true), 
	Label: ~c
2023-10-20 22:18:20.706 | DEBUG    | translate:union_product:309 - [('2', '2', '2', '2')] 
	Guard: ('true', 'true', 'true', 'true'), 
	LabelJoin: (true) & (true) & (true) & (true), 
	Label: True
2023-10-20 22:18:20.708 | DEBUG    | translate:union_product:309 - [('1', '1', '2', '1')] 
	Guard: ('a', 'b', 'true', 'd'), 
	LabelJoin: (a) & (b) & (true) & (d), 
	Label: a & b & d
2023-10-20 22:18:20.710 | DEBUG    | translate:union_product:309 - [('1', '1', '2', '1')] 
	Guard: ('a', 'b', 'true', '~d'), 
	LabelJoin: (a) & (b) & (true) & (~d), 
	Label: a & b & ~d
2023-10-20 22:18:20.713 | DEBUG    | translate:union_product:309 - [('1', '1', '2', '1')] 
	Guard: ('a', '~b', 'true', 'd'), 
	LabelJoin: (a) & (~b) & (true) & (d), 
	Label: a & d & ~b
2023-10-20 22:18:20.716 | DEBUG    | translate:union_product:309 - [('1', '1', '2', '1')] 
	Guard: ('a', '~b', 'true', '~d'), 
	LabelJoin: (a) & (~b) & (true) & (~d), 
	Label: a & ~b & ~d
2023-10-20 22:18:20.718 | DEBUG    | translate:union_product:309 - [('1', '1', '2', '1')] 
	Guard: ('~a', 'b', 'true', 'd'), 
	LabelJoin: (~a) & (b) & (true) & (d), 
	Label: b & d & ~a
2023-10-20 22:18:20.721 | DEBUG    | translate:union_product:309 - [('1', '1', '2', '1')] 
	Guard: ('~a', 'b', 'true', '~d'), 
	LabelJoin: (~a) & (b) & (true) & (~d), 
	Label: b & ~a & ~d
2023-10-20 22:18:20.724 | DEBUG    | translate:union_product:309 - [('1', '1', '2', '1')] 
	Guard: ('~a', '~b', 'true', 'd'), 
	LabelJoin: (~a) & (~b) & (true) & (d), 
	Label: d & ~a & ~b
2023-10-20 22:18:20.726 | DEBUG    | translate:union_product:309 - [('1', '1', '2', '1')] 
	Guard: ('~a', '~b', 'true', '~d'), 
	LabelJoin: (~a) & (~b) & (true) & (~d), 
	Label: ~a & ~b & ~d
2023-10-20 22:18:20.728 | DEBUG    | translate:union_product:309 - [('1', '2', '2', '1')] 
	Guard: ('a', 'true', 'true', 'd'), 
	LabelJoin: (a) & (true) & (true) & (d), 
	Label: a & d
2023-10-20 22:18:20.730 | DEBUG    | translate:union_product:309 - [('1', '2', '2', '1')] 
	Guard: ('a', 'true', 'true', '~d'), 
	LabelJoin: (a) & (true) & (true) & (~d), 
	Label: a & ~d
2023-10-20 22:18:20.732 | DEBUG    | translate:union_product:309 - [('1', '2', '2', '1')] 
	Guard: ('~a', 'true', 'true', 'd'), 
	LabelJoin: (~a) & (true) & (true) & (d), 
	Label: d & ~a
2023-10-20 22:18:20.734 | DEBUG    | translate:union_product:309 - [('1', '2', '2', '1')] 
	Guard: ('~a', 'true', 'true', '~d'), 
	LabelJoin: (~a) & (true) & (true) & (~d), 
	Label: ~a & ~d
2023-10-20 22:18:20.735 | DEBUG    | translate:union_product:309 - [('2', '2', '2', '1')] 
	Guard: ('true', 'true', 'true', 'd'), 
	LabelJoin: (true) & (true) & (true) & (d), 
	Label: d
2023-10-20 22:18:20.737 | DEBUG    | translate:union_product:309 - [('2', '2', '2', '1')] 
	Guard: ('true', 'true', 'true', '~d'), 
	LabelJoin: (true) & (true) & (true) & (~d), 
	Label: ~d
2023-10-20 22:18:20.739 | DEBUG    | translate:union_product:309 - [('2', '1', '2', '1')] 
	Guard: ('true', 'b', 'true', 'd'), 
	LabelJoin: (true) & (b) & (true) & (d), 
	Label: b & d
2023-10-20 22:18:20.740 | DEBUG    | translate:union_product:309 - [('2', '1', '2', '1')] 
	Guard: ('true', 'b', 'true', '~d'), 
	LabelJoin: (true) & (b) & (true) & (~d), 
	Label: b & ~d
2023-10-20 22:18:20.742 | DEBUG    | translate:union_product:309 - [('2', '1', '2', '1')] 
	Guard: ('true', '~b', 'true', 'd'), 
	LabelJoin: (true) & (~b) & (true) & (d), 
	Label: d & ~b
2023-10-20 22:18:20.745 | DEBUG    | translate:union_product:309 - [('2', '1', '2', '1')] 
	Guard: ('true', '~b', 'true', '~d'), 
	LabelJoin: (true) & (~b) & (true) & (~d), 
	Label: ~b & ~d
2023-10-20 22:18:20.746 | DEBUG    | translate:union_product:309 - [('2', '2', '2', '1')] 
	Guard: ('true', 'true', 'true', 'd'), 
	LabelJoin: (true) & (true) & (true) & (d), 
	Label: d
2023-10-20 22:18:20.747 | DEBUG    | translate:union_product:309 - [('2', '2', '2', '1')] 
	Guard: ('true', 'true', 'true', '~d'), 
	LabelJoin: (true) & (true) & (true) & (~d), 
	Label: ~d
2023-10-20 22:18:20.749 | DEBUG    | translate:union_product:309 - [('1', '1', '2', '2')] 
	Guard: ('a', 'b', 'true', 'true'), 
	LabelJoin: (a) & (b) & (true) & (true), 
	Label: a & b
2023-10-20 22:18:20.751 | DEBUG    | translate:union_product:309 - [('1', '1', '2', '2')] 
	Guard: ('a', '~b', 'true', 'true'), 
	LabelJoin: (a) & (~b) & (true) & (true), 
	Label: a & ~b
2023-10-20 22:18:20.753 | DEBUG    | translate:union_product:309 - [('1', '1', '2', '2')] 
	Guard: ('~a', 'b', 'true', 'true'), 
	LabelJoin: (~a) & (b) & (true) & (true), 
	Label: b & ~a
2023-10-20 22:18:20.756 | DEBUG    | translate:union_product:309 - [('1', '1', '2', '2')] 
	Guard: ('~a', '~b', 'true', 'true'), 
	LabelJoin: (~a) & (~b) & (true) & (true), 
	Label: ~a & ~b
2023-10-20 22:18:20.758 | DEBUG    | translate:union_product:309 - [('1', '2', '1', '1')] 
	Guard: ('a', 'true', 'c', 'd'), 
	LabelJoin: (a) & (true) & (c) & (d), 
	Label: a & c & d
2023-10-20 22:18:20.760 | DEBUG    | translate:union_product:309 - [('1', '2', '1', '1')] 
	Guard: ('a', 'true', 'c', '~d'), 
	LabelJoin: (a) & (true) & (c) & (~d), 
	Label: a & c & ~d
2023-10-20 22:18:20.763 | DEBUG    | translate:union_product:309 - [('1', '2', '1', '1')] 
	Guard: ('a', 'true', '~c', 'd'), 
	LabelJoin: (a) & (true) & (~c) & (d), 
	Label: a & d & ~c
2023-10-20 22:18:20.765 | DEBUG    | translate:union_product:309 - [('1', '2', '1', '1')] 
	Guard: ('a', 'true', '~c', '~d'), 
	LabelJoin: (a) & (true) & (~c) & (~d), 
	Label: a & ~c & ~d
2023-10-20 22:18:20.768 | DEBUG    | translate:union_product:309 - [('1', '2', '1', '1')] 
	Guard: ('~a', 'true', 'c', 'd'), 
	LabelJoin: (~a) & (true) & (c) & (d), 
	Label: c & d & ~a
2023-10-20 22:18:20.770 | DEBUG    | translate:union_product:309 - [('1', '2', '1', '1')] 
	Guard: ('~a', 'true', 'c', '~d'), 
	LabelJoin: (~a) & (true) & (c) & (~d), 
	Label: c & ~a & ~d
2023-10-20 22:18:20.773 | DEBUG    | translate:union_product:309 - [('1', '2', '1', '1')] 
	Guard: ('~a', 'true', '~c', 'd'), 
	LabelJoin: (~a) & (true) & (~c) & (d), 
	Label: d & ~a & ~c
2023-10-20 22:18:20.776 | DEBUG    | translate:union_product:309 - [('1', '2', '1', '1')] 
	Guard: ('~a', 'true', '~c', '~d'), 
	LabelJoin: (~a) & (true) & (~c) & (~d), 
	Label: ~a & ~c & ~d
2023-10-20 22:18:20.778 | DEBUG    | translate:union_product:309 - [('2', '2', '1', '1')] 
	Guard: ('true', 'true', 'c', 'd'), 
	LabelJoin: (true) & (true) & (c) & (d), 
	Label: c & d
2023-10-20 22:18:20.780 | DEBUG    | translate:union_product:309 - [('2', '2', '1', '1')] 
	Guard: ('true', 'true', 'c', '~d'), 
	LabelJoin: (true) & (true) & (c) & (~d), 
	Label: c & ~d
2023-10-20 22:18:20.782 | DEBUG    | translate:union_product:309 - [('2', '2', '1', '1')] 
	Guard: ('true', 'true', '~c', 'd'), 
	LabelJoin: (true) & (true) & (~c) & (d), 
	Label: d & ~c
2023-10-20 22:18:20.784 | DEBUG    | translate:union_product:309 - [('2', '2', '1', '1')] 
	Guard: ('true', 'true', '~c', '~d'), 
	LabelJoin: (true) & (true) & (~c) & (~d), 
	Label: ~c & ~d
2023-10-20 22:18:20.786 | DEBUG    | translate:union_product:309 - [('1', '2', '1', '2')] 
	Guard: ('a', 'true', 'c', 'true'), 
	LabelJoin: (a) & (true) & (c) & (true), 
	Label: a & c
2023-10-20 22:18:20.788 | DEBUG    | translate:union_product:309 - [('1', '2', '1', '2')] 
	Guard: ('a', 'true', '~c', 'true'), 
	LabelJoin: (a) & (true) & (~c) & (true), 
	Label: a & ~c
2023-10-20 22:18:20.790 | DEBUG    | translate:union_product:309 - [('1', '2', '1', '2')] 
	Guard: ('~a', 'true', 'c', 'true'), 
	LabelJoin: (~a) & (true) & (c) & (true), 
	Label: c & ~a
2023-10-20 22:18:20.792 | DEBUG    | translate:union_product:309 - [('1', '2', '1', '2')] 
	Guard: ('~a', 'true', '~c', 'true'), 
	LabelJoin: (~a) & (true) & (~c) & (true), 
	Label: ~a & ~c
2023-10-20 22:18:20.794 | DEBUG    | translate:union_product:309 - [('1', '2', '2', '1')] 
	Guard: ('a', 'true', 'true', 'd'), 
	LabelJoin: (a) & (true) & (true) & (d), 
	Label: a & d
2023-10-20 22:18:20.799 | DEBUG    | translate:union_product:309 - [('1', '2', '2', '1')] 
	Guard: ('a', 'true', 'true', '~d'), 
	LabelJoin: (a) & (true) & (true) & (~d), 
	Label: a & ~d
2023-10-20 22:18:20.801 | DEBUG    | translate:union_product:309 - [('1', '2', '2', '1')] 
	Guard: ('~a', 'true', 'true', 'd'), 
	LabelJoin: (~a) & (true) & (true) & (d), 
	Label: d & ~a
2023-10-20 22:18:20.803 | DEBUG    | translate:union_product:309 - [('1', '2', '2', '1')] 
	Guard: ('~a', 'true', 'true', '~d'), 
	LabelJoin: (~a) & (true) & (true) & (~d), 
	Label: ~a & ~d
2023-10-20 22:18:20.804 | DEBUG    | translate:union_product:309 - [('1', '2', '2', '2')] 
	Guard: ('a', 'true', 'true', 'true'), 
	LabelJoin: (a) & (true) & (true) & (true), 
	Label: a
2023-10-20 22:18:20.806 | DEBUG    | translate:union_product:309 - [('1', '2', '2', '2')] 
	Guard: ('~a', 'true', 'true', 'true'), 
	LabelJoin: (~a) & (true) & (true) & (true), 
	Label: ~a
2023-10-20 22:18:20.808 | DEBUG    | translate:union_product:309 - [('2', '1', '1', '1')] 
	Guard: ('true', 'b', 'c', 'd'), 
	LabelJoin: (true) & (b) & (c) & (d), 
	Label: b & c & d
2023-10-20 22:18:20.810 | DEBUG    | translate:union_product:309 - [('2', '1', '1', '1')] 
	Guard: ('true', 'b', 'c', '~d'), 
	LabelJoin: (true) & (b) & (c) & (~d), 
	Label: b & c & ~d
2023-10-20 22:18:20.813 | DEBUG    | translate:union_product:309 - [('2', '1', '1', '1')] 
	Guard: ('true', 'b', '~c', 'd'), 
	LabelJoin: (true) & (b) & (~c) & (d), 
	Label: b & d & ~c
2023-10-20 22:18:20.815 | DEBUG    | translate:union_product:309 - [('2', '1', '1', '1')] 
	Guard: ('true', 'b', '~c', '~d'), 
	LabelJoin: (true) & (b) & (~c) & (~d), 
	Label: b & ~c & ~d
2023-10-20 22:18:20.818 | DEBUG    | translate:union_product:309 - [('2', '1', '1', '1')] 
	Guard: ('true', '~b', 'c', 'd'), 
	LabelJoin: (true) & (~b) & (c) & (d), 
	Label: c & d & ~b
2023-10-20 22:18:20.820 | DEBUG    | translate:union_product:309 - [('2', '1', '1', '1')] 
	Guard: ('true', '~b', 'c', '~d'), 
	LabelJoin: (true) & (~b) & (c) & (~d), 
	Label: c & ~b & ~d
2023-10-20 22:18:20.823 | DEBUG    | translate:union_product:309 - [('2', '1', '1', '1')] 
	Guard: ('true', '~b', '~c', 'd'), 
	LabelJoin: (true) & (~b) & (~c) & (d), 
	Label: d & ~b & ~c
2023-10-20 22:18:20.826 | DEBUG    | translate:union_product:309 - [('2', '1', '1', '1')] 
	Guard: ('true', '~b', '~c', '~d'), 
	LabelJoin: (true) & (~b) & (~c) & (~d), 
	Label: ~b & ~c & ~d
2023-10-20 22:18:20.828 | DEBUG    | translate:union_product:309 - [('2', '1', '1', '2')] 
	Guard: ('true', 'b', 'c', 'true'), 
	LabelJoin: (true) & (b) & (c) & (true), 
	Label: b & c
2023-10-20 22:18:20.830 | DEBUG    | translate:union_product:309 - [('2', '1', '1', '2')] 
	Guard: ('true', 'b', '~c', 'true'), 
	LabelJoin: (true) & (b) & (~c) & (true), 
	Label: b & ~c
2023-10-20 22:18:20.832 | DEBUG    | translate:union_product:309 - [('2', '1', '1', '2')] 
	Guard: ('true', '~b', 'c', 'true'), 
	LabelJoin: (true) & (~b) & (c) & (true), 
	Label: c & ~b
2023-10-20 22:18:20.834 | DEBUG    | translate:union_product:309 - [('2', '1', '1', '2')] 
	Guard: ('true', '~b', '~c', 'true'), 
	LabelJoin: (true) & (~b) & (~c) & (true), 
	Label: ~b & ~c
2023-10-20 22:18:20.836 | DEBUG    | translate:union_product:309 - [('2', '1', '2', '1')] 
	Guard: ('true', 'b', 'true', 'd'), 
	LabelJoin: (true) & (b) & (true) & (d), 
	Label: b & d
2023-10-20 22:18:20.838 | DEBUG    | translate:union_product:309 - [('2', '1', '2', '1')] 
	Guard: ('true', 'b', 'true', '~d'), 
	LabelJoin: (true) & (b) & (true) & (~d), 
	Label: b & ~d
2023-10-20 22:18:20.840 | DEBUG    | translate:union_product:309 - [('2', '1', '2', '1')] 
	Guard: ('true', '~b', 'true', 'd'), 
	LabelJoin: (true) & (~b) & (true) & (d), 
	Label: d & ~b
2023-10-20 22:18:20.842 | DEBUG    | translate:union_product:309 - [('2', '1', '2', '1')] 
	Guard: ('true', '~b', 'true', '~d'), 
	LabelJoin: (true) & (~b) & (true) & (~d), 
	Label: ~b & ~d
2023-10-20 22:18:20.843 | DEBUG    | translate:union_product:309 - [('2', '1', '2', '2')] 
	Guard: ('true', 'b', 'true', 'true'), 
	LabelJoin: (true) & (b) & (true) & (true), 
	Label: b
2023-10-20 22:18:20.845 | DEBUG    | translate:union_product:309 - [('2', '1', '2', '2')] 
	Guard: ('true', '~b', 'true', 'true'), 
	LabelJoin: (true) & (~b) & (true) & (true), 
	Label: ~b
2023-10-20 22:18:20.846 | DEBUG    | translate:union_product:309 - [('2', '2', '1', '1')] 
	Guard: ('true', 'true', 'c', 'd'), 
	LabelJoin: (true) & (true) & (c) & (d), 
	Label: c & d
2023-10-20 22:18:20.848 | DEBUG    | translate:union_product:309 - [('2', '2', '1', '1')] 
	Guard: ('true', 'true', 'c', '~d'), 
	LabelJoin: (true) & (true) & (c) & (~d), 
	Label: c & ~d
2023-10-20 22:18:20.850 | DEBUG    | translate:union_product:309 - [('2', '2', '1', '1')] 
	Guard: ('true', 'true', '~c', 'd'), 
	LabelJoin: (true) & (true) & (~c) & (d), 
	Label: d & ~c
2023-10-20 22:18:20.853 | DEBUG    | translate:union_product:309 - [('2', '2', '1', '1')] 
	Guard: ('true', 'true', '~c', '~d'), 
	LabelJoin: (true) & (true) & (~c) & (~d), 
	Label: ~c & ~d
2023-10-20 22:18:20.854 | DEBUG    | translate:union_product:309 - [('2', '2', '1', '2')] 
	Guard: ('true', 'true', 'c', 'true'), 
	LabelJoin: (true) & (true) & (c) & (true), 
	Label: c
2023-10-20 22:18:20.855 | DEBUG    | translate:union_product:309 - [('2', '2', '1', '2')] 
	Guard: ('true', 'true', '~c', 'true'), 
	LabelJoin: (true) & (true) & (~c) & (true), 
	Label: ~c
2023-10-20 22:18:20.856 | DEBUG    | translate:union_product:309 - [('2', '2', '2', '1')] 
	Guard: ('true', 'true', 'true', 'd'), 
	LabelJoin: (true) & (true) & (true) & (d), 
	Label: d
2023-10-20 22:18:20.858 | DEBUG    | translate:union_product:309 - [('2', '2', '2', '1')] 
	Guard: ('true', 'true', 'true', '~d'), 
	LabelJoin: (true) & (true) & (true) & (~d), 
	Label: ~d
2023-10-20 22:18:20.859 | DEBUG    | translate:union_product:309 - [('2', '2', '2', '2')] 
	Guard: ('true', 'true', 'true', 'true'), 
	LabelJoin: (true) & (true) & (true) & (true), 
	Label: True
2023-10-20 22:18:20.861 | INFO     | translate:translate:228 - Union product DFA: 
{'final_states': {0, 1, 2, 3, 4, 5, 6, 7, 8, 9, 10, 12, 13, 14, 15},
 'init_state': 11,
 'states': {0: {'state': ('1', '1', '2', '2')},
            1: {'state': ('1', '2', '2', '1')},
            2: {'state': ('2', '1', '2', '1')},
            3: {'state': ('2', '2', '1', '1')},
            4: {'state': ('1', '1', '2', '1')},
            5: {'state': ('2', '1', '1', '2')},
            6: {'state': ('1', '2', '1', '2')},
            7: {'state': ('2', '2', '2', '1')},
            8: {'state': ('1', '1', '1', '2')},
            9: {'state': ('1', '2', '1', '1')},
            10: {'state': ('2', '1', '1', '1')},
            11: {'state': ('1', '1', '1', '1')},
            12: {'state': ('2', '1', '2', '2')},
            13: {'state': ('1', '2', '2', '2')},
            14: {'state': ('2', '2', '2', '2')},
            15: {'state': ('2', '2', '1', '2')}},
 'transitions': {0: {'!a & !b': 0, 'a & !b': 12, 'a & b': 14, 'b & !a': 13},
                 1: {'!a & !d': 1, 'a & !d': 7, 'a & d': 14, 'd & !a': 13},
                 2: {'!b & !d': 2, 'b & !d': 7, 'b & d': 14, 'd & !b': 12},
                 3: {'!c & !d': 3, 'c & !d': 7, 'c & d': 14, 'd & !c': 15},
                 4: {'!a & !b & !d': 4,
                     'a & !b & !d': 2,
                     'a & b & !d': 7,
                     'a & b & d': 14,
                     'a & d & !b': 12,
                     'b & !a & !d': 1,
                     'b & d & !a': 13,
                     'd & !a & !b': 0},
                 5: {'!b & !c': 5, 'b & !c': 15, 'b & c': 14, 'c & !b': 12},
                 6: {'!a & !c': 6, 'a & !c': 15, 'a & c': 14, 'c & !a': 13},
                 7: {'!d': 7, 'd': 14},
                 8: {'!a & !b & !c': 8,
                     'a & !b & !c': 5,
                     'a & b & !c': 15,
                     'a & b & c': 14,
                     'a & c & !b': 12,
                     'b & !a & !c': 6,
                     'b & c & !a': 13,
                     'c & !a & !b': 0},
                 9: {'!a & !c & !d': 9,
                     'a & !c & !d': 3,
                     'a & c & !d': 7,
                     'a & c & d': 14,
                     'a & d & !c': 15,
                     'c & !a & !d': 1,
                     'c & d & !a': 13,
                     'd & !a & !c': 6},
                 10: {'!b & !c & !d': 10,
                      'b & !c & !d': 3,
                      'b & c & !d': 7,
                      'b & c & d': 14,
                      'b & d & !c': 15,
                      'c & !b & !d': 2,
                      'c & d & !b': 12,
                      'd & !b & !c': 5},
                 11: {'!a & !b & !c & !d': 11,
                      'a & !b & !c & !d': 10,
                      'a & b & !c & !d': 3,
                      'a & b & c & !d': 7,
                      'a & b & c & d': 14,
                      'a & b & d & !c': 15,
                      'a & c & !b & !d': 2,
                      'a & c & d & !b': 12,
                      'a & d & !b & !c': 5,
                      'b & !a & !c & !d': 9,
                      'b & c & !a & !d': 1,
                      'b & c & d & !a': 13,
                      'b & d & !a & !c': 6,
                      'c & !a & !b & !d': 4,
                      'c & d & !a & !b': 0,
                      'd & !a & !b & !c': 8},
                 12: {'!b': 12, 'b': 14},
                 13: {'!a': 13, 'a': 14},
                 14: {'true': 14},
                 15: {'!c': 15, 'c': 14}}}
2023-10-20 22:18:20.861 | DEBUG    | translate:construct_pref_graph:360 - outcomes(('1', '1', '2', '2'))={2, 3}
2023-10-20 22:18:20.862 | DEBUG    | translate:construct_pref_graph:363 - get_mp_outcomes({2, 3}, [(0, 0), (1, 1), (2, 2), (0, 2), (0, 1), (0, 3), (3, 3)])={2, 3}
2023-10-20 22:18:20.862 | DEBUG    | translate:construct_pref_graph:360 - outcomes(('1', '2', '2', '1'))={1, 2}
2023-10-20 22:18:20.863 | DEBUG    | translate:construct_pref_graph:363 - get_mp_outcomes({1, 2}, [(0, 0), (1, 1), (2, 2), (0, 2), (0, 1), (0, 3), (3, 3)])={1, 2}
2023-10-20 22:18:20.863 | DEBUG    | translate:construct_pref_graph:360 - outcomes(('2', '1', '2', '1'))={0, 2}
2023-10-20 22:18:20.864 | DEBUG    | translate:construct_pref_graph:363 - get_mp_outcomes({0, 2}, [(0, 0), (1, 1), (2, 2), (0, 2), (0, 1), (0, 3), (3, 3)])={0}
2023-10-20 22:18:20.864 | DEBUG    | translate:construct_pref_graph:360 - outcomes(('2', '2', '1', '1'))={0, 1}
2023-10-20 22:18:20.865 | DEBUG    | translate:construct_pref_graph:363 - get_mp_outcomes({0, 1}, [(0, 0), (1, 1), (2, 2), (0, 2), (0, 1), (0, 3), (3, 3)])={0}
2023-10-20 22:18:20.865 | DEBUG    | translate:construct_pref_graph:360 - outcomes(('1', '1', '2', '1'))={2}
2023-10-20 22:18:20.866 | DEBUG    | translate:construct_pref_graph:363 - get_mp_outcomes({2}, [(0, 0), (1, 1), (2, 2), (0, 2), (0, 1), (0, 3), (3, 3)])={2}
2023-10-20 22:18:20.866 | DEBUG    | translate:construct_pref_graph:360 - outcomes(('2', '1', '1', '2'))={0, 3}
2023-10-20 22:18:20.867 | DEBUG    | translate:construct_pref_graph:363 - get_mp_outcomes({0, 3}, [(0, 0), (1, 1), (2, 2), (0, 2), (0, 1), (0, 3), (3, 3)])={0}
2023-10-20 22:18:20.867 | DEBUG    | translate:construct_pref_graph:360 - outcomes(('1', '2', '1', '2'))={1, 3}
2023-10-20 22:18:20.868 | DEBUG    | translate:construct_pref_graph:363 - get_mp_outcomes({1, 3}, [(0, 0), (1, 1), (2, 2), (0, 2), (0, 1), (0, 3), (3, 3)])={1, 3}
2023-10-20 22:18:20.868 | DEBUG    | translate:construct_pref_graph:360 - outcomes(('2', '2', '2', '1'))={0, 1, 2}
2023-10-20 22:18:20.869 | DEBUG    | translate:construct_pref_graph:363 - get_mp_outcomes({0, 1, 2}, [(0, 0), (1, 1), (2, 2), (0, 2), (0, 1), (0, 3), (3, 3)])={0}
2023-10-20 22:18:20.869 | DEBUG    | translate:construct_pref_graph:360 - outcomes(('1', '1', '1', '2'))={3}
2023-10-20 22:18:20.870 | DEBUG    | translate:construct_pref_graph:363 - get_mp_outcomes({3}, [(0, 0), (1, 1), (2, 2), (0, 2), (0, 1), (0, 3), (3, 3)])={3}
2023-10-20 22:18:20.870 | DEBUG    | translate:construct_pref_graph:360 - outcomes(('1', '2', '1', '1'))={1}
2023-10-20 22:18:20.871 | DEBUG    | translate:construct_pref_graph:363 - get_mp_outcomes({1}, [(0, 0), (1, 1), (2, 2), (0, 2), (0, 1), (0, 3), (3, 3)])={1}
2023-10-20 22:18:20.871 | DEBUG    | translate:construct_pref_graph:360 - outcomes(('2', '1', '1', '1'))={0}
2023-10-20 22:18:20.871 | DEBUG    | translate:construct_pref_graph:363 - get_mp_outcomes({0}, [(0, 0), (1, 1), (2, 2), (0, 2), (0, 1), (0, 3), (3, 3)])={0}
2023-10-20 22:18:20.872 | DEBUG    | translate:construct_pref_graph:360 - outcomes(('2', '1', '2', '2'))={0, 2, 3}
2023-10-20 22:18:20.872 | DEBUG    | translate:construct_pref_graph:363 - get_mp_outcomes({0, 2, 3}, [(0, 0), (1, 1), (2, 2), (0, 2), (0, 1), (0, 3), (3, 3)])={0}
2023-10-20 22:18:20.873 | DEBUG    | translate:construct_pref_graph:360 - outcomes(('1', '2', '2', '2'))={1, 2, 3}
2023-10-20 22:18:20.873 | DEBUG    | translate:construct_pref_graph:363 - get_mp_outcomes({1, 2, 3}, [(0, 0), (1, 1), (2, 2), (0, 2), (0, 1), (0, 3), (3, 3)])={1, 2, 3}
2023-10-20 22:18:20.874 | DEBUG    | translate:construct_pref_graph:360 - outcomes(('2', '2', '2', '2'))={0, 1, 2, 3}
2023-10-20 22:18:20.874 | DEBUG    | translate:construct_pref_graph:363 - get_mp_outcomes({0, 1, 2, 3}, [(0, 0), (1, 1), (2, 2), (0, 2), (0, 1), (0, 3), (3, 3)])={0}
2023-10-20 22:18:20.875 | DEBUG    | translate:construct_pref_graph:360 - outcomes(('2', '2', '1', '2'))={0, 1, 3}
2023-10-20 22:18:20.876 | DEBUG    | translate:construct_pref_graph:363 - get_mp_outcomes({0, 1, 3}, [(0, 0), (1, 1), (2, 2), (0, 2), (0, 1), (0, 3), (3, 3)])={0}
2023-10-20 22:18:20.878 | INFO     | translate:translate:231 - Preference graph: 
{'edges': {'(0, 0, 0, 0)': {'(0, 0, 0, 0)',
                            '(0, 0, 0, 1)',
                            '(0, 0, 1, 0)',
                            '(0, 0, 1, 1)',
                            '(0, 1, 0, 0)',
                            '(0, 1, 0, 1)',
                            '(0, 1, 1, 0)',
                            '(0, 1, 1, 1)',
                            '(1, 0, 0, 0)'},
           '(0, 0, 0, 1)': {'(1, 0, 0, 0)', '(0, 0, 0, 1)'},
           '(0, 0, 1, 0)': {'(1, 0, 0, 0)', '(0, 0, 1, 0)'},
           '(0, 0, 1, 1)': {'(1, 0, 0, 0)', '(0, 0, 1, 1)'},
           '(0, 1, 0, 0)': {'(1, 0, 0, 0)', '(0, 1, 0, 0)'},
           '(0, 1, 0, 1)': {'(1, 0, 0, 0)', '(0, 1, 0, 1)'},
           '(0, 1, 1, 0)': {'(1, 0, 0, 0)', '(0, 1, 1, 0)'},
           '(0, 1, 1, 1)': {'(1, 0, 0, 0)', '(0, 1, 1, 1)'},
           '(1, 0, 0, 0)': {'(1, 0, 0, 0)'}},
 'nodes': {'(0, 0, 0, 0)': {11},
           '(0, 0, 0, 1)': {8},
           '(0, 0, 1, 0)': {4},
           '(0, 0, 1, 1)': {0},
           '(0, 1, 0, 0)': {9},
           '(0, 1, 0, 1)': {6},
           '(0, 1, 1, 0)': {1},
           '(0, 1, 1, 1)': {13},
           '(1, 0, 0, 0)': {2, 3, 5, 7, 10, 12, 14, 15}}}
2023-10-20 22:18:21.294 | INFO     | app:update_images:215 - ====== TRANSLATION COMPLETED IN 803.3438 MILLISECONDS =====
2023-10-20 22:18:21.298 | INFO     | app:update_images:216 - States:
{0: {'state': ('1', '1', '2', '2')},
 1: {'state': ('1', '2', '2', '1')},
 2: {'state': ('2', '1', '2', '1')},
 3: {'state': ('2', '2', '1', '1')},
 4: {'state': ('1', '1', '2', '1')},
 5: {'state': ('2', '1', '1', '2')},
 6: {'state': ('1', '2', '1', '2')},
 7: {'state': ('2', '2', '2', '1')},
 8: {'state': ('1', '1', '1', '2')},
 9: {'state': ('1', '2', '1', '1')},
 10: {'state': ('2', '1', '1', '1')},
 11: {'state': ('1', '1', '1', '1')},
 12: {'state': ('2', '1', '2', '2')},
 13: {'state': ('1', '2', '2', '2')},
 14: {'state': ('2', '2', '2', '2')},
 15: {'state': ('2', '2', '1', '2')}}

Alphabet:
['a', 'b', 'd', 'c']

Transitions:
{0: {'!a & !b': 0, 'a & !b': 12, 'a & b': 14, 'b & !a': 13},
 1: {'!a & !d': 1, 'a & !d': 7, 'a & d': 14, 'd & !a': 13},
 2: {'!b & !d': 2, 'b & !d': 7, 'b & d': 14, 'd & !b': 12},
 3: {'!c & !d': 3, 'c & !d': 7, 'c & d': 14, 'd & !c': 15},
 4: {'!a & !b & !d': 4,
     'a & !b & !d': 2,
     'a & b & !d': 7,
     'a & b & d': 14,
     'a & d & !b': 12,
     'b & !a & !d': 1,
     'b & d & !a': 13,
     'd & !a & !b': 0},
 5: {'!b & !c': 5, 'b & !c': 15, 'b & c': 14, 'c & !b': 12},
 6: {'!a & !c': 6, 'a & !c': 15, 'a & c': 14, 'c & !a': 13},
 7: {'!d': 7, 'd': 14},
 8: {'!a & !b & !c': 8,
     'a & !b & !c': 5,
     'a & b & !c': 15,
     'a & b & c': 14,
     'a & c & !b': 12,
     'b & !a & !c': 6,
     'b & c & !a': 13,
     'c & !a & !b': 0},
 9: {'!a & !c & !d': 9,
     'a & !c & !d': 3,
     'a & c & !d': 7,
     'a & c & d': 14,
     'a & d & !c': 15,
     'c & !a & !d': 1,
     'c & d & !a': 13,
     'd & !a & !c': 6},
 10: {'!b & !c & !d': 10,
      'b & !c & !d': 3,
      'b & c & !d': 7,
      'b & c & d': 14,
      'b & d & !c': 15,
      'c & !b & !d': 2,
      'c & d & !b': 12,
      'd & !b & !c': 5},
 11: {'!a & !b & !c & !d': 11,
      'a & !b & !c & !d': 10,
      'a & b & !c & !d': 3,
      'a & b & c & !d': 7,
      'a & b & c & d': 14,
      'a & b & d & !c': 15,
      'a & c & !b & !d': 2,
      'a & c & d & !b': 12,
      'a & d & !b & !c': 5,
      'b & !a & !c & !d': 9,
      'b & c & !a & !d': 1,
      'b & c & d & !a': 13,
      'b & d & !a & !c': 6,
      'c & !a & !b & !d': 4,
      'c & d & !a & !b': 0,
      'd & !a & !b & !c': 8},
 12: {'!b': 12, 'b': 14},
 13: {'!a': 13, 'a': 14},
 14: {'true': 14},
 15: {'!c': 15, 'c': 14}}

Initial state:
11

Preference graph:
{'edges': {'(0, 0, 0, 0)': {'(0, 0, 0, 0)',
                            '(0, 0, 0, 1)',
                            '(0, 0, 1, 0)',
                            '(0, 0, 1, 1)',
                            '(0, 1, 0, 0)',
                            '(0, 1, 0, 1)',
                            '(0, 1, 1, 0)',
                            '(0, 1, 1, 1)',
                            '(1, 0, 0, 0)'},
           '(0, 0, 0, 1)': {'(1, 0, 0, 0)', '(0, 0, 0, 1)'},
           '(0, 0, 1, 0)': {'(1, 0, 0, 0)', '(0, 0, 1, 0)'},
           '(0, 0, 1, 1)': {'(1, 0, 0, 0)', '(0, 0, 1, 1)'},
           '(0, 1, 0, 0)': {'(1, 0, 0, 0)', '(0, 1, 0, 0)'},
           '(0, 1, 0, 1)': {'(1, 0, 0, 0)', '(0, 1, 0, 1)'},
           '(0, 1, 1, 0)': {'(1, 0, 0, 0)', '(0, 1, 1, 0)'},
           '(0, 1, 1, 1)': {'(1, 0, 0, 0)', '(0, 1, 1, 1)'},
           '(1, 0, 0, 0)': {'(1, 0, 0, 0)'}},
 'nodes': {'(0, 0, 0, 0)': {11},
           '(0, 0, 0, 1)': {8},
           '(0, 0, 1, 0)': {4},
           '(0, 0, 1, 1)': {0},
           '(0, 1, 0, 0)': {9},
           '(0, 1, 0, 1)': {6},
           '(0, 1, 1, 0)': {1},
           '(0, 1, 1, 1)': {13},
           '(1, 0, 0, 0)': {2, 3, 5, 7, 10, 12, 14, 15}}}


