2023-10-25 14:47:35.619 | DEBUG    | translate:build_prefltlf_model:109 - Constructed preorder except incomparability: 
{(F(a), F(c)), (F(a), F(d)), (F(a), F(b))}
2023-10-25 14:47:35.620 | DEBUG    | translate:build_prefltlf_model:123 - Constructed preorder: 
{(F(a), F(c)), (F(a), F(d)), (F(a), F(b))}
2023-10-25 14:47:35.621 | DEBUG    | translate:build_prefltlf_model:138 - Reflexive closure of preorder: 
[('F(d)', 'F(d)'),
 ('F(b)', 'F(b)'),
 ('F(a)', 'F(b)'),
 ('F(a)', 'F(c)'),
 ('F(c)', 'F(c)'),
 ('F(a)', 'F(d)'),
 ('F(a)', 'F(a)')]
2023-10-25 14:47:35.624 | DEBUG    | translate:build_prefltlf_model:142 - Transitive closure of preorder: 
[('F(d)', 'F(d)'),
 ('F(b)', 'F(b)'),
 ('F(a)', 'F(b)'),
 ('F(a)', 'F(c)'),
 ('F(c)', 'F(c)'),
 ('F(a)', 'F(a)'),
 ('F(a)', 'F(d)')]
2023-10-25 14:47:35.626 | INFO     | app:update_images:156 - Model: 
Atoms:
	['c', 'a', 'b', 'd']
Phi:
	F(a)
	F(b)
	F(c)
	F(d)
Preorder:
	F(d) >= F(d)
	F(b) >= F(b)
	F(a) >= F(b)
	F(a) >= F(c)
	F(c) >= F(c)
	F(a) >= F(a)
	F(a) >= F(d)

2023-10-25 14:47:35.652 | INFO     | translate:translate:221 - DFA(F(a)): 
{'final_states': {'2'},
 'init_state': '1',
 'states': {'1', '2'},
 'transitions': {'1': {'a': '2', '~a': '1'}, '2': {'true': '2'}}}
2023-10-25 14:47:35.674 | INFO     | translate:translate:221 - DFA(F(b)): 
{'final_states': {'2'},
 'init_state': '1',
 'states': {'1', '2'},
 'transitions': {'1': {'b': '2', '~b': '1'}, '2': {'true': '2'}}}
2023-10-25 14:47:35.695 | INFO     | translate:translate:221 - DFA(F(c)): 
{'final_states': {'2'},
 'init_state': '1',
 'states': {'1', '2'},
 'transitions': {'1': {'c': '2', '~c': '1'}, '2': {'true': '2'}}}
2023-10-25 14:47:35.716 | INFO     | translate:translate:221 - DFA(F(d)): 
{'final_states': {'2'},
 'init_state': '1',
 'states': {'1', '2'},
 'transitions': {'1': {'d': '2', '~d': '1'}, '2': {'true': '2'}}}
2023-10-25 14:47:35.994 | DEBUG    | translate:union_product:309 - [('1', '1', '1', '1')] 
	Guard: ('a', 'b', 'c', 'd'), 
	LabelJoin: (a) & (b) & (c) & (d), 
	Label: a & b & c & d
2023-10-25 14:47:36.014 | DEBUG    | translate:union_product:309 - [('1', '1', '1', '1')] 
	Guard: ('a', 'b', 'c', '~d'), 
	LabelJoin: (a) & (b) & (c) & (~d), 
	Label: a & b & c & ~d
2023-10-25 14:47:36.026 | DEBUG    | translate:union_product:309 - [('1', '1', '1', '1')] 
	Guard: ('a', 'b', '~c', 'd'), 
	LabelJoin: (a) & (b) & (~c) & (d), 
	Label: a & b & d & ~c
2023-10-25 14:47:36.039 | DEBUG    | translate:union_product:309 - [('1', '1', '1', '1')] 
	Guard: ('a', 'b', '~c', '~d'), 
	LabelJoin: (a) & (b) & (~c) & (~d), 
	Label: a & b & ~c & ~d
2023-10-25 14:47:36.050 | DEBUG    | translate:union_product:309 - [('1', '1', '1', '1')] 
	Guard: ('a', '~b', 'c', 'd'), 
	LabelJoin: (a) & (~b) & (c) & (d), 
	Label: a & c & d & ~b
2023-10-25 14:47:36.064 | DEBUG    | translate:union_product:309 - [('1', '1', '1', '1')] 
	Guard: ('a', '~b', 'c', '~d'), 
	LabelJoin: (a) & (~b) & (c) & (~d), 
	Label: a & c & ~b & ~d
2023-10-25 14:47:36.077 | DEBUG    | translate:union_product:309 - [('1', '1', '1', '1')] 
	Guard: ('a', '~b', '~c', 'd'), 
	LabelJoin: (a) & (~b) & (~c) & (d), 
	Label: a & d & ~b & ~c
2023-10-25 14:47:36.090 | DEBUG    | translate:union_product:309 - [('1', '1', '1', '1')] 
	Guard: ('a', '~b', '~c', '~d'), 
	LabelJoin: (a) & (~b) & (~c) & (~d), 
	Label: a & ~b & ~c & ~d
2023-10-25 14:47:36.102 | DEBUG    | translate:union_product:309 - [('1', '1', '1', '1')] 
	Guard: ('~a', 'b', 'c', 'd'), 
	LabelJoin: (~a) & (b) & (c) & (d), 
	Label: b & c & d & ~a
2023-10-25 14:47:36.116 | DEBUG    | translate:union_product:309 - [('1', '1', '1', '1')] 
	Guard: ('~a', 'b', 'c', '~d'), 
	LabelJoin: (~a) & (b) & (c) & (~d), 
	Label: b & c & ~a & ~d
2023-10-25 14:47:36.129 | DEBUG    | translate:union_product:309 - [('1', '1', '1', '1')] 
	Guard: ('~a', 'b', '~c', 'd'), 
	LabelJoin: (~a) & (b) & (~c) & (d), 
	Label: b & d & ~a & ~c
2023-10-25 14:47:36.142 | DEBUG    | translate:union_product:309 - [('1', '1', '1', '1')] 
	Guard: ('~a', 'b', '~c', '~d'), 
	LabelJoin: (~a) & (b) & (~c) & (~d), 
	Label: b & ~a & ~c & ~d
2023-10-25 14:47:36.158 | DEBUG    | translate:union_product:309 - [('1', '1', '1', '1')] 
	Guard: ('~a', '~b', 'c', 'd'), 
	LabelJoin: (~a) & (~b) & (c) & (d), 
	Label: c & d & ~a & ~b
2023-10-25 14:47:36.171 | DEBUG    | translate:union_product:309 - [('1', '1', '1', '1')] 
	Guard: ('~a', '~b', 'c', '~d'), 
	LabelJoin: (~a) & (~b) & (c) & (~d), 
	Label: c & ~a & ~b & ~d
2023-10-25 14:47:36.185 | DEBUG    | translate:union_product:309 - [('1', '1', '1', '1')] 
	Guard: ('~a', '~b', '~c', 'd'), 
	LabelJoin: (~a) & (~b) & (~c) & (d), 
	Label: d & ~a & ~b & ~c
2023-10-25 14:47:36.200 | DEBUG    | translate:union_product:309 - [('1', '1', '1', '1')] 
	Guard: ('~a', '~b', '~c', '~d'), 
	LabelJoin: (~a) & (~b) & (~c) & (~d), 
	Label: ~a & ~b & ~c & ~d
2023-10-25 14:47:36.208 | DEBUG    | translate:union_product:309 - [('1', '1', '1', '2')] 
	Guard: ('a', 'b', 'c', 'true'), 
	LabelJoin: (a) & (b) & (c) & (true), 
	Label: a & b & c
2023-10-25 14:47:36.216 | DEBUG    | translate:union_product:309 - [('1', '1', '1', '2')] 
	Guard: ('a', 'b', '~c', 'true'), 
	LabelJoin: (a) & (b) & (~c) & (true), 
	Label: a & b & ~c
2023-10-25 14:47:36.224 | DEBUG    | translate:union_product:309 - [('1', '1', '1', '2')] 
	Guard: ('a', '~b', 'c', 'true'), 
	LabelJoin: (a) & (~b) & (c) & (true), 
	Label: a & c & ~b
2023-10-25 14:47:36.233 | DEBUG    | translate:union_product:309 - [('1', '1', '1', '2')] 
	Guard: ('a', '~b', '~c', 'true'), 
	LabelJoin: (a) & (~b) & (~c) & (true), 
	Label: a & ~b & ~c
2023-10-25 14:47:36.240 | DEBUG    | translate:union_product:309 - [('1', '1', '1', '2')] 
	Guard: ('~a', 'b', 'c', 'true'), 
	LabelJoin: (~a) & (b) & (c) & (true), 
	Label: b & c & ~a
2023-10-25 14:47:36.249 | DEBUG    | translate:union_product:309 - [('1', '1', '1', '2')] 
	Guard: ('~a', 'b', '~c', 'true'), 
	LabelJoin: (~a) & (b) & (~c) & (true), 
	Label: b & ~a & ~c
2023-10-25 14:47:36.259 | DEBUG    | translate:union_product:309 - [('1', '1', '1', '2')] 
	Guard: ('~a', '~b', 'c', 'true'), 
	LabelJoin: (~a) & (~b) & (c) & (true), 
	Label: c & ~a & ~b
2023-10-25 14:47:36.269 | DEBUG    | translate:union_product:309 - [('1', '1', '1', '2')] 
	Guard: ('~a', '~b', '~c', 'true'), 
	LabelJoin: (~a) & (~b) & (~c) & (true), 
	Label: ~a & ~b & ~c
2023-10-25 14:47:36.274 | DEBUG    | translate:union_product:309 - [('1', '1', '2', '2')] 
	Guard: ('a', 'b', 'true', 'true'), 
	LabelJoin: (a) & (b) & (true) & (true), 
	Label: a & b
2023-10-25 14:47:36.279 | DEBUG    | translate:union_product:309 - [('1', '1', '2', '2')] 
	Guard: ('a', '~b', 'true', 'true'), 
	LabelJoin: (a) & (~b) & (true) & (true), 
	Label: a & ~b
2023-10-25 14:47:36.285 | DEBUG    | translate:union_product:309 - [('1', '1', '2', '2')] 
	Guard: ('~a', 'b', 'true', 'true'), 
	LabelJoin: (~a) & (b) & (true) & (true), 
	Label: b & ~a
2023-10-25 14:47:36.292 | DEBUG    | translate:union_product:309 - [('1', '1', '2', '2')] 
	Guard: ('~a', '~b', 'true', 'true'), 
	LabelJoin: (~a) & (~b) & (true) & (true), 
	Label: ~a & ~b
2023-10-25 14:47:36.295 | DEBUG    | translate:union_product:309 - [('1', '2', '2', '2')] 
	Guard: ('a', 'true', 'true', 'true'), 
	LabelJoin: (a) & (true) & (true) & (true), 
	Label: a
2023-10-25 14:47:36.297 | DEBUG    | translate:union_product:309 - [('1', '2', '2', '2')] 
	Guard: ('~a', 'true', 'true', 'true'), 
	LabelJoin: (~a) & (true) & (true) & (true), 
	Label: ~a
2023-10-25 14:47:36.300 | DEBUG    | translate:union_product:309 - [('2', '2', '2', '2')] 
	Guard: ('true', 'true', 'true', 'true'), 
	LabelJoin: (true) & (true) & (true) & (true), 
	Label: True
2023-10-25 14:47:36.302 | DEBUG    | translate:union_product:309 - [('2', '1', '2', '2')] 
	Guard: ('true', 'b', 'true', 'true'), 
	LabelJoin: (true) & (b) & (true) & (true), 
	Label: b
2023-10-25 14:47:36.305 | DEBUG    | translate:union_product:309 - [('2', '1', '2', '2')] 
	Guard: ('true', '~b', 'true', 'true'), 
	LabelJoin: (true) & (~b) & (true) & (true), 
	Label: ~b
2023-10-25 14:47:36.307 | DEBUG    | translate:union_product:309 - [('2', '2', '2', '2')] 
	Guard: ('true', 'true', 'true', 'true'), 
	LabelJoin: (true) & (true) & (true) & (true), 
	Label: True
2023-10-25 14:47:36.312 | DEBUG    | translate:union_product:309 - [('1', '2', '1', '2')] 
	Guard: ('a', 'true', 'c', 'true'), 
	LabelJoin: (a) & (true) & (c) & (true), 
	Label: a & c
2023-10-25 14:47:36.319 | DEBUG    | translate:union_product:309 - [('1', '2', '1', '2')] 
	Guard: ('a', 'true', '~c', 'true'), 
	LabelJoin: (a) & (true) & (~c) & (true), 
	Label: a & ~c
2023-10-25 14:47:36.325 | DEBUG    | translate:union_product:309 - [('1', '2', '1', '2')] 
	Guard: ('~a', 'true', 'c', 'true'), 
	LabelJoin: (~a) & (true) & (c) & (true), 
	Label: c & ~a
2023-10-25 14:47:36.332 | DEBUG    | translate:union_product:309 - [('1', '2', '1', '2')] 
	Guard: ('~a', 'true', '~c', 'true'), 
	LabelJoin: (~a) & (true) & (~c) & (true), 
	Label: ~a & ~c
2023-10-25 14:47:36.334 | DEBUG    | translate:union_product:309 - [('2', '2', '1', '2')] 
	Guard: ('true', 'true', 'c', 'true'), 
	LabelJoin: (true) & (true) & (c) & (true), 
	Label: c
2023-10-25 14:47:36.337 | DEBUG    | translate:union_product:309 - [('2', '2', '1', '2')] 
	Guard: ('true', 'true', '~c', 'true'), 
	LabelJoin: (true) & (true) & (~c) & (true), 
	Label: ~c
2023-10-25 14:47:36.339 | DEBUG    | translate:union_product:309 - [('1', '2', '2', '2')] 
	Guard: ('a', 'true', 'true', 'true'), 
	LabelJoin: (a) & (true) & (true) & (true), 
	Label: a
2023-10-25 14:47:36.342 | DEBUG    | translate:union_product:309 - [('1', '2', '2', '2')] 
	Guard: ('~a', 'true', 'true', 'true'), 
	LabelJoin: (~a) & (true) & (true) & (true), 
	Label: ~a
2023-10-25 14:47:36.347 | DEBUG    | translate:union_product:309 - [('2', '1', '1', '2')] 
	Guard: ('true', 'b', 'c', 'true'), 
	LabelJoin: (true) & (b) & (c) & (true), 
	Label: b & c
2023-10-25 14:47:36.352 | DEBUG    | translate:union_product:309 - [('2', '1', '1', '2')] 
	Guard: ('true', 'b', '~c', 'true'), 
	LabelJoin: (true) & (b) & (~c) & (true), 
	Label: b & ~c
2023-10-25 14:47:36.358 | DEBUG    | translate:union_product:309 - [('2', '1', '1', '2')] 
	Guard: ('true', '~b', 'c', 'true'), 
	LabelJoin: (true) & (~b) & (c) & (true), 
	Label: c & ~b
2023-10-25 14:47:36.373 | DEBUG    | translate:union_product:309 - [('2', '1', '1', '2')] 
	Guard: ('true', '~b', '~c', 'true'), 
	LabelJoin: (true) & (~b) & (~c) & (true), 
	Label: ~b & ~c
2023-10-25 14:47:36.376 | DEBUG    | translate:union_product:309 - [('2', '1', '2', '2')] 
	Guard: ('true', 'b', 'true', 'true'), 
	LabelJoin: (true) & (b) & (true) & (true), 
	Label: b
2023-10-25 14:47:36.382 | DEBUG    | translate:union_product:309 - [('2', '1', '2', '2')] 
	Guard: ('true', '~b', 'true', 'true'), 
	LabelJoin: (true) & (~b) & (true) & (true), 
	Label: ~b
2023-10-25 14:47:36.384 | DEBUG    | translate:union_product:309 - [('2', '2', '1', '2')] 
	Guard: ('true', 'true', 'c', 'true'), 
	LabelJoin: (true) & (true) & (c) & (true), 
	Label: c
2023-10-25 14:47:36.387 | DEBUG    | translate:union_product:309 - [('2', '2', '1', '2')] 
	Guard: ('true', 'true', '~c', 'true'), 
	LabelJoin: (true) & (true) & (~c) & (true), 
	Label: ~c
2023-10-25 14:47:36.389 | DEBUG    | translate:union_product:309 - [('2', '2', '2', '2')] 
	Guard: ('true', 'true', 'true', 'true'), 
	LabelJoin: (true) & (true) & (true) & (true), 
	Label: True
2023-10-25 14:47:36.396 | DEBUG    | translate:union_product:309 - [('1', '1', '2', '1')] 
	Guard: ('a', 'b', 'true', 'd'), 
	LabelJoin: (a) & (b) & (true) & (d), 
	Label: a & b & d
2023-10-25 14:47:36.406 | DEBUG    | translate:union_product:309 - [('1', '1', '2', '1')] 
	Guard: ('a', 'b', 'true', '~d'), 
	LabelJoin: (a) & (b) & (true) & (~d), 
	Label: a & b & ~d
2023-10-25 14:47:36.416 | DEBUG    | translate:union_product:309 - [('1', '1', '2', '1')] 
	Guard: ('a', '~b', 'true', 'd'), 
	LabelJoin: (a) & (~b) & (true) & (d), 
	Label: a & d & ~b
2023-10-25 14:47:36.424 | DEBUG    | translate:union_product:309 - [('1', '1', '2', '1')] 
	Guard: ('a', '~b', 'true', '~d'), 
	LabelJoin: (a) & (~b) & (true) & (~d), 
	Label: a & ~b & ~d
2023-10-25 14:47:36.432 | DEBUG    | translate:union_product:309 - [('1', '1', '2', '1')] 
	Guard: ('~a', 'b', 'true', 'd'), 
	LabelJoin: (~a) & (b) & (true) & (d), 
	Label: b & d & ~a
2023-10-25 14:47:36.441 | DEBUG    | translate:union_product:309 - [('1', '1', '2', '1')] 
	Guard: ('~a', 'b', 'true', '~d'), 
	LabelJoin: (~a) & (b) & (true) & (~d), 
	Label: b & ~a & ~d
2023-10-25 14:47:36.453 | DEBUG    | translate:union_product:309 - [('1', '1', '2', '1')] 
	Guard: ('~a', '~b', 'true', 'd'), 
	LabelJoin: (~a) & (~b) & (true) & (d), 
	Label: d & ~a & ~b
2023-10-25 14:47:36.466 | DEBUG    | translate:union_product:309 - [('1', '1', '2', '1')] 
	Guard: ('~a', '~b', 'true', '~d'), 
	LabelJoin: (~a) & (~b) & (true) & (~d), 
	Label: ~a & ~b & ~d
2023-10-25 14:47:36.471 | DEBUG    | translate:union_product:309 - [('1', '2', '2', '1')] 
	Guard: ('a', 'true', 'true', 'd'), 
	LabelJoin: (a) & (true) & (true) & (d), 
	Label: a & d
2023-10-25 14:47:36.477 | DEBUG    | translate:union_product:309 - [('1', '2', '2', '1')] 
	Guard: ('a', 'true', 'true', '~d'), 
	LabelJoin: (a) & (true) & (true) & (~d), 
	Label: a & ~d
2023-10-25 14:47:36.483 | DEBUG    | translate:union_product:309 - [('1', '2', '2', '1')] 
	Guard: ('~a', 'true', 'true', 'd'), 
	LabelJoin: (~a) & (true) & (true) & (d), 
	Label: d & ~a
2023-10-25 14:47:36.490 | DEBUG    | translate:union_product:309 - [('1', '2', '2', '1')] 
	Guard: ('~a', 'true', 'true', '~d'), 
	LabelJoin: (~a) & (true) & (true) & (~d), 
	Label: ~a & ~d
2023-10-25 14:47:36.493 | DEBUG    | translate:union_product:309 - [('2', '2', '2', '1')] 
	Guard: ('true', 'true', 'true', 'd'), 
	LabelJoin: (true) & (true) & (true) & (d), 
	Label: d
2023-10-25 14:47:36.496 | DEBUG    | translate:union_product:309 - [('2', '2', '2', '1')] 
	Guard: ('true', 'true', 'true', '~d'), 
	LabelJoin: (true) & (true) & (true) & (~d), 
	Label: ~d
2023-10-25 14:47:36.501 | DEBUG    | translate:union_product:309 - [('2', '1', '2', '1')] 
	Guard: ('true', 'b', 'true', 'd'), 
	LabelJoin: (true) & (b) & (true) & (d), 
	Label: b & d
2023-10-25 14:47:36.507 | DEBUG    | translate:union_product:309 - [('2', '1', '2', '1')] 
	Guard: ('true', 'b', 'true', '~d'), 
	LabelJoin: (true) & (b) & (true) & (~d), 
	Label: b & ~d
2023-10-25 14:47:36.515 | DEBUG    | translate:union_product:309 - [('2', '1', '2', '1')] 
	Guard: ('true', '~b', 'true', 'd'), 
	LabelJoin: (true) & (~b) & (true) & (d), 
	Label: d & ~b
2023-10-25 14:47:36.523 | DEBUG    | translate:union_product:309 - [('2', '1', '2', '1')] 
	Guard: ('true', '~b', 'true', '~d'), 
	LabelJoin: (true) & (~b) & (true) & (~d), 
	Label: ~b & ~d
2023-10-25 14:47:36.525 | DEBUG    | translate:union_product:309 - [('2', '2', '2', '1')] 
	Guard: ('true', 'true', 'true', 'd'), 
	LabelJoin: (true) & (true) & (true) & (d), 
	Label: d
2023-10-25 14:47:36.528 | DEBUG    | translate:union_product:309 - [('2', '2', '2', '1')] 
	Guard: ('true', 'true', 'true', '~d'), 
	LabelJoin: (true) & (true) & (true) & (~d), 
	Label: ~d
2023-10-25 14:47:36.533 | DEBUG    | translate:union_product:309 - [('1', '1', '2', '2')] 
	Guard: ('a', 'b', 'true', 'true'), 
	LabelJoin: (a) & (b) & (true) & (true), 
	Label: a & b
2023-10-25 14:47:36.538 | DEBUG    | translate:union_product:309 - [('1', '1', '2', '2')] 
	Guard: ('a', '~b', 'true', 'true'), 
	LabelJoin: (a) & (~b) & (true) & (true), 
	Label: a & ~b
2023-10-25 14:47:36.544 | DEBUG    | translate:union_product:309 - [('1', '1', '2', '2')] 
	Guard: ('~a', 'b', 'true', 'true'), 
	LabelJoin: (~a) & (b) & (true) & (true), 
	Label: b & ~a
2023-10-25 14:47:36.551 | DEBUG    | translate:union_product:309 - [('1', '1', '2', '2')] 
	Guard: ('~a', '~b', 'true', 'true'), 
	LabelJoin: (~a) & (~b) & (true) & (true), 
	Label: ~a & ~b
2023-10-25 14:47:36.558 | DEBUG    | translate:union_product:309 - [('1', '2', '1', '1')] 
	Guard: ('a', 'true', 'c', 'd'), 
	LabelJoin: (a) & (true) & (c) & (d), 
	Label: a & c & d
2023-10-25 14:47:36.567 | DEBUG    | translate:union_product:309 - [('1', '2', '1', '1')] 
	Guard: ('a', 'true', 'c', '~d'), 
	LabelJoin: (a) & (true) & (c) & (~d), 
	Label: a & c & ~d
2023-10-25 14:47:36.576 | DEBUG    | translate:union_product:309 - [('1', '2', '1', '1')] 
	Guard: ('a', 'true', '~c', 'd'), 
	LabelJoin: (a) & (true) & (~c) & (d), 
	Label: a & d & ~c
2023-10-25 14:47:36.584 | DEBUG    | translate:union_product:309 - [('1', '2', '1', '1')] 
	Guard: ('a', 'true', '~c', '~d'), 
	LabelJoin: (a) & (true) & (~c) & (~d), 
	Label: a & ~c & ~d
2023-10-25 14:47:36.591 | DEBUG    | translate:union_product:309 - [('1', '2', '1', '1')] 
	Guard: ('~a', 'true', 'c', 'd'), 
	LabelJoin: (~a) & (true) & (c) & (d), 
	Label: c & d & ~a
2023-10-25 14:47:36.599 | DEBUG    | translate:union_product:309 - [('1', '2', '1', '1')] 
	Guard: ('~a', 'true', 'c', '~d'), 
	LabelJoin: (~a) & (true) & (c) & (~d), 
	Label: c & ~a & ~d
2023-10-25 14:47:36.608 | DEBUG    | translate:union_product:309 - [('1', '2', '1', '1')] 
	Guard: ('~a', 'true', '~c', 'd'), 
	LabelJoin: (~a) & (true) & (~c) & (d), 
	Label: d & ~a & ~c
2023-10-25 14:47:36.619 | DEBUG    | translate:union_product:309 - [('1', '2', '1', '1')] 
	Guard: ('~a', 'true', '~c', '~d'), 
	LabelJoin: (~a) & (true) & (~c) & (~d), 
	Label: ~a & ~c & ~d
2023-10-25 14:47:36.624 | DEBUG    | translate:union_product:309 - [('2', '2', '1', '1')] 
	Guard: ('true', 'true', 'c', 'd'), 
	LabelJoin: (true) & (true) & (c) & (d), 
	Label: c & d
2023-10-25 14:47:36.630 | DEBUG    | translate:union_product:309 - [('2', '2', '1', '1')] 
	Guard: ('true', 'true', 'c', '~d'), 
	LabelJoin: (true) & (true) & (c) & (~d), 
	Label: c & ~d
2023-10-25 14:47:36.635 | DEBUG    | translate:union_product:309 - [('2', '2', '1', '1')] 
	Guard: ('true', 'true', '~c', 'd'), 
	LabelJoin: (true) & (true) & (~c) & (d), 
	Label: d & ~c
2023-10-25 14:47:36.641 | DEBUG    | translate:union_product:309 - [('2', '2', '1', '1')] 
	Guard: ('true', 'true', '~c', '~d'), 
	LabelJoin: (true) & (true) & (~c) & (~d), 
	Label: ~c & ~d
2023-10-25 14:47:36.646 | DEBUG    | translate:union_product:309 - [('1', '2', '1', '2')] 
	Guard: ('a', 'true', 'c', 'true'), 
	LabelJoin: (a) & (true) & (c) & (true), 
	Label: a & c
2023-10-25 14:47:36.651 | DEBUG    | translate:union_product:309 - [('1', '2', '1', '2')] 
	Guard: ('a', 'true', '~c', 'true'), 
	LabelJoin: (a) & (true) & (~c) & (true), 
	Label: a & ~c
2023-10-25 14:47:36.660 | DEBUG    | translate:union_product:309 - [('1', '2', '1', '2')] 
	Guard: ('~a', 'true', 'c', 'true'), 
	LabelJoin: (~a) & (true) & (c) & (true), 
	Label: c & ~a
2023-10-25 14:47:36.667 | DEBUG    | translate:union_product:309 - [('1', '2', '1', '2')] 
	Guard: ('~a', 'true', '~c', 'true'), 
	LabelJoin: (~a) & (true) & (~c) & (true), 
	Label: ~a & ~c
2023-10-25 14:47:36.671 | DEBUG    | translate:union_product:309 - [('1', '2', '2', '1')] 
	Guard: ('a', 'true', 'true', 'd'), 
	LabelJoin: (a) & (true) & (true) & (d), 
	Label: a & d
2023-10-25 14:47:36.676 | DEBUG    | translate:union_product:309 - [('1', '2', '2', '1')] 
	Guard: ('a', 'true', 'true', '~d'), 
	LabelJoin: (a) & (true) & (true) & (~d), 
	Label: a & ~d
2023-10-25 14:47:36.682 | DEBUG    | translate:union_product:309 - [('1', '2', '2', '1')] 
	Guard: ('~a', 'true', 'true', 'd'), 
	LabelJoin: (~a) & (true) & (true) & (d), 
	Label: d & ~a
2023-10-25 14:47:36.689 | DEBUG    | translate:union_product:309 - [('1', '2', '2', '1')] 
	Guard: ('~a', 'true', 'true', '~d'), 
	LabelJoin: (~a) & (true) & (true) & (~d), 
	Label: ~a & ~d
2023-10-25 14:47:36.691 | DEBUG    | translate:union_product:309 - [('1', '2', '2', '2')] 
	Guard: ('a', 'true', 'true', 'true'), 
	LabelJoin: (a) & (true) & (true) & (true), 
	Label: a
2023-10-25 14:47:36.694 | DEBUG    | translate:union_product:309 - [('1', '2', '2', '2')] 
	Guard: ('~a', 'true', 'true', 'true'), 
	LabelJoin: (~a) & (true) & (true) & (true), 
	Label: ~a
2023-10-25 14:47:36.700 | DEBUG    | translate:union_product:309 - [('2', '1', '1', '1')] 
	Guard: ('true', 'b', 'c', 'd'), 
	LabelJoin: (true) & (b) & (c) & (d), 
	Label: b & c & d
2023-10-25 14:47:36.708 | DEBUG    | translate:union_product:309 - [('2', '1', '1', '1')] 
	Guard: ('true', 'b', 'c', '~d'), 
	LabelJoin: (true) & (b) & (c) & (~d), 
	Label: b & c & ~d
2023-10-25 14:47:36.717 | DEBUG    | translate:union_product:309 - [('2', '1', '1', '1')] 
	Guard: ('true', 'b', '~c', 'd'), 
	LabelJoin: (true) & (b) & (~c) & (d), 
	Label: b & d & ~c
2023-10-25 14:47:36.726 | DEBUG    | translate:union_product:309 - [('2', '1', '1', '1')] 
	Guard: ('true', 'b', '~c', '~d'), 
	LabelJoin: (true) & (b) & (~c) & (~d), 
	Label: b & ~c & ~d
2023-10-25 14:47:36.733 | DEBUG    | translate:union_product:309 - [('2', '1', '1', '1')] 
	Guard: ('true', '~b', 'c', 'd'), 
	LabelJoin: (true) & (~b) & (c) & (d), 
	Label: c & d & ~b
2023-10-25 14:47:36.741 | DEBUG    | translate:union_product:309 - [('2', '1', '1', '1')] 
	Guard: ('true', '~b', 'c', '~d'), 
	LabelJoin: (true) & (~b) & (c) & (~d), 
	Label: c & ~b & ~d
2023-10-25 14:47:36.750 | DEBUG    | translate:union_product:309 - [('2', '1', '1', '1')] 
	Guard: ('true', '~b', '~c', 'd'), 
	LabelJoin: (true) & (~b) & (~c) & (d), 
	Label: d & ~b & ~c
2023-10-25 14:47:36.761 | DEBUG    | translate:union_product:309 - [('2', '1', '1', '1')] 
	Guard: ('true', '~b', '~c', '~d'), 
	LabelJoin: (true) & (~b) & (~c) & (~d), 
	Label: ~b & ~c & ~d
2023-10-25 14:47:36.766 | DEBUG    | translate:union_product:309 - [('2', '1', '1', '2')] 
	Guard: ('true', 'b', 'c', 'true'), 
	LabelJoin: (true) & (b) & (c) & (true), 
	Label: b & c
2023-10-25 14:47:36.772 | DEBUG    | translate:union_product:309 - [('2', '1', '1', '2')] 
	Guard: ('true', 'b', '~c', 'true'), 
	LabelJoin: (true) & (b) & (~c) & (true), 
	Label: b & ~c
2023-10-25 14:47:36.777 | DEBUG    | translate:union_product:309 - [('2', '1', '1', '2')] 
	Guard: ('true', '~b', 'c', 'true'), 
	LabelJoin: (true) & (~b) & (c) & (true), 
	Label: c & ~b
2023-10-25 14:47:36.785 | DEBUG    | translate:union_product:309 - [('2', '1', '1', '2')] 
	Guard: ('true', '~b', '~c', 'true'), 
	LabelJoin: (true) & (~b) & (~c) & (true), 
	Label: ~b & ~c
2023-10-25 14:47:36.789 | DEBUG    | translate:union_product:309 - [('2', '1', '2', '1')] 
	Guard: ('true', 'b', 'true', 'd'), 
	LabelJoin: (true) & (b) & (true) & (d), 
	Label: b & d
2023-10-25 14:47:36.794 | DEBUG    | translate:union_product:309 - [('2', '1', '2', '1')] 
	Guard: ('true', 'b', 'true', '~d'), 
	LabelJoin: (true) & (b) & (true) & (~d), 
	Label: b & ~d
2023-10-25 14:47:36.800 | DEBUG    | translate:union_product:309 - [('2', '1', '2', '1')] 
	Guard: ('true', '~b', 'true', 'd'), 
	LabelJoin: (true) & (~b) & (true) & (d), 
	Label: d & ~b
2023-10-25 14:47:36.806 | DEBUG    | translate:union_product:309 - [('2', '1', '2', '1')] 
	Guard: ('true', '~b', 'true', '~d'), 
	LabelJoin: (true) & (~b) & (true) & (~d), 
	Label: ~b & ~d
2023-10-25 14:47:36.809 | DEBUG    | translate:union_product:309 - [('2', '1', '2', '2')] 
	Guard: ('true', 'b', 'true', 'true'), 
	LabelJoin: (true) & (b) & (true) & (true), 
	Label: b
2023-10-25 14:47:36.813 | DEBUG    | translate:union_product:309 - [('2', '1', '2', '2')] 
	Guard: ('true', '~b', 'true', 'true'), 
	LabelJoin: (true) & (~b) & (true) & (true), 
	Label: ~b
2023-10-25 14:47:36.820 | DEBUG    | translate:union_product:309 - [('2', '2', '1', '1')] 
	Guard: ('true', 'true', 'c', 'd'), 
	LabelJoin: (true) & (true) & (c) & (d), 
	Label: c & d
2023-10-25 14:47:36.826 | DEBUG    | translate:union_product:309 - [('2', '2', '1', '1')] 
	Guard: ('true', 'true', 'c', '~d'), 
	LabelJoin: (true) & (true) & (c) & (~d), 
	Label: c & ~d
2023-10-25 14:47:36.831 | DEBUG    | translate:union_product:309 - [('2', '2', '1', '1')] 
	Guard: ('true', 'true', '~c', 'd'), 
	LabelJoin: (true) & (true) & (~c) & (d), 
	Label: d & ~c
2023-10-25 14:47:36.838 | DEBUG    | translate:union_product:309 - [('2', '2', '1', '1')] 
	Guard: ('true', 'true', '~c', '~d'), 
	LabelJoin: (true) & (true) & (~c) & (~d), 
	Label: ~c & ~d
2023-10-25 14:47:36.840 | DEBUG    | translate:union_product:309 - [('2', '2', '1', '2')] 
	Guard: ('true', 'true', 'c', 'true'), 
	LabelJoin: (true) & (true) & (c) & (true), 
	Label: c
2023-10-25 14:47:36.845 | DEBUG    | translate:union_product:309 - [('2', '2', '1', '2')] 
	Guard: ('true', 'true', '~c', 'true'), 
	LabelJoin: (true) & (true) & (~c) & (true), 
	Label: ~c
2023-10-25 14:47:36.848 | DEBUG    | translate:union_product:309 - [('2', '2', '2', '1')] 
	Guard: ('true', 'true', 'true', 'd'), 
	LabelJoin: (true) & (true) & (true) & (d), 
	Label: d
2023-10-25 14:47:36.851 | DEBUG    | translate:union_product:309 - [('2', '2', '2', '1')] 
	Guard: ('true', 'true', 'true', '~d'), 
	LabelJoin: (true) & (true) & (true) & (~d), 
	Label: ~d
2023-10-25 14:47:36.854 | DEBUG    | translate:union_product:309 - [('2', '2', '2', '2')] 
	Guard: ('true', 'true', 'true', 'true'), 
	LabelJoin: (true) & (true) & (true) & (true), 
	Label: True
2023-10-25 14:47:36.860 | INFO     | translate:translate:228 - Union product DFA: 
{'final_states': {0, 1, 2, 3, 4, 5, 6, 7, 8, 9, 10, 11, 12, 13, 14},
 'init_state': 15,
 'states': {0: {'state': ('2', '1', '1', '1')},
            1: {'state': ('2', '2', '2', '1')},
            2: {'state': ('1', '2', '2', '2')},
            3: {'state': ('2', '2', '1', '2')},
            4: {'state': ('1', '1', '2', '1')},
            5: {'state': ('1', '2', '2', '1')},
            6: {'state': ('2', '2', '1', '1')},
            7: {'state': ('1', '2', '1', '2')},
            8: {'state': ('1', '2', '1', '1')},
            9: {'state': ('1', '1', '1', '2')},
            10: {'state': ('2', '1', '1', '2')},
            11: {'state': ('2', '2', '2', '2')},
            12: {'state': ('2', '1', '2', '2')},
            13: {'state': ('1', '1', '2', '2')},
            14: {'state': ('2', '1', '2', '1')},
            15: {'state': ('1', '1', '1', '1')}},
 'transitions': {0: {'!b & !c & !d': 0,
                     'b & !c & !d': 6,
                     'b & c & !d': 1,
                     'b & c & d': 11,
                     'b & d & !c': 3,
                     'c & !b & !d': 14,
                     'c & d & !b': 12,
                     'd & !b & !c': 10},
                 1: {'!d': 1, 'd': 11},
                 2: {'!a': 2, 'a': 11},
                 3: {'!c': 3, 'c': 11},
                 4: {'!a & !b & !d': 4,
                     'a & !b & !d': 14,
                     'a & b & !d': 1,
                     'a & b & d': 11,
                     'a & d & !b': 12,
                     'b & !a & !d': 5,
                     'b & d & !a': 2,
                     'd & !a & !b': 13},
                 5: {'!a & !d': 5, 'a & !d': 1, 'a & d': 11, 'd & !a': 2},
                 6: {'!c & !d': 6, 'c & !d': 1, 'c & d': 11, 'd & !c': 3},
                 7: {'!a & !c': 7, 'a & !c': 3, 'a & c': 11, 'c & !a': 2},
                 8: {'!a & !c & !d': 8,
                     'a & !c & !d': 6,
                     'a & c & !d': 1,
                     'a & c & d': 11,
                     'a & d & !c': 3,
                     'c & !a & !d': 5,
                     'c & d & !a': 2,
                     'd & !a & !c': 7},
                 9: {'!a & !b & !c': 9,
                     'a & !b & !c': 10,
                     'a & b & !c': 3,
                     'a & b & c': 11,
                     'a & c & !b': 12,
                     'b & !a & !c': 7,
                     'b & c & !a': 2,
                     'c & !a & !b': 13},
                 10: {'!b & !c': 10, 'b & !c': 3, 'b & c': 11, 'c & !b': 12},
                 11: {'true': 11},
                 12: {'!b': 12, 'b': 11},
                 13: {'!a & !b': 13, 'a & !b': 12, 'a & b': 11, 'b & !a': 2},
                 14: {'!b & !d': 14, 'b & !d': 1, 'b & d': 11, 'd & !b': 12},
                 15: {'!a & !b & !c & !d': 15,
                      'a & !b & !c & !d': 0,
                      'a & b & !c & !d': 6,
                      'a & b & c & !d': 1,
                      'a & b & c & d': 11,
                      'a & b & d & !c': 3,
                      'a & c & !b & !d': 14,
                      'a & c & d & !b': 12,
                      'a & d & !b & !c': 10,
                      'b & !a & !c & !d': 8,
                      'b & c & !a & !d': 5,
                      'b & c & d & !a': 2,
                      'b & d & !a & !c': 7,
                      'c & !a & !b & !d': 4,
                      'c & d & !a & !b': 13,
                      'd & !a & !b & !c': 9}}}
2023-10-25 14:47:36.861 | DEBUG    | translate:construct_pref_graph:360 - outcomes(('2', '1', '1', '1'))={0}
2023-10-25 14:47:36.861 | DEBUG    | translate:construct_pref_graph:363 - get_mp_outcomes({0}, [(3, 3), (1, 1), (0, 1), (0, 2), (2, 2), (0, 0), (0, 3)])={0}
2023-10-25 14:47:36.861 | DEBUG    | translate:construct_pref_graph:360 - outcomes(('2', '2', '2', '1'))={0, 1, 2}
2023-10-25 14:47:36.862 | DEBUG    | translate:construct_pref_graph:363 - get_mp_outcomes({0, 1, 2}, [(3, 3), (1, 1), (0, 1), (0, 2), (2, 2), (0, 0), (0, 3)])={0}
2023-10-25 14:47:36.862 | DEBUG    | translate:construct_pref_graph:360 - outcomes(('1', '2', '2', '2'))={1, 2, 3}
2023-10-25 14:47:36.863 | DEBUG    | translate:construct_pref_graph:363 - get_mp_outcomes({1, 2, 3}, [(3, 3), (1, 1), (0, 1), (0, 2), (2, 2), (0, 0), (0, 3)])={1, 2, 3}
2023-10-25 14:47:36.863 | DEBUG    | translate:construct_pref_graph:360 - outcomes(('2', '2', '1', '2'))={0, 1, 3}
2023-10-25 14:47:36.864 | DEBUG    | translate:construct_pref_graph:363 - get_mp_outcomes({0, 1, 3}, [(3, 3), (1, 1), (0, 1), (0, 2), (2, 2), (0, 0), (0, 3)])={0}
2023-10-25 14:47:36.864 | DEBUG    | translate:construct_pref_graph:360 - outcomes(('1', '1', '2', '1'))={2}
2023-10-25 14:47:36.865 | DEBUG    | translate:construct_pref_graph:363 - get_mp_outcomes({2}, [(3, 3), (1, 1), (0, 1), (0, 2), (2, 2), (0, 0), (0, 3)])={2}
2023-10-25 14:47:36.865 | DEBUG    | translate:construct_pref_graph:360 - outcomes(('1', '2', '2', '1'))={1, 2}
2023-10-25 14:47:36.866 | DEBUG    | translate:construct_pref_graph:363 - get_mp_outcomes({1, 2}, [(3, 3), (1, 1), (0, 1), (0, 2), (2, 2), (0, 0), (0, 3)])={1, 2}
2023-10-25 14:47:36.866 | DEBUG    | translate:construct_pref_graph:360 - outcomes(('2', '2', '1', '1'))={0, 1}
2023-10-25 14:47:36.867 | DEBUG    | translate:construct_pref_graph:363 - get_mp_outcomes({0, 1}, [(3, 3), (1, 1), (0, 1), (0, 2), (2, 2), (0, 0), (0, 3)])={0}
2023-10-25 14:47:36.867 | DEBUG    | translate:construct_pref_graph:360 - outcomes(('1', '2', '1', '2'))={1, 3}
2023-10-25 14:47:36.867 | DEBUG    | translate:construct_pref_graph:363 - get_mp_outcomes({1, 3}, [(3, 3), (1, 1), (0, 1), (0, 2), (2, 2), (0, 0), (0, 3)])={1, 3}
2023-10-25 14:47:36.868 | DEBUG    | translate:construct_pref_graph:360 - outcomes(('1', '2', '1', '1'))={1}
2023-10-25 14:47:36.868 | DEBUG    | translate:construct_pref_graph:363 - get_mp_outcomes({1}, [(3, 3), (1, 1), (0, 1), (0, 2), (2, 2), (0, 0), (0, 3)])={1}
2023-10-25 14:47:36.869 | DEBUG    | translate:construct_pref_graph:360 - outcomes(('1', '1', '1', '2'))={3}
2023-10-25 14:47:36.869 | DEBUG    | translate:construct_pref_graph:363 - get_mp_outcomes({3}, [(3, 3), (1, 1), (0, 1), (0, 2), (2, 2), (0, 0), (0, 3)])={3}
2023-10-25 14:47:36.869 | DEBUG    | translate:construct_pref_graph:360 - outcomes(('2', '1', '1', '2'))={0, 3}
2023-10-25 14:47:36.870 | DEBUG    | translate:construct_pref_graph:363 - get_mp_outcomes({0, 3}, [(3, 3), (1, 1), (0, 1), (0, 2), (2, 2), (0, 0), (0, 3)])={0}
2023-10-25 14:47:36.870 | DEBUG    | translate:construct_pref_graph:360 - outcomes(('2', '2', '2', '2'))={0, 1, 2, 3}
2023-10-25 14:47:36.871 | DEBUG    | translate:construct_pref_graph:363 - get_mp_outcomes({0, 1, 2, 3}, [(3, 3), (1, 1), (0, 1), (0, 2), (2, 2), (0, 0), (0, 3)])={0}
2023-10-25 14:47:36.871 | DEBUG    | translate:construct_pref_graph:360 - outcomes(('2', '1', '2', '2'))={0, 2, 3}
2023-10-25 14:47:36.871 | DEBUG    | translate:construct_pref_graph:363 - get_mp_outcomes({0, 2, 3}, [(3, 3), (1, 1), (0, 1), (0, 2), (2, 2), (0, 0), (0, 3)])={0}
2023-10-25 14:47:36.872 | DEBUG    | translate:construct_pref_graph:360 - outcomes(('1', '1', '2', '2'))={2, 3}
2023-10-25 14:47:36.872 | DEBUG    | translate:construct_pref_graph:363 - get_mp_outcomes({2, 3}, [(3, 3), (1, 1), (0, 1), (0, 2), (2, 2), (0, 0), (0, 3)])={2, 3}
2023-10-25 14:47:36.873 | DEBUG    | translate:construct_pref_graph:360 - outcomes(('2', '1', '2', '1'))={0, 2}
2023-10-25 14:47:36.873 | DEBUG    | translate:construct_pref_graph:363 - get_mp_outcomes({0, 2}, [(3, 3), (1, 1), (0, 1), (0, 2), (2, 2), (0, 0), (0, 3)])={0}
2023-10-25 14:47:36.879 | INFO     | translate:translate:231 - Preference graph: 
{'edges': {'(0, 0, 0, 0)': {'(0, 0, 0, 0)',
                            '(0, 0, 0, 1)',
                            '(0, 0, 1, 0)',
                            '(0, 0, 1, 1)',
                            '(0, 1, 0, 0)',
                            '(0, 1, 0, 1)',
                            '(0, 1, 1, 0)',
                            '(0, 1, 1, 1)',
                            '(1, 0, 0, 0)'},
           '(0, 0, 0, 1)': {'(0, 0, 0, 1)',
                            '(0, 0, 1, 1)',
                            '(0, 1, 0, 1)',
                            '(0, 1, 1, 1)',
                            '(1, 0, 0, 0)'},
           '(0, 0, 1, 0)': {'(0, 0, 1, 0)',
                            '(0, 0, 1, 1)',
                            '(0, 1, 1, 0)',
                            '(0, 1, 1, 1)',
                            '(1, 0, 0, 0)'},
           '(0, 0, 1, 1)': {'(0, 1, 1, 1)', '(1, 0, 0, 0)', '(0, 0, 1, 1)'},
           '(0, 1, 0, 0)': {'(0, 1, 0, 0)',
                            '(0, 1, 0, 1)',
                            '(0, 1, 1, 0)',
                            '(0, 1, 1, 1)',
                            '(1, 0, 0, 0)'},
           '(0, 1, 0, 1)': {'(0, 1, 0, 1)', '(0, 1, 1, 1)', '(1, 0, 0, 0)'},
           '(0, 1, 1, 0)': {'(0, 1, 1, 1)', '(1, 0, 0, 0)', '(0, 1, 1, 0)'},
           '(0, 1, 1, 1)': {'(0, 1, 1, 1)', '(1, 0, 0, 0)'},
           '(1, 0, 0, 0)': {'(1, 0, 0, 0)'}},
 'nodes': {'(0, 0, 0, 0)': {15},
           '(0, 0, 0, 1)': {9},
           '(0, 0, 1, 0)': {4},
           '(0, 0, 1, 1)': {13},
           '(0, 1, 0, 0)': {8},
           '(0, 1, 0, 1)': {7},
           '(0, 1, 1, 0)': {5},
           '(0, 1, 1, 1)': {2},
           '(1, 0, 0, 0)': {0, 1, 3, 6, 10, 11, 12, 14}}}
2023-10-25 14:47:37.302 | INFO     | app:update_images:215 - ====== TRANSLATION COMPLETED IN 1262.1927 MILLISECONDS =====
2023-10-25 14:47:37.311 | INFO     | app:update_images:216 - States:
{0: {'state': ('2', '1', '1', '1')},
 1: {'state': ('2', '2', '2', '1')},
 2: {'state': ('1', '2', '2', '2')},
 3: {'state': ('2', '2', '1', '2')},
 4: {'state': ('1', '1', '2', '1')},
 5: {'state': ('1', '2', '2', '1')},
 6: {'state': ('2', '2', '1', '1')},
 7: {'state': ('1', '2', '1', '2')},
 8: {'state': ('1', '2', '1', '1')},
 9: {'state': ('1', '1', '1', '2')},
 10: {'state': ('2', '1', '1', '2')},
 11: {'state': ('2', '2', '2', '2')},
 12: {'state': ('2', '1', '2', '2')},
 13: {'state': ('1', '1', '2', '2')},
 14: {'state': ('2', '1', '2', '1')},
 15: {'state': ('1', '1', '1', '1')}}

Alphabet:
['c', 'a', 'b', 'd']

Transitions:
{0: {'!b & !c & !d': 0,
     'b & !c & !d': 6,
     'b & c & !d': 1,
     'b & c & d': 11,
     'b & d & !c': 3,
     'c & !b & !d': 14,
     'c & d & !b': 12,
     'd & !b & !c': 10},
 1: {'!d': 1, 'd': 11},
 2: {'!a': 2, 'a': 11},
 3: {'!c': 3, 'c': 11},
 4: {'!a & !b & !d': 4,
     'a & !b & !d': 14,
     'a & b & !d': 1,
     'a & b & d': 11,
     'a & d & !b': 12,
     'b & !a & !d': 5,
     'b & d & !a': 2,
     'd & !a & !b': 13},
 5: {'!a & !d': 5, 'a & !d': 1, 'a & d': 11, 'd & !a': 2},
 6: {'!c & !d': 6, 'c & !d': 1, 'c & d': 11, 'd & !c': 3},
 7: {'!a & !c': 7, 'a & !c': 3, 'a & c': 11, 'c & !a': 2},
 8: {'!a & !c & !d': 8,
     'a & !c & !d': 6,
     'a & c & !d': 1,
     'a & c & d': 11,
     'a & d & !c': 3,
     'c & !a & !d': 5,
     'c & d & !a': 2,
     'd & !a & !c': 7},
 9: {'!a & !b & !c': 9,
     'a & !b & !c': 10,
     'a & b & !c': 3,
     'a & b & c': 11,
     'a & c & !b': 12,
     'b & !a & !c': 7,
     'b & c & !a': 2,
     'c & !a & !b': 13},
 10: {'!b & !c': 10, 'b & !c': 3, 'b & c': 11, 'c & !b': 12},
 11: {'true': 11},
 12: {'!b': 12, 'b': 11},
 13: {'!a & !b': 13, 'a & !b': 12, 'a & b': 11, 'b & !a': 2},
 14: {'!b & !d': 14, 'b & !d': 1, 'b & d': 11, 'd & !b': 12},
 15: {'!a & !b & !c & !d': 15,
      'a & !b & !c & !d': 0,
      'a & b & !c & !d': 6,
      'a & b & c & !d': 1,
      'a & b & c & d': 11,
      'a & b & d & !c': 3,
      'a & c & !b & !d': 14,
      'a & c & d & !b': 12,
      'a & d & !b & !c': 10,
      'b & !a & !c & !d': 8,
      'b & c & !a & !d': 5,
      'b & c & d & !a': 2,
      'b & d & !a & !c': 7,
      'c & !a & !b & !d': 4,
      'c & d & !a & !b': 13,
      'd & !a & !b & !c': 9}}

Initial state:
15

Preference graph:
{'edges': {'(0, 0, 0, 0)': {'(0, 0, 0, 0)',
                            '(0, 0, 0, 1)',
                            '(0, 0, 1, 0)',
                            '(0, 0, 1, 1)',
                            '(0, 1, 0, 0)',
                            '(0, 1, 0, 1)',
                            '(0, 1, 1, 0)',
                            '(0, 1, 1, 1)',
                            '(1, 0, 0, 0)'},
           '(0, 0, 0, 1)': {'(0, 0, 0, 1)',
                            '(0, 0, 1, 1)',
                            '(0, 1, 0, 1)',
                            '(0, 1, 1, 1)',
                            '(1, 0, 0, 0)'},
           '(0, 0, 1, 0)': {'(0, 0, 1, 0)',
                            '(0, 0, 1, 1)',
                            '(0, 1, 1, 0)',
                            '(0, 1, 1, 1)',
                            '(1, 0, 0, 0)'},
           '(0, 0, 1, 1)': {'(0, 1, 1, 1)', '(1, 0, 0, 0)', '(0, 0, 1, 1)'},
           '(0, 1, 0, 0)': {'(0, 1, 0, 0)',
                            '(0, 1, 0, 1)',
                            '(0, 1, 1, 0)',
                            '(0, 1, 1, 1)',
                            '(1, 0, 0, 0)'},
           '(0, 1, 0, 1)': {'(0, 1, 0, 1)', '(0, 1, 1, 1)', '(1, 0, 0, 0)'},
           '(0, 1, 1, 0)': {'(0, 1, 1, 1)', '(1, 0, 0, 0)', '(0, 1, 1, 0)'},
           '(0, 1, 1, 1)': {'(0, 1, 1, 1)', '(1, 0, 0, 0)'},
           '(1, 0, 0, 0)': {'(1, 0, 0, 0)'}},
 'nodes': {'(0, 0, 0, 0)': {15},
           '(0, 0, 0, 1)': {9},
           '(0, 0, 1, 0)': {4},
           '(0, 0, 1, 1)': {13},
           '(0, 1, 0, 0)': {8},
           '(0, 1, 0, 1)': {7},
           '(0, 1, 1, 0)': {5},
           '(0, 1, 1, 1)': {2},
           '(1, 0, 0, 0)': {0, 1, 3, 6, 10, 11, 12, 14}}}


