2023-10-25 14:58:18.500 | DEBUG    | translate:build_prefltlf_model:109 - Constructed preorder except incomparability: 
{(F(a), F(c)), (F(a), F(d)), (F(a), F(b))}
2023-10-25 14:58:18.501 | DEBUG    | translate:build_prefltlf_model:123 - Constructed preorder: 
{(F(a), F(c)), (F(a), F(d)), (F(a), F(b))}
2023-10-25 14:58:18.502 | DEBUG    | translate:build_prefltlf_model:138 - Reflexive closure of preorder: 
[('F(d)', 'F(d)'),
 ('F(b)', 'F(b)'),
 ('F(a)', 'F(b)'),
 ('F(a)', 'F(c)'),
 ('F(c)', 'F(c)'),
 ('F(a)', 'F(d)'),
 ('F(a)', 'F(a)')]
2023-10-25 14:58:18.503 | DEBUG    | translate:build_prefltlf_model:142 - Transitive closure of preorder: 
[('F(d)', 'F(d)'),
 ('F(b)', 'F(b)'),
 ('F(a)', 'F(b)'),
 ('F(a)', 'F(c)'),
 ('F(c)', 'F(c)'),
 ('F(a)', 'F(a)'),
 ('F(a)', 'F(d)')]
2023-10-25 14:58:18.504 | INFO     | app:update_images:156 - Model: 
Atoms:
	['c', 'a', 'b', 'd']
Phi:
	F(a)
	F(b)
	F(c)
	F(d)
Preorder:
	F(d) >= F(d)
	F(b) >= F(b)
	F(a) >= F(b)
	F(a) >= F(c)
	F(c) >= F(c)
	F(a) >= F(a)
	F(a) >= F(d)

2023-10-25 14:58:18.534 | INFO     | translate:translate:221 - DFA(F(a)): 
{'final_states': {'2'},
 'init_state': '1',
 'states': {'1', '2'},
 'transitions': {'1': {'a': '2', '~a': '1'}, '2': {'true': '2'}}}
2023-10-25 14:58:18.562 | INFO     | translate:translate:221 - DFA(F(b)): 
{'final_states': {'2'},
 'init_state': '1',
 'states': {'1', '2'},
 'transitions': {'1': {'b': '2', '~b': '1'}, '2': {'true': '2'}}}
2023-10-25 14:58:18.584 | INFO     | translate:translate:221 - DFA(F(c)): 
{'final_states': {'2'},
 'init_state': '1',
 'states': {'1', '2'},
 'transitions': {'1': {'c': '2', '~c': '1'}, '2': {'true': '2'}}}
2023-10-25 14:58:18.610 | INFO     | translate:translate:221 - DFA(F(d)): 
{'final_states': {'2'},
 'init_state': '1',
 'states': {'1', '2'},
 'transitions': {'1': {'d': '2', '~d': '1'}, '2': {'true': '2'}}}
2023-10-25 14:58:18.884 | DEBUG    | translate:union_product:309 - [('1', '1', '1', '1')] 
	Guard: ('a', 'b', 'c', 'd'), 
	LabelJoin: (a) & (b) & (c) & (d), 
	Label: a & b & c & d
2023-10-25 14:58:18.896 | DEBUG    | translate:union_product:309 - [('1', '1', '1', '1')] 
	Guard: ('a', 'b', 'c', '~d'), 
	LabelJoin: (a) & (b) & (c) & (~d), 
	Label: a & b & c & ~d
2023-10-25 14:58:18.910 | DEBUG    | translate:union_product:309 - [('1', '1', '1', '1')] 
	Guard: ('a', 'b', '~c', 'd'), 
	LabelJoin: (a) & (b) & (~c) & (d), 
	Label: a & b & d & ~c
2023-10-25 14:58:18.924 | DEBUG    | translate:union_product:309 - [('1', '1', '1', '1')] 
	Guard: ('a', 'b', '~c', '~d'), 
	LabelJoin: (a) & (b) & (~c) & (~d), 
	Label: a & b & ~c & ~d
2023-10-25 14:58:18.935 | DEBUG    | translate:union_product:309 - [('1', '1', '1', '1')] 
	Guard: ('a', '~b', 'c', 'd'), 
	LabelJoin: (a) & (~b) & (c) & (d), 
	Label: a & c & d & ~b
2023-10-25 14:58:18.948 | DEBUG    | translate:union_product:309 - [('1', '1', '1', '1')] 
	Guard: ('a', '~b', 'c', '~d'), 
	LabelJoin: (a) & (~b) & (c) & (~d), 
	Label: a & c & ~b & ~d
2023-10-25 14:58:18.963 | DEBUG    | translate:union_product:309 - [('1', '1', '1', '1')] 
	Guard: ('a', '~b', '~c', 'd'), 
	LabelJoin: (a) & (~b) & (~c) & (d), 
	Label: a & d & ~b & ~c
2023-10-25 14:58:18.976 | DEBUG    | translate:union_product:309 - [('1', '1', '1', '1')] 
	Guard: ('a', '~b', '~c', '~d'), 
	LabelJoin: (a) & (~b) & (~c) & (~d), 
	Label: a & ~b & ~c & ~d
2023-10-25 14:58:18.990 | DEBUG    | translate:union_product:309 - [('1', '1', '1', '1')] 
	Guard: ('~a', 'b', 'c', 'd'), 
	LabelJoin: (~a) & (b) & (c) & (d), 
	Label: b & c & d & ~a
2023-10-25 14:58:19.003 | DEBUG    | translate:union_product:309 - [('1', '1', '1', '1')] 
	Guard: ('~a', 'b', 'c', '~d'), 
	LabelJoin: (~a) & (b) & (c) & (~d), 
	Label: b & c & ~a & ~d
2023-10-25 14:58:19.016 | DEBUG    | translate:union_product:309 - [('1', '1', '1', '1')] 
	Guard: ('~a', 'b', '~c', 'd'), 
	LabelJoin: (~a) & (b) & (~c) & (d), 
	Label: b & d & ~a & ~c
2023-10-25 14:58:19.029 | DEBUG    | translate:union_product:309 - [('1', '1', '1', '1')] 
	Guard: ('~a', 'b', '~c', '~d'), 
	LabelJoin: (~a) & (b) & (~c) & (~d), 
	Label: b & ~a & ~c & ~d
2023-10-25 14:58:19.044 | DEBUG    | translate:union_product:309 - [('1', '1', '1', '1')] 
	Guard: ('~a', '~b', 'c', 'd'), 
	LabelJoin: (~a) & (~b) & (c) & (d), 
	Label: c & d & ~a & ~b
2023-10-25 14:58:19.057 | DEBUG    | translate:union_product:309 - [('1', '1', '1', '1')] 
	Guard: ('~a', '~b', 'c', '~d'), 
	LabelJoin: (~a) & (~b) & (c) & (~d), 
	Label: c & ~a & ~b & ~d
2023-10-25 14:58:19.075 | DEBUG    | translate:union_product:309 - [('1', '1', '1', '1')] 
	Guard: ('~a', '~b', '~c', 'd'), 
	LabelJoin: (~a) & (~b) & (~c) & (d), 
	Label: d & ~a & ~b & ~c
2023-10-25 14:58:19.091 | DEBUG    | translate:union_product:309 - [('1', '1', '1', '1')] 
	Guard: ('~a', '~b', '~c', '~d'), 
	LabelJoin: (~a) & (~b) & (~c) & (~d), 
	Label: ~a & ~b & ~c & ~d
2023-10-25 14:58:19.098 | DEBUG    | translate:union_product:309 - [('1', '1', '1', '2')] 
	Guard: ('a', 'b', 'c', 'true'), 
	LabelJoin: (a) & (b) & (c) & (true), 
	Label: a & b & c
2023-10-25 14:58:19.107 | DEBUG    | translate:union_product:309 - [('1', '1', '1', '2')] 
	Guard: ('a', 'b', '~c', 'true'), 
	LabelJoin: (a) & (b) & (~c) & (true), 
	Label: a & b & ~c
2023-10-25 14:58:19.116 | DEBUG    | translate:union_product:309 - [('1', '1', '1', '2')] 
	Guard: ('a', '~b', 'c', 'true'), 
	LabelJoin: (a) & (~b) & (c) & (true), 
	Label: a & c & ~b
2023-10-25 14:58:19.127 | DEBUG    | translate:union_product:309 - [('1', '1', '1', '2')] 
	Guard: ('a', '~b', '~c', 'true'), 
	LabelJoin: (a) & (~b) & (~c) & (true), 
	Label: a & ~b & ~c
2023-10-25 14:58:19.135 | DEBUG    | translate:union_product:309 - [('1', '1', '1', '2')] 
	Guard: ('~a', 'b', 'c', 'true'), 
	LabelJoin: (~a) & (b) & (c) & (true), 
	Label: b & c & ~a
2023-10-25 14:58:19.145 | DEBUG    | translate:union_product:309 - [('1', '1', '1', '2')] 
	Guard: ('~a', 'b', '~c', 'true'), 
	LabelJoin: (~a) & (b) & (~c) & (true), 
	Label: b & ~a & ~c
2023-10-25 14:58:19.154 | DEBUG    | translate:union_product:309 - [('1', '1', '1', '2')] 
	Guard: ('~a', '~b', 'c', 'true'), 
	LabelJoin: (~a) & (~b) & (c) & (true), 
	Label: c & ~a & ~b
2023-10-25 14:58:19.163 | DEBUG    | translate:union_product:309 - [('1', '1', '1', '2')] 
	Guard: ('~a', '~b', '~c', 'true'), 
	LabelJoin: (~a) & (~b) & (~c) & (true), 
	Label: ~a & ~b & ~c
2023-10-25 14:58:19.169 | DEBUG    | translate:union_product:309 - [('1', '1', '2', '2')] 
	Guard: ('a', 'b', 'true', 'true'), 
	LabelJoin: (a) & (b) & (true) & (true), 
	Label: a & b
2023-10-25 14:58:19.174 | DEBUG    | translate:union_product:309 - [('1', '1', '2', '2')] 
	Guard: ('a', '~b', 'true', 'true'), 
	LabelJoin: (a) & (~b) & (true) & (true), 
	Label: a & ~b
2023-10-25 14:58:19.180 | DEBUG    | translate:union_product:309 - [('1', '1', '2', '2')] 
	Guard: ('~a', 'b', 'true', 'true'), 
	LabelJoin: (~a) & (b) & (true) & (true), 
	Label: b & ~a
2023-10-25 14:58:19.189 | DEBUG    | translate:union_product:309 - [('1', '1', '2', '2')] 
	Guard: ('~a', '~b', 'true', 'true'), 
	LabelJoin: (~a) & (~b) & (true) & (true), 
	Label: ~a & ~b
2023-10-25 14:58:19.193 | DEBUG    | translate:union_product:309 - [('1', '2', '2', '2')] 
	Guard: ('a', 'true', 'true', 'true'), 
	LabelJoin: (a) & (true) & (true) & (true), 
	Label: a
2023-10-25 14:58:19.196 | DEBUG    | translate:union_product:309 - [('1', '2', '2', '2')] 
	Guard: ('~a', 'true', 'true', 'true'), 
	LabelJoin: (~a) & (true) & (true) & (true), 
	Label: ~a
2023-10-25 14:58:19.198 | DEBUG    | translate:union_product:309 - [('2', '2', '2', '2')] 
	Guard: ('true', 'true', 'true', 'true'), 
	LabelJoin: (true) & (true) & (true) & (true), 
	Label: True
2023-10-25 14:58:19.200 | DEBUG    | translate:union_product:309 - [('2', '1', '2', '2')] 
	Guard: ('true', 'b', 'true', 'true'), 
	LabelJoin: (true) & (b) & (true) & (true), 
	Label: b
2023-10-25 14:58:19.203 | DEBUG    | translate:union_product:309 - [('2', '1', '2', '2')] 
	Guard: ('true', '~b', 'true', 'true'), 
	LabelJoin: (true) & (~b) & (true) & (true), 
	Label: ~b
2023-10-25 14:58:19.205 | DEBUG    | translate:union_product:309 - [('2', '2', '2', '2')] 
	Guard: ('true', 'true', 'true', 'true'), 
	LabelJoin: (true) & (true) & (true) & (true), 
	Label: True
2023-10-25 14:58:19.210 | DEBUG    | translate:union_product:309 - [('1', '2', '1', '2')] 
	Guard: ('a', 'true', 'c', 'true'), 
	LabelJoin: (a) & (true) & (c) & (true), 
	Label: a & c
2023-10-25 14:58:19.215 | DEBUG    | translate:union_product:309 - [('1', '2', '1', '2')] 
	Guard: ('a', 'true', '~c', 'true'), 
	LabelJoin: (a) & (true) & (~c) & (true), 
	Label: a & ~c
2023-10-25 14:58:19.223 | DEBUG    | translate:union_product:309 - [('1', '2', '1', '2')] 
	Guard: ('~a', 'true', 'c', 'true'), 
	LabelJoin: (~a) & (true) & (c) & (true), 
	Label: c & ~a
2023-10-25 14:58:19.230 | DEBUG    | translate:union_product:309 - [('1', '2', '1', '2')] 
	Guard: ('~a', 'true', '~c', 'true'), 
	LabelJoin: (~a) & (true) & (~c) & (true), 
	Label: ~a & ~c
2023-10-25 14:58:19.233 | DEBUG    | translate:union_product:309 - [('2', '2', '1', '2')] 
	Guard: ('true', 'true', 'c', 'true'), 
	LabelJoin: (true) & (true) & (c) & (true), 
	Label: c
2023-10-25 14:58:19.235 | DEBUG    | translate:union_product:309 - [('2', '2', '1', '2')] 
	Guard: ('true', 'true', '~c', 'true'), 
	LabelJoin: (true) & (true) & (~c) & (true), 
	Label: ~c
2023-10-25 14:58:19.238 | DEBUG    | translate:union_product:309 - [('1', '2', '2', '2')] 
	Guard: ('a', 'true', 'true', 'true'), 
	LabelJoin: (a) & (true) & (true) & (true), 
	Label: a
2023-10-25 14:58:19.241 | DEBUG    | translate:union_product:309 - [('1', '2', '2', '2')] 
	Guard: ('~a', 'true', 'true', 'true'), 
	LabelJoin: (~a) & (true) & (true) & (true), 
	Label: ~a
2023-10-25 14:58:19.245 | DEBUG    | translate:union_product:309 - [('2', '1', '1', '2')] 
	Guard: ('true', 'b', 'c', 'true'), 
	LabelJoin: (true) & (b) & (c) & (true), 
	Label: b & c
2023-10-25 14:58:19.251 | DEBUG    | translate:union_product:309 - [('2', '1', '1', '2')] 
	Guard: ('true', 'b', '~c', 'true'), 
	LabelJoin: (true) & (b) & (~c) & (true), 
	Label: b & ~c
2023-10-25 14:58:19.258 | DEBUG    | translate:union_product:309 - [('2', '1', '1', '2')] 
	Guard: ('true', '~b', 'c', 'true'), 
	LabelJoin: (true) & (~b) & (c) & (true), 
	Label: c & ~b
2023-10-25 14:58:19.266 | DEBUG    | translate:union_product:309 - [('2', '1', '1', '2')] 
	Guard: ('true', '~b', '~c', 'true'), 
	LabelJoin: (true) & (~b) & (~c) & (true), 
	Label: ~b & ~c
2023-10-25 14:58:19.268 | DEBUG    | translate:union_product:309 - [('2', '1', '2', '2')] 
	Guard: ('true', 'b', 'true', 'true'), 
	LabelJoin: (true) & (b) & (true) & (true), 
	Label: b
2023-10-25 14:58:19.272 | DEBUG    | translate:union_product:309 - [('2', '1', '2', '2')] 
	Guard: ('true', '~b', 'true', 'true'), 
	LabelJoin: (true) & (~b) & (true) & (true), 
	Label: ~b
2023-10-25 14:58:19.274 | DEBUG    | translate:union_product:309 - [('2', '2', '1', '2')] 
	Guard: ('true', 'true', 'c', 'true'), 
	LabelJoin: (true) & (true) & (c) & (true), 
	Label: c
2023-10-25 14:58:19.277 | DEBUG    | translate:union_product:309 - [('2', '2', '1', '2')] 
	Guard: ('true', 'true', '~c', 'true'), 
	LabelJoin: (true) & (true) & (~c) & (true), 
	Label: ~c
2023-10-25 14:58:19.280 | DEBUG    | translate:union_product:309 - [('2', '2', '2', '2')] 
	Guard: ('true', 'true', 'true', 'true'), 
	LabelJoin: (true) & (true) & (true) & (true), 
	Label: True
2023-10-25 14:58:19.287 | DEBUG    | translate:union_product:309 - [('1', '1', '2', '1')] 
	Guard: ('a', 'b', 'true', 'd'), 
	LabelJoin: (a) & (b) & (true) & (d), 
	Label: a & b & d
2023-10-25 14:58:19.295 | DEBUG    | translate:union_product:309 - [('1', '1', '2', '1')] 
	Guard: ('a', 'b', 'true', '~d'), 
	LabelJoin: (a) & (b) & (true) & (~d), 
	Label: a & b & ~d
2023-10-25 14:58:19.303 | DEBUG    | translate:union_product:309 - [('1', '1', '2', '1')] 
	Guard: ('a', '~b', 'true', 'd'), 
	LabelJoin: (a) & (~b) & (true) & (d), 
	Label: a & d & ~b
2023-10-25 14:58:19.315 | DEBUG    | translate:union_product:309 - [('1', '1', '2', '1')] 
	Guard: ('a', '~b', 'true', '~d'), 
	LabelJoin: (a) & (~b) & (true) & (~d), 
	Label: a & ~b & ~d
2023-10-25 14:58:19.323 | DEBUG    | translate:union_product:309 - [('1', '1', '2', '1')] 
	Guard: ('~a', 'b', 'true', 'd'), 
	LabelJoin: (~a) & (b) & (true) & (d), 
	Label: b & d & ~a
2023-10-25 14:58:19.332 | DEBUG    | translate:union_product:309 - [('1', '1', '2', '1')] 
	Guard: ('~a', 'b', 'true', '~d'), 
	LabelJoin: (~a) & (b) & (true) & (~d), 
	Label: b & ~a & ~d
2023-10-25 14:58:19.342 | DEBUG    | translate:union_product:309 - [('1', '1', '2', '1')] 
	Guard: ('~a', '~b', 'true', 'd'), 
	LabelJoin: (~a) & (~b) & (true) & (d), 
	Label: d & ~a & ~b
2023-10-25 14:58:19.352 | DEBUG    | translate:union_product:309 - [('1', '1', '2', '1')] 
	Guard: ('~a', '~b', 'true', '~d'), 
	LabelJoin: (~a) & (~b) & (true) & (~d), 
	Label: ~a & ~b & ~d
2023-10-25 14:58:19.357 | DEBUG    | translate:union_product:309 - [('1', '2', '2', '1')] 
	Guard: ('a', 'true', 'true', 'd'), 
	LabelJoin: (a) & (true) & (true) & (d), 
	Label: a & d
2023-10-25 14:58:19.362 | DEBUG    | translate:union_product:309 - [('1', '2', '2', '1')] 
	Guard: ('a', 'true', 'true', '~d'), 
	LabelJoin: (a) & (true) & (true) & (~d), 
	Label: a & ~d
2023-10-25 14:58:19.368 | DEBUG    | translate:union_product:309 - [('1', '2', '2', '1')] 
	Guard: ('~a', 'true', 'true', 'd'), 
	LabelJoin: (~a) & (true) & (true) & (d), 
	Label: d & ~a
2023-10-25 14:58:19.375 | DEBUG    | translate:union_product:309 - [('1', '2', '2', '1')] 
	Guard: ('~a', 'true', 'true', '~d'), 
	LabelJoin: (~a) & (true) & (true) & (~d), 
	Label: ~a & ~d
2023-10-25 14:58:19.378 | DEBUG    | translate:union_product:309 - [('2', '2', '2', '1')] 
	Guard: ('true', 'true', 'true', 'd'), 
	LabelJoin: (true) & (true) & (true) & (d), 
	Label: d
2023-10-25 14:58:19.381 | DEBUG    | translate:union_product:309 - [('2', '2', '2', '1')] 
	Guard: ('true', 'true', 'true', '~d'), 
	LabelJoin: (true) & (true) & (true) & (~d), 
	Label: ~d
2023-10-25 14:58:19.385 | DEBUG    | translate:union_product:309 - [('2', '1', '2', '1')] 
	Guard: ('true', 'b', 'true', 'd'), 
	LabelJoin: (true) & (b) & (true) & (d), 
	Label: b & d
2023-10-25 14:58:19.393 | DEBUG    | translate:union_product:309 - [('2', '1', '2', '1')] 
	Guard: ('true', 'b', 'true', '~d'), 
	LabelJoin: (true) & (b) & (true) & (~d), 
	Label: b & ~d
2023-10-25 14:58:19.398 | DEBUG    | translate:union_product:309 - [('2', '1', '2', '1')] 
	Guard: ('true', '~b', 'true', 'd'), 
	LabelJoin: (true) & (~b) & (true) & (d), 
	Label: d & ~b
2023-10-25 14:58:19.406 | DEBUG    | translate:union_product:309 - [('2', '1', '2', '1')] 
	Guard: ('true', '~b', 'true', '~d'), 
	LabelJoin: (true) & (~b) & (true) & (~d), 
	Label: ~b & ~d
2023-10-25 14:58:19.408 | DEBUG    | translate:union_product:309 - [('2', '2', '2', '1')] 
	Guard: ('true', 'true', 'true', 'd'), 
	LabelJoin: (true) & (true) & (true) & (d), 
	Label: d
2023-10-25 14:58:19.411 | DEBUG    | translate:union_product:309 - [('2', '2', '2', '1')] 
	Guard: ('true', 'true', 'true', '~d'), 
	LabelJoin: (true) & (true) & (true) & (~d), 
	Label: ~d
2023-10-25 14:58:19.416 | DEBUG    | translate:union_product:309 - [('1', '1', '2', '2')] 
	Guard: ('a', 'b', 'true', 'true'), 
	LabelJoin: (a) & (b) & (true) & (true), 
	Label: a & b
2023-10-25 14:58:19.422 | DEBUG    | translate:union_product:309 - [('1', '1', '2', '2')] 
	Guard: ('a', '~b', 'true', 'true'), 
	LabelJoin: (a) & (~b) & (true) & (true), 
	Label: a & ~b
2023-10-25 14:58:19.429 | DEBUG    | translate:union_product:309 - [('1', '1', '2', '2')] 
	Guard: ('~a', 'b', 'true', 'true'), 
	LabelJoin: (~a) & (b) & (true) & (true), 
	Label: b & ~a
2023-10-25 14:58:19.437 | DEBUG    | translate:union_product:309 - [('1', '1', '2', '2')] 
	Guard: ('~a', '~b', 'true', 'true'), 
	LabelJoin: (~a) & (~b) & (true) & (true), 
	Label: ~a & ~b
2023-10-25 14:58:19.444 | DEBUG    | translate:union_product:309 - [('1', '2', '1', '1')] 
	Guard: ('a', 'true', 'c', 'd'), 
	LabelJoin: (a) & (true) & (c) & (d), 
	Label: a & c & d
2023-10-25 14:58:19.452 | DEBUG    | translate:union_product:309 - [('1', '2', '1', '1')] 
	Guard: ('a', 'true', 'c', '~d'), 
	LabelJoin: (a) & (true) & (c) & (~d), 
	Label: a & c & ~d
2023-10-25 14:58:19.460 | DEBUG    | translate:union_product:309 - [('1', '2', '1', '1')] 
	Guard: ('a', 'true', '~c', 'd'), 
	LabelJoin: (a) & (true) & (~c) & (d), 
	Label: a & d & ~c
2023-10-25 14:58:19.473 | DEBUG    | translate:union_product:309 - [('1', '2', '1', '1')] 
	Guard: ('a', 'true', '~c', '~d'), 
	LabelJoin: (a) & (true) & (~c) & (~d), 
	Label: a & ~c & ~d
2023-10-25 14:58:19.480 | DEBUG    | translate:union_product:309 - [('1', '2', '1', '1')] 
	Guard: ('~a', 'true', 'c', 'd'), 
	LabelJoin: (~a) & (true) & (c) & (d), 
	Label: c & d & ~a
2023-10-25 14:58:19.489 | DEBUG    | translate:union_product:309 - [('1', '2', '1', '1')] 
	Guard: ('~a', 'true', 'c', '~d'), 
	LabelJoin: (~a) & (true) & (c) & (~d), 
	Label: c & ~a & ~d
2023-10-25 14:58:19.499 | DEBUG    | translate:union_product:309 - [('1', '2', '1', '1')] 
	Guard: ('~a', 'true', '~c', 'd'), 
	LabelJoin: (~a) & (true) & (~c) & (d), 
	Label: d & ~a & ~c
2023-10-25 14:58:19.510 | DEBUG    | translate:union_product:309 - [('1', '2', '1', '1')] 
	Guard: ('~a', 'true', '~c', '~d'), 
	LabelJoin: (~a) & (true) & (~c) & (~d), 
	Label: ~a & ~c & ~d
2023-10-25 14:58:19.515 | DEBUG    | translate:union_product:309 - [('2', '2', '1', '1')] 
	Guard: ('true', 'true', 'c', 'd'), 
	LabelJoin: (true) & (true) & (c) & (d), 
	Label: c & d
2023-10-25 14:58:19.521 | DEBUG    | translate:union_product:309 - [('2', '2', '1', '1')] 
	Guard: ('true', 'true', 'c', '~d'), 
	LabelJoin: (true) & (true) & (c) & (~d), 
	Label: c & ~d
2023-10-25 14:58:19.526 | DEBUG    | translate:union_product:309 - [('2', '2', '1', '1')] 
	Guard: ('true', 'true', '~c', 'd'), 
	LabelJoin: (true) & (true) & (~c) & (d), 
	Label: d & ~c
2023-10-25 14:58:19.533 | DEBUG    | translate:union_product:309 - [('2', '2', '1', '1')] 
	Guard: ('true', 'true', '~c', '~d'), 
	LabelJoin: (true) & (true) & (~c) & (~d), 
	Label: ~c & ~d
2023-10-25 14:58:19.537 | DEBUG    | translate:union_product:309 - [('1', '2', '1', '2')] 
	Guard: ('a', 'true', 'c', 'true'), 
	LabelJoin: (a) & (true) & (c) & (true), 
	Label: a & c
2023-10-25 14:58:19.543 | DEBUG    | translate:union_product:309 - [('1', '2', '1', '2')] 
	Guard: ('a', 'true', '~c', 'true'), 
	LabelJoin: (a) & (true) & (~c) & (true), 
	Label: a & ~c
2023-10-25 14:58:19.550 | DEBUG    | translate:union_product:309 - [('1', '2', '1', '2')] 
	Guard: ('~a', 'true', 'c', 'true'), 
	LabelJoin: (~a) & (true) & (c) & (true), 
	Label: c & ~a
2023-10-25 14:58:19.557 | DEBUG    | translate:union_product:309 - [('1', '2', '1', '2')] 
	Guard: ('~a', 'true', '~c', 'true'), 
	LabelJoin: (~a) & (true) & (~c) & (true), 
	Label: ~a & ~c
2023-10-25 14:58:19.561 | DEBUG    | translate:union_product:309 - [('1', '2', '2', '1')] 
	Guard: ('a', 'true', 'true', 'd'), 
	LabelJoin: (a) & (true) & (true) & (d), 
	Label: a & d
2023-10-25 14:58:19.567 | DEBUG    | translate:union_product:309 - [('1', '2', '2', '1')] 
	Guard: ('a', 'true', 'true', '~d'), 
	LabelJoin: (a) & (true) & (true) & (~d), 
	Label: a & ~d
2023-10-25 14:58:19.573 | DEBUG    | translate:union_product:309 - [('1', '2', '2', '1')] 
	Guard: ('~a', 'true', 'true', 'd'), 
	LabelJoin: (~a) & (true) & (true) & (d), 
	Label: d & ~a
2023-10-25 14:58:19.580 | DEBUG    | translate:union_product:309 - [('1', '2', '2', '1')] 
	Guard: ('~a', 'true', 'true', '~d'), 
	LabelJoin: (~a) & (true) & (true) & (~d), 
	Label: ~a & ~d
2023-10-25 14:58:19.583 | DEBUG    | translate:union_product:309 - [('1', '2', '2', '2')] 
	Guard: ('a', 'true', 'true', 'true'), 
	LabelJoin: (a) & (true) & (true) & (true), 
	Label: a
2023-10-25 14:58:19.585 | DEBUG    | translate:union_product:309 - [('1', '2', '2', '2')] 
	Guard: ('~a', 'true', 'true', 'true'), 
	LabelJoin: (~a) & (true) & (true) & (true), 
	Label: ~a
2023-10-25 14:58:19.597 | DEBUG    | translate:union_product:309 - [('2', '1', '1', '1')] 
	Guard: ('true', 'b', 'c', 'd'), 
	LabelJoin: (true) & (b) & (c) & (d), 
	Label: b & c & d
2023-10-25 14:58:19.606 | DEBUG    | translate:union_product:309 - [('2', '1', '1', '1')] 
	Guard: ('true', 'b', 'c', '~d'), 
	LabelJoin: (true) & (b) & (c) & (~d), 
	Label: b & c & ~d
2023-10-25 14:58:19.613 | DEBUG    | translate:union_product:309 - [('2', '1', '1', '1')] 
	Guard: ('true', 'b', '~c', 'd'), 
	LabelJoin: (true) & (b) & (~c) & (d), 
	Label: b & d & ~c
2023-10-25 14:58:19.625 | DEBUG    | translate:union_product:309 - [('2', '1', '1', '1')] 
	Guard: ('true', 'b', '~c', '~d'), 
	LabelJoin: (true) & (b) & (~c) & (~d), 
	Label: b & ~c & ~d
2023-10-25 14:58:19.632 | DEBUG    | translate:union_product:309 - [('2', '1', '1', '1')] 
	Guard: ('true', '~b', 'c', 'd'), 
	LabelJoin: (true) & (~b) & (c) & (d), 
	Label: c & d & ~b
2023-10-25 14:58:19.641 | DEBUG    | translate:union_product:309 - [('2', '1', '1', '1')] 
	Guard: ('true', '~b', 'c', '~d'), 
	LabelJoin: (true) & (~b) & (c) & (~d), 
	Label: c & ~b & ~d
2023-10-25 14:58:19.650 | DEBUG    | translate:union_product:309 - [('2', '1', '1', '1')] 
	Guard: ('true', '~b', '~c', 'd'), 
	LabelJoin: (true) & (~b) & (~c) & (d), 
	Label: d & ~b & ~c
2023-10-25 14:58:19.660 | DEBUG    | translate:union_product:309 - [('2', '1', '1', '1')] 
	Guard: ('true', '~b', '~c', '~d'), 
	LabelJoin: (true) & (~b) & (~c) & (~d), 
	Label: ~b & ~c & ~d
2023-10-25 14:58:19.665 | DEBUG    | translate:union_product:309 - [('2', '1', '1', '2')] 
	Guard: ('true', 'b', 'c', 'true'), 
	LabelJoin: (true) & (b) & (c) & (true), 
	Label: b & c
2023-10-25 14:58:19.674 | DEBUG    | translate:union_product:309 - [('2', '1', '1', '2')] 
	Guard: ('true', 'b', '~c', 'true'), 
	LabelJoin: (true) & (b) & (~c) & (true), 
	Label: b & ~c
2023-10-25 14:58:19.679 | DEBUG    | translate:union_product:309 - [('2', '1', '1', '2')] 
	Guard: ('true', '~b', 'c', 'true'), 
	LabelJoin: (true) & (~b) & (c) & (true), 
	Label: c & ~b
2023-10-25 14:58:19.685 | DEBUG    | translate:union_product:309 - [('2', '1', '1', '2')] 
	Guard: ('true', '~b', '~c', 'true'), 
	LabelJoin: (true) & (~b) & (~c) & (true), 
	Label: ~b & ~c
2023-10-25 14:58:19.690 | DEBUG    | translate:union_product:309 - [('2', '1', '2', '1')] 
	Guard: ('true', 'b', 'true', 'd'), 
	LabelJoin: (true) & (b) & (true) & (d), 
	Label: b & d
2023-10-25 14:58:19.695 | DEBUG    | translate:union_product:309 - [('2', '1', '2', '1')] 
	Guard: ('true', 'b', 'true', '~d'), 
	LabelJoin: (true) & (b) & (true) & (~d), 
	Label: b & ~d
2023-10-25 14:58:19.701 | DEBUG    | translate:union_product:309 - [('2', '1', '2', '1')] 
	Guard: ('true', '~b', 'true', 'd'), 
	LabelJoin: (true) & (~b) & (true) & (d), 
	Label: d & ~b
2023-10-25 14:58:19.709 | DEBUG    | translate:union_product:309 - [('2', '1', '2', '1')] 
	Guard: ('true', '~b', 'true', '~d'), 
	LabelJoin: (true) & (~b) & (true) & (~d), 
	Label: ~b & ~d
2023-10-25 14:58:19.711 | DEBUG    | translate:union_product:309 - [('2', '1', '2', '2')] 
	Guard: ('true', 'b', 'true', 'true'), 
	LabelJoin: (true) & (b) & (true) & (true), 
	Label: b
2023-10-25 14:58:19.714 | DEBUG    | translate:union_product:309 - [('2', '1', '2', '2')] 
	Guard: ('true', '~b', 'true', 'true'), 
	LabelJoin: (true) & (~b) & (true) & (true), 
	Label: ~b
2023-10-25 14:58:19.718 | DEBUG    | translate:union_product:309 - [('2', '2', '1', '1')] 
	Guard: ('true', 'true', 'c', 'd'), 
	LabelJoin: (true) & (true) & (c) & (d), 
	Label: c & d
2023-10-25 14:58:19.724 | DEBUG    | translate:union_product:309 - [('2', '2', '1', '1')] 
	Guard: ('true', 'true', 'c', '~d'), 
	LabelJoin: (true) & (true) & (c) & (~d), 
	Label: c & ~d
2023-10-25 14:58:19.730 | DEBUG    | translate:union_product:309 - [('2', '2', '1', '1')] 
	Guard: ('true', 'true', '~c', 'd'), 
	LabelJoin: (true) & (true) & (~c) & (d), 
	Label: d & ~c
2023-10-25 14:58:19.737 | DEBUG    | translate:union_product:309 - [('2', '2', '1', '1')] 
	Guard: ('true', 'true', '~c', '~d'), 
	LabelJoin: (true) & (true) & (~c) & (~d), 
	Label: ~c & ~d
2023-10-25 14:58:19.739 | DEBUG    | translate:union_product:309 - [('2', '2', '1', '2')] 
	Guard: ('true', 'true', 'c', 'true'), 
	LabelJoin: (true) & (true) & (c) & (true), 
	Label: c
2023-10-25 14:58:19.742 | DEBUG    | translate:union_product:309 - [('2', '2', '1', '2')] 
	Guard: ('true', 'true', '~c', 'true'), 
	LabelJoin: (true) & (true) & (~c) & (true), 
	Label: ~c
2023-10-25 14:58:19.744 | DEBUG    | translate:union_product:309 - [('2', '2', '2', '1')] 
	Guard: ('true', 'true', 'true', 'd'), 
	LabelJoin: (true) & (true) & (true) & (d), 
	Label: d
2023-10-25 14:58:19.747 | DEBUG    | translate:union_product:309 - [('2', '2', '2', '1')] 
	Guard: ('true', 'true', 'true', '~d'), 
	LabelJoin: (true) & (true) & (true) & (~d), 
	Label: ~d
2023-10-25 14:58:19.750 | DEBUG    | translate:union_product:309 - [('2', '2', '2', '2')] 
	Guard: ('true', 'true', 'true', 'true'), 
	LabelJoin: (true) & (true) & (true) & (true), 
	Label: True
2023-10-25 14:58:19.758 | INFO     | translate:translate:228 - Union product DFA: 
{'final_states': {0, 1, 2, 3, 4, 5, 6, 7, 8, 9, 10, 11, 12, 13, 14},
 'init_state': 15,
 'states': {0: {'state': ('2', '1', '1', '1')},
            1: {'state': ('2', '2', '2', '1')},
            2: {'state': ('1', '2', '2', '2')},
            3: {'state': ('2', '2', '1', '2')},
            4: {'state': ('1', '1', '2', '1')},
            5: {'state': ('1', '2', '2', '1')},
            6: {'state': ('2', '2', '1', '1')},
            7: {'state': ('1', '2', '1', '2')},
            8: {'state': ('1', '2', '1', '1')},
            9: {'state': ('1', '1', '1', '2')},
            10: {'state': ('2', '1', '1', '2')},
            11: {'state': ('2', '2', '2', '2')},
            12: {'state': ('2', '1', '2', '2')},
            13: {'state': ('1', '1', '2', '2')},
            14: {'state': ('2', '1', '2', '1')},
            15: {'state': ('1', '1', '1', '1')}},
 'transitions': {0: {'!b & !c & !d': 0,
                     'b & !c & !d': 6,
                     'b & c & !d': 1,
                     'b & c & d': 11,
                     'b & d & !c': 3,
                     'c & !b & !d': 14,
                     'c & d & !b': 12,
                     'd & !b & !c': 10},
                 1: {'!d': 1, 'd': 11},
                 2: {'!a': 2, 'a': 11},
                 3: {'!c': 3, 'c': 11},
                 4: {'!a & !b & !d': 4,
                     'a & !b & !d': 14,
                     'a & b & !d': 1,
                     'a & b & d': 11,
                     'a & d & !b': 12,
                     'b & !a & !d': 5,
                     'b & d & !a': 2,
                     'd & !a & !b': 13},
                 5: {'!a & !d': 5, 'a & !d': 1, 'a & d': 11, 'd & !a': 2},
                 6: {'!c & !d': 6, 'c & !d': 1, 'c & d': 11, 'd & !c': 3},
                 7: {'!a & !c': 7, 'a & !c': 3, 'a & c': 11, 'c & !a': 2},
                 8: {'!a & !c & !d': 8,
                     'a & !c & !d': 6,
                     'a & c & !d': 1,
                     'a & c & d': 11,
                     'a & d & !c': 3,
                     'c & !a & !d': 5,
                     'c & d & !a': 2,
                     'd & !a & !c': 7},
                 9: {'!a & !b & !c': 9,
                     'a & !b & !c': 10,
                     'a & b & !c': 3,
                     'a & b & c': 11,
                     'a & c & !b': 12,
                     'b & !a & !c': 7,
                     'b & c & !a': 2,
                     'c & !a & !b': 13},
                 10: {'!b & !c': 10, 'b & !c': 3, 'b & c': 11, 'c & !b': 12},
                 11: {'true': 11},
                 12: {'!b': 12, 'b': 11},
                 13: {'!a & !b': 13, 'a & !b': 12, 'a & b': 11, 'b & !a': 2},
                 14: {'!b & !d': 14, 'b & !d': 1, 'b & d': 11, 'd & !b': 12},
                 15: {'!a & !b & !c & !d': 15,
                      'a & !b & !c & !d': 0,
                      'a & b & !c & !d': 6,
                      'a & b & c & !d': 1,
                      'a & b & c & d': 11,
                      'a & b & d & !c': 3,
                      'a & c & !b & !d': 14,
                      'a & c & d & !b': 12,
                      'a & d & !b & !c': 10,
                      'b & !a & !c & !d': 8,
                      'b & c & !a & !d': 5,
                      'b & c & d & !a': 2,
                      'b & d & !a & !c': 7,
                      'c & !a & !b & !d': 4,
                      'c & d & !a & !b': 13,
                      'd & !a & !b & !c': 9}}}
2023-10-25 14:58:19.758 | DEBUG    | translate:construct_pref_graph:360 - outcomes(('2', '1', '1', '1'))={0}
2023-10-25 14:58:19.759 | DEBUG    | translate:construct_pref_graph:360 - outcomes(('2', '2', '2', '1'))={0, 1, 2}
2023-10-25 14:58:19.759 | DEBUG    | translate:construct_pref_graph:360 - outcomes(('1', '2', '2', '2'))={1, 2, 3}
2023-10-25 14:58:19.760 | DEBUG    | translate:construct_pref_graph:360 - outcomes(('2', '2', '1', '2'))={0, 1, 3}
2023-10-25 14:58:19.760 | DEBUG    | translate:construct_pref_graph:360 - outcomes(('1', '1', '2', '1'))={2}
2023-10-25 14:58:19.761 | DEBUG    | translate:construct_pref_graph:360 - outcomes(('1', '2', '2', '1'))={1, 2}
2023-10-25 14:58:19.761 | DEBUG    | translate:construct_pref_graph:360 - outcomes(('2', '2', '1', '1'))={0, 1}
2023-10-25 14:58:19.761 | DEBUG    | translate:construct_pref_graph:360 - outcomes(('1', '2', '1', '2'))={1, 3}
2023-10-25 14:58:19.762 | DEBUG    | translate:construct_pref_graph:360 - outcomes(('1', '2', '1', '1'))={1}
2023-10-25 14:58:19.762 | DEBUG    | translate:construct_pref_graph:360 - outcomes(('1', '1', '1', '2'))={3}
2023-10-25 14:58:19.763 | DEBUG    | translate:construct_pref_graph:360 - outcomes(('2', '1', '1', '2'))={0, 3}
2023-10-25 14:58:19.763 | DEBUG    | translate:construct_pref_graph:360 - outcomes(('2', '2', '2', '2'))={0, 1, 2, 3}
2023-10-25 14:58:19.764 | DEBUG    | translate:construct_pref_graph:360 - outcomes(('2', '1', '2', '2'))={0, 2, 3}
2023-10-25 14:58:19.764 | DEBUG    | translate:construct_pref_graph:360 - outcomes(('1', '1', '2', '2'))={2, 3}
2023-10-25 14:58:19.764 | DEBUG    | translate:construct_pref_graph:360 - outcomes(('2', '1', '2', '1'))={0, 2}
2023-10-25 14:58:19.782 | INFO     | translate:translate:231 - Preference graph: 
{'edges': {'(0, 0, 0, 0)': {'(0, 0, 0, 0)',
                            '(0, 0, 0, 1)',
                            '(0, 0, 1, 0)',
                            '(0, 0, 1, 1)',
                            '(0, 1, 0, 0)',
                            '(0, 1, 0, 1)',
                            '(0, 1, 1, 0)',
                            '(0, 1, 1, 1)',
                            '(1, 0, 0, 0)',
                            '(1, 0, 0, 1)',
                            '(1, 0, 1, 0)',
                            '(1, 0, 1, 1)',
                            '(1, 1, 0, 0)',
                            '(1, 1, 0, 1)',
                            '(1, 1, 1, 0)',
                            '(1, 1, 1, 1)'},
           '(0, 0, 0, 1)': {'(0, 0, 0, 1)',
                            '(0, 0, 1, 1)',
                            '(0, 1, 0, 1)',
                            '(0, 1, 1, 1)',
                            '(1, 0, 0, 0)',
                            '(1, 0, 0, 1)',
                            '(1, 0, 1, 0)',
                            '(1, 0, 1, 1)',
                            '(1, 1, 0, 0)',
                            '(1, 1, 0, 1)',
                            '(1, 1, 1, 0)',
                            '(1, 1, 1, 1)'},
           '(0, 0, 1, 0)': {'(0, 0, 1, 0)',
                            '(0, 0, 1, 1)',
                            '(0, 1, 1, 0)',
                            '(0, 1, 1, 1)',
                            '(1, 0, 0, 0)',
                            '(1, 0, 0, 1)',
                            '(1, 0, 1, 0)',
                            '(1, 0, 1, 1)',
                            '(1, 1, 0, 0)',
                            '(1, 1, 0, 1)',
                            '(1, 1, 1, 0)',
                            '(1, 1, 1, 1)'},
           '(0, 0, 1, 1)': {'(0, 0, 1, 1)',
                            '(0, 1, 1, 1)',
                            '(1, 0, 0, 0)',
                            '(1, 0, 0, 1)',
                            '(1, 0, 1, 0)',
                            '(1, 0, 1, 1)',
                            '(1, 1, 0, 0)',
                            '(1, 1, 0, 1)',
                            '(1, 1, 1, 0)',
                            '(1, 1, 1, 1)'},
           '(0, 1, 0, 0)': {'(0, 1, 0, 0)',
                            '(0, 1, 0, 1)',
                            '(0, 1, 1, 0)',
                            '(0, 1, 1, 1)',
                            '(1, 0, 0, 0)',
                            '(1, 0, 0, 1)',
                            '(1, 0, 1, 0)',
                            '(1, 0, 1, 1)',
                            '(1, 1, 0, 0)',
                            '(1, 1, 0, 1)',
                            '(1, 1, 1, 0)',
                            '(1, 1, 1, 1)'},
           '(0, 1, 0, 1)': {'(0, 1, 0, 1)',
                            '(0, 1, 1, 1)',
                            '(1, 0, 0, 0)',
                            '(1, 0, 0, 1)',
                            '(1, 0, 1, 0)',
                            '(1, 0, 1, 1)',
                            '(1, 1, 0, 0)',
                            '(1, 1, 0, 1)',
                            '(1, 1, 1, 0)',
                            '(1, 1, 1, 1)'},
           '(0, 1, 1, 0)': {'(0, 1, 1, 0)',
                            '(0, 1, 1, 1)',
                            '(1, 0, 0, 0)',
                            '(1, 0, 0, 1)',
                            '(1, 0, 1, 0)',
                            '(1, 0, 1, 1)',
                            '(1, 1, 0, 0)',
                            '(1, 1, 0, 1)',
                            '(1, 1, 1, 0)',
                            '(1, 1, 1, 1)'},
           '(0, 1, 1, 1)': {'(0, 1, 1, 1)',
                            '(1, 0, 0, 0)',
                            '(1, 0, 0, 1)',
                            '(1, 0, 1, 0)',
                            '(1, 0, 1, 1)',
                            '(1, 1, 0, 0)',
                            '(1, 1, 0, 1)',
                            '(1, 1, 1, 0)',
                            '(1, 1, 1, 1)'},
           '(1, 0, 0, 0)': {'(1, 0, 0, 0)',
                            '(1, 0, 0, 1)',
                            '(1, 0, 1, 0)',
                            '(1, 0, 1, 1)',
                            '(1, 1, 0, 0)',
                            '(1, 1, 0, 1)',
                            '(1, 1, 1, 0)',
                            '(1, 1, 1, 1)'},
           '(1, 0, 0, 1)': {'(1, 0, 0, 0)',
                            '(1, 0, 0, 1)',
                            '(1, 0, 1, 0)',
                            '(1, 0, 1, 1)',
                            '(1, 1, 0, 0)',
                            '(1, 1, 0, 1)',
                            '(1, 1, 1, 0)',
                            '(1, 1, 1, 1)'},
           '(1, 0, 1, 0)': {'(1, 0, 0, 0)',
                            '(1, 0, 0, 1)',
                            '(1, 0, 1, 0)',
                            '(1, 0, 1, 1)',
                            '(1, 1, 0, 0)',
                            '(1, 1, 0, 1)',
                            '(1, 1, 1, 0)',
                            '(1, 1, 1, 1)'},
           '(1, 0, 1, 1)': {'(1, 0, 0, 0)',
                            '(1, 0, 0, 1)',
                            '(1, 0, 1, 0)',
                            '(1, 0, 1, 1)',
                            '(1, 1, 0, 0)',
                            '(1, 1, 0, 1)',
                            '(1, 1, 1, 0)',
                            '(1, 1, 1, 1)'},
           '(1, 1, 0, 0)': {'(1, 0, 0, 0)',
                            '(1, 0, 0, 1)',
                            '(1, 0, 1, 0)',
                            '(1, 0, 1, 1)',
                            '(1, 1, 0, 0)',
                            '(1, 1, 0, 1)',
                            '(1, 1, 1, 0)',
                            '(1, 1, 1, 1)'},
           '(1, 1, 0, 1)': {'(1, 0, 0, 0)',
                            '(1, 0, 0, 1)',
                            '(1, 0, 1, 0)',
                            '(1, 0, 1, 1)',
                            '(1, 1, 0, 0)',
                            '(1, 1, 0, 1)',
                            '(1, 1, 1, 0)',
                            '(1, 1, 1, 1)'},
           '(1, 1, 1, 0)': {'(1, 0, 0, 0)',
                            '(1, 0, 0, 1)',
                            '(1, 0, 1, 0)',
                            '(1, 0, 1, 1)',
                            '(1, 1, 0, 0)',
                            '(1, 1, 0, 1)',
                            '(1, 1, 1, 0)',
                            '(1, 1, 1, 1)'},
           '(1, 1, 1, 1)': {'(1, 0, 0, 0)',
                            '(1, 0, 0, 1)',
                            '(1, 0, 1, 0)',
                            '(1, 0, 1, 1)',
                            '(1, 1, 0, 0)',
                            '(1, 1, 0, 1)',
                            '(1, 1, 1, 0)',
                            '(1, 1, 1, 1)'}},
 'nodes': {'(0, 0, 0, 0)': {15},
           '(0, 0, 0, 1)': {9},
           '(0, 0, 1, 0)': {4},
           '(0, 0, 1, 1)': {13},
           '(0, 1, 0, 0)': {8},
           '(0, 1, 0, 1)': {7},
           '(0, 1, 1, 0)': {5},
           '(0, 1, 1, 1)': {2},
           '(1, 0, 0, 0)': {0},
           '(1, 0, 0, 1)': {10},
           '(1, 0, 1, 0)': {14},
           '(1, 0, 1, 1)': {12},
           '(1, 1, 0, 0)': {6},
           '(1, 1, 0, 1)': {3},
           '(1, 1, 1, 0)': {1},
           '(1, 1, 1, 1)': {11}}}
2023-10-25 14:58:20.558 | INFO     | app:update_images:215 - ====== TRANSLATION COMPLETED IN 1283.5095 MILLISECONDS =====
2023-10-25 14:58:20.566 | INFO     | app:update_images:216 - States:
{0: {'state': ('2', '1', '1', '1')},
 1: {'state': ('2', '2', '2', '1')},
 2: {'state': ('1', '2', '2', '2')},
 3: {'state': ('2', '2', '1', '2')},
 4: {'state': ('1', '1', '2', '1')},
 5: {'state': ('1', '2', '2', '1')},
 6: {'state': ('2', '2', '1', '1')},
 7: {'state': ('1', '2', '1', '2')},
 8: {'state': ('1', '2', '1', '1')},
 9: {'state': ('1', '1', '1', '2')},
 10: {'state': ('2', '1', '1', '2')},
 11: {'state': ('2', '2', '2', '2')},
 12: {'state': ('2', '1', '2', '2')},
 13: {'state': ('1', '1', '2', '2')},
 14: {'state': ('2', '1', '2', '1')},
 15: {'state': ('1', '1', '1', '1')}}

Alphabet:
['c', 'a', 'b', 'd']

Transitions:
{0: {'!b & !c & !d': 0,
     'b & !c & !d': 6,
     'b & c & !d': 1,
     'b & c & d': 11,
     'b & d & !c': 3,
     'c & !b & !d': 14,
     'c & d & !b': 12,
     'd & !b & !c': 10},
 1: {'!d': 1, 'd': 11},
 2: {'!a': 2, 'a': 11},
 3: {'!c': 3, 'c': 11},
 4: {'!a & !b & !d': 4,
     'a & !b & !d': 14,
     'a & b & !d': 1,
     'a & b & d': 11,
     'a & d & !b': 12,
     'b & !a & !d': 5,
     'b & d & !a': 2,
     'd & !a & !b': 13},
 5: {'!a & !d': 5, 'a & !d': 1, 'a & d': 11, 'd & !a': 2},
 6: {'!c & !d': 6, 'c & !d': 1, 'c & d': 11, 'd & !c': 3},
 7: {'!a & !c': 7, 'a & !c': 3, 'a & c': 11, 'c & !a': 2},
 8: {'!a & !c & !d': 8,
     'a & !c & !d': 6,
     'a & c & !d': 1,
     'a & c & d': 11,
     'a & d & !c': 3,
     'c & !a & !d': 5,
     'c & d & !a': 2,
     'd & !a & !c': 7},
 9: {'!a & !b & !c': 9,
     'a & !b & !c': 10,
     'a & b & !c': 3,
     'a & b & c': 11,
     'a & c & !b': 12,
     'b & !a & !c': 7,
     'b & c & !a': 2,
     'c & !a & !b': 13},
 10: {'!b & !c': 10, 'b & !c': 3, 'b & c': 11, 'c & !b': 12},
 11: {'true': 11},
 12: {'!b': 12, 'b': 11},
 13: {'!a & !b': 13, 'a & !b': 12, 'a & b': 11, 'b & !a': 2},
 14: {'!b & !d': 14, 'b & !d': 1, 'b & d': 11, 'd & !b': 12},
 15: {'!a & !b & !c & !d': 15,
      'a & !b & !c & !d': 0,
      'a & b & !c & !d': 6,
      'a & b & c & !d': 1,
      'a & b & c & d': 11,
      'a & b & d & !c': 3,
      'a & c & !b & !d': 14,
      'a & c & d & !b': 12,
      'a & d & !b & !c': 10,
      'b & !a & !c & !d': 8,
      'b & c & !a & !d': 5,
      'b & c & d & !a': 2,
      'b & d & !a & !c': 7,
      'c & !a & !b & !d': 4,
      'c & d & !a & !b': 13,
      'd & !a & !b & !c': 9}}

Initial state:
15

Preference graph:
{'edges': {'(0, 0, 0, 0)': {'(0, 0, 0, 0)',
                            '(0, 0, 0, 1)',
                            '(0, 0, 1, 0)',
                            '(0, 0, 1, 1)',
                            '(0, 1, 0, 0)',
                            '(0, 1, 0, 1)',
                            '(0, 1, 1, 0)',
                            '(0, 1, 1, 1)',
                            '(1, 0, 0, 0)',
                            '(1, 0, 0, 1)',
                            '(1, 0, 1, 0)',
                            '(1, 0, 1, 1)',
                            '(1, 1, 0, 0)',
                            '(1, 1, 0, 1)',
                            '(1, 1, 1, 0)',
                            '(1, 1, 1, 1)'},
           '(0, 0, 0, 1)': {'(0, 0, 0, 1)',
                            '(0, 0, 1, 1)',
                            '(0, 1, 0, 1)',
                            '(0, 1, 1, 1)',
                            '(1, 0, 0, 0)',
                            '(1, 0, 0, 1)',
                            '(1, 0, 1, 0)',
                            '(1, 0, 1, 1)',
                            '(1, 1, 0, 0)',
                            '(1, 1, 0, 1)',
                            '(1, 1, 1, 0)',
                            '(1, 1, 1, 1)'},
           '(0, 0, 1, 0)': {'(0, 0, 1, 0)',
                            '(0, 0, 1, 1)',
                            '(0, 1, 1, 0)',
                            '(0, 1, 1, 1)',
                            '(1, 0, 0, 0)',
                            '(1, 0, 0, 1)',
                            '(1, 0, 1, 0)',
                            '(1, 0, 1, 1)',
                            '(1, 1, 0, 0)',
                            '(1, 1, 0, 1)',
                            '(1, 1, 1, 0)',
                            '(1, 1, 1, 1)'},
           '(0, 0, 1, 1)': {'(0, 0, 1, 1)',
                            '(0, 1, 1, 1)',
                            '(1, 0, 0, 0)',
                            '(1, 0, 0, 1)',
                            '(1, 0, 1, 0)',
                            '(1, 0, 1, 1)',
                            '(1, 1, 0, 0)',
                            '(1, 1, 0, 1)',
                            '(1, 1, 1, 0)',
                            '(1, 1, 1, 1)'},
           '(0, 1, 0, 0)': {'(0, 1, 0, 0)',
                            '(0, 1, 0, 1)',
                            '(0, 1, 1, 0)',
                            '(0, 1, 1, 1)',
                            '(1, 0, 0, 0)',
                            '(1, 0, 0, 1)',
                            '(1, 0, 1, 0)',
                            '(1, 0, 1, 1)',
                            '(1, 1, 0, 0)',
                            '(1, 1, 0, 1)',
                            '(1, 1, 1, 0)',
                            '(1, 1, 1, 1)'},
           '(0, 1, 0, 1)': {'(0, 1, 0, 1)',
                            '(0, 1, 1, 1)',
                            '(1, 0, 0, 0)',
                            '(1, 0, 0, 1)',
                            '(1, 0, 1, 0)',
                            '(1, 0, 1, 1)',
                            '(1, 1, 0, 0)',
                            '(1, 1, 0, 1)',
                            '(1, 1, 1, 0)',
                            '(1, 1, 1, 1)'},
           '(0, 1, 1, 0)': {'(0, 1, 1, 0)',
                            '(0, 1, 1, 1)',
                            '(1, 0, 0, 0)',
                            '(1, 0, 0, 1)',
                            '(1, 0, 1, 0)',
                            '(1, 0, 1, 1)',
                            '(1, 1, 0, 0)',
                            '(1, 1, 0, 1)',
                            '(1, 1, 1, 0)',
                            '(1, 1, 1, 1)'},
           '(0, 1, 1, 1)': {'(0, 1, 1, 1)',
                            '(1, 0, 0, 0)',
                            '(1, 0, 0, 1)',
                            '(1, 0, 1, 0)',
                            '(1, 0, 1, 1)',
                            '(1, 1, 0, 0)',
                            '(1, 1, 0, 1)',
                            '(1, 1, 1, 0)',
                            '(1, 1, 1, 1)'},
           '(1, 0, 0, 0)': {'(1, 0, 0, 0)',
                            '(1, 0, 0, 1)',
                            '(1, 0, 1, 0)',
                            '(1, 0, 1, 1)',
                            '(1, 1, 0, 0)',
                            '(1, 1, 0, 1)',
                            '(1, 1, 1, 0)',
                            '(1, 1, 1, 1)'},
           '(1, 0, 0, 1)': {'(1, 0, 0, 0)',
                            '(1, 0, 0, 1)',
                            '(1, 0, 1, 0)',
                            '(1, 0, 1, 1)',
                            '(1, 1, 0, 0)',
                            '(1, 1, 0, 1)',
                            '(1, 1, 1, 0)',
                            '(1, 1, 1, 1)'},
           '(1, 0, 1, 0)': {'(1, 0, 0, 0)',
                            '(1, 0, 0, 1)',
                            '(1, 0, 1, 0)',
                            '(1, 0, 1, 1)',
                            '(1, 1, 0, 0)',
                            '(1, 1, 0, 1)',
                            '(1, 1, 1, 0)',
                            '(1, 1, 1, 1)'},
           '(1, 0, 1, 1)': {'(1, 0, 0, 0)',
                            '(1, 0, 0, 1)',
                            '(1, 0, 1, 0)',
                            '(1, 0, 1, 1)',
                            '(1, 1, 0, 0)',
                            '(1, 1, 0, 1)',
                            '(1, 1, 1, 0)',
                            '(1, 1, 1, 1)'},
           '(1, 1, 0, 0)': {'(1, 0, 0, 0)',
                            '(1, 0, 0, 1)',
                            '(1, 0, 1, 0)',
                            '(1, 0, 1, 1)',
                            '(1, 1, 0, 0)',
                            '(1, 1, 0, 1)',
                            '(1, 1, 1, 0)',
                            '(1, 1, 1, 1)'},
           '(1, 1, 0, 1)': {'(1, 0, 0, 0)',
                            '(1, 0, 0, 1)',
                            '(1, 0, 1, 0)',
                            '(1, 0, 1, 1)',
                            '(1, 1, 0, 0)',
                            '(1, 1, 0, 1)',
                            '(1, 1, 1, 0)',
                            '(1, 1, 1, 1)'},
           '(1, 1, 1, 0)': {'(1, 0, 0, 0)',
                            '(1, 0, 0, 1)',
                            '(1, 0, 1, 0)',
                            '(1, 0, 1, 1)',
                            '(1, 1, 0, 0)',
                            '(1, 1, 0, 1)',
                            '(1, 1, 1, 0)',
                            '(1, 1, 1, 1)'},
           '(1, 1, 1, 1)': {'(1, 0, 0, 0)',
                            '(1, 0, 0, 1)',
                            '(1, 0, 1, 0)',
                            '(1, 0, 1, 1)',
                            '(1, 1, 0, 0)',
                            '(1, 1, 0, 1)',
                            '(1, 1, 1, 0)',
                            '(1, 1, 1, 1)'}},
 'nodes': {'(0, 0, 0, 0)': {15},
           '(0, 0, 0, 1)': {9},
           '(0, 0, 1, 0)': {4},
           '(0, 0, 1, 1)': {13},
           '(0, 1, 0, 0)': {8},
           '(0, 1, 0, 1)': {7},
           '(0, 1, 1, 0)': {5},
           '(0, 1, 1, 1)': {2},
           '(1, 0, 0, 0)': {0},
           '(1, 0, 0, 1)': {10},
           '(1, 0, 1, 0)': {14},
           '(1, 0, 1, 1)': {12},
           '(1, 1, 0, 0)': {6},
           '(1, 1, 0, 1)': {3},
           '(1, 1, 1, 0)': {1},
           '(1, 1, 1, 1)': {11}}}


